#
# A fatal error has been detected by the Java Runtime Environment:
#
#  SIGSEGV (0xb) at pc=0x00007fd908ee9ba1, pid=1637186, tid=1637205
#
# JRE version: OpenJDK Runtime Environment (21.0.10+7) (build 21.0.10+7)
# Java VM: OpenJDK 64-Bit Server VM (21.0.10+7, mixed mode, sharing, tiered, compressed oops, compressed class ptrs, g1 gc, linux-amd64)
# Problematic frame:
# C  [libneko_17376685565740401445.so+0x8ba1]  JNI_OnLoad+0x29c2
#
# Core dump will be written. Default location: Core dumps may be processed with "/usr/lib/systemd/systemd-coredump %P %u %g %s %t %c %h %d %F" (or dumping to /mnt/d/Code/Security/NekoObfuscator/worktree/dev-impl/core.1637186)
#
# An error report file with more information is saved as:
# /mnt/d/Code/Security/NekoObfuscator/worktree/dev-impl/hs_err_pid1637186.log
#
# If you would like to submit a bug report, please visit:
#   https://bugreport.java.com/bugreport/crash.jsp
# The crash happened outside the Java Virtual Machine in native code.
# See problematic frame for where to report the bug.
#
