[NekoObfuscator] Starting...
[NekoObfuscator] Registered 10 transform passes
12:49:08.689 [main] INFO dev.nekoobfuscator.core.pipeline.ObfuscationPipeline -- Reading input JAR: test-jars/SnakeGame.jar
12:49:08.695 [main] DEBUG dev.nekoobfuscator.core.jar.JarInput -- Loaded class: DataOfSquare
12:49:08.695 [main] DEBUG dev.nekoobfuscator.core.jar.JarInput -- Loaded class: KeyboardListener
12:49:08.695 [main] DEBUG dev.nekoobfuscator.core.jar.JarInput -- Loaded class: Main
12:49:08.695 [main] DEBUG dev.nekoobfuscator.core.jar.JarInput -- Loaded class: SquarePanel
12:49:08.696 [main] DEBUG dev.nekoobfuscator.core.jar.JarInput -- Loaded class: ThreadsController
12:49:08.696 [main] DEBUG dev.nekoobfuscator.core.jar.JarInput -- Loaded class: Tuple
12:49:08.696 [main] DEBUG dev.nekoobfuscator.core.jar.JarInput -- Loaded class: Window
12:49:08.696 [main] INFO dev.nekoobfuscator.core.jar.JarInput -- Loaded 7 classes and 0 resources
12:49:08.696 [main] INFO dev.nekoobfuscator.core.pipeline.ObfuscationPipeline -- Loaded 7 classes, 0 resources
12:49:08.697 [main] INFO dev.nekoobfuscator.core.pipeline.ObfuscationPipeline -- Class hierarchy: 15 entries
12:49:08.703 [main] INFO dev.nekoobfuscator.core.pipeline.ObfuscationPipeline -- Master seed: 0x3039
12:49:08.703 [main] INFO dev.nekoobfuscator.core.pipeline.ObfuscationPipeline -- Scheduled 0 transform passes
12:49:08.704 [main] DEBUG dev.nekoobfuscator.core.pipeline.ObfuscationPipeline -- Injected runtime class: dev/nekoobfuscator/runtime/NekoNativeLoader
12:49:08.704 [main] INFO dev.nekoobfuscator.core.pipeline.ObfuscationPipeline -- Running native compilation stage
12:49:08.716 [main] WARN dev.nekoobfuscator.native_.stage.NativeCompilationStage -- Rejected native translation for DataOfSquare#<init>(I)V: constructors remain in bytecode form; NEW deferred beyond Wave 2; reference PUTFIELD deferred to M5h (GC write barriers); reference GETSTATIC deferred pending oop static field support; INVOKE with reference arguments deferred pending JNI-free receiver spill hardening; INVOKE with reference return deferred to Wave 4 (oop return adapter); CHECKCAST deferred beyond Wave 2
12:49:08.717 [main] WARN dev.nekoobfuscator.native_.stage.NativeCompilationStage -- Rejected native translation for DataOfSquare#lightMeUp(I)V: INVOKE with reference return deferred to Wave 4 (oop return adapter); CHECKCAST deferred beyond Wave 2; INVOKE with reference arguments deferred pending JNI-free receiver spill hardening
12:49:08.717 [main] WARN dev.nekoobfuscator.native_.stage.NativeCompilationStage -- Rejected native translation for KeyboardListener#<init>()V: constructors remain in bytecode form
12:49:08.717 [main] WARN dev.nekoobfuscator.native_.stage.NativeCompilationStage -- Rejected native translation for KeyboardListener#keyPressed(Ljava/awt/event/KeyEvent;)V: INVOKEVIRTUAL deferred pending Wave 3 vtable dispatch hardening
12:49:08.717 [main] WARN dev.nekoobfuscator.native_.stage.NativeCompilationStage -- Rejected native translation for Main#<init>()V: constructors remain in bytecode form
12:49:08.717 [main] WARN dev.nekoobfuscator.native_.stage.NativeCompilationStage -- Rejected native translation for Main#main([Ljava/lang/String;)V: NEW deferred beyond Wave 2; INVOKE with reference arguments deferred pending JNI-free receiver spill hardening; INVOKEVIRTUAL deferred pending Wave 3 vtable dispatch hardening
12:49:08.717 [main] WARN dev.nekoobfuscator.native_.stage.NativeCompilationStage -- Rejected native translation for SquarePanel#<init>(Ljava/awt/Color;)V: constructors remain in bytecode form; INVOKE with reference arguments deferred pending JNI-free receiver spill hardening
12:49:08.717 [main] WARN dev.nekoobfuscator.native_.stage.NativeCompilationStage -- Rejected native translation for SquarePanel#ChangeColor(Ljava/awt/Color;)V: INVOKE with reference arguments deferred pending JNI-free receiver spill hardening; INVOKEVIRTUAL deferred pending Wave 3 vtable dispatch hardening
12:49:08.717 [main] WARN dev.nekoobfuscator.native_.stage.NativeCompilationStage -- Rejected native translation for ThreadsController#<init>(LTuple;)V: constructors remain in bytecode form; NEW deferred beyond Wave 2; reference PUTFIELD deferred to M5h (GC write barriers); reference GETSTATIC deferred pending oop static field support; INVOKEVIRTUAL deferred pending Wave 3 vtable dispatch hardening; INVOKE with reference arguments deferred pending JNI-free receiver spill hardening
12:49:08.717 [main] WARN dev.nekoobfuscator.native_.stage.NativeCompilationStage -- Rejected native translation for ThreadsController#run()V: INVOKEVIRTUAL deferred pending Wave 3 vtable dispatch hardening
12:49:08.717 [main] WARN dev.nekoobfuscator.native_.stage.NativeCompilationStage -- Rejected native translation for ThreadsController#pauser()V: INVOKEVIRTUAL deferred pending Wave 3 vtable dispatch hardening
12:49:08.717 [main] WARN dev.nekoobfuscator.native_.stage.NativeCompilationStage -- Rejected native translation for ThreadsController#checkCollision()V: INVOKEVIRTUAL deferred pending Wave 3 vtable dispatch hardening; INVOKE with reference return deferred to Wave 4 (oop return adapter); CHECKCAST deferred beyond Wave 2; reference GETSTATIC deferred pending oop static field support; INVOKE with reference arguments deferred pending JNI-free receiver spill hardening; reference PUTFIELD deferred to M5h (GC write barriers)
12:49:08.717 [main] WARN dev.nekoobfuscator.native_.stage.NativeCompilationStage -- Rejected native translation for ThreadsController#stopTheGame()V: reference GETSTATIC deferred pending oop static field support; INVOKE with reference arguments deferred pending JNI-free receiver spill hardening; INVOKEVIRTUAL deferred pending Wave 3 vtable dispatch hardening
12:49:08.717 [main] WARN dev.nekoobfuscator.native_.stage.NativeCompilationStage -- Rejected native translation for ThreadsController#spawnFood(LTuple;)V: INVOKE with reference return deferred to Wave 4 (oop return adapter); CHECKCAST deferred beyond Wave 2; INVOKEVIRTUAL deferred pending Wave 3 vtable dispatch hardening
12:49:08.717 [main] WARN dev.nekoobfuscator.native_.stage.NativeCompilationStage -- Rejected native translation for ThreadsController#getValAleaNotInSnake()LTuple;: reference return requires direct ALOAD/ACONST_NULL producer; NEW deferred beyond Wave 2; INVOKEVIRTUAL deferred pending Wave 3 vtable dispatch hardening; INVOKE with reference return deferred to Wave 4 (oop return adapter); CHECKCAST deferred beyond Wave 2
12:49:08.717 [main] WARN dev.nekoobfuscator.native_.stage.NativeCompilationStage -- Rejected native translation for ThreadsController#moveInterne(I)V: IREM is not yet supported for leaf-native translation; INVOKEVIRTUAL deferred pending Wave 3 vtable dispatch hardening; NEW deferred beyond Wave 2; INVOKE with reference arguments deferred pending JNI-free receiver spill hardening
12:49:08.718 [main] WARN dev.nekoobfuscator.native_.stage.NativeCompilationStage -- Rejected native translation for ThreadsController#moveExterne()V: INVOKE with reference return deferred to Wave 4 (oop return adapter); INVOKEINTERFACE deferred pending Wave 3 itable dispatch hardening; CHECKCAST deferred beyond Wave 2; INVOKEVIRTUAL deferred pending Wave 3 vtable dispatch hardening
12:49:08.718 [main] WARN dev.nekoobfuscator.native_.stage.NativeCompilationStage -- Rejected native translation for ThreadsController#deleteTail()V: INVOKEVIRTUAL deferred pending Wave 3 vtable dispatch hardening; INVOKE with reference return deferred to Wave 4 (oop return adapter); CHECKCAST deferred beyond Wave 2
12:49:08.718 [main] WARN dev.nekoobfuscator.native_.stage.NativeCompilationStage -- Rejected native translation for Tuple#<init>(II)V: constructors remain in bytecode form
12:49:08.718 [main] WARN dev.nekoobfuscator.native_.stage.NativeCompilationStage -- Rejected native translation for Window#<init>()V: constructors remain in bytecode form; NEW deferred beyond Wave 2; reference PUTSTATIC deferred to M5h (GC write barriers); INVOKE with reference arguments deferred pending JNI-free receiver spill hardening; reference GETSTATIC deferred pending oop static field support; INVOKE with reference return deferred to Wave 4 (oop return adapter); CHECKCAST deferred beyond Wave 2; INVOKEVIRTUAL deferred pending Wave 3 vtable dispatch hardening
12:49:08.718 [main] WARN dev.nekoobfuscator.native_.stage.NativeCompilationStage -- Rejected native translation for Window#<clinit>()V: class initializers are not translated
12:49:08.739 [main] INFO dev.nekoobfuscator.native_.codegen.NativeBuildEngine -- zig cc: compiling 1 .c + 1 .S files for target x86_64-linux-gnu
12:49:08.739 [main] INFO dev.nekoobfuscator.native_.codegen.NativeBuildEngine -- Building native for LINUX_X64: zig cc -shared -Oz -std=c11 -Wall -Wextra -target x86_64-linux-gnu -I /usr/lib/jvm/java-21-openjdk/include -DNEKO_DEBUG_ENABLED=1 -I /usr/lib/jvm/java-21-openjdk/include/linux -o /tmp/neko_native_14098077616347190181/libneko_linux_x64.so /tmp/neko_native_sources_13089528037080732782/neko_native.c /tmp/neko_native_sources_13089528037080732782/neko_stubs.S
12:49:09.122 [main] INFO dev.nekoobfuscator.native_.codegen.NativeBuildEngine -- Built libneko_linux_x64.so (47296 bytes)
12:49:09.123 [main] INFO dev.nekoobfuscator.native_.stage.NativeCompilationStage -- Native stage rejected 21 method(s)
12:49:09.124 [main] INFO dev.nekoobfuscator.core.pipeline.ObfuscationPipeline -- Native stage: translated=5 rejected=21
12:49:09.124 [main] INFO dev.nekoobfuscator.core.pipeline.ObfuscationPipeline -- Writing output JAR: verification/w1/final-v6/SnakeGame-native-debug.jar
12:49:09.125 [main] DEBUG dev.nekoobfuscator.core.jar.JarOutput -- Wrote class: DataOfSquare
12:49:09.126 [main] DEBUG dev.nekoobfuscator.core.jar.JarOutput -- Wrote class: KeyboardListener
12:49:09.126 [main] DEBUG dev.nekoobfuscator.core.jar.JarOutput -- Wrote class: Main
12:49:09.126 [main] DEBUG dev.nekoobfuscator.core.jar.JarOutput -- Wrote class: SquarePanel
12:49:09.127 [main] DEBUG dev.nekoobfuscator.core.jar.JarOutput -- Wrote class: ThreadsController
12:49:09.127 [main] DEBUG dev.nekoobfuscator.core.jar.JarOutput -- Wrote class: Tuple
12:49:09.127 [main] DEBUG dev.nekoobfuscator.core.jar.JarOutput -- Wrote class: Window
12:49:09.128 [main] DEBUG dev.nekoobfuscator.core.jar.JarOutput -- Wrote class: dev/nekoobfuscator/runtime/NekoNativeLoader
12:49:09.130 [main] DEBUG dev.nekoobfuscator.core.jar.JarOutput -- Wrote resource: neko/native/libneko_linux_x64.so
12:49:09.130 [main] INFO dev.nekoobfuscator.core.jar.JarOutput -- Wrote 8 classes and 1 resources to verification/w1/final-v6/SnakeGame-native-debug.jar
12:49:09.130 [main] INFO dev.nekoobfuscator.core.pipeline.ObfuscationPipeline -- Obfuscation completed in 441ms
[NekoObfuscator] Done in 504ms
