#
# A fatal error has been detected by the Java Runtime Environment:
#
#  SIGSEGV (0xb) at pc=0x00007fa798037408, pid=199044, tid=199045
#
# JRE version: OpenJDK Runtime Environment (21.0.10+7) (build 21.0.10+7)
# Java VM: OpenJDK 64-Bit Server VM (21.0.10+7, mixed mode, sharing, tiered, compressed oops, compressed class ptrs, g1 gc, linux-amd64)
# Problematic frame:
# C  [libneko_14715298115805331262.so+0x8408]  JNI_OnLoad+0x2d45
#
# Core dump will be written. Default location: Core dumps may be processed with "/usr/lib/systemd/systemd-coredump %P %u %g %s %t %c %h %d %F" (or dumping to /mnt/d/Code/Security/NekoObfuscator/worktree/dev-impl/core.199044)
#
# If you would like to submit a bug report, please visit:
#   https://bugreport.java.com/bugreport/crash.jsp
# The crash happened outside the Java Virtual Machine in native code.
# See problematic frame for where to report the bug.
#

---------------  S U M M A R Y ------------

Command Line: /mnt/d/Code/Security/NekoObfuscator/worktree/dev-impl/neko-test/build/test-native/ldc-string-integration/ldc-string-output.jar

Host: AMD Ryzen 9 9950X3D 16-Core Processor, 32 cores, 46G, Arch Linux
Time: Wed Apr 22 12:25:06 2026 CST elapsed time: 0.033647 seconds (0d 0h 0m 0s)

---------------  T H R E A D  ---------------

Current thread (0x00007fa794019c60):  JavaThread "main"             [_thread_in_native, id=199045, stack(0x00007fa79bd00000,0x00007fa79be00000) (1024K)]

Stack: [0x00007fa79bd00000,0x00007fa79be00000],  sp=0x00007fa79bdfda90,  free space=1014k
Native frames: (J=compiled Java code, j=interpreted, Vv=VM code, C=native code)
C  [libneko_14715298115805331262.so+0x8408]  JNI_OnLoad+0x2d45
C  [libjava.so+0xba3e]  Java_jdk_internal_loader_NativeLibraries_load+0xce
j  jdk.internal.loader.NativeLibraries.load(Ljdk/internal/loader/NativeLibraries$NativeLibraryImpl;Ljava/lang/String;ZZ)Z+0 java.base@21.0.10
j  jdk.internal.loader.NativeLibraries$NativeLibraryImpl.open()Z+57 java.base@21.0.10
j  jdk.internal.loader.NativeLibraries.loadLibrary(Ljava/lang/Class;Ljava/lang/String;Z)Ljdk/internal/loader/NativeLibrary;+254 java.base@21.0.10
j  jdk.internal.loader.NativeLibraries.loadLibrary(Ljava/lang/Class;Ljava/io/File;)Ljdk/internal/loader/NativeLibrary;+51 java.base@21.0.10
j  java.lang.ClassLoader.loadLibrary(Ljava/lang/Class;Ljava/io/File;)Ljdk/internal/loader/NativeLibrary;+31 java.base@21.0.10
j  java.lang.Runtime.load0(Ljava/lang/Class;Ljava/lang/String;)V+61 java.base@21.0.10
j  java.lang.System.load(Ljava/lang/String;)V+7 java.base@21.0.10
j  dev.nekoobfuscator.runtime.NekoNativeLoader.load()V+68
j  A.<clinit>()V+0
v  ~StubRoutines::call_stub 0x00007fa783817cc6
V  [libjvm.so+0x6c722a]
V  [libjvm.so+0x69ad38]
V  [libjvm.so+0x69bdf3]
V  [libjvm.so+0x95a487]
V  [libjvm.so+0x95ac3a]
V  [libjvm.so+0x6be887]
V  [libjvm.so+0x6bee8d]
j  Main.main([Ljava/lang/String;)V+9
v  ~StubRoutines::call_stub 0x00007fa783817cc6
V  [libjvm.so+0x6c722a]
V  [libjvm.so+0x776e16]
V  [libjvm.so+0x779765]
C  [libjli.so+0x4db5]
C  [libjli.so+0x7e6e]
C  [libc.so.6+0x9697a]
Java frames: (J=compiled Java code, j=interpreted, Vv=VM code)
j  jdk.internal.loader.NativeLibraries.load(Ljdk/internal/loader/NativeLibraries$NativeLibraryImpl;Ljava/lang/String;ZZ)Z+0 java.base@21.0.10
j  jdk.internal.loader.NativeLibraries$NativeLibraryImpl.open()Z+57 java.base@21.0.10
j  jdk.internal.loader.NativeLibraries.loadLibrary(Ljava/lang/Class;Ljava/lang/String;Z)Ljdk/internal/loader/NativeLibrary;+254 java.base@21.0.10
j  jdk.internal.loader.NativeLibraries.loadLibrary(Ljava/lang/Class;Ljava/io/File;)Ljdk/internal/loader/NativeLibrary;+51 java.base@21.0.10
j  java.lang.ClassLoader.loadLibrary(Ljava/lang/Class;Ljava/io/File;)Ljdk/internal/loader/NativeLibrary;+31 java.base@21.0.10
j  java.lang.Runtime.load0(Ljava/lang/Class;Ljava/lang/String;)V+61 java.base@21.0.10
j  java.lang.System.load(Ljava/lang/String;)V+7 java.base@21.0.10
j  dev.nekoobfuscator.runtime.NekoNativeLoader.load()V+68
j  A.<clinit>()V+0
v  ~StubRoutines::call_stub 0x00007fa783817cc6
j  Main.main([Ljava/lang/String;)V+9
v  ~StubRoutines::call_stub 0x00007fa783817cc6

siginfo: si_signo: 11 (SIGSEGV), si_code: 1 (SEGV_MAPERR), si_addr: 0x00000028d93b3075

Registers:
RAX=0x0000000000000074, RBX=0x00007fa718000c10, RCX=0x00000028d93b3001, RDX=0x0000000000000070
RSP=0x00007fa79bdfda90, RBP=0x00007fa79bdfdb90, RSI=0x0000000000000000, RDI=0x00007fa7174877c6
R8 =0x0000000000000006, R9 =0x0000000000000048, R10=0x0000000000000008, R11=0x000000000000003c
R12=0x00007fa79803bb38, R13=0x0000000000000038, R14=0x00007fa79bdfdb38, R15=0x00007fa717002318
RIP=0x00007fa798037408, EFLAGS=0x0000000000010202, CSGSFS=0x002b000000000033, ERR=0x0000000000000006
  TRAPNO=0x000000000000000e

XMM[0]=0x0000000000000000 0x0000000000000000
XMM[1]=0x0000000000000000 0x0000000000000000
XMM[2]=0x0000000000000000 0x0000000000000000
XMM[3]=0x0000000000000000 0x0000000000000000
XMM[4]=0xff00000000000000 0x00000000000000ff
XMM[5]=0x0000000000000000 0x0000000000000000
XMM[6]=0x0000000000000000 0x00000000000001e0
XMM[7]=0xffffffffffffffff 0xffffffff0000000f
XMM[8]=0x0000000000000000 0x4a861263cc31dfe8
XMM[9]=0x0000000000000000 0x00007fa79d12a6aa
XMM[10]=0x0000000000000000 0x00000001f7011640
XMM[11]=0x0000000000000000 0x0000000174359406
XMM[12]=0x0000000000000000 0x00ff00fd00fb00f9
XMM[13]=0x0000000000000000 0x0000000000fe00fa
XMM[14]=0x0000000000000000 0x0000000000000000
XMM[15]=0x0000000000000000 0x0000000000000000
  MXCSR=0x00001fa2


Register to memory mapping:

RAX=0x0000000000000074 is an unknown value
RBX=0x00007fa718000c10 is a pointer to class: 
dev.nekoobfuscator.runtime.NekoNativeLoader {0x00007fa718000c10}
 - instance size:     2
 - klass size:        65
 - access:            public final synchronized 
 - flags:             rewritten should_verify_class has_localvariable_table has_vanilla_constructor 
 - state:             fully_initialized
 - name:              'dev/nekoobfuscator/runtime/NekoNativeLoader'
 - super:             'java/lang/Object'
 - sub:               
 - arrays:            null
 - methods:           Array<T>(0x00007fa70c4012c8)
 - method ordering:   Array<T>(0x00007fa717b356b0)
 - local interfaces:  Array<T>(0x00007fa717619900)
 - trans. interfaces: Array<T>(0x00007fa717619900)
 - secondary supers: Array<T>(0x00007fa717619450)
 - hash_slot:         21
 - bitmap:            0x0000000000000000
 - constants:         constant pool [205]/operands[20] {0x00007fa70c400b80} for 'dev/nekoobfuscator/runtime/NekoNativeLoader' cache=0x00007fa70c401be0
 - class loader data:  loader data: 0x00007fa79417d7b0 for instance a 'jdk/internal/loader/ClassLoaders$AppClassLoader'{0x00000007ff8ecf70}
 - source file:       'NekoNativeLoader.java'
 - inner classes:     Array<T>(0x00007fa70c401b58)
 - nest members:     Array<T>(0x00007fa717619888)
 - permitted subclasses:     Array<T>(0x00007fa717619888)
 - java mirror:       a 'java/lang/Class'{0x000000054b023110} = 'dev/nekoobfuscator/runtime/NekoNativeLoader'
 - vtable length      5  (start addr: 0x00007fa718000de0)
 - itable length      2 (start addr: 0x00007fa718000e08)
 - ---- static fields (1 words):
 - private static volatile 'loaded' 'Z' @116 
 - private static final 'LOCK' 'Ljava/lang/Object;' @112 
 - ---- non-static fields (0 words):
 - non-static oop maps: 
RCX=0x00000028d93b3001 is an unknown value
RDX=0x0000000000000070 is an unknown value
RSP=0x00007fa79bdfda90 is pointing into the stack for thread: 0x00007fa794019c60
RBP=0x00007fa79bdfdb90 is pointing into the stack for thread: 0x00007fa794019c60
RSI=0x0 is null
RDI=0x00007fa7174877c6 is pointing into metadata
R8 =0x0000000000000006 is an unknown value
R9 =0x0000000000000048 is an unknown value
R10=0x0000000000000008 is an unknown value
R11=0x000000000000003c is an unknown value
R12=0x00007fa79803bb38: g_neko_vm_layout+0x0000000000000000 in /tmp/libneko_14715298115805331262.so at 0x00007fa79802f000
R13=0x0000000000000038 is an unknown value
R14=0x00007fa79bdfdb38 is pointing into the stack for thread: 0x00007fa794019c60
R15=0x00007fa717002318 is a pointer to class: 

Top of Stack: (sp=0x00007fa79bdfda90)
0x00007fa79bdfda90:   00007fa79bdfdb38 00007fa79d4da7c0
0x00007fa79bdfdaa0:   00007fa79401a020 0000000000000020
0x00007fa79bdfdab0:   0000000000000010 0000000000000018
0x00007fa79bdfdac0:   0000000000000020 0000000000000028
0x00007fa79bdfdad0:   0000000000000000 0000000000000000
0x00007fa79bdfdae0:   0000000000000008 0000000000000008
0x00007fa79bdfdaf0:   0000000000000010 0000000000000010
0x00007fa79bdfdb00:   0000000000000030 0000000000000030
0x00007fa79bdfdb10:   0000000000000038 4ec94b5e42357800
0x00007fa79bdfdb20:   000000009bdfdb50 0000000000000028
0x00007fa79bdfdb30:   0000000000000028 00007fa700000074
0x00007fa79bdfdb40:   00007fa79d148711 00007f01941e7360
0x00007fa79bdfdb50:   0000000000000000 00007fa79d1467e1
0x00007fa79bdfdb60:   0000000000000008 00007fa79bdfddb8
0x00007fa79bdfdb70:   00007fa7941e72c0 0000000000000000
0x00007fa79bdfdb80:   00007fa79401a020 0000000000010001
0x00007fa79bdfdb90:   00007fa79bdfdd10 00007fa79d7c6a3e
0x00007fa79bdfdba0:   0000000000000003 00007fa7980346c3
0x00007fa79bdfdbb0:   00007fa7941e7360 00007fa79bdfddc0
0x00007fa79bdfdbc0:   00007fa71720b370 00007fa79d4cc040
0x00007fa79bdfdbd0:   00007fa79bdfdbe8 00007fa79bdfdc48
0x00007fa79bdfdbe0:   00007fa78381f180 0000000000000008
0x00007fa79bdfdbf0:   000000054b380050 000000054b380050
0x00007fa79bdfdc00:   00007fa79bdfdc00 00007fa7178fb3d6
0x00007fa79bdfdc10:   0000000000000003 00007fa717207f00
0x00007fa79bdfdc20:   0000000000000000 00000007ff8a36b8
0x00007fa79bdfdc30:   00007fa717207e68 0000000000000000
0x00007fa79bdfdc40:   00007fa79bdfdc58 00007fa79bdfdcb0
0x00007fa79bdfdc50:   00007fa79bdfdd28 00007fa77c439c9c
0x00007fa79bdfdc60:   00007fa79bdfdcc8 00007fa78381f2f2
0x00007fa79bdfdc70:   0000000000000009 00007fa79bdfdc78
0x00007fa79bdfdc80:   00007fa7178ff6f0 0000000000000003 

Instructions: (pc=0x00007fa798037408)
0x00007fa798037308:   00 00 48 8d 3d 55 99 ff ff be 24 00 00 00 e8 3a
0x00007fa798037318:   20 00 00 49 89 84 24 50 03 00 00 48 85 db 0f 84
0x00007fa798037328:   5f 02 00 00 4c 8d 75 a8 4c 89 34 24 48 8d 35 8f
0x00007fa798037338:   9e ff ff 48 8d 0d 90 9f ff ff 48 89 df ba 06 00
0x00007fa798037348:   00 00 41 b8 01 00 00 00 41 b9 01 00 00 00 e8 65
0x00007fa798037358:   1b 00 00 84 c0 0f 84 ff 03 00 00 48 63 45 a8 49
0x00007fa798037368:   89 84 24 b8 02 00 00 f3 41 0f 6f 84 24 f0 02 00
0x00007fa798037378:   00 f3 41 0f 6f 8c 24 00 03 00 00 66 0f ef d2 66
0x00007fa798037388:   0f 76 ca 66 0f 76 c2 66 0f 6f d0 0f c6 d1 dd 0f
0x00007fa798037398:   c6 c1 88 0f 54 c2 0f 50 c8 85 c9 0f 85 e2 01 00
0x00007fa7980373a8:   00 85 c0 78 5f 49 8b 94 24 d0 00 00 00 48 85 d2
0x00007fa7980373b8:   0f 88 eb 01 00 00 49 8b 8c 24 08 03 00 00 41 83
0x00007fa7980373c8:   3c 24 09 7c 2c 49 8b b4 24 10 02 00 00 48 85 f6
0x00007fa7980373d8:   0f 88 cb 01 00 00 48 8b 0c 11 48 85 c9 0f 84 be
0x00007fa7980373e8:   01 00 00 48 8b 0c 31 48 85 c9 75 08 e9 b0 01 00
0x00007fa7980373f8:   00 48 01 d1 48 8b 09 48 85 c9 0f 84 a1 01 00 00
0x00007fa798037408:   c6 04 01 01 49 c7 84 24 b0 02 00 00 ff ff ff ff
0x00007fa798037418:   49 8b bc 24 f0 02 00 00 4c 89 34 24 48 8d 35 fe
0x00007fa798037428:   99 ff ff 48 8d 0d e9 9e ff ff ba 04 00 00 00 41
0x00007fa798037438:   b8 01 00 00 00 45 31 c9 e8 7b 1a 00 00 84 c0 74
0x00007fa798037448:   0c 48 63 45 a8 49 89 84 24 b0 02 00 00 48 83 bd
0x00007fa798037458:   10 ff ff ff 00 0f 84 05 02 00 00 49 83 bc 24 f0
0x00007fa798037468:   02 00 00 00 0f 84 f6 01 00 00 49 83 bc 24 00 03
0x00007fa798037478:   00 00 00 0f 84 e7 01 00 00 49 83 bc 24 f8 02 00
0x00007fa798037488:   00 00 0f 84 d8 01 00 00 0f 57 c0 0f 29 05 86 4a
0x00007fa798037498:   00 00 0f 29 05 8f 4a 00 00 0f 29 05 98 4a 00 00
0x00007fa7980374a8:   48 c7 05 9d 4a 00 00 00 00 00 00 c6 05 9e 4a 00
0x00007fa7980374b8:   00 00 e8 25 17 00 00 48 85 c0 0f 84 a5 00 00 00
0x00007fa7980374c8:   49 83 bc 24 e0 02 00 00 00 0f 88 96 00 00 00 49
0x00007fa7980374d8:   89 c7 b0 01 45 31 e4 45 31 f6 a8 01 0f 84 40 01
0x00007fa7980374e8:   00 00 bf 10 01 00 00 e8 ec 20 00 00 48 89 c3 48
0x00007fa7980374f8:   85 c0 74 36 ba 00 01 00 00 48 89 df 31 f6 e8 35 


Stack slot to memory mapping:

stack at sp + 0 slots: 0x00007fa79bdfdb38 is pointing into the stack for thread: 0x00007fa794019c60
stack at sp + 1 slots: 0x00007fa79d4da7c0: <offset 0x00000000012da7c0> in /usr/lib/jvm/java-21-openjdk/lib/server/libjvm.so at 0x00007fa79c200000
stack at sp + 2 slots: 0x00007fa79401a020 points into unknown readable memory: 0x00007fa79d4cc060 | 60 c0 4c 9d a7 7f 00 00
stack at sp + 3 slots: 0x0000000000000020 is an unknown value
stack at sp + 4 slots: 0x0000000000000010 is an unknown value
stack at sp + 5 slots: 0x0000000000000018 is an unknown value
stack at sp + 6 slots: 0x0000000000000020 is an unknown value
stack at sp + 7 slots: 0x0000000000000028 is an unknown value


---------------  P R O C E S S  ---------------

Threads class SMR info:
_java_thread_list=0x00007fa6f0026c10, length=11, elements={
0x00007fa794019c60, 0x00007fa79416e440, 0x00007fa79416f9c0, 0x00007fa794171280,
0x00007fa7941728d0, 0x00007fa794173e80, 0x00007fa7941759b0, 0x00007fa794177080,
0x00007fa794182ff0, 0x00007fa794185f30, 0x00007fa6f0025a40
}

Java Threads: ( => current thread )
=>0x00007fa794019c60 JavaThread "main"                              [_thread_in_native, id=199045, stack(0x00007fa79bd00000,0x00007fa79be00000) (1024K)]
  0x00007fa79416e440 JavaThread "Reference Handler"          daemon [_thread_blocked, id=199053, stack(0x00007fa76c06d000,0x00007fa76c16d000) (1024K)]
  0x00007fa79416f9c0 JavaThread "Finalizer"                  daemon [_thread_blocked, id=199054, stack(0x00007fa716900000,0x00007fa716a00000) (1024K)]
  0x00007fa794171280 JavaThread "Signal Dispatcher"          daemon [_thread_blocked, id=199055, stack(0x00007fa7167ff000,0x00007fa7168ff000) (1024K)]
  0x00007fa7941728d0 JavaThread "Service Thread"             daemon [_thread_blocked, id=199056, stack(0x00007fa7166fe000,0x00007fa7167fe000) (1024K)]
  0x00007fa794173e80 JavaThread "Monitor Deflation Thread"   daemon [_thread_blocked, id=199057, stack(0x00007fa7165fd000,0x00007fa7166fd000) (1024K)]
  0x00007fa7941759b0 JavaThread "C2 CompilerThread0"         daemon [_thread_blocked, id=199058, stack(0x00007fa7164fc000,0x00007fa7165fc000) (1024K)]
  0x00007fa794177080 JavaThread "C1 CompilerThread0"         daemon [_thread_blocked, id=199059, stack(0x00007fa7163fb000,0x00007fa7164fb000) (1024K)]
  0x00007fa794182ff0 JavaThread "Notification Thread"        daemon [_thread_blocked, id=199060, stack(0x00007fa716229000,0x00007fa716329000) (1024K)]
  0x00007fa794185f30 JavaThread "Common-Cleaner"             daemon [_thread_blocked, id=199061, stack(0x00007fa716128000,0x00007fa716228000) (1024K)]
  0x00007fa6f0025a40 JavaThread "C1 CompilerThread1"         daemon [_thread_blocked, id=199062, stack(0x00007fa716027000,0x00007fa716127000) (1024K)]
Total: 11

Other Threads:
  0x00007fa794165290 VMThread "VM Thread"                           [id=199052, stack(0x00007fa76c16e000,0x00007fa76c26e000) (1024K)]
  0x00007fa794153030 WatcherThread "VM Periodic Task Thread"        [id=199051, stack(0x00007fa76c26f000,0x00007fa76c36f000) (1024K)]
  0x00007fa7940731c0 WorkerThread "GC Thread#0"                     [id=199046, stack(0x00007fa798ab8000,0x00007fa798bb8000) (1024K)]
  0x00007fa794080120 ConcurrentGCThread "G1 Main Marker"            [id=199047, stack(0x00007fa7989b7000,0x00007fa798ab7000) (1024K)]
  0x00007fa794081110 WorkerThread "G1 Conc#0"                       [id=199048, stack(0x00007fa7988b6000,0x00007fa7989b6000) (1024K)]
  0x00007fa794138aa0 ConcurrentGCThread "G1 Refine#0"               [id=199049, stack(0x00007fa76c4f2000,0x00007fa76c5f2000) (1024K)]
  0x00007fa794139a70 ConcurrentGCThread "G1 Service"                [id=199050, stack(0x00007fa76c3f1000,0x00007fa76c4f1000) (1024K)]
Total: 7

Threads with active compile tasks:
Total: 0

VM state: not at safepoint (normal execution)

VM Mutex/Monitor currently owned by a thread: None

Heap address: 0x000000051d000000, size: 11824 MB, Compressed Oops mode: Zero based, Oop shift amount: 3

CDS archive(s) mapped at: [0x00007fa717000000-0x00007fa717c9b000-0x00007fa717c9b000), size 13217792, SharedBaseAddress: 0x00007fa717000000, ArchiveRelocationMode: 1.
Compressed class space mapped at: 0x00007fa718000000-0x00007fa758000000, reserved size: 1073741824
Narrow klass base: 0x00007fa717000000, Narrow klass shift: 0, Narrow klass range: 0x100000000

GC Precious Log:
 CardTable entry size: 512
 Card Set container configuration: InlinePtr #cards 4 size 8 Array Of Cards #cards 64 size 144 Howl #buckets 8 coarsen threshold 14745 Howl Bitmap #cards 2048 size 272 coarsen threshold 1843 Card regions per heap region 1 cards per card region 16384
 CPUs: 32 total, 32 available
 Memory: 47288M
 Large Page Support: Disabled
 NUMA Support: Disabled
 Compressed Oops: Enabled (Zero based)
 Heap Region Size: 8M
 Heap Min Capacity: 8M
 Heap Initial Capacity: 744M
 Heap Max Capacity: 11824M
 Pre-touch: Disabled
 Parallel Workers: 23
 Concurrent Workers: 6
 Concurrent Refinement Workers: 23
 Periodic GC: Disabled

Heap:
 garbage-first heap   total 770048K, used 1073K [0x000000051d000000, 0x0000000800000000)
  region size 8192K, 1 young (8192K), 0 survivors (0K)
 Metaspace       used 1132K, committed 1280K, reserved 1114112K
  class space    used 112K, committed 192K, reserved 1048576K

Heap Regions: E=young(eden), S=young(survivor), O=old, HS=humongous(starts), HC=humongous(continues), CS=collection set, F=free, TAMS=top-at-mark-start, PB=parsable bottom
|   0|0x000000051d000000, 0x000000051d000000, 0x000000051d800000|  0%| F|  |TAMS 0x000000051d000000| PB 0x000000051d000000| Untracked 
|   1|0x000000051d800000, 0x000000051d800000, 0x000000051e000000|  0%| F|  |TAMS 0x000000051d800000| PB 0x000000051d800000| Untracked 
|   2|0x000000051e000000, 0x000000051e000000, 0x000000051e800000|  0%| F|  |TAMS 0x000000051e000000| PB 0x000000051e000000| Untracked 
|   3|0x000000051e800000, 0x000000051e800000, 0x000000051f000000|  0%| F|  |TAMS 0x000000051e800000| PB 0x000000051e800000| Untracked 
|   4|0x000000051f000000, 0x000000051f000000, 0x000000051f800000|  0%| F|  |TAMS 0x000000051f000000| PB 0x000000051f000000| Untracked 
|   5|0x000000051f800000, 0x000000051f800000, 0x0000000520000000|  0%| F|  |TAMS 0x000000051f800000| PB 0x000000051f800000| Untracked 
|   6|0x0000000520000000, 0x0000000520000000, 0x0000000520800000|  0%| F|  |TAMS 0x0000000520000000| PB 0x0000000520000000| Untracked 
|   7|0x0000000520800000, 0x0000000520800000, 0x0000000521000000|  0%| F|  |TAMS 0x0000000520800000| PB 0x0000000520800000| Untracked 
|   8|0x0000000521000000, 0x0000000521000000, 0x0000000521800000|  0%| F|  |TAMS 0x0000000521000000| PB 0x0000000521000000| Untracked 
|   9|0x0000000521800000, 0x0000000521800000, 0x0000000522000000|  0%| F|  |TAMS 0x0000000521800000| PB 0x0000000521800000| Untracked 
|  10|0x0000000522000000, 0x0000000522000000, 0x0000000522800000|  0%| F|  |TAMS 0x0000000522000000| PB 0x0000000522000000| Untracked 
|  11|0x0000000522800000, 0x0000000522800000, 0x0000000523000000|  0%| F|  |TAMS 0x0000000522800000| PB 0x0000000522800000| Untracked 
|  12|0x0000000523000000, 0x0000000523000000, 0x0000000523800000|  0%| F|  |TAMS 0x0000000523000000| PB 0x0000000523000000| Untracked 
|  13|0x0000000523800000, 0x0000000523800000, 0x0000000524000000|  0%| F|  |TAMS 0x0000000523800000| PB 0x0000000523800000| Untracked 
|  14|0x0000000524000000, 0x0000000524000000, 0x0000000524800000|  0%| F|  |TAMS 0x0000000524000000| PB 0x0000000524000000| Untracked 
|  15|0x0000000524800000, 0x0000000524800000, 0x0000000525000000|  0%| F|  |TAMS 0x0000000524800000| PB 0x0000000524800000| Untracked 
|  16|0x0000000525000000, 0x0000000525000000, 0x0000000525800000|  0%| F|  |TAMS 0x0000000525000000| PB 0x0000000525000000| Untracked 
|  17|0x0000000525800000, 0x0000000525800000, 0x0000000526000000|  0%| F|  |TAMS 0x0000000525800000| PB 0x0000000525800000| Untracked 
|  18|0x0000000526000000, 0x0000000526000000, 0x0000000526800000|  0%| F|  |TAMS 0x0000000526000000| PB 0x0000000526000000| Untracked 
|  19|0x0000000526800000, 0x0000000526800000, 0x0000000527000000|  0%| F|  |TAMS 0x0000000526800000| PB 0x0000000526800000| Untracked 
|  20|0x0000000527000000, 0x0000000527000000, 0x0000000527800000|  0%| F|  |TAMS 0x0000000527000000| PB 0x0000000527000000| Untracked 
|  21|0x0000000527800000, 0x0000000527800000, 0x0000000528000000|  0%| F|  |TAMS 0x0000000527800000| PB 0x0000000527800000| Untracked 
|  22|0x0000000528000000, 0x0000000528000000, 0x0000000528800000|  0%| F|  |TAMS 0x0000000528000000| PB 0x0000000528000000| Untracked 
|  23|0x0000000528800000, 0x0000000528800000, 0x0000000529000000|  0%| F|  |TAMS 0x0000000528800000| PB 0x0000000528800000| Untracked 
|  24|0x0000000529000000, 0x0000000529000000, 0x0000000529800000|  0%| F|  |TAMS 0x0000000529000000| PB 0x0000000529000000| Untracked 
|  25|0x0000000529800000, 0x0000000529800000, 0x000000052a000000|  0%| F|  |TAMS 0x0000000529800000| PB 0x0000000529800000| Untracked 
|  26|0x000000052a000000, 0x000000052a000000, 0x000000052a800000|  0%| F|  |TAMS 0x000000052a000000| PB 0x000000052a000000| Untracked 
|  27|0x000000052a800000, 0x000000052a800000, 0x000000052b000000|  0%| F|  |TAMS 0x000000052a800000| PB 0x000000052a800000| Untracked 
|  28|0x000000052b000000, 0x000000052b000000, 0x000000052b800000|  0%| F|  |TAMS 0x000000052b000000| PB 0x000000052b000000| Untracked 
|  29|0x000000052b800000, 0x000000052b800000, 0x000000052c000000|  0%| F|  |TAMS 0x000000052b800000| PB 0x000000052b800000| Untracked 
|  30|0x000000052c000000, 0x000000052c000000, 0x000000052c800000|  0%| F|  |TAMS 0x000000052c000000| PB 0x000000052c000000| Untracked 
|  31|0x000000052c800000, 0x000000052c800000, 0x000000052d000000|  0%| F|  |TAMS 0x000000052c800000| PB 0x000000052c800000| Untracked 
|  32|0x000000052d000000, 0x000000052d000000, 0x000000052d800000|  0%| F|  |TAMS 0x000000052d000000| PB 0x000000052d000000| Untracked 
|  33|0x000000052d800000, 0x000000052d800000, 0x000000052e000000|  0%| F|  |TAMS 0x000000052d800000| PB 0x000000052d800000| Untracked 
|  34|0x000000052e000000, 0x000000052e000000, 0x000000052e800000|  0%| F|  |TAMS 0x000000052e000000| PB 0x000000052e000000| Untracked 
|  35|0x000000052e800000, 0x000000052e800000, 0x000000052f000000|  0%| F|  |TAMS 0x000000052e800000| PB 0x000000052e800000| Untracked 
|  36|0x000000052f000000, 0x000000052f000000, 0x000000052f800000|  0%| F|  |TAMS 0x000000052f000000| PB 0x000000052f000000| Untracked 
|  37|0x000000052f800000, 0x000000052f800000, 0x0000000530000000|  0%| F|  |TAMS 0x000000052f800000| PB 0x000000052f800000| Untracked 
|  38|0x0000000530000000, 0x0000000530000000, 0x0000000530800000|  0%| F|  |TAMS 0x0000000530000000| PB 0x0000000530000000| Untracked 
|  39|0x0000000530800000, 0x0000000530800000, 0x0000000531000000|  0%| F|  |TAMS 0x0000000530800000| PB 0x0000000530800000| Untracked 
|  40|0x0000000531000000, 0x0000000531000000, 0x0000000531800000|  0%| F|  |TAMS 0x0000000531000000| PB 0x0000000531000000| Untracked 
|  41|0x0000000531800000, 0x0000000531800000, 0x0000000532000000|  0%| F|  |TAMS 0x0000000531800000| PB 0x0000000531800000| Untracked 
|  42|0x0000000532000000, 0x0000000532000000, 0x0000000532800000|  0%| F|  |TAMS 0x0000000532000000| PB 0x0000000532000000| Untracked 
|  43|0x0000000532800000, 0x0000000532800000, 0x0000000533000000|  0%| F|  |TAMS 0x0000000532800000| PB 0x0000000532800000| Untracked 
|  44|0x0000000533000000, 0x0000000533000000, 0x0000000533800000|  0%| F|  |TAMS 0x0000000533000000| PB 0x0000000533000000| Untracked 
|  45|0x0000000533800000, 0x0000000533800000, 0x0000000534000000|  0%| F|  |TAMS 0x0000000533800000| PB 0x0000000533800000| Untracked 
|  46|0x0000000534000000, 0x0000000534000000, 0x0000000534800000|  0%| F|  |TAMS 0x0000000534000000| PB 0x0000000534000000| Untracked 
|  47|0x0000000534800000, 0x0000000534800000, 0x0000000535000000|  0%| F|  |TAMS 0x0000000534800000| PB 0x0000000534800000| Untracked 
|  48|0x0000000535000000, 0x0000000535000000, 0x0000000535800000|  0%| F|  |TAMS 0x0000000535000000| PB 0x0000000535000000| Untracked 
|  49|0x0000000535800000, 0x0000000535800000, 0x0000000536000000|  0%| F|  |TAMS 0x0000000535800000| PB 0x0000000535800000| Untracked 
|  50|0x0000000536000000, 0x0000000536000000, 0x0000000536800000|  0%| F|  |TAMS 0x0000000536000000| PB 0x0000000536000000| Untracked 
|  51|0x0000000536800000, 0x0000000536800000, 0x0000000537000000|  0%| F|  |TAMS 0x0000000536800000| PB 0x0000000536800000| Untracked 
|  52|0x0000000537000000, 0x0000000537000000, 0x0000000537800000|  0%| F|  |TAMS 0x0000000537000000| PB 0x0000000537000000| Untracked 
|  53|0x0000000537800000, 0x0000000537800000, 0x0000000538000000|  0%| F|  |TAMS 0x0000000537800000| PB 0x0000000537800000| Untracked 
|  54|0x0000000538000000, 0x0000000538000000, 0x0000000538800000|  0%| F|  |TAMS 0x0000000538000000| PB 0x0000000538000000| Untracked 
|  55|0x0000000538800000, 0x0000000538800000, 0x0000000539000000|  0%| F|  |TAMS 0x0000000538800000| PB 0x0000000538800000| Untracked 
|  56|0x0000000539000000, 0x0000000539000000, 0x0000000539800000|  0%| F|  |TAMS 0x0000000539000000| PB 0x0000000539000000| Untracked 
|  57|0x0000000539800000, 0x0000000539800000, 0x000000053a000000|  0%| F|  |TAMS 0x0000000539800000| PB 0x0000000539800000| Untracked 
|  58|0x000000053a000000, 0x000000053a000000, 0x000000053a800000|  0%| F|  |TAMS 0x000000053a000000| PB 0x000000053a000000| Untracked 
|  59|0x000000053a800000, 0x000000053a800000, 0x000000053b000000|  0%| F|  |TAMS 0x000000053a800000| PB 0x000000053a800000| Untracked 
|  60|0x000000053b000000, 0x000000053b000000, 0x000000053b800000|  0%| F|  |TAMS 0x000000053b000000| PB 0x000000053b000000| Untracked 
|  61|0x000000053b800000, 0x000000053b800000, 0x000000053c000000|  0%| F|  |TAMS 0x000000053b800000| PB 0x000000053b800000| Untracked 
|  62|0x000000053c000000, 0x000000053c000000, 0x000000053c800000|  0%| F|  |TAMS 0x000000053c000000| PB 0x000000053c000000| Untracked 
|  63|0x000000053c800000, 0x000000053c800000, 0x000000053d000000|  0%| F|  |TAMS 0x000000053c800000| PB 0x000000053c800000| Untracked 
|  64|0x000000053d000000, 0x000000053d000000, 0x000000053d800000|  0%| F|  |TAMS 0x000000053d000000| PB 0x000000053d000000| Untracked 
|  65|0x000000053d800000, 0x000000053d800000, 0x000000053e000000|  0%| F|  |TAMS 0x000000053d800000| PB 0x000000053d800000| Untracked 
|  66|0x000000053e000000, 0x000000053e000000, 0x000000053e800000|  0%| F|  |TAMS 0x000000053e000000| PB 0x000000053e000000| Untracked 
|  67|0x000000053e800000, 0x000000053e800000, 0x000000053f000000|  0%| F|  |TAMS 0x000000053e800000| PB 0x000000053e800000| Untracked 
|  68|0x000000053f000000, 0x000000053f000000, 0x000000053f800000|  0%| F|  |TAMS 0x000000053f000000| PB 0x000000053f000000| Untracked 
|  69|0x000000053f800000, 0x000000053f800000, 0x0000000540000000|  0%| F|  |TAMS 0x000000053f800000| PB 0x000000053f800000| Untracked 
|  70|0x0000000540000000, 0x0000000540000000, 0x0000000540800000|  0%| F|  |TAMS 0x0000000540000000| PB 0x0000000540000000| Untracked 
|  71|0x0000000540800000, 0x0000000540800000, 0x0000000541000000|  0%| F|  |TAMS 0x0000000540800000| PB 0x0000000540800000| Untracked 
|  72|0x0000000541000000, 0x0000000541000000, 0x0000000541800000|  0%| F|  |TAMS 0x0000000541000000| PB 0x0000000541000000| Untracked 
|  73|0x0000000541800000, 0x0000000541800000, 0x0000000542000000|  0%| F|  |TAMS 0x0000000541800000| PB 0x0000000541800000| Untracked 
|  74|0x0000000542000000, 0x0000000542000000, 0x0000000542800000|  0%| F|  |TAMS 0x0000000542000000| PB 0x0000000542000000| Untracked 
|  75|0x0000000542800000, 0x0000000542800000, 0x0000000543000000|  0%| F|  |TAMS 0x0000000542800000| PB 0x0000000542800000| Untracked 
|  76|0x0000000543000000, 0x0000000543000000, 0x0000000543800000|  0%| F|  |TAMS 0x0000000543000000| PB 0x0000000543000000| Untracked 
|  77|0x0000000543800000, 0x0000000543800000, 0x0000000544000000|  0%| F|  |TAMS 0x0000000543800000| PB 0x0000000543800000| Untracked 
|  78|0x0000000544000000, 0x0000000544000000, 0x0000000544800000|  0%| F|  |TAMS 0x0000000544000000| PB 0x0000000544000000| Untracked 
|  79|0x0000000544800000, 0x0000000544800000, 0x0000000545000000|  0%| F|  |TAMS 0x0000000544800000| PB 0x0000000544800000| Untracked 
|  80|0x0000000545000000, 0x0000000545000000, 0x0000000545800000|  0%| F|  |TAMS 0x0000000545000000| PB 0x0000000545000000| Untracked 
|  81|0x0000000545800000, 0x0000000545800000, 0x0000000546000000|  0%| F|  |TAMS 0x0000000545800000| PB 0x0000000545800000| Untracked 
|  82|0x0000000546000000, 0x0000000546000000, 0x0000000546800000|  0%| F|  |TAMS 0x0000000546000000| PB 0x0000000546000000| Untracked 
|  83|0x0000000546800000, 0x0000000546800000, 0x0000000547000000|  0%| F|  |TAMS 0x0000000546800000| PB 0x0000000546800000| Untracked 
|  84|0x0000000547000000, 0x0000000547000000, 0x0000000547800000|  0%| F|  |TAMS 0x0000000547000000| PB 0x0000000547000000| Untracked 
|  85|0x0000000547800000, 0x0000000547800000, 0x0000000548000000|  0%| F|  |TAMS 0x0000000547800000| PB 0x0000000547800000| Untracked 
|  86|0x0000000548000000, 0x0000000548000000, 0x0000000548800000|  0%| F|  |TAMS 0x0000000548000000| PB 0x0000000548000000| Untracked 
|  87|0x0000000548800000, 0x0000000548800000, 0x0000000549000000|  0%| F|  |TAMS 0x0000000548800000| PB 0x0000000548800000| Untracked 
|  88|0x0000000549000000, 0x0000000549000000, 0x0000000549800000|  0%| F|  |TAMS 0x0000000549000000| PB 0x0000000549000000| Untracked 
|  89|0x0000000549800000, 0x0000000549800000, 0x000000054a000000|  0%| F|  |TAMS 0x0000000549800000| PB 0x0000000549800000| Untracked 
|  90|0x000000054a000000, 0x000000054a000000, 0x000000054a800000|  0%| F|  |TAMS 0x000000054a000000| PB 0x000000054a000000| Untracked 
|  91|0x000000054a800000, 0x000000054a800000, 0x000000054b000000|  0%| F|  |TAMS 0x000000054a800000| PB 0x000000054a800000| Untracked 
|  92|0x000000054b000000, 0x000000054b3d7170, 0x000000054b800000| 48%| E|  |TAMS 0x000000054b000000| PB 0x000000054b000000| Complete 
|1477|0x00000007ff800000, 0x00000007ff90c620, 0x0000000800000000| 13%| O|  |TAMS 0x00000007ff800000| PB 0x00000007ff800000| Untracked 

Card table byte_map: [0x00007fa77ace8000,0x00007fa77c400000] _byte_map_base: 0x00007fa778400000

Marking Bits: (CMBitMap*) 0x00007fa794073d00
 Bits: [0x00007fa76f428000, 0x00007fa77ace8000)

Polling page: 0x00007fa79d7e3000

Metaspace:

Usage:
  Non-class:   1020.86 KB used.
      Class:    112.01 KB used.
       Both:      1.11 MB used.

Virtual space:
  Non-class space:       64.00 MB reserved,       1.06 MB (  2%) committed,  1 nodes.
      Class space:        1.00 GB reserved,     192.00 KB ( <1%) committed,  1 nodes.
             Both:        1.06 GB reserved,       1.25 MB ( <1%) committed. 

Chunk freelists:
   Non-Class:  11.95 MB
       Class:  15.73 MB
        Both:  27.67 MB

MaxMetaspaceSize: unlimited
CompressedClassSpaceSize: 1.00 GB
Initial GC threshold: 21.00 MB
Current GC threshold: 21.00 MB
CDS: on
 - commit_granule_bytes: 65536.
 - commit_granule_words: 8192.
 - virtual_space_node_default_size: 8388608.
 - enlarge_chunks_in_place: 1.
 - use_allocation_guard: 0.


Internal statistics:

num_allocs_failed_limit: 0.
num_arena_births: 48.
num_arena_deaths: 0.
num_vsnodes_births: 2.
num_vsnodes_deaths: 0.
num_space_committed: 20.
num_space_uncommitted: 0.
num_chunks_returned_to_freelist: 0.
num_chunks_taken_from_freelist: 68.
num_chunk_merges: 0.
num_chunk_splits: 36.
num_chunks_enlarged: 2.
num_inconsistent_stats: 0.

CodeHeap 'non-profiled nmethods': size=118880Kb used=81Kb max_used=81Kb free=118798Kb
 bounds [0x00007fa783fe8000, 0x00007fa784258000, 0x00007fa78b400000]
CodeHeap 'profiled nmethods': size=118876Kb used=323Kb max_used=323Kb free=118552Kb
 bounds [0x00007fa77c400000, 0x00007fa77c670000, 0x00007fa783817000]
CodeHeap 'non-nmethods': size=8004Kb used=1961Kb max_used=1973Kb free=6042Kb
 bounds [0x00007fa783817000, 0x00007fa783a87000, 0x00007fa783fe8000]
CodeCache: size=245760Kb, used=2365Kb, max_used=2377Kb, free=243392Kb
 total_blobs=667, nmethods=241, adapters=331, full_count=0
Compilation: enabled, stopped_count=0, restarted_count=0

Compilation events (20 events):
Event: 0.030 Thread 0x00007fa794177080  231       3       java.nio.DirectByteBuffer::ix (10 bytes)
Event: 0.030 Thread 0x00007fa794177080 nmethod 231 0x00007fa77c44d310 code [0x00007fa77c44d4a0, 0x00007fa77c44d5b0]
Event: 0.030 Thread 0x00007fa794177080  232   !   3       jdk.internal.misc.ScopedMemoryAccess::getByte (16 bytes)
Event: 0.031 Thread 0x00007fa794177080 nmethod 232 0x00007fa77c44d610 code [0x00007fa77c44d7e0, 0x00007fa77c44dbd0]
Event: 0.031 Thread 0x00007fa794177080  233   !   3       jdk.internal.misc.ScopedMemoryAccess::getByteInternal (34 bytes)
Event: 0.031 Thread 0x00007fa7941759b0 nmethod 225 0x00007fa783ffb390 code [0x00007fa783ffb520, 0x00007fa783ffb638]
Event: 0.031 Thread 0x00007fa794177080 nmethod 233 0x00007fa77c44de10 code [0x00007fa77c44dfc0, 0x00007fa77c44e218]
Event: 0.031 Thread 0x00007fa794177080  237       3       jdk.internal.jimage.ImageStringsReader::unmaskedHashCode (166 bytes)
Event: 0.031 Thread 0x00007fa7941759b0  235       4       java.lang.ref.Reference::reachabilityFence (1 bytes)
Event: 0.031 Thread 0x00007fa6f0025a40 nmethod 230 0x00007fa77c44e390 code [0x00007fa77c44e5e0, 0x00007fa77c44ef40]
Event: 0.031 Thread 0x00007fa6f0025a40  238       1       java.nio.Buffer::limit (5 bytes)
Event: 0.031 Thread 0x00007fa6f0025a40 nmethod 238 0x00007fa783ffb790 code [0x00007fa783ffb920, 0x00007fa783ffb9e0]
Event: 0.031 Thread 0x00007fa7941759b0 nmethod 235 0x00007fa783ffba90 code [0x00007fa783ffbc00, 0x00007fa783ffbc68]
Event: 0.031 Thread 0x00007fa7941759b0  234       4       java.util.concurrent.ConcurrentHashMap::spread (10 bytes)
Event: 0.031 Thread 0x00007fa7941759b0 nmethod 234 0x00007fa783ffbd90 code [0x00007fa783ffbf00, 0x00007fa783ffbf78]
Event: 0.031 Thread 0x00007fa794177080 nmethod 237 0x00007fa77c44f410 code [0x00007fa77c44f660, 0x00007fa77c450158]
Event: 0.031 Thread 0x00007fa794177080  239       3       java.util.HashMap::newNode (13 bytes)
Event: 0.031 Thread 0x00007fa6f0025a40  240       3       java.util.HashMap::afterNodeInsertion (1 bytes)
Event: 0.031 Thread 0x00007fa6f0025a40 nmethod 240 0x00007fa77c450610 code [0x00007fa77c4507a0, 0x00007fa77c4508a0]
Event: 0.031 Thread 0x00007fa794177080 nmethod 239 0x00007fa77c450910 code [0x00007fa77c450ac0, 0x00007fa77c450e10]

GC Heap History (0 events):
No events

Dll operation events (7 events):
Event: 0.000 Loaded shared library /usr/lib/jvm/java-21-openjdk/lib/libjava.so
Event: 0.008 Loaded shared library /usr/lib/jvm/java-21-openjdk/lib/libjsvml.so
Event: 0.010 Loaded shared library /usr/lib/jvm/java-21-openjdk/lib/libnio.so
Event: 0.011 Loaded shared library /usr/lib/jvm/java-21-openjdk/lib/libzip.so
Event: 0.030 Loaded shared library /usr/lib/jvm/java-21-openjdk/lib/libnet.so
Event: 0.030 Loaded shared library /usr/lib/jvm/java-21-openjdk/lib/libjimage.so
Event: 0.032 Loaded shared library /tmp/libneko_14715298115805331262.so

Deoptimization events (0 events):
No events

Classes loaded (20 events):
Event: 0.032 Loading class java/nio/channels/spi/AbstractSelectableChannel
Event: 0.032 Loading class java/nio/channels/SelectableChannel
Event: 0.032 Loading class java/nio/channels/SelectableChannel done
Event: 0.032 Loading class java/nio/channels/spi/AbstractSelectableChannel done
Event: 0.032 Loading class java/nio/channels/SocketChannel done
Event: 0.032 Loading class sun/nio/ch/SocketChannelImpl done
Event: 0.032 Loading class sun/nio/ch/ChannelOutputStream
Event: 0.032 Loading class sun/nio/ch/ChannelOutputStream done
Event: 0.032 Loading class sun/nio/ch/NativeThread
Event: 0.032 Loading class sun/nio/ch/NativeThread done
Event: 0.032 Loading class sun/nio/ch/Util
Event: 0.032 Loading class sun/nio/ch/Util done
Event: 0.032 Loading class sun/nio/ch/Util$1
Event: 0.032 Loading class sun/nio/ch/Util$1 done
Event: 0.032 Loading class sun/nio/ch/Util$BufferCache
Event: 0.032 Loading class sun/nio/ch/Util$BufferCache done
Event: 0.032 Loading class java/nio/DirectByteBuffer$Deallocator
Event: 0.032 Loading class java/nio/DirectByteBuffer$Deallocator done
Event: 0.032 Loading class sun/nio/ch/IOStatus
Event: 0.032 Loading class sun/nio/ch/IOStatus done

Classes unloaded (0 events):
No events

Classes redefined (0 events):
No events

Internal exceptions (0 events):
No events

ZGC Phase Switch (0 events):
No events

VM Operations (0 events):
No events

Memory protections (11 events):
Event: 0.000 Protecting memory [0x00007fa79bd00000,0x00007fa79bd04000] with protection modes 0
Event: 0.007 Protecting memory [0x00007fa76c06d000,0x00007fa76c071000] with protection modes 0
Event: 0.007 Protecting memory [0x00007fa716900000,0x00007fa716904000] with protection modes 0
Event: 0.008 Protecting memory [0x00007fa7167ff000,0x00007fa716803000] with protection modes 0
Event: 0.008 Protecting memory [0x00007fa7166fe000,0x00007fa716702000] with protection modes 0
Event: 0.008 Protecting memory [0x00007fa7165fd000,0x00007fa716601000] with protection modes 0
Event: 0.008 Protecting memory [0x00007fa7164fc000,0x00007fa716500000] with protection modes 0
Event: 0.008 Protecting memory [0x00007fa7163fb000,0x00007fa7163ff000] with protection modes 0
Event: 0.009 Protecting memory [0x00007fa716229000,0x00007fa71622d000] with protection modes 0
Event: 0.009 Protecting memory [0x00007fa716128000,0x00007fa71612c000] with protection modes 0
Event: 0.017 Protecting memory [0x00007fa716027000,0x00007fa71602b000] with protection modes 0

Nmethod flushes (0 events):
No events

Events (11 events):
Event: 0.004 Thread 0x00007fa794019c60 Thread added: 0x00007fa794019c60
Event: 0.007 Thread 0x00007fa794019c60 Thread added: 0x00007fa79416e440
Event: 0.007 Thread 0x00007fa794019c60 Thread added: 0x00007fa79416f9c0
Event: 0.008 Thread 0x00007fa794019c60 Thread added: 0x00007fa794171280
Event: 0.008 Thread 0x00007fa794019c60 Thread added: 0x00007fa7941728d0
Event: 0.008 Thread 0x00007fa794019c60 Thread added: 0x00007fa794173e80
Event: 0.008 Thread 0x00007fa794019c60 Thread added: 0x00007fa7941759b0
Event: 0.008 Thread 0x00007fa794019c60 Thread added: 0x00007fa794177080
Event: 0.009 Thread 0x00007fa794019c60 Thread added: 0x00007fa794182ff0
Event: 0.009 Thread 0x00007fa794019c60 Thread added: 0x00007fa794185f30
Event: 0.017 Thread 0x00007fa794177080 Thread added: 0x00007fa6f0025a40


Dynamic libraries:
51d000000-54b800000 rw-p 00000000 00:00 0 
54b800000-7ff800000 ---p 00000000 00:00 0 
7ff800000-7ff90d000 rw-p 00cda000 103:06 12095119                        /usr/lib/jvm/java-21-openjdk/lib/server/classes.jsa
7ff90d000-800000000 rw-p 00000000 00:00 0 
5636b2d9a000-5636b2d9b000 r--p 00000000 103:06 12094845                  /usr/lib/jvm/java-21-openjdk/bin/java
5636b2d9b000-5636b2d9c000 r-xp 00001000 103:06 12094845                  /usr/lib/jvm/java-21-openjdk/bin/java
5636b2d9c000-5636b2d9d000 r--p 00002000 103:06 12094845                  /usr/lib/jvm/java-21-openjdk/bin/java
5636b2d9d000-5636b2d9e000 r--p 00002000 103:06 12094845                  /usr/lib/jvm/java-21-openjdk/bin/java
5636b2d9e000-5636b2d9f000 rw-p 00003000 103:06 12094845                  /usr/lib/jvm/java-21-openjdk/bin/java
5636e208b000-5636e20d7000 rw-p 00000000 00:00 0                          [heap]
7fa6dc000000-7fa6dc0e0000 rw-p 00000000 00:00 0 
7fa6dc0e0000-7fa6e0000000 ---p 00000000 00:00 0 
7fa6e4000000-7fa6e4021000 rw-p 00000000 00:00 0 
7fa6e4021000-7fa6e8000000 ---p 00000000 00:00 0 
7fa6e8000000-7fa6e8021000 rw-p 00000000 00:00 0 
7fa6e8021000-7fa6ec000000 ---p 00000000 00:00 0 
7fa6ec000000-7fa6ec07a000 rw-p 00000000 00:00 0 
7fa6ec07a000-7fa6f0000000 ---p 00000000 00:00 0 
7fa6f0000000-7fa6f00f4000 rw-p 00000000 00:00 0 
7fa6f00f4000-7fa6f4000000 ---p 00000000 00:00 0 
7fa6f4000000-7fa6f4021000 rw-p 00000000 00:00 0 
7fa6f4021000-7fa6f8000000 ---p 00000000 00:00 0 
7fa6f8000000-7fa6f8021000 rw-p 00000000 00:00 0 
7fa6f8021000-7fa6fc000000 ---p 00000000 00:00 0 
7fa6fc000000-7fa6fc021000 rw-p 00000000 00:00 0 
7fa6fc021000-7fa700000000 ---p 00000000 00:00 0 
7fa700000000-7fa700021000 rw-p 00000000 00:00 0 
7fa700021000-7fa704000000 ---p 00000000 00:00 0 
7fa704000000-7fa704021000 rw-p 00000000 00:00 0 
7fa704021000-7fa708000000 ---p 00000000 00:00 0 
7fa708000000-7fa708021000 rw-p 00000000 00:00 0 
7fa708021000-7fa70c000000 ---p 00000000 00:00 0 
7fa70c000000-7fa70c100000 rw-p 00000000 00:00 0 
7fa70c100000-7fa70c400000 ---p 00000000 00:00 0 
7fa70c400000-7fa70c410000 rw-p 00000000 00:00 0 
7fa70c410000-7fa710000000 ---p 00000000 00:00 0 
7fa710000000-7fa710021000 rw-p 00000000 00:00 0 
7fa710021000-7fa714000000 ---p 00000000 00:00 0 
7fa716026000-7fa716027000 rw-p 00000000 00:00 0 
7fa716027000-7fa71602b000 ---p 00000000 00:00 0 
7fa71602b000-7fa716128000 rw-p 00000000 00:00 0 
7fa716128000-7fa71612c000 ---p 00000000 00:00 0 
7fa71612c000-7fa716229000 rw-p 00000000 00:00 0 
7fa716229000-7fa71622d000 ---p 00000000 00:00 0 
7fa71622d000-7fa716329000 rw-p 00000000 00:00 0 
7fa716329000-7fa71632e000 r--p 00000000 103:06 12095093                  /usr/lib/jvm/java-21-openjdk/lib/libjsvml.so
7fa71632e000-7fa71636f000 r-xp 00005000 103:06 12095093                  /usr/lib/jvm/java-21-openjdk/lib/libjsvml.so
7fa71636f000-7fa7163f8000 r--p 00046000 103:06 12095093                  /usr/lib/jvm/java-21-openjdk/lib/libjsvml.so
7fa7163f8000-7fa7163f9000 r--p 000ce000 103:06 12095093                  /usr/lib/jvm/java-21-openjdk/lib/libjsvml.so
7fa7163f9000-7fa7163fa000 rw-p 000cf000 103:06 12095093                  /usr/lib/jvm/java-21-openjdk/lib/libjsvml.so
7fa7163fa000-7fa7163fb000 rw-p 00000000 00:00 0 
7fa7163fb000-7fa7163ff000 ---p 00000000 00:00 0 
7fa7163ff000-7fa7164fc000 rw-p 00000000 00:00 0 
7fa7164fc000-7fa716500000 ---p 00000000 00:00 0 
7fa716500000-7fa7165fd000 rw-p 00000000 00:00 0 
7fa7165fd000-7fa716601000 ---p 00000000 00:00 0 
7fa716601000-7fa7166fe000 rw-p 00000000 00:00 0 
7fa7166fe000-7fa716702000 ---p 00000000 00:00 0 
7fa716702000-7fa7167ff000 rw-p 00000000 00:00 0 
7fa7167ff000-7fa716803000 ---p 00000000 00:00 0 
7fa716803000-7fa716900000 rw-p 00000000 00:00 0 
7fa716900000-7fa716904000 ---p 00000000 00:00 0 
7fa716904000-7fa716a00000 rw-p 00000000 00:00 0 
7fa716a00000-7fa716ff4000 r--p 00000000 103:06 11870942                  /usr/lib/locale/locale-archive
7fa717000000-7fa717c9b000 rw-p 00001000 103:06 12095119                  /usr/lib/jvm/java-21-openjdk/lib/server/classes.jsa
7fa717c9b000-7fa718000000 ---p 00000000 00:00 0 
7fa718000000-7fa718010000 rw-p 00000000 00:00 0 
7fa718010000-7fa718040000 ---p 00000000 00:00 0 
7fa718040000-7fa718060000 rw-p 00000000 00:00 0 
7fa718060000-7fa758000000 ---p 00000000 00:00 0 
7fa758000000-7fa758021000 rw-p 00000000 00:00 0 
7fa758021000-7fa75c000000 ---p 00000000 00:00 0 
7fa75c000000-7fa75c021000 rw-p 00000000 00:00 0 
7fa75c021000-7fa760000000 ---p 00000000 00:00 0 
7fa760000000-7fa760021000 rw-p 00000000 00:00 0 
7fa760021000-7fa764000000 ---p 00000000 00:00 0 
7fa764000000-7fa764021000 rw-p 00000000 00:00 0 
7fa764021000-7fa768000000 ---p 00000000 00:00 0 
7fa768000000-7fa768021000 rw-p 00000000 00:00 0 
7fa768021000-7fa76c000000 ---p 00000000 00:00 0 
7fa76c06c000-7fa76c06d000 rw-p 00000000 00:00 0 
7fa76c06d000-7fa76c071000 ---p 00000000 00:00 0 
7fa76c071000-7fa76c36f000 rw-p 00000000 00:00 0 
7fa76c36f000-7fa76c3f0000 rw-p 00000000 00:00 0 
7fa76c3f0000-7fa76c5f2000 rw-p 00000000 00:00 0 
7fa76c5f2000-7fa76f400000 rw-p 00000000 00:00 0 
7fa76f428000-7fa76ffc8000 rw-p 00000000 00:00 0 
7fa76ffc8000-7fa77acc8000 ---p 00000000 00:00 0 
7fa77acc8000-7fa77ae5c000 rw-p 00000000 00:00 0 
7fa77ae5c000-7fa77c3fc000 ---p 00000000 00:00 0 
7fa77c3fc000-7fa77c400000 rw-p 00000000 00:00 0 
7fa77c400000-7fa77c670000 rwxp 00000000 00:00 0 
7fa77c670000-7fa783817000 ---p 00000000 00:00 0 
7fa783817000-7fa783a87000 rwxp 00000000 00:00 0 
7fa783a87000-7fa783fe8000 ---p 00000000 00:00 0 
7fa783fe8000-7fa784258000 rwxp 00000000 00:00 0 
7fa784258000-7fa78b400000 ---p 00000000 00:00 0 
7fa78b400000-7fa793ebc000 r--s 00000000 103:06 12095110                  /usr/lib/jvm/java-21-openjdk/lib/modules
7fa793eff000-7fa794248000 rw-p 00000000 00:00 0 
7fa794248000-7fa798000000 ---p 00000000 00:00 0 
7fa79802f000-7fa798032000 r--p 00000000 00:22 18221                      /tmp/libneko_14715298115805331262.so
7fa798032000-7fa79803a000 r-xp 00002000 00:22 18221                      /tmp/libneko_14715298115805331262.so
7fa79803a000-7fa79803b000 r--p 00009000 00:22 18221                      /tmp/libneko_14715298115805331262.so
7fa79803b000-7fa79803c000 rw-p 00009000 00:22 18221                      /tmp/libneko_14715298115805331262.so
7fa79803c000-7fa798043000 r--p 00000000 103:06 12095101                  /usr/lib/jvm/java-21-openjdk/lib/libnio.so
7fa798043000-7fa79804c000 r-xp 00007000 103:06 12095101                  /usr/lib/jvm/java-21-openjdk/lib/libnio.so
7fa79804c000-7fa798050000 r--p 00010000 103:06 12095101                  /usr/lib/jvm/java-21-openjdk/lib/libnio.so
7fa798050000-7fa798051000 r--p 00014000 103:06 12095101                  /usr/lib/jvm/java-21-openjdk/lib/libnio.so
7fa798051000-7fa798052000 rw-p 00015000 103:06 12095101                  /usr/lib/jvm/java-21-openjdk/lib/libnio.so
7fa798052000-7fa7988b5000 rw-p 00000000 00:00 0 
7fa7988b5000-7fa798bb8000 rw-p 00000000 00:00 0 
7fa798bb8000-7fa798e16000 rw-p 00000000 00:00 0 
7fa798e16000-7fa79a3b6000 ---p 00000000 00:00 0 
7fa79a3b6000-7fa79bb33000 rw-p 00000000 00:00 0 
7fa79bb33000-7fa79bc17000 ---p 00000000 00:00 0 
7fa79bc17000-7fa79bc1c000 rw-p 00000000 00:00 0 
7fa79bc1c000-7fa79bd00000 ---p 00000000 00:00 0 
7fa79bd00000-7fa79bd04000 ---p 00000000 00:00 0 
7fa79bd04000-7fa79be00000 rw-p 00000000 00:00 0 
7fa79be00000-7fa79be97000 r--p 00000000 103:06 11800403                  /usr/lib/libstdc++.so.6.0.34
7fa79be97000-7fa79bfec000 r-xp 00097000 103:06 11800403                  /usr/lib/libstdc++.so.6.0.34
7fa79bfec000-7fa79c07e000 r--p 001ec000 103:06 11800403                  /usr/lib/libstdc++.so.6.0.34
7fa79c07e000-7fa79c08f000 r--p 0027e000 103:06 11800403                  /usr/lib/libstdc++.so.6.0.34
7fa79c08f000-7fa79c090000 rw-p 0028f000 103:06 11800403                  /usr/lib/libstdc++.so.6.0.34
7fa79c090000-7fa79c094000 rw-p 00000000 00:00 0 
7fa79c097000-7fa79c099000 r--p 00000000 103:06 12095109                  /usr/lib/jvm/java-21-openjdk/lib/libzip.so
7fa79c099000-7fa79c09d000 r-xp 00002000 103:06 12095109                  /usr/lib/jvm/java-21-openjdk/lib/libzip.so
7fa79c09d000-7fa79c09f000 r--p 00006000 103:06 12095109                  /usr/lib/jvm/java-21-openjdk/lib/libzip.so
7fa79c09f000-7fa79c0a0000 r--p 00007000 103:06 12095109                  /usr/lib/jvm/java-21-openjdk/lib/libzip.so
7fa79c0a0000-7fa79c0a1000 rw-p 00008000 103:06 12095109                  /usr/lib/jvm/java-21-openjdk/lib/libzip.so
7fa79c0a1000-7fa79c0e2000 rw-p 00000000 00:00 0 
7fa79c0e2000-7fa79c0f2000 r--p 00000000 103:06 11799566                  /usr/lib/libm.so.6
7fa79c0f2000-7fa79c189000 r-xp 00010000 103:06 11799566                  /usr/lib/libm.so.6
7fa79c189000-7fa79c1fe000 r--p 000a7000 103:06 11799566                  /usr/lib/libm.so.6
7fa79c1fe000-7fa79c1ff000 r--p 0011b000 103:06 11799566                  /usr/lib/libm.so.6
7fa79c1ff000-7fa79c200000 rw-p 0011c000 103:06 11799566                  /usr/lib/libm.so.6
7fa79c200000-7fa79c210000 r--p 00000000 103:06 12095122                  /usr/lib/jvm/java-21-openjdk/lib/server/libjvm.so
7fa79c210000-7fa79d116000 r-xp 00010000 103:06 12095122                  /usr/lib/jvm/java-21-openjdk/lib/server/libjvm.so
7fa79d116000-7fa79d3ef000 r--p 00f16000 103:06 12095122                  /usr/lib/jvm/java-21-openjdk/lib/server/libjvm.so
7fa79d3ef000-7fa79d4c5000 r--p 011ef000 103:06 12095122                  /usr/lib/jvm/java-21-openjdk/lib/server/libjvm.so
7fa79d4c5000-7fa79d4f5000 rw-p 012c5000 103:06 12095122                  /usr/lib/jvm/java-21-openjdk/lib/server/libjvm.so
7fa79d4f5000-7fa79d55b000 rw-p 00000000 00:00 0 
7fa79d55b000-7fa79d55e000 r--p 00000000 103:06 12095100                  /usr/lib/jvm/java-21-openjdk/lib/libnet.so
7fa79d55e000-7fa79d566000 r-xp 00003000 103:06 12095100                  /usr/lib/jvm/java-21-openjdk/lib/libnet.so
7fa79d566000-7fa79d568000 r--p 0000b000 103:06 12095100                  /usr/lib/jvm/java-21-openjdk/lib/libnet.so
7fa79d568000-7fa79d569000 r--p 0000c000 103:06 12095100                  /usr/lib/jvm/java-21-openjdk/lib/libnet.so
7fa79d569000-7fa79d56a000 rw-p 0000d000 103:06 12095100                  /usr/lib/jvm/java-21-openjdk/lib/libnet.so
7fa79d56a000-7fa79d56f000 rw-p 00000000 00:00 0 
7fa79d56f000-7fa79d57a000 ---p 00000000 00:00 0 
7fa79d57a000-7fa79d57e000 r--p 00000000 103:06 11800376                  /usr/lib/libgcc_s.so.1
7fa79d57e000-7fa79d5a1000 r-xp 00004000 103:06 11800376                  /usr/lib/libgcc_s.so.1
7fa79d5a1000-7fa79d5a5000 r--p 00027000 103:06 11800376                  /usr/lib/libgcc_s.so.1
7fa79d5a5000-7fa79d5a6000 r--p 0002a000 103:06 11800376                  /usr/lib/libgcc_s.so.1
7fa79d5a6000-7fa79d5a7000 rw-p 0002b000 103:06 11800376                  /usr/lib/libgcc_s.so.1
7fa79d5a7000-7fa79d5a9000 rw-p 00000000 00:00 0 
7fa79d5a9000-7fa79d5ac000 r--p 00000000 103:06 11803691                  /usr/lib/libz.so.1.3.2
7fa79d5ac000-7fa79d5bc000 r-xp 00003000 103:06 11803691                  /usr/lib/libz.so.1.3.2
7fa79d5bc000-7fa79d5c2000 r--p 00013000 103:06 11803691                  /usr/lib/libz.so.1.3.2
7fa79d5c2000-7fa79d5c3000 r--p 00018000 103:06 11803691                  /usr/lib/libz.so.1.3.2
7fa79d5c3000-7fa79d5c4000 rw-p 00019000 103:06 11803691                  /usr/lib/libz.so.1.3.2
7fa79d5c4000-7fa79d5e8000 r--p 00000000 103:06 11799556                  /usr/lib/libc.so.6
7fa79d5e8000-7fa79d759000 r-xp 00024000 103:06 11799556                  /usr/lib/libc.so.6
7fa79d759000-7fa79d7a7000 r--p 00195000 103:06 11799556                  /usr/lib/libc.so.6
7fa79d7a7000-7fa79d7ab000 r--p 001e2000 103:06 11799556                  /usr/lib/libc.so.6
7fa79d7ab000-7fa79d7ad000 rw-p 001e6000 103:06 11799556                  /usr/lib/libc.so.6
7fa79d7ad000-7fa79d7b5000 rw-p 00000000 00:00 0 
7fa79d7b6000-7fa79d7b7000 r--p 00000000 103:06 11799561                  /usr/lib/libdl.so.2
7fa79d7b7000-7fa79d7b8000 r-xp 00001000 103:06 11799561                  /usr/lib/libdl.so.2
7fa79d7b8000-7fa79d7b9000 r--p 00002000 103:06 11799561                  /usr/lib/libdl.so.2
7fa79d7b9000-7fa79d7ba000 r--p 00002000 103:06 11799561                  /usr/lib/libdl.so.2
7fa79d7ba000-7fa79d7bb000 rw-p 00003000 103:06 11799561                  /usr/lib/libdl.so.2
7fa79d7bb000-7fa79d7c5000 r--p 00000000 103:06 12095085                  /usr/lib/jvm/java-21-openjdk/lib/libjava.so
7fa79d7c5000-7fa79d7d3000 r-xp 0000a000 103:06 12095085                  /usr/lib/jvm/java-21-openjdk/lib/libjava.so
7fa79d7d3000-7fa79d7d8000 r--p 00018000 103:06 12095085                  /usr/lib/jvm/java-21-openjdk/lib/libjava.so
7fa79d7d8000-7fa79d7d9000 r--p 0001d000 103:06 12095085                  /usr/lib/jvm/java-21-openjdk/lib/libjava.so
7fa79d7d9000-7fa79d7da000 rw-p 0001e000 103:06 12095085                  /usr/lib/jvm/java-21-openjdk/lib/libjava.so
7fa79d7da000-7fa79d7db000 rw-p 00000000 00:00 0 
7fa79d7db000-7fa79d7e3000 rw-s 00000000 00:22 18219                      /tmp/hsperfdata_fadouse/199044
7fa79d7e3000-7fa79d7e4000 ---p 00000000 00:00 0 
7fa79d7e4000-7fa79d7e5000 r--p 00000000 00:00 0 
7fa79d7e5000-7fa79d7e6000 ---p 00000000 00:00 0 
7fa79d7e6000-7fa79d7e7000 r--p 00000000 103:06 12095089                  /usr/lib/jvm/java-21-openjdk/lib/libjimage.so
7fa79d7e7000-7fa79d7e9000 r-xp 00001000 103:06 12095089                  /usr/lib/jvm/java-21-openjdk/lib/libjimage.so
7fa79d7e9000-7fa79d7ea000 r--p 00003000 103:06 12095089                  /usr/lib/jvm/java-21-openjdk/lib/libjimage.so
7fa79d7ea000-7fa79d7eb000 r--p 00004000 103:06 12095089                  /usr/lib/jvm/java-21-openjdk/lib/libjimage.so
7fa79d7eb000-7fa79d7ec000 rw-p 00005000 103:06 12095089                  /usr/lib/jvm/java-21-openjdk/lib/libjimage.so
7fa79d7ec000-7fa79d7ee000 r--p 00000000 103:06 12095090                  /usr/lib/jvm/java-21-openjdk/lib/libjli.so
7fa79d7ee000-7fa79d7f8000 r-xp 00002000 103:06 12095090                  /usr/lib/jvm/java-21-openjdk/lib/libjli.so
7fa79d7f8000-7fa79d7fb000 r--p 0000c000 103:06 12095090                  /usr/lib/jvm/java-21-openjdk/lib/libjli.so
7fa79d7fb000-7fa79d7fc000 r--p 0000f000 103:06 12095090                  /usr/lib/jvm/java-21-openjdk/lib/libjli.so
7fa79d7fc000-7fa79d7fd000 rw-p 00010000 103:06 12095090                  /usr/lib/jvm/java-21-openjdk/lib/libjli.so
7fa79d7fd000-7fa79d7ff000 rw-p 00000000 00:00 0 
7fa79d7ff000-7fa79d803000 r--p 00000000 00:00 0                          [vvar]
7fa79d803000-7fa79d805000 r--p 00000000 00:00 0                          [vvar_vclock]
7fa79d805000-7fa79d807000 r-xp 00000000 00:00 0                          [vdso]
7fa79d807000-7fa79d808000 r--p 00000000 103:06 11799547                  /usr/lib/ld-linux-x86-64.so.2
7fa79d808000-7fa79d832000 r-xp 00001000 103:06 11799547                  /usr/lib/ld-linux-x86-64.so.2
7fa79d832000-7fa79d83d000 r--p 0002b000 103:06 11799547                  /usr/lib/ld-linux-x86-64.so.2
7fa79d83d000-7fa79d83f000 r--p 00036000 103:06 11799547                  /usr/lib/ld-linux-x86-64.so.2
7fa79d83f000-7fa79d840000 rw-p 00038000 103:06 11799547                  /usr/lib/ld-linux-x86-64.so.2
7fa79d840000-7fa79d841000 rw-p 00000000 00:00 0 
7ffeeda17000-7ffeeda38000 rw-p 00000000 00:00 0                          [stack]
ffffffffff600000-ffffffffff601000 --xp 00000000 00:00 0                  [vsyscall]
Total number of mappings: 203

JVMTI agents: none


VM Arguments:
java_command: /mnt/d/Code/Security/NekoObfuscator/worktree/dev-impl/neko-test/build/test-native/ldc-string-integration/ldc-string-output.jar
java_class_path (initial): /mnt/d/Code/Security/NekoObfuscator/worktree/dev-impl/neko-test/build/test-native/ldc-string-integration/ldc-string-output.jar
Launcher Type: SUN_STANDARD

[Global flags]
     intx CICompilerCount                          = 15                                        {product} {ergonomic}
     uint ConcGCThreads                            = 6                                         {product} {ergonomic}
     uint G1ConcRefinementThreads                  = 23                                        {product} {ergonomic}
   size_t G1HeapRegionSize                         = 8388608                                   {product} {ergonomic}
    uintx GCDrainStackTargetSize                   = 64                                        {product} {ergonomic}
   size_t InitialHeapSize                          = 780140544                                 {product} {ergonomic}
   size_t MarkStackSize                            = 4194304                                   {product} {ergonomic}
   size_t MaxHeapSize                              = 12398362624                               {product} {ergonomic}
   size_t MaxNewSize                               = 7432306688                                {product} {ergonomic}
   size_t MinHeapDeltaBytes                        = 8388608                                   {product} {ergonomic}
   size_t MinHeapSize                              = 8388608                                   {product} {ergonomic}
    uintx NonNMethodCodeHeapSize                   = 8192380                                {pd product} {ergonomic}
    uintx NonProfiledCodeHeapSize                  = 121732930                              {pd product} {ergonomic}
    uintx ProfiledCodeHeapSize                     = 121732930                              {pd product} {ergonomic}
    uintx ReservedCodeCacheSize                    = 251658240                              {pd product} {ergonomic}
     bool SegmentedCodeCache                       = true                                      {product} {ergonomic}
   size_t SoftMaxHeapSize                          = 12398362624                            {manageable} {ergonomic}
     bool UseCompressedOops                        = true                           {product lp64_product} {ergonomic}
     bool UseG1GC                                  = true                                      {product} {ergonomic}

Logging:
Log output configuration:
 #0: stdout all=warning uptime,level,tags foldmultilines=false
 #1: stderr all=off uptime,level,tags foldmultilines=false

Release file:
<release file has not been read>
Environment Variables:
PATH=/home/fadouse/.cargo/bin:/home/fadouse/.bun/bin:/home/fadouse/node_modules/.bin:/home/fadouse/.opencode/bin:/home/fadouse/.local/bin:/usr/local/sbin:/usr/local/bin:/usr/bin:/var/lib/flatpak/exports/bin:/usr/lib/jvm/default/bin:/usr/bin/site_perl:/usr/bin/vendor_perl:/usr/bin/core_perl:/usr/lib/rustup/bin:/home/fadouse/.local/share/JetBrains/Toolbox/scripts:/home/fadouse/.lmstudio/bin:/home/fadouse/.lmstudio/bin
LD_LIBRARY_PATH=/home/fadouse/.local/lib:/home/fadouse/.local/lib
SHELL=/bin/bash
DISPLAY=:1
WAYLAND_DISPLAY=wayland-0
LANG=en_US.UTF-8
LC_NUMERIC=en_US.UTF-8
LC_TIME=en_US.UTF-8
TERM=xterm-ghostty

Active Locale:
LC_ALL=en_US.UTF-8
LC_COLLATE=en_US.UTF-8
LC_CTYPE=en_US.UTF-8
LC_MESSAGES=en_US.UTF-8
LC_MONETARY=en_US.UTF-8
LC_NUMERIC=en_US.UTF-8
LC_TIME=en_US.UTF-8

Signal Handlers:
   SIGSEGV: 0x00007fa79d00d280 in libjvm.so+14733952, mask=11100100010111111101111111111110, flags=SA_RESTART|SA_SIGINFO, unblocked
    SIGBUS: 0x00007fa79d00d280 in libjvm.so+14733952, mask=11100100010111111101111111111110, flags=SA_RESTART|SA_SIGINFO, unblocked
    SIGFPE: 0x00007fa79d00d280 in libjvm.so+14733952, mask=11100100010111111101111111111110, flags=SA_RESTART|SA_SIGINFO, unblocked
   SIGPIPE: 0x00007fa79ce66980 in libjvm.so+13003136, mask=11100100010111111101111111111110, flags=SA_RESTART|SA_SIGINFO, blocked
   SIGXFSZ: 0x00007fa79ce66980 in libjvm.so+13003136, mask=11100100010111111101111111111110, flags=SA_RESTART|SA_SIGINFO, blocked
    SIGILL: 0x00007fa79d00d280 in libjvm.so+14733952, mask=11100100010111111101111111111110, flags=SA_RESTART|SA_SIGINFO, unblocked
   SIGUSR2: 0x00007fa79ce682a0 in libjvm.so+13009568, mask=00000000000000000000000000000000, flags=SA_RESTART|SA_SIGINFO, blocked
    SIGHUP: 0x00007fa79ce65ce0 in libjvm.so+12999904, mask=11100100010111111101111111111110, flags=SA_RESTART|SA_SIGINFO, blocked
    SIGINT: 0x00007fa79ce65ce0 in libjvm.so+12999904, mask=11100100010111111101111111111110, flags=SA_RESTART|SA_SIGINFO, blocked
   SIGTERM: 0x00007fa79ce65ce0 in libjvm.so+12999904, mask=11100100010111111101111111111110, flags=SA_RESTART|SA_SIGINFO, blocked
   SIGQUIT: 0x00007fa79ce65ce0 in libjvm.so+12999904, mask=11100100010111111101111111111110, flags=SA_RESTART|SA_SIGINFO, blocked
   SIGTRAP: 0x00007fa79d00d280 in libjvm.so+14733952, mask=11100100010111111101111111111110, flags=SA_RESTART|SA_SIGINFO, unblocked


Periodic native trim disabled

---------------  S Y S T E M  ---------------

OS:
DISTRIB_ID="Arch"
DISTRIB_RELEASE="rolling"
DISTRIB_DESCRIPTION="Arch Linux"
uname: Linux 6.19.11-arch1-1 #1 SMP PREEMPT_DYNAMIC Thu, 02 Apr 2026 23:33:01 +0000 x86_64
OS uptime: 1 days 5:29 hours
libc: glibc 2.43 NPTL 2.43 
rlimit (soft/hard): STACK 16384k/infinity , CORE infinity/infinity , NPROC 188532/188532 , NOFILE 524288/524288 , AS infinity/infinity , CPU infinity/infinity , DATA infinity/infinity , FSIZE infinity/infinity , MEMLOCK infinity/infinity
load average: 2.00 1.72 1.68

/proc/meminfo:
MemTotal:       48423308 kB
MemFree:         6490164 kB
MemAvailable:   25315124 kB
Buffers:         1799200 kB
Cached:         17288952 kB
SwapCached:            0 kB
Active:         14476208 kB
Inactive:       22149652 kB
Active(anon):   11784312 kB
Inactive(anon):  7613668 kB
Active(file):    2691896 kB
Inactive(file): 14535984 kB
Unevictable:         212 kB
Mlocked:             208 kB
SwapTotal:             0 kB
SwapFree:              0 kB
Zswap:                 0 kB
Zswapped:              0 kB
Dirty:             11956 kB
Writeback:             0 kB
AnonPages:      17171956 kB
Mapped:          4054324 kB
Shmem:           1860676 kB
KReclaimable:    2190976 kB
Slab:            2825872 kB
SReclaimable:    2190976 kB
SUnreclaim:       634896 kB
KernelStack:       55684 kB
PageTables:       144560 kB
SecPageTables:      2408 kB
NFS_Unstable:          0 kB
Bounce:                0 kB
WritebackTmp:          0 kB
CommitLimit:    24211652 kB
Committed_AS:   59794060 kB
VmallocTotal:   34359738367 kB
VmallocUsed:      199952 kB
VmallocChunk:          0 kB
Percpu:            34688 kB
HardwareCorrupted:     0 kB
AnonHugePages:   3340288 kB
ShmemHugePages:   909312 kB
ShmemPmdMapped:   352256 kB
FileHugePages:    933888 kB
FilePmdMapped:    620544 kB
CmaTotal:              0 kB
CmaFree:               0 kB
Unaccepted:            0 kB
Balloon:               0 kB
HugePages_Total:       0
HugePages_Free:        0
HugePages_Rsvd:        0
HugePages_Surp:        0
Hugepagesize:       2048 kB
Hugetlb:               0 kB
DirectMap4k:     4398652 kB
DirectMap2M:    43982848 kB
DirectMap1G:     2097152 kB

/sys/kernel/mm/transparent_hugepage/enabled: [always] madvise never
/sys/kernel/mm/transparent_hugepage/hpage_pmd_size: 2097152
/sys/kernel/mm/transparent_hugepage/defrag (defrag/compaction efforts parameter): always defer defer+madvise [madvise] never

Process Memory:
Virtual Size: 15179228K (peak: 15244692K)
Resident Set Size: 50688K (peak: 50688K) (anon: 25228K, file: 25384K, shmem: 76K)
Swapped out: 0K
C-Heap outstanding allocations: 53558K, retained: 2109K
glibc malloc tunables: (default)

/proc/sys/kernel/threads-max (system-wide limit on the number of threads): 377065
/proc/sys/vm/max_map_count (maximum number of memory map areas a process may have): 1048576
/proc/sys/vm/swappiness (control to define how aggressively the kernel swaps out anonymous memory): 60
/proc/sys/kernel/pid_max (system-wide limit on number of process identifiers): 4194304

container information not found.
Steal ticks since vm start: 0
Steal ticks percentage since vm start:  0.000

CPU: total 32 (initial active 32) (32 cores per cpu, 2 threads per core) family 26 model 68 stepping 0 microcode 0xb404023, cx8, cmov, fxsr, ht, mmx, 3dnowpref, sse, sse2, sse3, ssse3, sse4a, sse4.1, sse4.2, popcnt, lzcnt, tsc, tscinvbit, avx, avx2, aes, erms, clmul, bmi1, bmi2, adx, avx512f, avx512dq, avx512cd, avx512bw, avx512vl, sha, fma, vzeroupper, avx512_vpopcntdq, avx512_vpclmulqdq, avx512_vaes, avx512_vnni, clflush, clflushopt, avx512_vbmi2, avx512_vbmi, rdtscp, rdpid, fsrm, gfni, avx512_bitalg, f16c, pku, ospke, cet_ss, avx512_ifma
CPU Model and flags from /proc/cpuinfo:
model name	: AMD Ryzen 9 9950X3D 16-Core Processor
flags		: fpu vme de pse tsc msr pae mce cx8 apic sep mtrr pge mca cmov pat pse36 clflush mmx fxsr sse sse2 ht syscall nx mmxext fxsr_opt pdpe1gb rdtscp lm constant_tsc rep_good amd_lbr_v2 nopl xtopology nonstop_tsc cpuid extd_apicid aperfmperf rapl pni pclmulqdq monitor ssse3 fma cx16 sse4_1 sse4_2 movbe popcnt aes xsave avx f16c rdrand lahf_lm cmp_legacy svm extapic cr8_legacy abm sse4a misalignsse 3dnowprefetch osvw ibs skinit wdt tce topoext perfctr_core perfctr_nb bpext perfctr_llc mwaitx cpuid_fault cpb cat_l3 cdp_l3 hw_pstate ssbd mba perfmon_v2 ibrs ibpb stibp ibrs_enhanced vmmcall fsgsbase tsc_adjust bmi1 avx2 smep bmi2 erms invpcid cqm rdt_a avx512f avx512dq adx smap avx512ifma clflushopt clwb avx512cd sha_ni avx512bw avx512vl xsaveopt xsavec xgetbv1 xsaves cqm_llc cqm_occup_llc cqm_mbm_total cqm_mbm_local user_shstk avx_vnni avx512_bf16 clzero irperf xsaveerptr rdpru wbnoinvd cppc arat npt lbrv svm_lock nrip_save tsc_scale vmcb_clean flushbyasid decodeassists pausefilter pfthreshold avic v_vmsave_vmload vgif x2avic v_spec_ctrl vnmi avx512vbmi umip pku ospke avx512_vbmi2 gfni vaes vpclmulqdq avx512_vnni avx512_bitalg avx512_vpopcntdq rdpid bus_lock_detect movdiri movdir64b overflow_recov succor smca fsrm avx512_vp2intersect flush_l1d amd_lbr_pmc_freeze

Online cpus: 0-31
Offline cpus: 
BIOS frequency limitation: <Not Available>
Frequency switch latency (ns): 0
Available cpu frequencies: <Not Available>
Current governor: powersave
Core performance/turbo boost: 1

Memory: 4k page, physical 48423308k(25314884k free), swap 0k(0k free)
Page Sizes: 4k

vm_info: OpenJDK 64-Bit Server VM (21.0.10+7) for linux-amd64 JRE (21.0.10+7), built on 2026-01-21T09:21:17Z by "builduser" with gcc 15.2.1 20260103

END.
