#
# A fatal error has been detected by the Java Runtime Environment:
#
#  SIGSEGV (0xb) at pc=0x00007fa21001a408, pid=2432107, tid=2432108
#
# JRE version: OpenJDK Runtime Environment (21.0.10+7) (build 21.0.10+7)
# Java VM: OpenJDK 64-Bit Server VM (21.0.10+7, mixed mode, sharing, tiered, compressed oops, compressed class ptrs, g1 gc, linux-amd64)
# Problematic frame:
# C  [libneko_1906151079956374025.so+0x8408]  JNI_OnLoad+0x2d45
#
# Core dump will be written. Default location: Core dumps may be processed with "/usr/lib/systemd/systemd-coredump %P %u %g %s %t %c %h %d %F" (or dumping to /mnt/d/Code/Security/NekoObfuscator/worktree/dev-impl/core.2432107)
#
# If you would like to submit a bug report, please visit:
#   https://bugreport.java.com/bugreport/crash.jsp
# The crash happened outside the Java Virtual Machine in native code.
# See problematic frame for where to report the bug.
#

---------------  S U M M A R Y ------------

Command Line: /mnt/d/Code/Security/NekoObfuscator/worktree/dev-impl/neko-test/build/test-native/ldc-string-integration/ldc-string-output.jar

Host: AMD Ryzen 9 9950X3D 16-Core Processor, 32 cores, 46G, Arch Linux
Time: Wed Apr 22 18:11:49 2026 CST elapsed time: 0.031413 seconds (0d 0h 0m 0s)

---------------  T H R E A D  ---------------

Current thread (0x00007fa20c019c60):  JavaThread "main"             [_thread_in_native, id=2432108, stack(0x00007fa212100000,0x00007fa212200000) (1024K)]

Stack: [0x00007fa212100000,0x00007fa212200000],  sp=0x00007fa2121fda90,  free space=1014k
Native frames: (J=compiled Java code, j=interpreted, Vv=VM code, C=native code)
C  [libneko_1906151079956374025.so+0x8408]  JNI_OnLoad+0x2d45
C  [libjava.so+0xba3e]  Java_jdk_internal_loader_NativeLibraries_load+0xce
j  jdk.internal.loader.NativeLibraries.load(Ljdk/internal/loader/NativeLibraries$NativeLibraryImpl;Ljava/lang/String;ZZ)Z+0 java.base@21.0.10
j  jdk.internal.loader.NativeLibraries$NativeLibraryImpl.open()Z+57 java.base@21.0.10
j  jdk.internal.loader.NativeLibraries.loadLibrary(Ljava/lang/Class;Ljava/lang/String;Z)Ljdk/internal/loader/NativeLibrary;+254 java.base@21.0.10
j  jdk.internal.loader.NativeLibraries.loadLibrary(Ljava/lang/Class;Ljava/io/File;)Ljdk/internal/loader/NativeLibrary;+51 java.base@21.0.10
j  java.lang.ClassLoader.loadLibrary(Ljava/lang/Class;Ljava/io/File;)Ljdk/internal/loader/NativeLibrary;+31 java.base@21.0.10
j  java.lang.Runtime.load0(Ljava/lang/Class;Ljava/lang/String;)V+61 java.base@21.0.10
j  java.lang.System.load(Ljava/lang/String;)V+7 java.base@21.0.10
j  dev.nekoobfuscator.runtime.NekoNativeLoader.load()V+68
j  A.<clinit>()V+0
v  ~StubRoutines::call_stub 0x00007fa1fb817cc6
V  [libjvm.so+0x6c722a]
V  [libjvm.so+0x69ad38]
V  [libjvm.so+0x69bdf3]
V  [libjvm.so+0x95a487]
V  [libjvm.so+0x95ac3a]
V  [libjvm.so+0x6be887]
V  [libjvm.so+0x6bee8d]
j  Main.main([Ljava/lang/String;)V+9
v  ~StubRoutines::call_stub 0x00007fa1fb817cc6
V  [libjvm.so+0x6c722a]
V  [libjvm.so+0x776e16]
V  [libjvm.so+0x779765]
C  [libjli.so+0x4db5]
C  [libjli.so+0x7e6e]
C  [libc.so.6+0x9697a]
Java frames: (J=compiled Java code, j=interpreted, Vv=VM code)
j  jdk.internal.loader.NativeLibraries.load(Ljdk/internal/loader/NativeLibraries$NativeLibraryImpl;Ljava/lang/String;ZZ)Z+0 java.base@21.0.10
j  jdk.internal.loader.NativeLibraries$NativeLibraryImpl.open()Z+57 java.base@21.0.10
j  jdk.internal.loader.NativeLibraries.loadLibrary(Ljava/lang/Class;Ljava/lang/String;Z)Ljdk/internal/loader/NativeLibrary;+254 java.base@21.0.10
j  jdk.internal.loader.NativeLibraries.loadLibrary(Ljava/lang/Class;Ljava/io/File;)Ljdk/internal/loader/NativeLibrary;+51 java.base@21.0.10
j  java.lang.ClassLoader.loadLibrary(Ljava/lang/Class;Ljava/io/File;)Ljdk/internal/loader/NativeLibrary;+31 java.base@21.0.10
j  java.lang.Runtime.load0(Ljava/lang/Class;Ljava/lang/String;)V+61 java.base@21.0.10
j  java.lang.System.load(Ljava/lang/String;)V+7 java.base@21.0.10
j  dev.nekoobfuscator.runtime.NekoNativeLoader.load()V+68
j  A.<clinit>()V+0
v  ~StubRoutines::call_stub 0x00007fa1fb817cc6
j  Main.main([Ljava/lang/String;)V+9
v  ~StubRoutines::call_stub 0x00007fa1fb817cc6

siginfo: si_signo: 11 (SIGSEGV), si_code: 1 (SEGV_MAPERR), si_addr: 0x00000028d93b3075

Registers:
RAX=0x0000000000000074, RBX=0x00007fa188000c10, RCX=0x00000028d93b3001, RDX=0x0000000000000070
RSP=0x00007fa2121fda90, RBP=0x00007fa2121fdb90, RSI=0x0000000000000000, RDI=0x00007fa1874877c6
R8 =0x0000000000000006, R9 =0x0000000000000048, R10=0x0000000000000008, R11=0x000000000000003c
R12=0x00007fa21001eb38, R13=0x0000000000000038, R14=0x00007fa2121fdb38, R15=0x00007fa187002318
RIP=0x00007fa21001a408, EFLAGS=0x0000000000010202, CSGSFS=0x002b000000000033, ERR=0x0000000000000006
  TRAPNO=0x000000000000000e

XMM[0]=0x0000000000000000 0x0000000000000000
XMM[1]=0x0000000000000000 0x0000000000000000
XMM[2]=0x0000000000000000 0x0000000000000000
XMM[3]=0x0000000000000000 0x0000000000000000
XMM[4]=0xff00000000000000 0x00000000000000ff
XMM[5]=0x0000000000000000 0x0000000000000000
XMM[6]=0x0000000000000000 0x00000000000001e0
XMM[7]=0xffffffffffffffff 0xffffffff0000000f
XMM[8]=0x0000000000000000 0x4a861263cc31dfe8
XMM[9]=0x0000000000000000 0x00007fa21352a6aa
XMM[10]=0x0000000000000000 0x00000001f7011640
XMM[11]=0x0000000000000000 0x0000000174359406
XMM[12]=0x0000000000000000 0x00ff00fd00fb00f9
XMM[13]=0x0000000000000000 0x0000000000fe00fa
XMM[14]=0x0000000000000000 0x0000000000000000
XMM[15]=0x0000000000000000 0x0000000000000000
  MXCSR=0x00001fa2


Register to memory mapping:

RAX=0x0000000000000074 is an unknown value
RBX=0x00007fa188000c10 is a pointer to class: 
dev.nekoobfuscator.runtime.NekoNativeLoader {0x00007fa188000c10}
 - instance size:     2
 - klass size:        65
 - access:            public final synchronized 
 - flags:             rewritten should_verify_class has_localvariable_table has_vanilla_constructor 
 - state:             fully_initialized
 - name:              'dev/nekoobfuscator/runtime/NekoNativeLoader'
 - super:             'java/lang/Object'
 - sub:               
 - arrays:            null
 - methods:           Array<T>(0x00007fa1834012c8)
 - method ordering:   Array<T>(0x00007fa187b356b0)
 - local interfaces:  Array<T>(0x00007fa187619900)
 - trans. interfaces: Array<T>(0x00007fa187619900)
 - secondary supers: Array<T>(0x00007fa187619450)
 - hash_slot:         21
 - bitmap:            0x0000000000000000
 - constants:         constant pool [205]/operands[20] {0x00007fa183400b80} for 'dev/nekoobfuscator/runtime/NekoNativeLoader' cache=0x00007fa183401be0
 - class loader data:  loader data: 0x00007fa20c17d6d0 for instance a 'jdk/internal/loader/ClassLoaders$AppClassLoader'{0x00000007ff8ecf70}
 - source file:       'NekoNativeLoader.java'
 - inner classes:     Array<T>(0x00007fa183401b58)
 - nest members:     Array<T>(0x00007fa187619888)
 - permitted subclasses:     Array<T>(0x00007fa187619888)
 - java mirror:       a 'java/lang/Class'{0x000000054b023110} = 'dev/nekoobfuscator/runtime/NekoNativeLoader'
 - vtable length      5  (start addr: 0x00007fa188000de0)
 - itable length      2 (start addr: 0x00007fa188000e08)
 - ---- static fields (1 words):
 - private static volatile 'loaded' 'Z' @116 
 - private static final 'LOCK' 'Ljava/lang/Object;' @112 
 - ---- non-static fields (0 words):
 - non-static oop maps: 
RCX=0x00000028d93b3001 is an unknown value
RDX=0x0000000000000070 is an unknown value
RSP=0x00007fa2121fda90 is pointing into the stack for thread: 0x00007fa20c019c60
RBP=0x00007fa2121fdb90 is pointing into the stack for thread: 0x00007fa20c019c60
RSI=0x0 is null
RDI=0x00007fa1874877c6 is pointing into metadata
R8 =0x0000000000000006 is an unknown value
R9 =0x0000000000000048 is an unknown value
R10=0x0000000000000008 is an unknown value
R11=0x000000000000003c is an unknown value
R12=0x00007fa21001eb38: g_neko_vm_layout+0x0000000000000000 in /tmp/libneko_1906151079956374025.so at 0x00007fa210012000
R13=0x0000000000000038 is an unknown value
R14=0x00007fa2121fdb38 is pointing into the stack for thread: 0x00007fa20c019c60
R15=0x00007fa187002318 is a pointer to class: 

Top of Stack: (sp=0x00007fa2121fda90)
0x00007fa2121fda90:   00007fa2121fdb38 00007fa2138da7c0
0x00007fa2121fdaa0:   00007fa20c01a020 0000000000000020
0x00007fa2121fdab0:   0000000000000010 0000000000000018
0x00007fa2121fdac0:   0000000000000020 0000000000000028
0x00007fa2121fdad0:   0000000000000000 0000000000000000
0x00007fa2121fdae0:   0000000000000008 0000000000000008
0x00007fa2121fdaf0:   0000000000000010 0000000000000010
0x00007fa2121fdb00:   0000000000000030 0000000000000030
0x00007fa2121fdb10:   0000000000000038 a4fc6ab37e47f900
0x00007fa2121fdb20:   00000000121fdb50 0000000000000028
0x00007fa2121fdb30:   0000000000000028 00007fa200000074
0x00007fa2121fdb40:   00007fa213548711 00007f010c1cfb40
0x00007fa2121fdb50:   0000000000000000 00007fa2135467e1
0x00007fa2121fdb60:   0000000000000008 00007fa2121fddb8
0x00007fa2121fdb70:   00007fa20c1cfaa0 0000000000000000
0x00007fa2121fdb80:   00007fa20c01a020 0000000000010001
0x00007fa2121fdb90:   00007fa2121fdd10 00007fa213b8ba3e
0x00007fa2121fdba0:   0000000000000003 00007fa2100176c3
0x00007fa2121fdbb0:   00007fa20c1cfb40 00007fa2121fddc0
0x00007fa2121fdbc0:   00007fa18720b370 00007fa2138cc040
0x00007fa2121fdbd0:   00007fa2121fdbe8 00007fa2121fdc48
0x00007fa2121fdbe0:   00007fa1fb81f180 0000000000000008
0x00007fa2121fdbf0:   000000054b37ffa0 000000054b37ffa0
0x00007fa2121fdc00:   00007fa2121fdc00 00007fa1878fb3d6
0x00007fa2121fdc10:   0000000000000003 00007fa187207f00
0x00007fa2121fdc20:   0000000000000000 00000007ff8a36b8
0x00007fa2121fdc30:   00007fa187207e68 0000000000000000
0x00007fa2121fdc40:   00007fa2121fdc58 00007fa2121fdcb0
0x00007fa2121fdc50:   00007fa2121fdd28 00007fa1f443659c
0x00007fa2121fdc60:   00007fa2121fdcc8 00007fa1fb81f2f2
0x00007fa2121fdc70:   0000000000000009 00007fa2121fdc78
0x00007fa2121fdc80:   00007fa1878ff6f0 0000000000000003 

Instructions: (pc=0x00007fa21001a408)
0x00007fa21001a308:   00 00 48 8d 3d 55 99 ff ff be 24 00 00 00 e8 3a
0x00007fa21001a318:   20 00 00 49 89 84 24 50 03 00 00 48 85 db 0f 84
0x00007fa21001a328:   5f 02 00 00 4c 8d 75 a8 4c 89 34 24 48 8d 35 8f
0x00007fa21001a338:   9e ff ff 48 8d 0d 90 9f ff ff 48 89 df ba 06 00
0x00007fa21001a348:   00 00 41 b8 01 00 00 00 41 b9 01 00 00 00 e8 65
0x00007fa21001a358:   1b 00 00 84 c0 0f 84 ff 03 00 00 48 63 45 a8 49
0x00007fa21001a368:   89 84 24 b8 02 00 00 f3 41 0f 6f 84 24 f0 02 00
0x00007fa21001a378:   00 f3 41 0f 6f 8c 24 00 03 00 00 66 0f ef d2 66
0x00007fa21001a388:   0f 76 ca 66 0f 76 c2 66 0f 6f d0 0f c6 d1 dd 0f
0x00007fa21001a398:   c6 c1 88 0f 54 c2 0f 50 c8 85 c9 0f 85 e2 01 00
0x00007fa21001a3a8:   00 85 c0 78 5f 49 8b 94 24 d0 00 00 00 48 85 d2
0x00007fa21001a3b8:   0f 88 eb 01 00 00 49 8b 8c 24 08 03 00 00 41 83
0x00007fa21001a3c8:   3c 24 09 7c 2c 49 8b b4 24 10 02 00 00 48 85 f6
0x00007fa21001a3d8:   0f 88 cb 01 00 00 48 8b 0c 11 48 85 c9 0f 84 be
0x00007fa21001a3e8:   01 00 00 48 8b 0c 31 48 85 c9 75 08 e9 b0 01 00
0x00007fa21001a3f8:   00 48 01 d1 48 8b 09 48 85 c9 0f 84 a1 01 00 00
0x00007fa21001a408:   c6 04 01 01 49 c7 84 24 b0 02 00 00 ff ff ff ff
0x00007fa21001a418:   49 8b bc 24 f0 02 00 00 4c 89 34 24 48 8d 35 fe
0x00007fa21001a428:   99 ff ff 48 8d 0d e9 9e ff ff ba 04 00 00 00 41
0x00007fa21001a438:   b8 01 00 00 00 45 31 c9 e8 7b 1a 00 00 84 c0 74
0x00007fa21001a448:   0c 48 63 45 a8 49 89 84 24 b0 02 00 00 48 83 bd
0x00007fa21001a458:   10 ff ff ff 00 0f 84 05 02 00 00 49 83 bc 24 f0
0x00007fa21001a468:   02 00 00 00 0f 84 f6 01 00 00 49 83 bc 24 00 03
0x00007fa21001a478:   00 00 00 0f 84 e7 01 00 00 49 83 bc 24 f8 02 00
0x00007fa21001a488:   00 00 0f 84 d8 01 00 00 0f 57 c0 0f 29 05 86 4a
0x00007fa21001a498:   00 00 0f 29 05 8f 4a 00 00 0f 29 05 98 4a 00 00
0x00007fa21001a4a8:   48 c7 05 9d 4a 00 00 00 00 00 00 c6 05 9e 4a 00
0x00007fa21001a4b8:   00 00 e8 25 17 00 00 48 85 c0 0f 84 a5 00 00 00
0x00007fa21001a4c8:   49 83 bc 24 e0 02 00 00 00 0f 88 96 00 00 00 49
0x00007fa21001a4d8:   89 c7 b0 01 45 31 e4 45 31 f6 a8 01 0f 84 40 01
0x00007fa21001a4e8:   00 00 bf 10 01 00 00 e8 ec 20 00 00 48 89 c3 48
0x00007fa21001a4f8:   85 c0 74 36 ba 00 01 00 00 48 89 df 31 f6 e8 35 


Stack slot to memory mapping:

stack at sp + 0 slots: 0x00007fa2121fdb38 is pointing into the stack for thread: 0x00007fa20c019c60
stack at sp + 1 slots: 0x00007fa2138da7c0: <offset 0x00000000012da7c0> in /usr/lib/jvm/java-21-openjdk/lib/server/libjvm.so at 0x00007fa212600000
stack at sp + 2 slots: 0x00007fa20c01a020 points into unknown readable memory: 0x00007fa2138cc060 | 60 c0 8c 13 a2 7f 00 00
stack at sp + 3 slots: 0x0000000000000020 is an unknown value
stack at sp + 4 slots: 0x0000000000000010 is an unknown value
stack at sp + 5 slots: 0x0000000000000018 is an unknown value
stack at sp + 6 slots: 0x0000000000000020 is an unknown value
stack at sp + 7 slots: 0x0000000000000028 is an unknown value


---------------  P R O C E S S  ---------------

Threads class SMR info:
_java_thread_list=0x00007fa15c026460, length=11, elements={
0x00007fa20c019c60, 0x00007fa20c16e480, 0x00007fa20c16fa00, 0x00007fa20c1711a0,
0x00007fa20c1727f0, 0x00007fa20c173da0, 0x00007fa20c1758d0, 0x00007fa20c176fa0,
0x00007fa20c182f10, 0x00007fa20c185e50, 0x00007fa15c0252d0
}

Java Threads: ( => current thread )
=>0x00007fa20c019c60 JavaThread "main"                              [_thread_in_native, id=2432108, stack(0x00007fa212100000,0x00007fa212200000) (1024K)]
  0x00007fa20c16e480 JavaThread "Reference Handler"          daemon [_thread_blocked, id=2432116, stack(0x00007fa1e4478000,0x00007fa1e4578000) (1024K)]
  0x00007fa20c16fa00 JavaThread "Finalizer"                  daemon [_thread_blocked, id=2432117, stack(0x00007fa1e4377000,0x00007fa1e4477000) (1024K)]
  0x00007fa20c1711a0 JavaThread "Signal Dispatcher"          daemon [_thread_blocked, id=2432118, stack(0x00007fa1e4276000,0x00007fa1e4376000) (1024K)]
  0x00007fa20c1727f0 JavaThread "Service Thread"             daemon [_thread_blocked, id=2432119, stack(0x00007fa1e4175000,0x00007fa1e4275000) (1024K)]
  0x00007fa20c173da0 JavaThread "Monitor Deflation Thread"   daemon [_thread_blocked, id=2432120, stack(0x00007fa1e4074000,0x00007fa1e4174000) (1024K)]
  0x00007fa20c1758d0 JavaThread "C2 CompilerThread0"         daemon [_thread_blocked, id=2432121, stack(0x00007fa1d5900000,0x00007fa1d5a00000) (1024K)]
  0x00007fa20c176fa0 JavaThread "C1 CompilerThread0"         daemon [_thread_blocked, id=2432122, stack(0x00007fa1d57ff000,0x00007fa1d58ff000) (1024K)]
  0x00007fa20c182f10 JavaThread "Notification Thread"        daemon [_thread_blocked, id=2432123, stack(0x00007fa1d562d000,0x00007fa1d572d000) (1024K)]
  0x00007fa20c185e50 JavaThread "Common-Cleaner"             daemon [_thread_blocked, id=2432124, stack(0x00007fa1d552c000,0x00007fa1d562c000) (1024K)]
  0x00007fa15c0252d0 JavaThread "C1 CompilerThread1"         daemon [_thread_blocked, id=2432125, stack(0x00007fa1d542b000,0x00007fa1d552b000) (1024K)]
Total: 11

Other Threads:
  0x00007fa20c1652d0 VMThread "VM Thread"                           [id=2432115, stack(0x00007fa1e4579000,0x00007fa1e4679000) (1024K)]
  0x00007fa20c153070 WatcherThread "VM Periodic Task Thread"        [id=2432114, stack(0x00007fa1e467a000,0x00007fa1e477a000) (1024K)]
  0x00007fa20c0731c0 WorkerThread "GC Thread#0"                     [id=2432109, stack(0x00007fa2105d0000,0x00007fa2106d0000) (1024K)]
  0x00007fa20c080120 ConcurrentGCThread "G1 Main Marker"            [id=2432110, stack(0x00007fa2104cf000,0x00007fa2105cf000) (1024K)]
  0x00007fa20c081110 WorkerThread "G1 Conc#0"                       [id=2432111, stack(0x00007fa2103ce000,0x00007fa2104ce000) (1024K)]
  0x00007fa20c138aa0 ConcurrentGCThread "G1 Refine#0"               [id=2432112, stack(0x00007fa1e48fd000,0x00007fa1e49fd000) (1024K)]
  0x00007fa20c139a70 ConcurrentGCThread "G1 Service"                [id=2432113, stack(0x00007fa1e47fc000,0x00007fa1e48fc000) (1024K)]
Total: 7

Threads with active compile tasks:
Total: 0

VM state: not at safepoint (normal execution)

VM Mutex/Monitor currently owned by a thread: None

Heap address: 0x000000051d000000, size: 11824 MB, Compressed Oops mode: Zero based, Oop shift amount: 3

CDS archive(s) mapped at: [0x00007fa187000000-0x00007fa187c9b000-0x00007fa187c9b000), size 13217792, SharedBaseAddress: 0x00007fa187000000, ArchiveRelocationMode: 1.
Compressed class space mapped at: 0x00007fa188000000-0x00007fa1c8000000, reserved size: 1073741824
Narrow klass base: 0x00007fa187000000, Narrow klass shift: 0, Narrow klass range: 0x100000000

GC Precious Log:
 CardTable entry size: 512
 Card Set container configuration: InlinePtr #cards 4 size 8 Array Of Cards #cards 64 size 144 Howl #buckets 8 coarsen threshold 14745 Howl Bitmap #cards 2048 size 272 coarsen threshold 1843 Card regions per heap region 1 cards per card region 16384
 CPUs: 32 total, 32 available
 Memory: 47288M
 Large Page Support: Disabled
 NUMA Support: Disabled
 Compressed Oops: Enabled (Zero based)
 Heap Region Size: 8M
 Heap Min Capacity: 8M
 Heap Initial Capacity: 744M
 Heap Max Capacity: 11824M
 Pre-touch: Disabled
 Parallel Workers: 23
 Concurrent Workers: 6
 Concurrent Refinement Workers: 23
 Periodic GC: Disabled

Heap:
 garbage-first heap   total 770048K, used 1073K [0x000000051d000000, 0x0000000800000000)
  region size 8192K, 1 young (8192K), 0 survivors (0K)
 Metaspace       used 1132K, committed 1280K, reserved 1114112K
  class space    used 112K, committed 192K, reserved 1048576K

Heap Regions: E=young(eden), S=young(survivor), O=old, HS=humongous(starts), HC=humongous(continues), CS=collection set, F=free, TAMS=top-at-mark-start, PB=parsable bottom
|   0|0x000000051d000000, 0x000000051d000000, 0x000000051d800000|  0%| F|  |TAMS 0x000000051d000000| PB 0x000000051d000000| Untracked 
|   1|0x000000051d800000, 0x000000051d800000, 0x000000051e000000|  0%| F|  |TAMS 0x000000051d800000| PB 0x000000051d800000| Untracked 
|   2|0x000000051e000000, 0x000000051e000000, 0x000000051e800000|  0%| F|  |TAMS 0x000000051e000000| PB 0x000000051e000000| Untracked 
|   3|0x000000051e800000, 0x000000051e800000, 0x000000051f000000|  0%| F|  |TAMS 0x000000051e800000| PB 0x000000051e800000| Untracked 
|   4|0x000000051f000000, 0x000000051f000000, 0x000000051f800000|  0%| F|  |TAMS 0x000000051f000000| PB 0x000000051f000000| Untracked 
|   5|0x000000051f800000, 0x000000051f800000, 0x0000000520000000|  0%| F|  |TAMS 0x000000051f800000| PB 0x000000051f800000| Untracked 
|   6|0x0000000520000000, 0x0000000520000000, 0x0000000520800000|  0%| F|  |TAMS 0x0000000520000000| PB 0x0000000520000000| Untracked 
|   7|0x0000000520800000, 0x0000000520800000, 0x0000000521000000|  0%| F|  |TAMS 0x0000000520800000| PB 0x0000000520800000| Untracked 
|   8|0x0000000521000000, 0x0000000521000000, 0x0000000521800000|  0%| F|  |TAMS 0x0000000521000000| PB 0x0000000521000000| Untracked 
|   9|0x0000000521800000, 0x0000000521800000, 0x0000000522000000|  0%| F|  |TAMS 0x0000000521800000| PB 0x0000000521800000| Untracked 
|  10|0x0000000522000000, 0x0000000522000000, 0x0000000522800000|  0%| F|  |TAMS 0x0000000522000000| PB 0x0000000522000000| Untracked 
|  11|0x0000000522800000, 0x0000000522800000, 0x0000000523000000|  0%| F|  |TAMS 0x0000000522800000| PB 0x0000000522800000| Untracked 
|  12|0x0000000523000000, 0x0000000523000000, 0x0000000523800000|  0%| F|  |TAMS 0x0000000523000000| PB 0x0000000523000000| Untracked 
|  13|0x0000000523800000, 0x0000000523800000, 0x0000000524000000|  0%| F|  |TAMS 0x0000000523800000| PB 0x0000000523800000| Untracked 
|  14|0x0000000524000000, 0x0000000524000000, 0x0000000524800000|  0%| F|  |TAMS 0x0000000524000000| PB 0x0000000524000000| Untracked 
|  15|0x0000000524800000, 0x0000000524800000, 0x0000000525000000|  0%| F|  |TAMS 0x0000000524800000| PB 0x0000000524800000| Untracked 
|  16|0x0000000525000000, 0x0000000525000000, 0x0000000525800000|  0%| F|  |TAMS 0x0000000525000000| PB 0x0000000525000000| Untracked 
|  17|0x0000000525800000, 0x0000000525800000, 0x0000000526000000|  0%| F|  |TAMS 0x0000000525800000| PB 0x0000000525800000| Untracked 
|  18|0x0000000526000000, 0x0000000526000000, 0x0000000526800000|  0%| F|  |TAMS 0x0000000526000000| PB 0x0000000526000000| Untracked 
|  19|0x0000000526800000, 0x0000000526800000, 0x0000000527000000|  0%| F|  |TAMS 0x0000000526800000| PB 0x0000000526800000| Untracked 
|  20|0x0000000527000000, 0x0000000527000000, 0x0000000527800000|  0%| F|  |TAMS 0x0000000527000000| PB 0x0000000527000000| Untracked 
|  21|0x0000000527800000, 0x0000000527800000, 0x0000000528000000|  0%| F|  |TAMS 0x0000000527800000| PB 0x0000000527800000| Untracked 
|  22|0x0000000528000000, 0x0000000528000000, 0x0000000528800000|  0%| F|  |TAMS 0x0000000528000000| PB 0x0000000528000000| Untracked 
|  23|0x0000000528800000, 0x0000000528800000, 0x0000000529000000|  0%| F|  |TAMS 0x0000000528800000| PB 0x0000000528800000| Untracked 
|  24|0x0000000529000000, 0x0000000529000000, 0x0000000529800000|  0%| F|  |TAMS 0x0000000529000000| PB 0x0000000529000000| Untracked 
|  25|0x0000000529800000, 0x0000000529800000, 0x000000052a000000|  0%| F|  |TAMS 0x0000000529800000| PB 0x0000000529800000| Untracked 
|  26|0x000000052a000000, 0x000000052a000000, 0x000000052a800000|  0%| F|  |TAMS 0x000000052a000000| PB 0x000000052a000000| Untracked 
|  27|0x000000052a800000, 0x000000052a800000, 0x000000052b000000|  0%| F|  |TAMS 0x000000052a800000| PB 0x000000052a800000| Untracked 
|  28|0x000000052b000000, 0x000000052b000000, 0x000000052b800000|  0%| F|  |TAMS 0x000000052b000000| PB 0x000000052b000000| Untracked 
|  29|0x000000052b800000, 0x000000052b800000, 0x000000052c000000|  0%| F|  |TAMS 0x000000052b800000| PB 0x000000052b800000| Untracked 
|  30|0x000000052c000000, 0x000000052c000000, 0x000000052c800000|  0%| F|  |TAMS 0x000000052c000000| PB 0x000000052c000000| Untracked 
|  31|0x000000052c800000, 0x000000052c800000, 0x000000052d000000|  0%| F|  |TAMS 0x000000052c800000| PB 0x000000052c800000| Untracked 
|  32|0x000000052d000000, 0x000000052d000000, 0x000000052d800000|  0%| F|  |TAMS 0x000000052d000000| PB 0x000000052d000000| Untracked 
|  33|0x000000052d800000, 0x000000052d800000, 0x000000052e000000|  0%| F|  |TAMS 0x000000052d800000| PB 0x000000052d800000| Untracked 
|  34|0x000000052e000000, 0x000000052e000000, 0x000000052e800000|  0%| F|  |TAMS 0x000000052e000000| PB 0x000000052e000000| Untracked 
|  35|0x000000052e800000, 0x000000052e800000, 0x000000052f000000|  0%| F|  |TAMS 0x000000052e800000| PB 0x000000052e800000| Untracked 
|  36|0x000000052f000000, 0x000000052f000000, 0x000000052f800000|  0%| F|  |TAMS 0x000000052f000000| PB 0x000000052f000000| Untracked 
|  37|0x000000052f800000, 0x000000052f800000, 0x0000000530000000|  0%| F|  |TAMS 0x000000052f800000| PB 0x000000052f800000| Untracked 
|  38|0x0000000530000000, 0x0000000530000000, 0x0000000530800000|  0%| F|  |TAMS 0x0000000530000000| PB 0x0000000530000000| Untracked 
|  39|0x0000000530800000, 0x0000000530800000, 0x0000000531000000|  0%| F|  |TAMS 0x0000000530800000| PB 0x0000000530800000| Untracked 
|  40|0x0000000531000000, 0x0000000531000000, 0x0000000531800000|  0%| F|  |TAMS 0x0000000531000000| PB 0x0000000531000000| Untracked 
|  41|0x0000000531800000, 0x0000000531800000, 0x0000000532000000|  0%| F|  |TAMS 0x0000000531800000| PB 0x0000000531800000| Untracked 
|  42|0x0000000532000000, 0x0000000532000000, 0x0000000532800000|  0%| F|  |TAMS 0x0000000532000000| PB 0x0000000532000000| Untracked 
|  43|0x0000000532800000, 0x0000000532800000, 0x0000000533000000|  0%| F|  |TAMS 0x0000000532800000| PB 0x0000000532800000| Untracked 
|  44|0x0000000533000000, 0x0000000533000000, 0x0000000533800000|  0%| F|  |TAMS 0x0000000533000000| PB 0x0000000533000000| Untracked 
|  45|0x0000000533800000, 0x0000000533800000, 0x0000000534000000|  0%| F|  |TAMS 0x0000000533800000| PB 0x0000000533800000| Untracked 
|  46|0x0000000534000000, 0x0000000534000000, 0x0000000534800000|  0%| F|  |TAMS 0x0000000534000000| PB 0x0000000534000000| Untracked 
|  47|0x0000000534800000, 0x0000000534800000, 0x0000000535000000|  0%| F|  |TAMS 0x0000000534800000| PB 0x0000000534800000| Untracked 
|  48|0x0000000535000000, 0x0000000535000000, 0x0000000535800000|  0%| F|  |TAMS 0x0000000535000000| PB 0x0000000535000000| Untracked 
|  49|0x0000000535800000, 0x0000000535800000, 0x0000000536000000|  0%| F|  |TAMS 0x0000000535800000| PB 0x0000000535800000| Untracked 
|  50|0x0000000536000000, 0x0000000536000000, 0x0000000536800000|  0%| F|  |TAMS 0x0000000536000000| PB 0x0000000536000000| Untracked 
|  51|0x0000000536800000, 0x0000000536800000, 0x0000000537000000|  0%| F|  |TAMS 0x0000000536800000| PB 0x0000000536800000| Untracked 
|  52|0x0000000537000000, 0x0000000537000000, 0x0000000537800000|  0%| F|  |TAMS 0x0000000537000000| PB 0x0000000537000000| Untracked 
|  53|0x0000000537800000, 0x0000000537800000, 0x0000000538000000|  0%| F|  |TAMS 0x0000000537800000| PB 0x0000000537800000| Untracked 
|  54|0x0000000538000000, 0x0000000538000000, 0x0000000538800000|  0%| F|  |TAMS 0x0000000538000000| PB 0x0000000538000000| Untracked 
|  55|0x0000000538800000, 0x0000000538800000, 0x0000000539000000|  0%| F|  |TAMS 0x0000000538800000| PB 0x0000000538800000| Untracked 
|  56|0x0000000539000000, 0x0000000539000000, 0x0000000539800000|  0%| F|  |TAMS 0x0000000539000000| PB 0x0000000539000000| Untracked 
|  57|0x0000000539800000, 0x0000000539800000, 0x000000053a000000|  0%| F|  |TAMS 0x0000000539800000| PB 0x0000000539800000| Untracked 
|  58|0x000000053a000000, 0x000000053a000000, 0x000000053a800000|  0%| F|  |TAMS 0x000000053a000000| PB 0x000000053a000000| Untracked 
|  59|0x000000053a800000, 0x000000053a800000, 0x000000053b000000|  0%| F|  |TAMS 0x000000053a800000| PB 0x000000053a800000| Untracked 
|  60|0x000000053b000000, 0x000000053b000000, 0x000000053b800000|  0%| F|  |TAMS 0x000000053b000000| PB 0x000000053b000000| Untracked 
|  61|0x000000053b800000, 0x000000053b800000, 0x000000053c000000|  0%| F|  |TAMS 0x000000053b800000| PB 0x000000053b800000| Untracked 
|  62|0x000000053c000000, 0x000000053c000000, 0x000000053c800000|  0%| F|  |TAMS 0x000000053c000000| PB 0x000000053c000000| Untracked 
|  63|0x000000053c800000, 0x000000053c800000, 0x000000053d000000|  0%| F|  |TAMS 0x000000053c800000| PB 0x000000053c800000| Untracked 
|  64|0x000000053d000000, 0x000000053d000000, 0x000000053d800000|  0%| F|  |TAMS 0x000000053d000000| PB 0x000000053d000000| Untracked 
|  65|0x000000053d800000, 0x000000053d800000, 0x000000053e000000|  0%| F|  |TAMS 0x000000053d800000| PB 0x000000053d800000| Untracked 
|  66|0x000000053e000000, 0x000000053e000000, 0x000000053e800000|  0%| F|  |TAMS 0x000000053e000000| PB 0x000000053e000000| Untracked 
|  67|0x000000053e800000, 0x000000053e800000, 0x000000053f000000|  0%| F|  |TAMS 0x000000053e800000| PB 0x000000053e800000| Untracked 
|  68|0x000000053f000000, 0x000000053f000000, 0x000000053f800000|  0%| F|  |TAMS 0x000000053f000000| PB 0x000000053f000000| Untracked 
|  69|0x000000053f800000, 0x000000053f800000, 0x0000000540000000|  0%| F|  |TAMS 0x000000053f800000| PB 0x000000053f800000| Untracked 
|  70|0x0000000540000000, 0x0000000540000000, 0x0000000540800000|  0%| F|  |TAMS 0x0000000540000000| PB 0x0000000540000000| Untracked 
|  71|0x0000000540800000, 0x0000000540800000, 0x0000000541000000|  0%| F|  |TAMS 0x0000000540800000| PB 0x0000000540800000| Untracked 
|  72|0x0000000541000000, 0x0000000541000000, 0x0000000541800000|  0%| F|  |TAMS 0x0000000541000000| PB 0x0000000541000000| Untracked 
|  73|0x0000000541800000, 0x0000000541800000, 0x0000000542000000|  0%| F|  |TAMS 0x0000000541800000| PB 0x0000000541800000| Untracked 
|  74|0x0000000542000000, 0x0000000542000000, 0x0000000542800000|  0%| F|  |TAMS 0x0000000542000000| PB 0x0000000542000000| Untracked 
|  75|0x0000000542800000, 0x0000000542800000, 0x0000000543000000|  0%| F|  |TAMS 0x0000000542800000| PB 0x0000000542800000| Untracked 
|  76|0x0000000543000000, 0x0000000543000000, 0x0000000543800000|  0%| F|  |TAMS 0x0000000543000000| PB 0x0000000543000000| Untracked 
|  77|0x0000000543800000, 0x0000000543800000, 0x0000000544000000|  0%| F|  |TAMS 0x0000000543800000| PB 0x0000000543800000| Untracked 
|  78|0x0000000544000000, 0x0000000544000000, 0x0000000544800000|  0%| F|  |TAMS 0x0000000544000000| PB 0x0000000544000000| Untracked 
|  79|0x0000000544800000, 0x0000000544800000, 0x0000000545000000|  0%| F|  |TAMS 0x0000000544800000| PB 0x0000000544800000| Untracked 
|  80|0x0000000545000000, 0x0000000545000000, 0x0000000545800000|  0%| F|  |TAMS 0x0000000545000000| PB 0x0000000545000000| Untracked 
|  81|0x0000000545800000, 0x0000000545800000, 0x0000000546000000|  0%| F|  |TAMS 0x0000000545800000| PB 0x0000000545800000| Untracked 
|  82|0x0000000546000000, 0x0000000546000000, 0x0000000546800000|  0%| F|  |TAMS 0x0000000546000000| PB 0x0000000546000000| Untracked 
|  83|0x0000000546800000, 0x0000000546800000, 0x0000000547000000|  0%| F|  |TAMS 0x0000000546800000| PB 0x0000000546800000| Untracked 
|  84|0x0000000547000000, 0x0000000547000000, 0x0000000547800000|  0%| F|  |TAMS 0x0000000547000000| PB 0x0000000547000000| Untracked 
|  85|0x0000000547800000, 0x0000000547800000, 0x0000000548000000|  0%| F|  |TAMS 0x0000000547800000| PB 0x0000000547800000| Untracked 
|  86|0x0000000548000000, 0x0000000548000000, 0x0000000548800000|  0%| F|  |TAMS 0x0000000548000000| PB 0x0000000548000000| Untracked 
|  87|0x0000000548800000, 0x0000000548800000, 0x0000000549000000|  0%| F|  |TAMS 0x0000000548800000| PB 0x0000000548800000| Untracked 
|  88|0x0000000549000000, 0x0000000549000000, 0x0000000549800000|  0%| F|  |TAMS 0x0000000549000000| PB 0x0000000549000000| Untracked 
|  89|0x0000000549800000, 0x0000000549800000, 0x000000054a000000|  0%| F|  |TAMS 0x0000000549800000| PB 0x0000000549800000| Untracked 
|  90|0x000000054a000000, 0x000000054a000000, 0x000000054a800000|  0%| F|  |TAMS 0x000000054a000000| PB 0x000000054a000000| Untracked 
|  91|0x000000054a800000, 0x000000054a800000, 0x000000054b000000|  0%| F|  |TAMS 0x000000054a800000| PB 0x000000054a800000| Untracked 
|  92|0x000000054b000000, 0x000000054b3d7170, 0x000000054b800000| 48%| E|  |TAMS 0x000000054b000000| PB 0x000000054b000000| Complete 
|1477|0x00000007ff800000, 0x00000007ff90c620, 0x0000000800000000| 13%| O|  |TAMS 0x00000007ff800000| PB 0x00000007ff800000| Untracked 

Card table byte_map: [0x00007fa1f15d0000,0x00007fa1f2ce8000] _byte_map_base: 0x00007fa1eece8000

Marking Bits: (CMBitMap*) 0x00007fa20c073d00
 Bits: [0x00007fa1e5d10000, 0x00007fa1f15d0000)

Polling page: 0x00007fa213ba8000

Metaspace:

Usage:
  Non-class:   1020.20 KB used.
      Class:    112.01 KB used.
       Both:      1.11 MB used.

Virtual space:
  Non-class space:       64.00 MB reserved,       1.06 MB (  2%) committed,  1 nodes.
      Class space:        1.00 GB reserved,     192.00 KB ( <1%) committed,  1 nodes.
             Both:        1.06 GB reserved,       1.25 MB ( <1%) committed. 

Chunk freelists:
   Non-Class:  11.95 MB
       Class:  15.73 MB
        Both:  27.67 MB

MaxMetaspaceSize: unlimited
CompressedClassSpaceSize: 1.00 GB
Initial GC threshold: 21.00 MB
Current GC threshold: 21.00 MB
CDS: on
 - commit_granule_bytes: 65536.
 - commit_granule_words: 8192.
 - virtual_space_node_default_size: 8388608.
 - enlarge_chunks_in_place: 1.
 - use_allocation_guard: 0.


Internal statistics:

num_allocs_failed_limit: 0.
num_arena_births: 48.
num_arena_deaths: 0.
num_vsnodes_births: 2.
num_vsnodes_deaths: 0.
num_space_committed: 20.
num_space_uncommitted: 0.
num_chunks_returned_to_freelist: 0.
num_chunks_taken_from_freelist: 68.
num_chunk_merges: 0.
num_chunk_splits: 36.
num_chunks_enlarged: 2.
num_inconsistent_stats: 0.

CodeHeap 'non-profiled nmethods': size=118880Kb used=81Kb max_used=81Kb free=118798Kb
 bounds [0x00007fa1fbfe8000, 0x00007fa1fc258000, 0x00007fa203400000]
CodeHeap 'profiled nmethods': size=118876Kb used=310Kb max_used=310Kb free=118565Kb
 bounds [0x00007fa1f4400000, 0x00007fa1f4670000, 0x00007fa1fb817000]
CodeHeap 'non-nmethods': size=8004Kb used=1961Kb max_used=1973Kb free=6042Kb
 bounds [0x00007fa1fb817000, 0x00007fa1fba87000, 0x00007fa1fbfe8000]
CodeCache: size=245760Kb, used=2352Kb, max_used=2364Kb, free=243405Kb
 total_blobs=662, nmethods=236, adapters=331, full_count=0
Compilation: enabled, stopped_count=0, restarted_count=0

Compilation events (20 events):
Event: 0.028 Thread 0x00007fa20c176fa0  226       3       java.nio.DirectByteBuffer::ix (10 bytes)
Event: 0.028 Thread 0x00007fa20c176fa0 nmethod 226 0x00007fa1f4449f90 code [0x00007fa1f444a120, 0x00007fa1f444a230]
Event: 0.028 Thread 0x00007fa20c176fa0  227   !   3       jdk.internal.misc.ScopedMemoryAccess::getByte (16 bytes)
Event: 0.028 Thread 0x00007fa20c176fa0 nmethod 227 0x00007fa1f444a290 code [0x00007fa1f444a460, 0x00007fa1f444a838]
Event: 0.028 Thread 0x00007fa20c176fa0  228   !   3       jdk.internal.misc.ScopedMemoryAccess::getByteInternal (34 bytes)
Event: 0.028 Thread 0x00007fa15c0252d0 nmethod 225 0x00007fa1f444aa10 code [0x00007fa1f444ac60, 0x00007fa1f444b5c0]
Event: 0.028 Thread 0x00007fa15c0252d0  232       3       jdk.internal.jimage.ImageStringsReader::unmaskedHashCode (166 bytes)
Event: 0.028 Thread 0x00007fa20c176fa0 nmethod 228 0x00007fa1f444ba90 code [0x00007fa1f444bc40, 0x00007fa1f444be98]
Event: 0.028 Thread 0x00007fa20c176fa0  233       1       java.nio.Buffer::limit (5 bytes)
Event: 0.028 Thread 0x00007fa20c176fa0 nmethod 233 0x00007fa1fbffb390 code [0x00007fa1fbffb520, 0x00007fa1fbffb5e0]
Event: 0.028 Thread 0x00007fa20c1758d0 nmethod 220 0x00007fa1fbffb690 code [0x00007fa1fbffb820, 0x00007fa1fbffb938]
Event: 0.028 Thread 0x00007fa20c1758d0  230       4       java.lang.ref.Reference::reachabilityFence (1 bytes)
Event: 0.029 Thread 0x00007fa20c1758d0 nmethod 230 0x00007fa1fbffba90 code [0x00007fa1fbffbc00, 0x00007fa1fbffbc68]
Event: 0.029 Thread 0x00007fa20c1758d0  229       4       java.util.concurrent.ConcurrentHashMap::spread (10 bytes)
Event: 0.029 Thread 0x00007fa20c1758d0 nmethod 229 0x00007fa1fbffbd90 code [0x00007fa1fbffbf00, 0x00007fa1fbffbf78]
Event: 0.029 Thread 0x00007fa15c0252d0 nmethod 232 0x00007fa1f444c010 code [0x00007fa1f444c260, 0x00007fa1f444cd58]
Event: 0.029 Thread 0x00007fa20c176fa0  234       3       java.util.HashMap::newNode (13 bytes)
Event: 0.029 Thread 0x00007fa15c0252d0  235       3       java.util.HashMap::afterNodeInsertion (1 bytes)
Event: 0.029 Thread 0x00007fa15c0252d0 nmethod 235 0x00007fa1f444d210 code [0x00007fa1f444d3a0, 0x00007fa1f444d4a0]
Event: 0.029 Thread 0x00007fa20c176fa0 nmethod 234 0x00007fa1f444d510 code [0x00007fa1f444d6c0, 0x00007fa1f444da10]

GC Heap History (0 events):
No events

Dll operation events (7 events):
Event: 0.001 Loaded shared library /usr/lib/jvm/java-21-openjdk/lib/libjava.so
Event: 0.008 Loaded shared library /usr/lib/jvm/java-21-openjdk/lib/libjsvml.so
Event: 0.009 Loaded shared library /usr/lib/jvm/java-21-openjdk/lib/libnio.so
Event: 0.010 Loaded shared library /usr/lib/jvm/java-21-openjdk/lib/libzip.so
Event: 0.028 Loaded shared library /usr/lib/jvm/java-21-openjdk/lib/libnet.so
Event: 0.028 Loaded shared library /usr/lib/jvm/java-21-openjdk/lib/libjimage.so
Event: 0.030 Loaded shared library /tmp/libneko_1906151079956374025.so

Deoptimization events (0 events):
No events

Classes loaded (20 events):
Event: 0.029 Loading class java/nio/channels/spi/AbstractSelectableChannel
Event: 0.029 Loading class java/nio/channels/SelectableChannel
Event: 0.029 Loading class java/nio/channels/SelectableChannel done
Event: 0.029 Loading class java/nio/channels/spi/AbstractSelectableChannel done
Event: 0.029 Loading class java/nio/channels/SocketChannel done
Event: 0.029 Loading class sun/nio/ch/SocketChannelImpl done
Event: 0.029 Loading class sun/nio/ch/ChannelOutputStream
Event: 0.029 Loading class sun/nio/ch/ChannelOutputStream done
Event: 0.029 Loading class sun/nio/ch/NativeThread
Event: 0.029 Loading class sun/nio/ch/NativeThread done
Event: 0.030 Loading class sun/nio/ch/Util
Event: 0.030 Loading class sun/nio/ch/Util done
Event: 0.030 Loading class sun/nio/ch/Util$1
Event: 0.030 Loading class sun/nio/ch/Util$1 done
Event: 0.030 Loading class sun/nio/ch/Util$BufferCache
Event: 0.030 Loading class sun/nio/ch/Util$BufferCache done
Event: 0.030 Loading class java/nio/DirectByteBuffer$Deallocator
Event: 0.030 Loading class java/nio/DirectByteBuffer$Deallocator done
Event: 0.030 Loading class sun/nio/ch/IOStatus
Event: 0.030 Loading class sun/nio/ch/IOStatus done

Classes unloaded (0 events):
No events

Classes redefined (0 events):
No events

Internal exceptions (0 events):
No events

ZGC Phase Switch (0 events):
No events

VM Operations (0 events):
No events

Memory protections (11 events):
Event: 0.000 Protecting memory [0x00007fa212100000,0x00007fa212104000] with protection modes 0
Event: 0.007 Protecting memory [0x00007fa1e4478000,0x00007fa1e447c000] with protection modes 0
Event: 0.007 Protecting memory [0x00007fa1e4377000,0x00007fa1e437b000] with protection modes 0
Event: 0.007 Protecting memory [0x00007fa1e4276000,0x00007fa1e427a000] with protection modes 0
Event: 0.007 Protecting memory [0x00007fa1e4175000,0x00007fa1e4179000] with protection modes 0
Event: 0.007 Protecting memory [0x00007fa1e4074000,0x00007fa1e4078000] with protection modes 0
Event: 0.008 Protecting memory [0x00007fa1d5900000,0x00007fa1d5904000] with protection modes 0
Event: 0.008 Protecting memory [0x00007fa1d57ff000,0x00007fa1d5803000] with protection modes 0
Event: 0.009 Protecting memory [0x00007fa1d562d000,0x00007fa1d5631000] with protection modes 0
Event: 0.009 Protecting memory [0x00007fa1d552c000,0x00007fa1d5530000] with protection modes 0
Event: 0.015 Protecting memory [0x00007fa1d542b000,0x00007fa1d542f000] with protection modes 0

Nmethod flushes (0 events):
No events

Events (11 events):
Event: 0.005 Thread 0x00007fa20c019c60 Thread added: 0x00007fa20c019c60
Event: 0.007 Thread 0x00007fa20c019c60 Thread added: 0x00007fa20c16e480
Event: 0.007 Thread 0x00007fa20c019c60 Thread added: 0x00007fa20c16fa00
Event: 0.007 Thread 0x00007fa20c019c60 Thread added: 0x00007fa20c1711a0
Event: 0.007 Thread 0x00007fa20c019c60 Thread added: 0x00007fa20c1727f0
Event: 0.007 Thread 0x00007fa20c019c60 Thread added: 0x00007fa20c173da0
Event: 0.008 Thread 0x00007fa20c019c60 Thread added: 0x00007fa20c1758d0
Event: 0.008 Thread 0x00007fa20c019c60 Thread added: 0x00007fa20c176fa0
Event: 0.009 Thread 0x00007fa20c019c60 Thread added: 0x00007fa20c182f10
Event: 0.009 Thread 0x00007fa20c019c60 Thread added: 0x00007fa20c185e50
Event: 0.015 Thread 0x00007fa20c176fa0 Thread added: 0x00007fa15c0252d0


Dynamic libraries:
51d000000-54b800000 rw-p 00000000 00:00 0 
54b800000-7ff800000 ---p 00000000 00:00 0 
7ff800000-7ff90d000 rw-p 00cda000 103:06 12095119                        /usr/lib/jvm/java-21-openjdk/lib/server/classes.jsa
7ff90d000-800000000 rw-p 00000000 00:00 0 
561b660d9000-561b660da000 r--p 00000000 103:06 12094845                  /usr/lib/jvm/java-21-openjdk/bin/java
561b660da000-561b660db000 r-xp 00001000 103:06 12094845                  /usr/lib/jvm/java-21-openjdk/bin/java
561b660db000-561b660dc000 r--p 00002000 103:06 12094845                  /usr/lib/jvm/java-21-openjdk/bin/java
561b660dc000-561b660dd000 r--p 00002000 103:06 12094845                  /usr/lib/jvm/java-21-openjdk/bin/java
561b660dd000-561b660de000 rw-p 00003000 103:06 12094845                  /usr/lib/jvm/java-21-openjdk/bin/java
561b9a90b000-561b9a957000 rw-p 00000000 00:00 0                          [heap]
7fa154000000-7fa154021000 rw-p 00000000 00:00 0 
7fa154021000-7fa158000000 ---p 00000000 00:00 0 
7fa158000000-7fa1580ce000 rw-p 00000000 00:00 0 
7fa1580ce000-7fa15c000000 ---p 00000000 00:00 0 
7fa15c000000-7fa15c12e000 rw-p 00000000 00:00 0 
7fa15c12e000-7fa160000000 ---p 00000000 00:00 0 
7fa160000000-7fa160021000 rw-p 00000000 00:00 0 
7fa160021000-7fa164000000 ---p 00000000 00:00 0 
7fa164000000-7fa164021000 rw-p 00000000 00:00 0 
7fa164021000-7fa168000000 ---p 00000000 00:00 0 
7fa168000000-7fa168071000 rw-p 00000000 00:00 0 
7fa168071000-7fa16c000000 ---p 00000000 00:00 0 
7fa16c000000-7fa16c021000 rw-p 00000000 00:00 0 
7fa16c021000-7fa170000000 ---p 00000000 00:00 0 
7fa170000000-7fa170021000 rw-p 00000000 00:00 0 
7fa170021000-7fa174000000 ---p 00000000 00:00 0 
7fa174000000-7fa174021000 rw-p 00000000 00:00 0 
7fa174021000-7fa178000000 ---p 00000000 00:00 0 
7fa178000000-7fa178021000 rw-p 00000000 00:00 0 
7fa178021000-7fa17c000000 ---p 00000000 00:00 0 
7fa17c000000-7fa17c021000 rw-p 00000000 00:00 0 
7fa17c021000-7fa180000000 ---p 00000000 00:00 0 
7fa183000000-7fa183100000 rw-p 00000000 00:00 0 
7fa183100000-7fa183400000 ---p 00000000 00:00 0 
7fa183400000-7fa183410000 rw-p 00000000 00:00 0 
7fa183410000-7fa187000000 ---p 00000000 00:00 0 
7fa187000000-7fa187c9b000 rw-p 00001000 103:06 12095119                  /usr/lib/jvm/java-21-openjdk/lib/server/classes.jsa
7fa187c9b000-7fa188000000 ---p 00000000 00:00 0 
7fa188000000-7fa188010000 rw-p 00000000 00:00 0 
7fa188010000-7fa188040000 ---p 00000000 00:00 0 
7fa188040000-7fa188060000 rw-p 00000000 00:00 0 
7fa188060000-7fa1c8000000 ---p 00000000 00:00 0 
7fa1c8000000-7fa1c8021000 rw-p 00000000 00:00 0 
7fa1c8021000-7fa1cc000000 ---p 00000000 00:00 0 
7fa1cc000000-7fa1cc021000 rw-p 00000000 00:00 0 
7fa1cc021000-7fa1d0000000 ---p 00000000 00:00 0 
7fa1d0000000-7fa1d0021000 rw-p 00000000 00:00 0 
7fa1d0021000-7fa1d4000000 ---p 00000000 00:00 0 
7fa1d542a000-7fa1d542b000 rw-p 00000000 00:00 0 
7fa1d542b000-7fa1d542f000 ---p 00000000 00:00 0 
7fa1d542f000-7fa1d552c000 rw-p 00000000 00:00 0 
7fa1d552c000-7fa1d5530000 ---p 00000000 00:00 0 
7fa1d5530000-7fa1d562d000 rw-p 00000000 00:00 0 
7fa1d562d000-7fa1d5631000 ---p 00000000 00:00 0 
7fa1d5631000-7fa1d572d000 rw-p 00000000 00:00 0 
7fa1d572d000-7fa1d5732000 r--p 00000000 103:06 12095093                  /usr/lib/jvm/java-21-openjdk/lib/libjsvml.so
7fa1d5732000-7fa1d5773000 r-xp 00005000 103:06 12095093                  /usr/lib/jvm/java-21-openjdk/lib/libjsvml.so
7fa1d5773000-7fa1d57fc000 r--p 00046000 103:06 12095093                  /usr/lib/jvm/java-21-openjdk/lib/libjsvml.so
7fa1d57fc000-7fa1d57fd000 r--p 000ce000 103:06 12095093                  /usr/lib/jvm/java-21-openjdk/lib/libjsvml.so
7fa1d57fd000-7fa1d57fe000 rw-p 000cf000 103:06 12095093                  /usr/lib/jvm/java-21-openjdk/lib/libjsvml.so
7fa1d57fe000-7fa1d57ff000 rw-p 00000000 00:00 0 
7fa1d57ff000-7fa1d5803000 ---p 00000000 00:00 0 
7fa1d5803000-7fa1d5900000 rw-p 00000000 00:00 0 
7fa1d5900000-7fa1d5904000 ---p 00000000 00:00 0 
7fa1d5904000-7fa1d5a00000 rw-p 00000000 00:00 0 
7fa1d5a00000-7fa1d5ff4000 r--p 00000000 103:06 11870942                  /usr/lib/locale/locale-archive
7fa1d6000000-7fa1d8021000 rw-p 00000000 00:00 0 
7fa1d8021000-7fa1dc000000 ---p 00000000 00:00 0 
7fa1dc000000-7fa1dc021000 rw-p 00000000 00:00 0 
7fa1dc021000-7fa1e0000000 ---p 00000000 00:00 0 
7fa1e0000000-7fa1e0021000 rw-p 00000000 00:00 0 
7fa1e0021000-7fa1e4000000 ---p 00000000 00:00 0 
7fa1e4073000-7fa1e4074000 rw-p 00000000 00:00 0 
7fa1e4074000-7fa1e4078000 ---p 00000000 00:00 0 
7fa1e4078000-7fa1e4175000 rw-p 00000000 00:00 0 
7fa1e4175000-7fa1e4179000 ---p 00000000 00:00 0 
7fa1e4179000-7fa1e4276000 rw-p 00000000 00:00 0 
7fa1e4276000-7fa1e427a000 ---p 00000000 00:00 0 
7fa1e427a000-7fa1e4377000 rw-p 00000000 00:00 0 
7fa1e4377000-7fa1e437b000 ---p 00000000 00:00 0 
7fa1e437b000-7fa1e4478000 rw-p 00000000 00:00 0 
7fa1e4478000-7fa1e447c000 ---p 00000000 00:00 0 
7fa1e447c000-7fa1e477a000 rw-p 00000000 00:00 0 
7fa1e477a000-7fa1e47fb000 rw-p 00000000 00:00 0 
7fa1e47fb000-7fa1e49fd000 rw-p 00000000 00:00 0 
7fa1e49fd000-7fa1e68b0000 rw-p 00000000 00:00 0 
7fa1e68b0000-7fa1f15b0000 ---p 00000000 00:00 0 
7fa1f15b0000-7fa1f1744000 rw-p 00000000 00:00 0 
7fa1f1744000-7fa1f2ce4000 ---p 00000000 00:00 0 
7fa1f2ce4000-7fa1f2e5c000 rw-p 00000000 00:00 0 
7fa1f2e5c000-7fa1f43fc000 ---p 00000000 00:00 0 
7fa1f43fc000-7fa1f4400000 rw-p 00000000 00:00 0 
7fa1f4400000-7fa1f4670000 rwxp 00000000 00:00 0 
7fa1f4670000-7fa1fb817000 ---p 00000000 00:00 0 
7fa1fb817000-7fa1fba87000 rwxp 00000000 00:00 0 
7fa1fba87000-7fa1fbfe8000 ---p 00000000 00:00 0 
7fa1fbfe8000-7fa1fc258000 rwxp 00000000 00:00 0 
7fa1fc258000-7fa203400000 ---p 00000000 00:00 0 
7fa203400000-7fa20bebc000 r--s 00000000 103:06 12095110                  /usr/lib/jvm/java-21-openjdk/lib/modules
7fa20beff000-7fa20c231000 rw-p 00000000 00:00 0 
7fa20c231000-7fa210000000 ---p 00000000 00:00 0 
7fa210012000-7fa210015000 r--p 00000000 00:22 19175                      /tmp/libneko_1906151079956374025.so
7fa210015000-7fa21001d000 r-xp 00002000 00:22 19175                      /tmp/libneko_1906151079956374025.so
7fa21001d000-7fa21001e000 r--p 00009000 00:22 19175                      /tmp/libneko_1906151079956374025.so
7fa21001e000-7fa21001f000 rw-p 00009000 00:22 19175                      /tmp/libneko_1906151079956374025.so
7fa21001f000-7fa210022000 r--p 00000000 103:06 12095100                  /usr/lib/jvm/java-21-openjdk/lib/libnet.so
7fa210022000-7fa21002a000 r-xp 00003000 103:06 12095100                  /usr/lib/jvm/java-21-openjdk/lib/libnet.so
7fa21002a000-7fa21002c000 r--p 0000b000 103:06 12095100                  /usr/lib/jvm/java-21-openjdk/lib/libnet.so
7fa21002c000-7fa21002d000 r--p 0000c000 103:06 12095100                  /usr/lib/jvm/java-21-openjdk/lib/libnet.so
7fa21002d000-7fa21002e000 rw-p 0000d000 103:06 12095100                  /usr/lib/jvm/java-21-openjdk/lib/libnet.so
7fa21002e000-7fa2103cd000 rw-p 00000000 00:00 0 
7fa2103cd000-7fa2106d0000 rw-p 00000000 00:00 0 
7fa2106d0000-7fa211f33000 rw-p 00000000 00:00 0 
7fa211f33000-7fa212017000 ---p 00000000 00:00 0 
7fa212017000-7fa21201c000 rw-p 00000000 00:00 0 
7fa21201c000-7fa212100000 ---p 00000000 00:00 0 
7fa212100000-7fa212104000 ---p 00000000 00:00 0 
7fa212104000-7fa212200000 rw-p 00000000 00:00 0 
7fa212200000-7fa212297000 r--p 00000000 103:06 11800403                  /usr/lib/libstdc++.so.6.0.34
7fa212297000-7fa2123ec000 r-xp 00097000 103:06 11800403                  /usr/lib/libstdc++.so.6.0.34
7fa2123ec000-7fa21247e000 r--p 001ec000 103:06 11800403                  /usr/lib/libstdc++.so.6.0.34
7fa21247e000-7fa21248f000 r--p 0027e000 103:06 11800403                  /usr/lib/libstdc++.so.6.0.34
7fa21248f000-7fa212490000 rw-p 0028f000 103:06 11800403                  /usr/lib/libstdc++.so.6.0.34
7fa212490000-7fa212494000 rw-p 00000000 00:00 0 
7fa212495000-7fa212497000 r--p 00000000 103:06 12095109                  /usr/lib/jvm/java-21-openjdk/lib/libzip.so
7fa212497000-7fa21249b000 r-xp 00002000 103:06 12095109                  /usr/lib/jvm/java-21-openjdk/lib/libzip.so
7fa21249b000-7fa21249d000 r--p 00006000 103:06 12095109                  /usr/lib/jvm/java-21-openjdk/lib/libzip.so
7fa21249d000-7fa21249e000 r--p 00007000 103:06 12095109                  /usr/lib/jvm/java-21-openjdk/lib/libzip.so
7fa21249e000-7fa21249f000 rw-p 00008000 103:06 12095109                  /usr/lib/jvm/java-21-openjdk/lib/libzip.so
7fa21249f000-7fa2124a6000 r--p 00000000 103:06 12095101                  /usr/lib/jvm/java-21-openjdk/lib/libnio.so
7fa2124a6000-7fa2124af000 r-xp 00007000 103:06 12095101                  /usr/lib/jvm/java-21-openjdk/lib/libnio.so
7fa2124af000-7fa2124b3000 r--p 00010000 103:06 12095101                  /usr/lib/jvm/java-21-openjdk/lib/libnio.so
7fa2124b3000-7fa2124b4000 r--p 00014000 103:06 12095101                  /usr/lib/jvm/java-21-openjdk/lib/libnio.so
7fa2124b4000-7fa2124b5000 rw-p 00015000 103:06 12095101                  /usr/lib/jvm/java-21-openjdk/lib/libnio.so
7fa2124b5000-7fa2124b9000 r--p 00000000 103:06 11800376                  /usr/lib/libgcc_s.so.1
7fa2124b9000-7fa2124dc000 r-xp 00004000 103:06 11800376                  /usr/lib/libgcc_s.so.1
7fa2124dc000-7fa2124e0000 r--p 00027000 103:06 11800376                  /usr/lib/libgcc_s.so.1
7fa2124e0000-7fa2124e1000 r--p 0002a000 103:06 11800376                  /usr/lib/libgcc_s.so.1
7fa2124e1000-7fa2124e2000 rw-p 0002b000 103:06 11800376                  /usr/lib/libgcc_s.so.1
7fa2124e2000-7fa2124f2000 r--p 00000000 103:06 11799566                  /usr/lib/libm.so.6
7fa2124f2000-7fa212589000 r-xp 00010000 103:06 11799566                  /usr/lib/libm.so.6
7fa212589000-7fa2125fe000 r--p 000a7000 103:06 11799566                  /usr/lib/libm.so.6
7fa2125fe000-7fa2125ff000 r--p 0011b000 103:06 11799566                  /usr/lib/libm.so.6
7fa2125ff000-7fa212600000 rw-p 0011c000 103:06 11799566                  /usr/lib/libm.so.6
7fa212600000-7fa212610000 r--p 00000000 103:06 12095122                  /usr/lib/jvm/java-21-openjdk/lib/server/libjvm.so
7fa212610000-7fa213516000 r-xp 00010000 103:06 12095122                  /usr/lib/jvm/java-21-openjdk/lib/server/libjvm.so
7fa213516000-7fa2137ef000 r--p 00f16000 103:06 12095122                  /usr/lib/jvm/java-21-openjdk/lib/server/libjvm.so
7fa2137ef000-7fa2138c5000 r--p 011ef000 103:06 12095122                  /usr/lib/jvm/java-21-openjdk/lib/server/libjvm.so
7fa2138c5000-7fa2138f5000 rw-p 012c5000 103:06 12095122                  /usr/lib/jvm/java-21-openjdk/lib/server/libjvm.so
7fa2138f5000-7fa21395b000 rw-p 00000000 00:00 0 
7fa21395c000-7fa213961000 rw-p 00000000 00:00 0 
7fa213961000-7fa21396c000 ---p 00000000 00:00 0 
7fa21396c000-7fa21396e000 rw-p 00000000 00:00 0 
7fa21396e000-7fa213971000 r--p 00000000 103:06 11803691                  /usr/lib/libz.so.1.3.2
7fa213971000-7fa213981000 r-xp 00003000 103:06 11803691                  /usr/lib/libz.so.1.3.2
7fa213981000-7fa213987000 r--p 00013000 103:06 11803691                  /usr/lib/libz.so.1.3.2
7fa213987000-7fa213988000 r--p 00018000 103:06 11803691                  /usr/lib/libz.so.1.3.2
7fa213988000-7fa213989000 rw-p 00019000 103:06 11803691                  /usr/lib/libz.so.1.3.2
7fa213989000-7fa2139ad000 r--p 00000000 103:06 11799556                  /usr/lib/libc.so.6
7fa2139ad000-7fa213b1e000 r-xp 00024000 103:06 11799556                  /usr/lib/libc.so.6
7fa213b1e000-7fa213b6c000 r--p 00195000 103:06 11799556                  /usr/lib/libc.so.6
7fa213b6c000-7fa213b70000 r--p 001e2000 103:06 11799556                  /usr/lib/libc.so.6
7fa213b70000-7fa213b72000 rw-p 001e6000 103:06 11799556                  /usr/lib/libc.so.6
7fa213b72000-7fa213b7a000 rw-p 00000000 00:00 0 
7fa213b7b000-7fa213b7c000 r--p 00000000 103:06 11799561                  /usr/lib/libdl.so.2
7fa213b7c000-7fa213b7d000 r-xp 00001000 103:06 11799561                  /usr/lib/libdl.so.2
7fa213b7d000-7fa213b7e000 r--p 00002000 103:06 11799561                  /usr/lib/libdl.so.2
7fa213b7e000-7fa213b7f000 r--p 00002000 103:06 11799561                  /usr/lib/libdl.so.2
7fa213b7f000-7fa213b80000 rw-p 00003000 103:06 11799561                  /usr/lib/libdl.so.2
7fa213b80000-7fa213b8a000 r--p 00000000 103:06 12095085                  /usr/lib/jvm/java-21-openjdk/lib/libjava.so
7fa213b8a000-7fa213b98000 r-xp 0000a000 103:06 12095085                  /usr/lib/jvm/java-21-openjdk/lib/libjava.so
7fa213b98000-7fa213b9d000 r--p 00018000 103:06 12095085                  /usr/lib/jvm/java-21-openjdk/lib/libjava.so
7fa213b9d000-7fa213b9e000 r--p 0001d000 103:06 12095085                  /usr/lib/jvm/java-21-openjdk/lib/libjava.so
7fa213b9e000-7fa213b9f000 rw-p 0001e000 103:06 12095085                  /usr/lib/jvm/java-21-openjdk/lib/libjava.so
7fa213b9f000-7fa213ba0000 rw-p 00000000 00:00 0 
7fa213ba0000-7fa213ba8000 rw-s 00000000 00:22 19173                      /tmp/hsperfdata_fadouse/2432107
7fa213ba8000-7fa213ba9000 ---p 00000000 00:00 0 
7fa213ba9000-7fa213baa000 r--p 00000000 00:00 0 
7fa213baa000-7fa213bab000 ---p 00000000 00:00 0 
7fa213bab000-7fa213bac000 r--p 00000000 103:06 12095089                  /usr/lib/jvm/java-21-openjdk/lib/libjimage.so
7fa213bac000-7fa213bae000 r-xp 00001000 103:06 12095089                  /usr/lib/jvm/java-21-openjdk/lib/libjimage.so
7fa213bae000-7fa213baf000 r--p 00003000 103:06 12095089                  /usr/lib/jvm/java-21-openjdk/lib/libjimage.so
7fa213baf000-7fa213bb0000 r--p 00004000 103:06 12095089                  /usr/lib/jvm/java-21-openjdk/lib/libjimage.so
7fa213bb0000-7fa213bb1000 rw-p 00005000 103:06 12095089                  /usr/lib/jvm/java-21-openjdk/lib/libjimage.so
7fa213bb1000-7fa213bb3000 r--p 00000000 103:06 12095090                  /usr/lib/jvm/java-21-openjdk/lib/libjli.so
7fa213bb3000-7fa213bbd000 r-xp 00002000 103:06 12095090                  /usr/lib/jvm/java-21-openjdk/lib/libjli.so
7fa213bbd000-7fa213bc0000 r--p 0000c000 103:06 12095090                  /usr/lib/jvm/java-21-openjdk/lib/libjli.so
7fa213bc0000-7fa213bc1000 r--p 0000f000 103:06 12095090                  /usr/lib/jvm/java-21-openjdk/lib/libjli.so
7fa213bc1000-7fa213bc2000 rw-p 00010000 103:06 12095090                  /usr/lib/jvm/java-21-openjdk/lib/libjli.so
7fa213bc2000-7fa213bc4000 rw-p 00000000 00:00 0 
7fa213bc4000-7fa213bc8000 r--p 00000000 00:00 0                          [vvar]
7fa213bc8000-7fa213bca000 r--p 00000000 00:00 0                          [vvar_vclock]
7fa213bca000-7fa213bcc000 r-xp 00000000 00:00 0                          [vdso]
7fa213bcc000-7fa213bcd000 r--p 00000000 103:06 11799547                  /usr/lib/ld-linux-x86-64.so.2
7fa213bcd000-7fa213bf7000 r-xp 00001000 103:06 11799547                  /usr/lib/ld-linux-x86-64.so.2
7fa213bf7000-7fa213c02000 r--p 0002b000 103:06 11799547                  /usr/lib/ld-linux-x86-64.so.2
7fa213c02000-7fa213c04000 r--p 00036000 103:06 11799547                  /usr/lib/ld-linux-x86-64.so.2
7fa213c04000-7fa213c05000 rw-p 00038000 103:06 11799547                  /usr/lib/ld-linux-x86-64.so.2
7fa213c05000-7fa213c06000 rw-p 00000000 00:00 0 
7fff2f24d000-7fff2f26e000 rw-p 00000000 00:00 0                          [stack]
ffffffffff600000-ffffffffff601000 --xp 00000000 00:00 0                  [vsyscall]
Total number of mappings: 201

JVMTI agents: none


VM Arguments:
java_command: /mnt/d/Code/Security/NekoObfuscator/worktree/dev-impl/neko-test/build/test-native/ldc-string-integration/ldc-string-output.jar
java_class_path (initial): /mnt/d/Code/Security/NekoObfuscator/worktree/dev-impl/neko-test/build/test-native/ldc-string-integration/ldc-string-output.jar
Launcher Type: SUN_STANDARD

[Global flags]
     intx CICompilerCount                          = 15                                        {product} {ergonomic}
     uint ConcGCThreads                            = 6                                         {product} {ergonomic}
     uint G1ConcRefinementThreads                  = 23                                        {product} {ergonomic}
   size_t G1HeapRegionSize                         = 8388608                                   {product} {ergonomic}
    uintx GCDrainStackTargetSize                   = 64                                        {product} {ergonomic}
   size_t InitialHeapSize                          = 780140544                                 {product} {ergonomic}
   size_t MarkStackSize                            = 4194304                                   {product} {ergonomic}
   size_t MaxHeapSize                              = 12398362624                               {product} {ergonomic}
   size_t MaxNewSize                               = 7432306688                                {product} {ergonomic}
   size_t MinHeapDeltaBytes                        = 8388608                                   {product} {ergonomic}
   size_t MinHeapSize                              = 8388608                                   {product} {ergonomic}
    uintx NonNMethodCodeHeapSize                   = 8192380                                {pd product} {ergonomic}
    uintx NonProfiledCodeHeapSize                  = 121732930                              {pd product} {ergonomic}
    uintx ProfiledCodeHeapSize                     = 121732930                              {pd product} {ergonomic}
    uintx ReservedCodeCacheSize                    = 251658240                              {pd product} {ergonomic}
     bool SegmentedCodeCache                       = true                                      {product} {ergonomic}
   size_t SoftMaxHeapSize                          = 12398362624                            {manageable} {ergonomic}
     bool UseCompressedOops                        = true                           {product lp64_product} {ergonomic}
     bool UseG1GC                                  = true                                      {product} {ergonomic}

Logging:
Log output configuration:
 #0: stdout all=warning uptime,level,tags foldmultilines=false
 #1: stderr all=off uptime,level,tags foldmultilines=false

Release file:
<release file has not been read>
Environment Variables:
PATH=/home/fadouse/.cargo/bin:/home/fadouse/.bun/bin:/home/fadouse/node_modules/.bin:/home/fadouse/.opencode/bin:/home/fadouse/.local/bin:/usr/local/sbin:/usr/local/bin:/usr/bin:/var/lib/flatpak/exports/bin:/usr/lib/jvm/default/bin:/usr/bin/site_perl:/usr/bin/vendor_perl:/usr/bin/core_perl:/usr/lib/rustup/bin:/home/fadouse/.local/share/JetBrains/Toolbox/scripts:/home/fadouse/.lmstudio/bin:/home/fadouse/.lmstudio/bin
LD_LIBRARY_PATH=/home/fadouse/.local/lib:/home/fadouse/.local/lib
SHELL=/bin/bash
DISPLAY=:1
WAYLAND_DISPLAY=wayland-0
LANG=en_US.UTF-8
LC_NUMERIC=en_US.UTF-8
LC_TIME=en_US.UTF-8
TERM=xterm-ghostty

Active Locale:
LC_ALL=en_US.UTF-8
LC_COLLATE=en_US.UTF-8
LC_CTYPE=en_US.UTF-8
LC_MESSAGES=en_US.UTF-8
LC_MONETARY=en_US.UTF-8
LC_NUMERIC=en_US.UTF-8
LC_TIME=en_US.UTF-8

Signal Handlers:
   SIGSEGV: 0x00007fa21340d280 in libjvm.so+14733952, mask=11100100010111111101111111111110, flags=SA_RESTART|SA_SIGINFO, unblocked
    SIGBUS: 0x00007fa21340d280 in libjvm.so+14733952, mask=11100100010111111101111111111110, flags=SA_RESTART|SA_SIGINFO, unblocked
    SIGFPE: 0x00007fa21340d280 in libjvm.so+14733952, mask=11100100010111111101111111111110, flags=SA_RESTART|SA_SIGINFO, unblocked
   SIGPIPE: 0x00007fa213266980 in libjvm.so+13003136, mask=11100100010111111101111111111110, flags=SA_RESTART|SA_SIGINFO, blocked
   SIGXFSZ: 0x00007fa213266980 in libjvm.so+13003136, mask=11100100010111111101111111111110, flags=SA_RESTART|SA_SIGINFO, blocked
    SIGILL: 0x00007fa21340d280 in libjvm.so+14733952, mask=11100100010111111101111111111110, flags=SA_RESTART|SA_SIGINFO, unblocked
   SIGUSR2: 0x00007fa2132682a0 in libjvm.so+13009568, mask=00000000000000000000000000000000, flags=SA_RESTART|SA_SIGINFO, blocked
    SIGHUP: 0x00007fa213265ce0 in libjvm.so+12999904, mask=11100100010111111101111111111110, flags=SA_RESTART|SA_SIGINFO, blocked
    SIGINT: 0x00007fa213265ce0 in libjvm.so+12999904, mask=11100100010111111101111111111110, flags=SA_RESTART|SA_SIGINFO, blocked
   SIGTERM: 0x00007fa213265ce0 in libjvm.so+12999904, mask=11100100010111111101111111111110, flags=SA_RESTART|SA_SIGINFO, blocked
   SIGQUIT: 0x00007fa213265ce0 in libjvm.so+12999904, mask=11100100010111111101111111111110, flags=SA_RESTART|SA_SIGINFO, blocked
   SIGTRAP: 0x00007fa21340d280 in libjvm.so+14733952, mask=11100100010111111101111111111110, flags=SA_RESTART|SA_SIGINFO, unblocked


Periodic native trim disabled

---------------  S Y S T E M  ---------------

OS:
DISTRIB_ID="Arch"
DISTRIB_RELEASE="rolling"
DISTRIB_DESCRIPTION="Arch Linux"
uname: Linux 6.19.11-arch1-1 #1 SMP PREEMPT_DYNAMIC Thu, 02 Apr 2026 23:33:01 +0000 x86_64
OS uptime: 1 days 11:15 hours
libc: glibc 2.43 NPTL 2.43 
rlimit (soft/hard): STACK 16384k/infinity , CORE infinity/infinity , NPROC 188532/188532 , NOFILE 524288/524288 , AS infinity/infinity , CPU infinity/infinity , DATA infinity/infinity , FSIZE infinity/infinity , MEMLOCK infinity/infinity
load average: 1.98 1.77 1.74

/proc/meminfo:
MemTotal:       48423308 kB
MemFree:         2220388 kB
MemAvailable:   22394032 kB
Buffers:        11168844 kB
Cached:          9771212 kB
SwapCached:            0 kB
Active:          7486008 kB
Inactive:       33792568 kB
Active(anon):    5964336 kB
Inactive(anon): 16160660 kB
Active(file):    1521672 kB
Inactive(file): 17631908 kB
Unevictable:         484 kB
Mlocked:             480 kB
SwapTotal:             0 kB
SwapFree:              0 kB
Zswap:                 0 kB
Zswapped:              0 kB
Dirty:             22168 kB
Writeback:             0 kB
AnonPages:      19930232 kB
Mapped:          3304632 kB
Shmem:           1786976 kB
KReclaimable:    1613960 kB
Slab:            2313040 kB
SReclaimable:    1613960 kB
SUnreclaim:       699080 kB
KernelStack:       63184 kB
PageTables:       200904 kB
SecPageTables:      2408 kB
NFS_Unstable:          0 kB
Bounce:                0 kB
WritebackTmp:          0 kB
CommitLimit:    24211652 kB
Committed_AS:   65711940 kB
VmallocTotal:   34359738367 kB
VmallocUsed:      207344 kB
VmallocChunk:          0 kB
Percpu:            34688 kB
HardwareCorrupted:     0 kB
AnonHugePages:   2291712 kB
ShmemHugePages:   813056 kB
ShmemPmdMapped:   192512 kB
FileHugePages:    858112 kB
FilePmdMapped:    673792 kB
CmaTotal:              0 kB
CmaFree:               0 kB
Unaccepted:            0 kB
Balloon:               0 kB
HugePages_Total:       0
HugePages_Free:        0
HugePages_Rsvd:        0
HugePages_Surp:        0
Hugepagesize:       2048 kB
Hugetlb:               0 kB
DirectMap4k:     5762620 kB
DirectMap2M:    43667456 kB
DirectMap1G:     1048576 kB

/sys/kernel/mm/transparent_hugepage/enabled: [always] madvise never
/sys/kernel/mm/transparent_hugepage/hpage_pmd_size: 2097152
/sys/kernel/mm/transparent_hugepage/defrag (defrag/compaction efforts parameter): always defer defer+madvise [madvise] never

Process Memory:
Virtual Size: 15179228K (peak: 15179448K)
Resident Set Size: 50752K (peak: 50752K) (anon: 25248K, file: 25428K, shmem: 76K)
Swapped out: 0K
C-Heap outstanding allocations: 53589K, retained: 2106K
glibc malloc tunables: (default)

/proc/sys/kernel/threads-max (system-wide limit on the number of threads): 377065
/proc/sys/vm/max_map_count (maximum number of memory map areas a process may have): 1048576
/proc/sys/vm/swappiness (control to define how aggressively the kernel swaps out anonymous memory): 60
/proc/sys/kernel/pid_max (system-wide limit on number of process identifiers): 4194304

container information not found.
Steal ticks since vm start: 0
Steal ticks percentage since vm start:  0.000

CPU: total 32 (initial active 32) (32 cores per cpu, 2 threads per core) family 26 model 68 stepping 0 microcode 0xb404023, cx8, cmov, fxsr, ht, mmx, 3dnowpref, sse, sse2, sse3, ssse3, sse4a, sse4.1, sse4.2, popcnt, lzcnt, tsc, tscinvbit, avx, avx2, aes, erms, clmul, bmi1, bmi2, adx, avx512f, avx512dq, avx512cd, avx512bw, avx512vl, sha, fma, vzeroupper, avx512_vpopcntdq, avx512_vpclmulqdq, avx512_vaes, avx512_vnni, clflush, clflushopt, avx512_vbmi2, avx512_vbmi, rdtscp, rdpid, fsrm, gfni, avx512_bitalg, f16c, pku, ospke, cet_ss, avx512_ifma
CPU Model and flags from /proc/cpuinfo:
model name	: AMD Ryzen 9 9950X3D 16-Core Processor
flags		: fpu vme de pse tsc msr pae mce cx8 apic sep mtrr pge mca cmov pat pse36 clflush mmx fxsr sse sse2 ht syscall nx mmxext fxsr_opt pdpe1gb rdtscp lm constant_tsc rep_good amd_lbr_v2 nopl xtopology nonstop_tsc cpuid extd_apicid aperfmperf rapl pni pclmulqdq monitor ssse3 fma cx16 sse4_1 sse4_2 movbe popcnt aes xsave avx f16c rdrand lahf_lm cmp_legacy svm extapic cr8_legacy abm sse4a misalignsse 3dnowprefetch osvw ibs skinit wdt tce topoext perfctr_core perfctr_nb bpext perfctr_llc mwaitx cpuid_fault cpb cat_l3 cdp_l3 hw_pstate ssbd mba perfmon_v2 ibrs ibpb stibp ibrs_enhanced vmmcall fsgsbase tsc_adjust bmi1 avx2 smep bmi2 erms invpcid cqm rdt_a avx512f avx512dq adx smap avx512ifma clflushopt clwb avx512cd sha_ni avx512bw avx512vl xsaveopt xsavec xgetbv1 xsaves cqm_llc cqm_occup_llc cqm_mbm_total cqm_mbm_local user_shstk avx_vnni avx512_bf16 clzero irperf xsaveerptr rdpru wbnoinvd cppc arat npt lbrv svm_lock nrip_save tsc_scale vmcb_clean flushbyasid decodeassists pausefilter pfthreshold avic v_vmsave_vmload vgif x2avic v_spec_ctrl vnmi avx512vbmi umip pku ospke avx512_vbmi2 gfni vaes vpclmulqdq avx512_vnni avx512_bitalg avx512_vpopcntdq rdpid bus_lock_detect movdiri movdir64b overflow_recov succor smca fsrm avx512_vp2intersect flush_l1d amd_lbr_pmc_freeze

Online cpus: 0-31
Offline cpus: 
BIOS frequency limitation: <Not Available>
Frequency switch latency (ns): 0
Available cpu frequencies: <Not Available>
Current governor: powersave
Core performance/turbo boost: 1

Memory: 4k page, physical 48423308k(22394032k free), swap 0k(0k free)
Page Sizes: 4k

vm_info: OpenJDK 64-Bit Server VM (21.0.10+7) for linux-amd64 JRE (21.0.10+7), built on 2026-01-21T09:21:17Z by "builduser" with gcc 15.2.1 20260103

END.
