#
# A fatal error has been detected by the Java Runtime Environment:
#
#  SIGSEGV (0xb) at pc=0x00007f749c00c436, pid=2090318, tid=2090319
#
# JRE version: OpenJDK Runtime Environment (21.0.10+7) (build 21.0.10+7)
# Java VM: OpenJDK 64-Bit Server VM (21.0.10+7, mixed mode, sharing, tiered, compressed oops, compressed class ptrs, g1 gc, linux-amd64)
# Problematic frame:
# C  [libneko_2476216240268340917.so+0xb436]  JNI_OnLoad+0x3211
#
# Core dump will be written. Default location: Core dumps may be processed with "/usr/lib/systemd/systemd-coredump %P %u %g %s %t %c %h %d %F" (or dumping to /mnt/d/Code/Security/NekoObfuscator/worktree/dev-impl/core.2090318)
#
# If you would like to submit a bug report, please visit:
#   https://bugreport.java.com/bugreport/crash.jsp
# The crash happened outside the Java Virtual Machine in native code.
# See problematic frame for where to report the bug.
#

---------------  S U M M A R Y ------------

Command Line: -Dneko.native.debug=true verification/w1/debug-jars/TEST-native-debug.jar

Host: AMD Ryzen 9 9950X3D 16-Core Processor, 32 cores, 46G, Arch Linux
Time: Tue Apr 21 23:10:17 2026 CST elapsed time: 0.033986 seconds (0d 0h 0m 0s)

---------------  T H R E A D  ---------------

Current thread (0x00007f7498019c70):  JavaThread "main"             [_thread_in_native, id=2090319, stack(0x00007f749f300000,0x00007f749f400000) (1024K)]

Stack: [0x00007f749f300000,0x00007f749f400000],  sp=0x00007f749f3fdd70,  free space=1015k
Native frames: (J=compiled Java code, j=interpreted, Vv=VM code, C=native code)
C  [libneko_2476216240268340917.so+0xb436]  JNI_OnLoad+0x3211
C  [libjava.so+0xba3e]  Java_jdk_internal_loader_NativeLibraries_load+0xce
j  jdk.internal.loader.NativeLibraries.load(Ljdk/internal/loader/NativeLibraries$NativeLibraryImpl;Ljava/lang/String;ZZ)Z+0 java.base@21.0.10
j  jdk.internal.loader.NativeLibraries$NativeLibraryImpl.open()Z+57 java.base@21.0.10
j  jdk.internal.loader.NativeLibraries.loadLibrary(Ljava/lang/Class;Ljava/lang/String;Z)Ljdk/internal/loader/NativeLibrary;+254 java.base@21.0.10
j  jdk.internal.loader.NativeLibraries.loadLibrary(Ljava/lang/Class;Ljava/io/File;)Ljdk/internal/loader/NativeLibrary;+51 java.base@21.0.10
j  java.lang.ClassLoader.loadLibrary(Ljava/lang/Class;Ljava/io/File;)Ljdk/internal/loader/NativeLibrary;+31 java.base@21.0.10
j  java.lang.Runtime.load0(Ljava/lang/Class;Ljava/lang/String;)V+61 java.base@21.0.10
j  java.lang.System.load(Ljava/lang/String;)V+7 java.base@21.0.10
j  dev.nekoobfuscator.runtime.NekoNativeLoader.load()V+68
j  pack.tests.basics.overwirte.Sub.<clinit>()V+0
v  ~StubRoutines::call_stub 0x00007f7487817cc6
V  [libjvm.so+0x6c722a]
V  [libjvm.so+0x69ad38]
V  [libjvm.so+0x69bdf3]
V  [libjvm.so+0x6bb910]
j  pack.Main.main([Ljava/lang/String;)V+130
v  ~StubRoutines::call_stub 0x00007f7487817cc6
V  [libjvm.so+0x6c722a]
V  [libjvm.so+0x776e16]
V  [libjvm.so+0x779765]
C  [libjli.so+0x4db5]
C  [libjli.so+0x7e6e]
C  [libc.so.6+0x9697a]
Java frames: (J=compiled Java code, j=interpreted, Vv=VM code)
j  jdk.internal.loader.NativeLibraries.load(Ljdk/internal/loader/NativeLibraries$NativeLibraryImpl;Ljava/lang/String;ZZ)Z+0 java.base@21.0.10
j  jdk.internal.loader.NativeLibraries$NativeLibraryImpl.open()Z+57 java.base@21.0.10
j  jdk.internal.loader.NativeLibraries.loadLibrary(Ljava/lang/Class;Ljava/lang/String;Z)Ljdk/internal/loader/NativeLibrary;+254 java.base@21.0.10
j  jdk.internal.loader.NativeLibraries.loadLibrary(Ljava/lang/Class;Ljava/io/File;)Ljdk/internal/loader/NativeLibrary;+51 java.base@21.0.10
j  java.lang.ClassLoader.loadLibrary(Ljava/lang/Class;Ljava/io/File;)Ljdk/internal/loader/NativeLibrary;+31 java.base@21.0.10
j  java.lang.Runtime.load0(Ljava/lang/Class;Ljava/lang/String;)V+61 java.base@21.0.10
j  java.lang.System.load(Ljava/lang/String;)V+7 java.base@21.0.10
j  dev.nekoobfuscator.runtime.NekoNativeLoader.load()V+68
j  pack.tests.basics.overwirte.Sub.<clinit>()V+0
v  ~StubRoutines::call_stub 0x00007f7487817cc6
j  pack.Main.main([Ljava/lang/String;)V+130
v  ~StubRoutines::call_stub 0x00007f7487817cc6

siginfo: si_signo: 11 (SIGSEGV), si_code: 1 (SEGV_MAPERR), si_addr: 0x000000014ae5a575

Registers:
RAX=0x0000000000000074, RBX=0x00007f7414001000, RCX=0x000000014ae5a501, RDX=0x0000000000000000
RSP=0x00007f749f3fdd70, RBP=0x00007f749f3fde80, RSI=0x0000000000000000, RDI=0x00007f74a0e2f740
R8 =0x0000000000000000, R9 =0x000000054b029940, R10=0x0000000000000000, R11=0x00007f749f3ff6c0
R12=0x00007f749c011bb0, R13=0x00007f749c011bb0, R14=0x00007f741300e878, R15=0x00007f7413002318
RIP=0x00007f749c00c436, EFLAGS=0x0000000000010202, CSGSFS=0x002b000000000033, ERR=0x0000000000000006
  TRAPNO=0x000000000000000e

XMM[0]=0x0000000000000000 0x00007f74a0e2e523
XMM[1]=0x00007f74a0e2e523 0x00007f74a0e2e523
XMM[2]=0x0000000000000000 0x0000000000000000
XMM[3]=0x0000000000000000 0x0000000000000000
XMM[4]=0xff00000000000000 0x00000000000000ff
XMM[5]=0x0000000000000000 0x0000000000000000
XMM[6]=0x0000000000000000 0x0000000000000a08
XMM[7]=0x0000000000000000 0x00007f74140588d8
XMM[8]=0x0000000000000000 0x4a861263cc31dfe8
XMM[9]=0x0000000000000000 0x00007f74a072a6aa
XMM[10]=0x0000000000000000 0x00000001f7011640
XMM[11]=0x0000000000000000 0x0000000174359406
XMM[12]=0x0000000000000000 0x00ff00fd00fb00f9
XMM[13]=0x0000000000000000 0x0000000000fe00fa
XMM[14]=0x0000000000000000 0x0000000000000000
XMM[15]=0x0000000000000000 0x0000000000000000
  MXCSR=0x00001fa2


Register to memory mapping:

RAX=0x0000000000000074 is an unknown value
RBX=0x00007f7414001000 is a pointer to class: 
dev.nekoobfuscator.runtime.NekoNativeLoader {0x00007f7414001000}
 - instance size:     2
 - klass size:        65
 - access:            public final synchronized 
 - flags:             rewritten should_verify_class has_localvariable_table has_vanilla_constructor 
 - state:             fully_initialized
 - name:              'dev/nekoobfuscator/runtime/NekoNativeLoader'
 - super:             'java/lang/Object'
 - sub:               
 - arrays:            null
 - methods:           Array<T>(0x00007f740f402748)
 - method ordering:   Array<T>(0x00007f7413b356b0)
 - local interfaces:  Array<T>(0x00007f7413619900)
 - trans. interfaces: Array<T>(0x00007f7413619900)
 - secondary supers: Array<T>(0x00007f7413619450)
 - hash_slot:         21
 - bitmap:            0x0000000000000000
 - constants:         constant pool [205]/operands[20] {0x00007f740f402000} for 'dev/nekoobfuscator/runtime/NekoNativeLoader' cache=0x00007f740f402f30
 - class loader data:  loader data: 0x00007f749817d6f0 for instance a 'jdk/internal/loader/ClassLoaders$AppClassLoader'{0x00000007ff8ecf70}
 - source file:       'NekoNativeLoader.java'
 - inner classes:     Array<T>(0x00007f740f402ea8)
 - nest members:     Array<T>(0x00007f7413619888)
 - permitted subclasses:     Array<T>(0x00007f7413619888)
 - java mirror:       a 'java/lang/Class'{0x000000054b029940} = 'dev/nekoobfuscator/runtime/NekoNativeLoader'
 - vtable length      5  (start addr: 0x00007f74140011d0)
 - itable length      2 (start addr: 0x00007f74140011f8)
 - ---- static fields (1 words):
 - private static volatile 'loaded' 'Z' @116 
 - private static final 'LOCK' 'Ljava/lang/Object;' @112 
 - ---- non-static fields (0 words):
 - non-static oop maps: 
RCX=0x000000014ae5a501 is an unknown value
RDX=0x0 is null
RSP=0x00007f749f3fdd70 is pointing into the stack for thread: 0x00007f7498019c70
RBP=0x00007f749f3fde80 is pointing into the stack for thread: 0x00007f7498019c70
RSI=0x0 is null
RDI=0x00007f74a0e2f740: <offset 0x00000000001e9740> in /usr/lib/libc.so.6 at 0x00007f74a0c46000
R8 =0x0 is null
R9 =0x000000054b029940 is an oop: java.lang.Class 
{0x000000054b029940} - klass: 'java/lang/Class'
 - ---- fields (total size 15 words):
 - private volatile transient 'classRedefinedCount' 'I' @12  0 (0x00000000)
 - injected 'klass' 'J' @16  140136528482304 (0x00007f7414001000)
 - injected 'array_klass' 'J' @24  0 (0x0000000000000000)
 - injected 'oop_size' 'I' @32  15 (0x0000000f)
 - injected 'static_oop_field_count' 'I' @36  1 (0x00000001)
 - private volatile transient 'cachedConstructor' 'Ljava/lang/reflect/Constructor;' @40  null (0x00000000)
 - private transient 'name' 'Ljava/lang/String;' @44  "dev.nekoobfuscator.runtime.NekoNativeLoader"{0x000000054b0299f0} (0xa960533e)
 - private transient 'module' 'Ljava/lang/Module;' @48  a 'java/lang/Module'{0x00000007ff8ecfd8} (0xfff1d9fb)
 - private final 'classLoader' 'Ljava/lang/ClassLoader;' @52  a 'jdk/internal/loader/ClassLoaders$AppClassLoader'{0x00000007ff8ecf70} (0xfff1d9ee)
 - private transient 'classData' 'Ljava/lang/Object;' @56  null (0x00000000)
 - private transient 'packageName' 'Ljava/lang/String;' @60  "dev.nekoobfuscator.runtime"{0x000000054b0263d0} (0xa9604c7a)
 - private final 'componentType' 'Ljava/lang/Class;' @64  null (0x00000000)
 - private volatile transient 'reflectionData' 'Ljava/lang/ref/SoftReference;' @68  null (0x00000000)
 - private volatile transient 'genericInfo' 'Lsun/reflect/generics/repository/ClassRepository;' @72  null (0x00000000)
 - private volatile transient 'enumConstants' '[Ljava/lang/Object;' @76  null (0x00000000)
 - private volatile transient 'enumConstantDirectory' 'Ljava/util/Map;' @80  null (0x00000000)
 - private volatile transient 'annotationData' 'Ljava/lang/Class$AnnotationData;' @84  null (0x00000000)
 - private volatile transient 'annotationType' 'Lsun/reflect/annotation/AnnotationType;' @88  null (0x00000000)
 - transient 'classValueMap' 'Ljava/lang/ClassValue$ClassValueMap;' @92  null (0x00000000)
 - injected 'protection_domain' 'Ljava/lang/Object;' @96  a 'java/security/ProtectionDomain'{0x000000054b021e40} (0xa96043c8)
 - injected 'signers_name' 'Ljava/lang/Object;' @100  null (0x00000000)
 - injected 'source_file' 'Ljava/lang/Object;' @104  null (0x00000000)
 - injected '<init_lock>' 'Ljava/lang/Object;' @108  null (0x00000000)
 - signature: Ldev/nekoobfuscator/runtime/NekoNativeLoader;
 - ---- static fields (1):
 - private static volatile 'loaded' 'Z' @116  false (0x00)
 - private static final 'LOCK' 'Ljava/lang/Object;' @112  a 'java/lang/Object'{0x000000054b029e10} (0xa96053c2)
R10=0x0 is null
R11=0x00007f749f3ff6c0 is pointing into the stack for thread: 0x00007f7498019c70
R12=0x00007f749c011bb0: g_neko_vm_layout+0x0000000000000000 in /tmp/libneko_2476216240268340917.so at 0x00007f749c001000
R13=0x00007f749c011bb0: g_neko_vm_layout+0x0000000000000000 in /tmp/libneko_2476216240268340917.so at 0x00007f749c001000
R14=0x00007f741300e878 is a pointer to class: 
java.lang.String {0x00007f741300e878}
 - instance size:     3
 - klass size:        84
 - access:            public final synchronized 
 - flags:             rewritten has_nonstatic_fields has_nonstatic_concrete_methods is_shared_boot_class has_localvariable_table 
 - state:             fully_initialized
 - name:              'java/lang/String'
 - super:             'java/lang/Object'
 - sub:               
 - arrays:            'java/lang/String'[]
 - methods:           Array<T>(0x00007f741362d428)
 - method ordering:   Array<T>(0x00007f741362d9a0)
 - local interfaces:  Array<T>(0x00007f741362d970)
 - trans. interfaces: Array<T>(0x00007f741362d970)
 - secondary supers: Array<T>(0x00007f741362a5f8)
 - hash_slot:         31
 - bitmap:            0x8000011100001000
 - constants:         constant pool [1451]/operands[28] {0x00007f741362a648} for 'java/lang/String' cache=0x00007f7413455ec8
 - class loader data:  loader data: 0x00007f7498143fc0 of 'bootstrap'
 - source file:       'String.java'
 - field annotations:       Array<T>(0x00007f7413bf71f0)
 - generic signature: 'Ljava/lang/Object;Ljava/io/Serializable;Ljava/lang/Comparable<Ljava/lang/String;>;Ljava/lang/CharSequence;Ljava/lang/constant/Constable;Ljava/lang/constant/ConstantDesc;'
 - inner classes:     Array<T>(0x00007f741362d3e8)
 - nest members:     Array<T>(0x00007f741362dca8)
 - permitted subclasses:     Array<T>(0x00007f7413619888)
 - java mirror:       a 'java/lang/Class'{0x00000007ff880460} = 'java/lang/String'
 - vtable length      5  (start addr: 0x00007f741300ea48)
 - itable length      20 (start addr: 0x00007f741300ea70)
 - ---- static fields (3 words):
 - private static final 'serialVersionUID' 'J' @120 
 - static final 'COMPACT_STRINGS' 'Z' @130 
 - private static final 'serialPersistentFields' '[Ljava/io/ObjectStreamField;' @112 
 - private static final 'REPL' 'C' @128 
 - public static final 'CASE_INSENSITIVE_ORDER' 'Ljava/util/Comparator;' @116 
 - static final 'LATIN1' 'B' @131 
 - static final 'UTF16' 'B' @132 
 - ---- non-static fields (3 words):
 - private 'hash' 'I' @12 
 - private final 'coder' 'B' @16 
 - private 'hashIsZero' 'Z' @17 
 - injected 'flags' 'B' @18 
 - private final 'value' '[B' @20 
 - non-static oop maps: 20-20 
R15=0x00007f7413002318 is a pointer to class: 

Top of Stack: (sp=0x00007f749f3fdd70)
0x00007f749f3fdd70:   00007f749f3fde28 00007f7413000e90
0x00007f749f3fdd80:   00007f74a0ada7c0 0000000000000010
0x00007f749f3fdd90:   0000000000000018 0000000000000020
0x00007f749f3fdda0:   0000000000000028 0000000000000000
0x00007f749f3fddb0:   0000000000000000 0000000000000008
0x00007f749f3fddc0:   0000000000000008 0000000000000010
0x00007f749f3fddd0:   0000000000000010 00007f749801a030
0x00007f749f3fdde0:   00007f74981d9260 00007f74981d9240
0x00007f749f3fddf0:   00007f7400000000 0000000000000020
0x00007f749f3fde00:   0000000000000028 0000000000000038
0x00007f749f3fde10:   0000000000000030 0000000000000030
0x00007f749f3fde20:   0000000000000028 00007f7400000074
0x00007f749f3fde30:   00007f74a0748711 00007f74981d9201
0x00007f749f3fde40:   0000000000000000 0000000000000008
0x00007f749f3fde50:   00007f74a07467e1 00007f749f3fe0a8
0x00007f749f3fde60:   00007f74981d91c0 0000000000000000
0x00007f749f3fde70:   00007f749801a030 0000000000010001
0x00007f749f3fde80:   00007f749f3fe000 00007f74a0e48a3e
0x00007f749f3fde90:   0000000000000003 00007f749c009225
0x00007f749f3fdea0:   00007f74981d9260 00007f749f3fe0b0
0x00007f749f3fdeb0:   00007f741320b370 00007f74a0acc040
0x00007f749f3fdec0:   00007f749f3fded8 00007f749f3fdf38
0x00007f749f3fded0:   00007f748781f180 0000000000000008
0x00007f749f3fdee0:   000000054b38a5c0 000000054b38a5c0
0x00007f749f3fdef0:   00007f749f3fdef0 00007f74138fb3d6
0x00007f749f3fdf00:   0000000000000003 00007f7413207f00
0x00007f749f3fdf10:   0000000000000000 00000007ff8a36b8
0x00007f749f3fdf20:   00007f7413207e68 0000000000000000
0x00007f749f3fdf30:   00007f749f3fdf48 00007f749f3fdfa0
0x00007f749f3fdf40:   00007f749f3fe018 00007f748043759c
0x00007f749f3fdf50:   00007f749f3fdfb8 00007f748781f2f2
0x00007f749f3fdf60:   0000000000000009 00007f749f3fdf68 

Instructions: (pc=0x00007f749c00c436)
0x00007f749c00c336:   b9 00 03 00 00 4c 8b 89 08 03 00 00 eb 03 45 31
0x00007f749c00c346:   c9 83 3d ce 5b 00 00 00 74 5b 4d 85 f6 0f 95 c0
0x00007f749c00c356:   4d 85 ff 0f 95 c1 20 c1 4d 85 e4 0f 95 c0 4d 85
0x00007f749c00c366:   c9 0f 95 c2 20 c2 20 ca 0f b6 f2 48 8d 3d de 78
0x00007f749c00c376:   ff ff 4c 89 f2 4c 89 f9 4d 89 e0 31 c0 e8 3a c1
0x00007f749c00c386:   ff ff 48 8b 05 a9 42 00 00 4c 8b b0 f0 02 00 00
0x00007f749c00c396:   4c 8b a0 f8 02 00 00 4c 8b b8 00 03 00 00 4c 8b
0x00007f749c00c3a6:   88 08 03 00 00 4d 85 f6 0f 84 91 06 00 00 4d 85
0x00007f749c00c3b6:   ff 0f 84 88 06 00 00 4d 85 e4 0f 84 7f 06 00 00
0x00007f749c00c3c6:   4d 85 c9 0f 84 76 06 00 00 4c 8b 25 62 42 00 00
0x00007f749c00c3d6:   49 8b 84 24 b8 02 00 00 48 85 c0 78 57 49 8b 8c
0x00007f749c00c3e6:   24 d0 00 00 00 48 85 c9 0f 88 d1 02 00 00 41 83
0x00007f749c00c3f6:   3c 24 09 7c 2c 49 8b 94 24 10 02 00 00 48 85 d2
0x00007f749c00c406:   0f 88 b9 02 00 00 49 8b 0c 09 48 85 c9 0f 84 ac
0x00007f749c00c416:   02 00 00 4c 8b 0c 11 4d 85 c9 75 08 e9 9e 02 00
0x00007f749c00c426:   00 49 01 c9 49 8b 09 48 85 c9 0f 84 8f 02 00 00
0x00007f749c00c436:   c6 04 01 01 83 3d db 5a 00 00 00 0f 89 0a 06 00
0x00007f749c00c446:   00 49 8b 84 24 b8 01 00 00 49 0b 84 24 a8 01 00
0x00007f749c00c456:   00 48 8d 1d 0d 73 ff ff 4c 8d 35 81 78 ff ff 4c
0x00007f749c00c466:   89 f1 48 0f 49 cb 49 83 bc 24 50 01 00 00 00 4d
0x00007f749c00c476:   89 f0 4c 0f 49 c3 41 8b b4 24 40 02 00 00 41 8b
0x00007f749c00c486:   94 24 50 02 00 00 48 8d 3d bf 73 ff ff 31 c0 e8
0x00007f749c00c496:   28 c0 ff ff 41 80 bc 24 78 02 00 00 00 74 25 48
0x00007f749c00c4a6:   8b 05 d4 55 00 00 48 85 c0 48 8d 35 24 6b ff ff
0x00007f749c00c4b6:   48 0f 45 f0 48 8d 3d 81 74 ff ff 31 c0 e8 fa bf
0x00007f749c00c4c6:   ff ff eb 5b 4d 8b 84 24 d0 00 00 00 49 8b b4 24
0x00007f749c00c4d6:   58 01 00 00 49 8b 94 24 d0 01 00 00 49 8b 8c 24
0x00007f749c00c4e6:   f0 01 00 00 4d 8b 8c 24 10 02 00 00 49 8b 84 24
0x00007f749c00c4f6:   b8 01 00 00 41 80 bc 24 79 02 00 00 00 49 0f 45
0x00007f749c00c506:   de 49 0b 84 24 a8 01 00 00 49 0f 48 de 48 89 1c
0x00007f749c00c516:   24 48 8d 3d 74 73 ff ff 31 c0 e8 9d bf ff ff 49
0x00007f749c00c526:   c7 84 24 b0 02 00 00 ff ff ff ff 49 8b bc 24 f0 


Stack slot to memory mapping:

stack at sp + 0 slots: 0x00007f749f3fde28 is pointing into the stack for thread: 0x00007f7498019c70
stack at sp + 1 slots: 0x00007f7413000e90 is a pointer to class: 
java.lang.Object {0x00007f7413000e90}
 - instance size:     2
 - klass size:        65
 - access:            public synchronized 
 - flags:             rewritten is_shared_boot_class has_localvariable_table has_vanilla_constructor has_final_method 
 - state:             fully_initialized
 - name:              'java/lang/Object'
 - super:             null
 - sub:               'sun/nio/ch/IOStatus'   'sun/nio/ch/Util$BufferCache'   'sun/nio/ch/Util'   'sun/nio/ch/NativeThread'   (595 more klasses...)
 - arrays:            'java/lang/Object'[]
 - methods:           Array<T>(0x00007f7413619890)
 - method ordering:   Array<T>(0x00007f7413619910)
 - local interfaces:  Array<T>(0x00007f7413619900)
 - trans. interfaces: Array<T>(0x00007f7413619900)
 - secondary supers: Array<T>(0x00007f7413619450)
 - hash_slot:         6
 - bitmap:            0x0000000000000000
 - constants:         constant pool [124] {0x00007f7413619460} for 'java/lang/Object' cache=0x00007f7413474c88
 - class loader data:  loader data: 0x00007f7498143fc0 of 'bootstrap'
 - source file:       'Object.java'
 - inner classes:     Array<T>(0x00007f7413619888)
 - nest members:     Array<T>(0x00007f7413619888)
 - permitted subclasses:     Array<T>(0x00007f7413619888)
 - java mirror:       a 'java/lang/Class'{0x00000007ff87ffe8} = 'java/lang/Object'
 - vtable length      5  (start addr: 0x00007f7413001060)
 - itable length      2 (start addr: 0x00007f7413001088)
 - ---- static fields (0 words):
 - ---- non-static fields (0 words):
 - non-static oop maps: 
stack at sp + 2 slots: 0x00007f74a0ada7c0: <offset 0x00000000012da7c0> in /usr/lib/jvm/java-21-openjdk/lib/server/libjvm.so at 0x00007f749f800000
stack at sp + 3 slots: 0x0000000000000010 is an unknown value
stack at sp + 4 slots: 0x0000000000000018 is an unknown value
stack at sp + 5 slots: 0x0000000000000020 is an unknown value
stack at sp + 6 slots: 0x0000000000000028 is an unknown value
stack at sp + 7 slots: 0x0 is null


---------------  P R O C E S S  ---------------

Threads class SMR info:
_java_thread_list=0x00007f73e801e670, length=11, elements={
0x00007f7498019c70, 0x00007f749816e470, 0x00007f749816f9f0, 0x00007f7498171190,
0x00007f74981727e0, 0x00007f7498173d90, 0x00007f74981758c0, 0x00007f7498176f90,
0x00007f7498182f00, 0x00007f7498185e40, 0x00007f73e801d4e0
}

Java Threads: ( => current thread )
=>0x00007f7498019c70 JavaThread "main"                              [_thread_in_native, id=2090319, stack(0x00007f749f300000,0x00007f749f400000) (1024K)]
  0x00007f749816e470 JavaThread "Reference Handler"          daemon [_thread_blocked, id=2090327, stack(0x00007f7463100000,0x00007f7463200000) (1024K)]
  0x00007f749816f9f0 JavaThread "Finalizer"                  daemon [_thread_blocked, id=2090328, stack(0x00007f7462fff000,0x00007f74630ff000) (1024K)]
  0x00007f7498171190 JavaThread "Signal Dispatcher"          daemon [_thread_blocked, id=2090329, stack(0x00007f7462efe000,0x00007f7462ffe000) (1024K)]
  0x00007f74981727e0 JavaThread "Service Thread"             daemon [_thread_blocked, id=2090330, stack(0x00007f7462dfd000,0x00007f7462efd000) (1024K)]
  0x00007f7498173d90 JavaThread "Monitor Deflation Thread"   daemon [_thread_blocked, id=2090331, stack(0x00007f7462cfc000,0x00007f7462dfc000) (1024K)]
  0x00007f74981758c0 JavaThread "C2 CompilerThread0"         daemon [_thread_blocked, id=2090332, stack(0x00007f7462bfb000,0x00007f7462cfb000) (1024K)]
  0x00007f7498176f90 JavaThread "C1 CompilerThread0"         daemon [_thread_blocked, id=2090333, stack(0x00007f7462afa000,0x00007f7462bfa000) (1024K)]
  0x00007f7498182f00 JavaThread "Notification Thread"        daemon [_thread_blocked, id=2090334, stack(0x00007f7462928000,0x00007f7462a28000) (1024K)]
  0x00007f7498185e40 JavaThread "Common-Cleaner"             daemon [_thread_blocked, id=2090335, stack(0x00007f7462827000,0x00007f7462927000) (1024K)]
  0x00007f73e801d4e0 JavaThread "C1 CompilerThread1"         daemon [_thread_blocked, id=2090336, stack(0x00007f7462726000,0x00007f7462826000) (1024K)]
Total: 11

Other Threads:
  0x00007f74981652c0 VMThread "VM Thread"                           [id=2090326, stack(0x00007f74637f9000,0x00007f74638f9000) (1024K)]
  0x00007f7498153060 WatcherThread "VM Periodic Task Thread"        [id=2090325, stack(0x00007f74638fa000,0x00007f74639fa000) (1024K)]
  0x00007f74980731d0 WorkerThread "GC Thread#0"                     [id=2090320, stack(0x00007f749c115000,0x00007f749c215000) (1024K)]
  0x00007f7498080130 ConcurrentGCThread "G1 Main Marker"            [id=2090321, stack(0x00007f749c014000,0x00007f749c114000) (1024K)]
  0x00007f7498081120 WorkerThread "G1 Conc#0"                       [id=2090322, stack(0x00007f7497f00000,0x00007f7498000000) (1024K)]
  0x00007f7498138ab0 ConcurrentGCThread "G1 Refine#0"               [id=2090323, stack(0x00007f7463afc000,0x00007f7463bfc000) (1024K)]
  0x00007f7498139a80 ConcurrentGCThread "G1 Service"                [id=2090324, stack(0x00007f74639fb000,0x00007f7463afb000) (1024K)]
Total: 7

Threads with active compile tasks:
Total: 0

VM state: not at safepoint (normal execution)

VM Mutex/Monitor currently owned by a thread: None

Heap address: 0x000000051d000000, size: 11824 MB, Compressed Oops mode: Zero based, Oop shift amount: 3

CDS archive(s) mapped at: [0x00007f7413000000-0x00007f7413c9b000-0x00007f7413c9b000), size 13217792, SharedBaseAddress: 0x00007f7413000000, ArchiveRelocationMode: 1.
Compressed class space mapped at: 0x00007f7414000000-0x00007f7454000000, reserved size: 1073741824
Narrow klass base: 0x00007f7413000000, Narrow klass shift: 0, Narrow klass range: 0x100000000

GC Precious Log:
 CardTable entry size: 512
 Card Set container configuration: InlinePtr #cards 4 size 8 Array Of Cards #cards 64 size 144 Howl #buckets 8 coarsen threshold 14745 Howl Bitmap #cards 2048 size 272 coarsen threshold 1843 Card regions per heap region 1 cards per card region 16384
 CPUs: 32 total, 32 available
 Memory: 47288M
 Large Page Support: Disabled
 NUMA Support: Disabled
 Compressed Oops: Enabled (Zero based)
 Heap Region Size: 8M
 Heap Min Capacity: 8M
 Heap Initial Capacity: 744M
 Heap Max Capacity: 11824M
 Pre-touch: Disabled
 Parallel Workers: 23
 Concurrent Workers: 6
 Concurrent Refinement Workers: 23
 Periodic GC: Disabled

Heap:
 garbage-first heap   total 770048K, used 1073K [0x000000051d000000, 0x0000000800000000)
  region size 8192K, 1 young (8192K), 0 survivors (0K)
 Metaspace       used 1138K, committed 1280K, reserved 1114112K
  class space    used 113K, committed 192K, reserved 1048576K

Heap Regions: E=young(eden), S=young(survivor), O=old, HS=humongous(starts), HC=humongous(continues), CS=collection set, F=free, TAMS=top-at-mark-start, PB=parsable bottom
|   0|0x000000051d000000, 0x000000051d000000, 0x000000051d800000|  0%| F|  |TAMS 0x000000051d000000| PB 0x000000051d000000| Untracked 
|   1|0x000000051d800000, 0x000000051d800000, 0x000000051e000000|  0%| F|  |TAMS 0x000000051d800000| PB 0x000000051d800000| Untracked 
|   2|0x000000051e000000, 0x000000051e000000, 0x000000051e800000|  0%| F|  |TAMS 0x000000051e000000| PB 0x000000051e000000| Untracked 
|   3|0x000000051e800000, 0x000000051e800000, 0x000000051f000000|  0%| F|  |TAMS 0x000000051e800000| PB 0x000000051e800000| Untracked 
|   4|0x000000051f000000, 0x000000051f000000, 0x000000051f800000|  0%| F|  |TAMS 0x000000051f000000| PB 0x000000051f000000| Untracked 
|   5|0x000000051f800000, 0x000000051f800000, 0x0000000520000000|  0%| F|  |TAMS 0x000000051f800000| PB 0x000000051f800000| Untracked 
|   6|0x0000000520000000, 0x0000000520000000, 0x0000000520800000|  0%| F|  |TAMS 0x0000000520000000| PB 0x0000000520000000| Untracked 
|   7|0x0000000520800000, 0x0000000520800000, 0x0000000521000000|  0%| F|  |TAMS 0x0000000520800000| PB 0x0000000520800000| Untracked 
|   8|0x0000000521000000, 0x0000000521000000, 0x0000000521800000|  0%| F|  |TAMS 0x0000000521000000| PB 0x0000000521000000| Untracked 
|   9|0x0000000521800000, 0x0000000521800000, 0x0000000522000000|  0%| F|  |TAMS 0x0000000521800000| PB 0x0000000521800000| Untracked 
|  10|0x0000000522000000, 0x0000000522000000, 0x0000000522800000|  0%| F|  |TAMS 0x0000000522000000| PB 0x0000000522000000| Untracked 
|  11|0x0000000522800000, 0x0000000522800000, 0x0000000523000000|  0%| F|  |TAMS 0x0000000522800000| PB 0x0000000522800000| Untracked 
|  12|0x0000000523000000, 0x0000000523000000, 0x0000000523800000|  0%| F|  |TAMS 0x0000000523000000| PB 0x0000000523000000| Untracked 
|  13|0x0000000523800000, 0x0000000523800000, 0x0000000524000000|  0%| F|  |TAMS 0x0000000523800000| PB 0x0000000523800000| Untracked 
|  14|0x0000000524000000, 0x0000000524000000, 0x0000000524800000|  0%| F|  |TAMS 0x0000000524000000| PB 0x0000000524000000| Untracked 
|  15|0x0000000524800000, 0x0000000524800000, 0x0000000525000000|  0%| F|  |TAMS 0x0000000524800000| PB 0x0000000524800000| Untracked 
|  16|0x0000000525000000, 0x0000000525000000, 0x0000000525800000|  0%| F|  |TAMS 0x0000000525000000| PB 0x0000000525000000| Untracked 
|  17|0x0000000525800000, 0x0000000525800000, 0x0000000526000000|  0%| F|  |TAMS 0x0000000525800000| PB 0x0000000525800000| Untracked 
|  18|0x0000000526000000, 0x0000000526000000, 0x0000000526800000|  0%| F|  |TAMS 0x0000000526000000| PB 0x0000000526000000| Untracked 
|  19|0x0000000526800000, 0x0000000526800000, 0x0000000527000000|  0%| F|  |TAMS 0x0000000526800000| PB 0x0000000526800000| Untracked 
|  20|0x0000000527000000, 0x0000000527000000, 0x0000000527800000|  0%| F|  |TAMS 0x0000000527000000| PB 0x0000000527000000| Untracked 
|  21|0x0000000527800000, 0x0000000527800000, 0x0000000528000000|  0%| F|  |TAMS 0x0000000527800000| PB 0x0000000527800000| Untracked 
|  22|0x0000000528000000, 0x0000000528000000, 0x0000000528800000|  0%| F|  |TAMS 0x0000000528000000| PB 0x0000000528000000| Untracked 
|  23|0x0000000528800000, 0x0000000528800000, 0x0000000529000000|  0%| F|  |TAMS 0x0000000528800000| PB 0x0000000528800000| Untracked 
|  24|0x0000000529000000, 0x0000000529000000, 0x0000000529800000|  0%| F|  |TAMS 0x0000000529000000| PB 0x0000000529000000| Untracked 
|  25|0x0000000529800000, 0x0000000529800000, 0x000000052a000000|  0%| F|  |TAMS 0x0000000529800000| PB 0x0000000529800000| Untracked 
|  26|0x000000052a000000, 0x000000052a000000, 0x000000052a800000|  0%| F|  |TAMS 0x000000052a000000| PB 0x000000052a000000| Untracked 
|  27|0x000000052a800000, 0x000000052a800000, 0x000000052b000000|  0%| F|  |TAMS 0x000000052a800000| PB 0x000000052a800000| Untracked 
|  28|0x000000052b000000, 0x000000052b000000, 0x000000052b800000|  0%| F|  |TAMS 0x000000052b000000| PB 0x000000052b000000| Untracked 
|  29|0x000000052b800000, 0x000000052b800000, 0x000000052c000000|  0%| F|  |TAMS 0x000000052b800000| PB 0x000000052b800000| Untracked 
|  30|0x000000052c000000, 0x000000052c000000, 0x000000052c800000|  0%| F|  |TAMS 0x000000052c000000| PB 0x000000052c000000| Untracked 
|  31|0x000000052c800000, 0x000000052c800000, 0x000000052d000000|  0%| F|  |TAMS 0x000000052c800000| PB 0x000000052c800000| Untracked 
|  32|0x000000052d000000, 0x000000052d000000, 0x000000052d800000|  0%| F|  |TAMS 0x000000052d000000| PB 0x000000052d000000| Untracked 
|  33|0x000000052d800000, 0x000000052d800000, 0x000000052e000000|  0%| F|  |TAMS 0x000000052d800000| PB 0x000000052d800000| Untracked 
|  34|0x000000052e000000, 0x000000052e000000, 0x000000052e800000|  0%| F|  |TAMS 0x000000052e000000| PB 0x000000052e000000| Untracked 
|  35|0x000000052e800000, 0x000000052e800000, 0x000000052f000000|  0%| F|  |TAMS 0x000000052e800000| PB 0x000000052e800000| Untracked 
|  36|0x000000052f000000, 0x000000052f000000, 0x000000052f800000|  0%| F|  |TAMS 0x000000052f000000| PB 0x000000052f000000| Untracked 
|  37|0x000000052f800000, 0x000000052f800000, 0x0000000530000000|  0%| F|  |TAMS 0x000000052f800000| PB 0x000000052f800000| Untracked 
|  38|0x0000000530000000, 0x0000000530000000, 0x0000000530800000|  0%| F|  |TAMS 0x0000000530000000| PB 0x0000000530000000| Untracked 
|  39|0x0000000530800000, 0x0000000530800000, 0x0000000531000000|  0%| F|  |TAMS 0x0000000530800000| PB 0x0000000530800000| Untracked 
|  40|0x0000000531000000, 0x0000000531000000, 0x0000000531800000|  0%| F|  |TAMS 0x0000000531000000| PB 0x0000000531000000| Untracked 
|  41|0x0000000531800000, 0x0000000531800000, 0x0000000532000000|  0%| F|  |TAMS 0x0000000531800000| PB 0x0000000531800000| Untracked 
|  42|0x0000000532000000, 0x0000000532000000, 0x0000000532800000|  0%| F|  |TAMS 0x0000000532000000| PB 0x0000000532000000| Untracked 
|  43|0x0000000532800000, 0x0000000532800000, 0x0000000533000000|  0%| F|  |TAMS 0x0000000532800000| PB 0x0000000532800000| Untracked 
|  44|0x0000000533000000, 0x0000000533000000, 0x0000000533800000|  0%| F|  |TAMS 0x0000000533000000| PB 0x0000000533000000| Untracked 
|  45|0x0000000533800000, 0x0000000533800000, 0x0000000534000000|  0%| F|  |TAMS 0x0000000533800000| PB 0x0000000533800000| Untracked 
|  46|0x0000000534000000, 0x0000000534000000, 0x0000000534800000|  0%| F|  |TAMS 0x0000000534000000| PB 0x0000000534000000| Untracked 
|  47|0x0000000534800000, 0x0000000534800000, 0x0000000535000000|  0%| F|  |TAMS 0x0000000534800000| PB 0x0000000534800000| Untracked 
|  48|0x0000000535000000, 0x0000000535000000, 0x0000000535800000|  0%| F|  |TAMS 0x0000000535000000| PB 0x0000000535000000| Untracked 
|  49|0x0000000535800000, 0x0000000535800000, 0x0000000536000000|  0%| F|  |TAMS 0x0000000535800000| PB 0x0000000535800000| Untracked 
|  50|0x0000000536000000, 0x0000000536000000, 0x0000000536800000|  0%| F|  |TAMS 0x0000000536000000| PB 0x0000000536000000| Untracked 
|  51|0x0000000536800000, 0x0000000536800000, 0x0000000537000000|  0%| F|  |TAMS 0x0000000536800000| PB 0x0000000536800000| Untracked 
|  52|0x0000000537000000, 0x0000000537000000, 0x0000000537800000|  0%| F|  |TAMS 0x0000000537000000| PB 0x0000000537000000| Untracked 
|  53|0x0000000537800000, 0x0000000537800000, 0x0000000538000000|  0%| F|  |TAMS 0x0000000537800000| PB 0x0000000537800000| Untracked 
|  54|0x0000000538000000, 0x0000000538000000, 0x0000000538800000|  0%| F|  |TAMS 0x0000000538000000| PB 0x0000000538000000| Untracked 
|  55|0x0000000538800000, 0x0000000538800000, 0x0000000539000000|  0%| F|  |TAMS 0x0000000538800000| PB 0x0000000538800000| Untracked 
|  56|0x0000000539000000, 0x0000000539000000, 0x0000000539800000|  0%| F|  |TAMS 0x0000000539000000| PB 0x0000000539000000| Untracked 
|  57|0x0000000539800000, 0x0000000539800000, 0x000000053a000000|  0%| F|  |TAMS 0x0000000539800000| PB 0x0000000539800000| Untracked 
|  58|0x000000053a000000, 0x000000053a000000, 0x000000053a800000|  0%| F|  |TAMS 0x000000053a000000| PB 0x000000053a000000| Untracked 
|  59|0x000000053a800000, 0x000000053a800000, 0x000000053b000000|  0%| F|  |TAMS 0x000000053a800000| PB 0x000000053a800000| Untracked 
|  60|0x000000053b000000, 0x000000053b000000, 0x000000053b800000|  0%| F|  |TAMS 0x000000053b000000| PB 0x000000053b000000| Untracked 
|  61|0x000000053b800000, 0x000000053b800000, 0x000000053c000000|  0%| F|  |TAMS 0x000000053b800000| PB 0x000000053b800000| Untracked 
|  62|0x000000053c000000, 0x000000053c000000, 0x000000053c800000|  0%| F|  |TAMS 0x000000053c000000| PB 0x000000053c000000| Untracked 
|  63|0x000000053c800000, 0x000000053c800000, 0x000000053d000000|  0%| F|  |TAMS 0x000000053c800000| PB 0x000000053c800000| Untracked 
|  64|0x000000053d000000, 0x000000053d000000, 0x000000053d800000|  0%| F|  |TAMS 0x000000053d000000| PB 0x000000053d000000| Untracked 
|  65|0x000000053d800000, 0x000000053d800000, 0x000000053e000000|  0%| F|  |TAMS 0x000000053d800000| PB 0x000000053d800000| Untracked 
|  66|0x000000053e000000, 0x000000053e000000, 0x000000053e800000|  0%| F|  |TAMS 0x000000053e000000| PB 0x000000053e000000| Untracked 
|  67|0x000000053e800000, 0x000000053e800000, 0x000000053f000000|  0%| F|  |TAMS 0x000000053e800000| PB 0x000000053e800000| Untracked 
|  68|0x000000053f000000, 0x000000053f000000, 0x000000053f800000|  0%| F|  |TAMS 0x000000053f000000| PB 0x000000053f000000| Untracked 
|  69|0x000000053f800000, 0x000000053f800000, 0x0000000540000000|  0%| F|  |TAMS 0x000000053f800000| PB 0x000000053f800000| Untracked 
|  70|0x0000000540000000, 0x0000000540000000, 0x0000000540800000|  0%| F|  |TAMS 0x0000000540000000| PB 0x0000000540000000| Untracked 
|  71|0x0000000540800000, 0x0000000540800000, 0x0000000541000000|  0%| F|  |TAMS 0x0000000540800000| PB 0x0000000540800000| Untracked 
|  72|0x0000000541000000, 0x0000000541000000, 0x0000000541800000|  0%| F|  |TAMS 0x0000000541000000| PB 0x0000000541000000| Untracked 
|  73|0x0000000541800000, 0x0000000541800000, 0x0000000542000000|  0%| F|  |TAMS 0x0000000541800000| PB 0x0000000541800000| Untracked 
|  74|0x0000000542000000, 0x0000000542000000, 0x0000000542800000|  0%| F|  |TAMS 0x0000000542000000| PB 0x0000000542000000| Untracked 
|  75|0x0000000542800000, 0x0000000542800000, 0x0000000543000000|  0%| F|  |TAMS 0x0000000542800000| PB 0x0000000542800000| Untracked 
|  76|0x0000000543000000, 0x0000000543000000, 0x0000000543800000|  0%| F|  |TAMS 0x0000000543000000| PB 0x0000000543000000| Untracked 
|  77|0x0000000543800000, 0x0000000543800000, 0x0000000544000000|  0%| F|  |TAMS 0x0000000543800000| PB 0x0000000543800000| Untracked 
|  78|0x0000000544000000, 0x0000000544000000, 0x0000000544800000|  0%| F|  |TAMS 0x0000000544000000| PB 0x0000000544000000| Untracked 
|  79|0x0000000544800000, 0x0000000544800000, 0x0000000545000000|  0%| F|  |TAMS 0x0000000544800000| PB 0x0000000544800000| Untracked 
|  80|0x0000000545000000, 0x0000000545000000, 0x0000000545800000|  0%| F|  |TAMS 0x0000000545000000| PB 0x0000000545000000| Untracked 
|  81|0x0000000545800000, 0x0000000545800000, 0x0000000546000000|  0%| F|  |TAMS 0x0000000545800000| PB 0x0000000545800000| Untracked 
|  82|0x0000000546000000, 0x0000000546000000, 0x0000000546800000|  0%| F|  |TAMS 0x0000000546000000| PB 0x0000000546000000| Untracked 
|  83|0x0000000546800000, 0x0000000546800000, 0x0000000547000000|  0%| F|  |TAMS 0x0000000546800000| PB 0x0000000546800000| Untracked 
|  84|0x0000000547000000, 0x0000000547000000, 0x0000000547800000|  0%| F|  |TAMS 0x0000000547000000| PB 0x0000000547000000| Untracked 
|  85|0x0000000547800000, 0x0000000547800000, 0x0000000548000000|  0%| F|  |TAMS 0x0000000547800000| PB 0x0000000547800000| Untracked 
|  86|0x0000000548000000, 0x0000000548000000, 0x0000000548800000|  0%| F|  |TAMS 0x0000000548000000| PB 0x0000000548000000| Untracked 
|  87|0x0000000548800000, 0x0000000548800000, 0x0000000549000000|  0%| F|  |TAMS 0x0000000548800000| PB 0x0000000548800000| Untracked 
|  88|0x0000000549000000, 0x0000000549000000, 0x0000000549800000|  0%| F|  |TAMS 0x0000000549000000| PB 0x0000000549000000| Untracked 
|  89|0x0000000549800000, 0x0000000549800000, 0x000000054a000000|  0%| F|  |TAMS 0x0000000549800000| PB 0x0000000549800000| Untracked 
|  90|0x000000054a000000, 0x000000054a000000, 0x000000054a800000|  0%| F|  |TAMS 0x000000054a000000| PB 0x000000054a000000| Untracked 
|  91|0x000000054a800000, 0x000000054a800000, 0x000000054b000000|  0%| F|  |TAMS 0x000000054a800000| PB 0x000000054a800000| Untracked 
|  92|0x000000054b000000, 0x000000054b3d7168, 0x000000054b800000| 48%| E|  |TAMS 0x000000054b000000| PB 0x000000054b000000| Complete 
|1477|0x00000007ff800000, 0x00000007ff90c620, 0x0000000800000000| 13%| O|  |TAMS 0x00000007ff800000| PB 0x00000007ff800000| Untracked 

Card table byte_map: [0x00007f747ece8000,0x00007f7480400000] _byte_map_base: 0x00007f747c400000

Marking Bits: (CMBitMap*) 0x00007f7498073d10
 Bits: [0x00007f7473428000, 0x00007f747ece8000)

Polling page: 0x00007f74a0e65000

Metaspace:

Usage:
  Non-class:      1.00 MB used.
      Class:    113.40 KB used.
       Both:      1.11 MB used.

Virtual space:
  Non-class space:       64.00 MB reserved,       1.06 MB (  2%) committed,  1 nodes.
      Class space:        1.00 GB reserved,     192.00 KB ( <1%) committed,  1 nodes.
             Both:        1.06 GB reserved,       1.25 MB ( <1%) committed. 

Chunk freelists:
   Non-Class:  11.94 MB
       Class:  15.72 MB
        Both:  27.67 MB

MaxMetaspaceSize: unlimited
CompressedClassSpaceSize: 1.00 GB
Initial GC threshold: 21.00 MB
Current GC threshold: 21.00 MB
CDS: on
 - commit_granule_bytes: 65536.
 - commit_granule_words: 8192.
 - virtual_space_node_default_size: 8388608.
 - enlarge_chunks_in_place: 1.
 - use_allocation_guard: 0.


Internal statistics:

num_allocs_failed_limit: 0.
num_arena_births: 48.
num_arena_deaths: 0.
num_vsnodes_births: 2.
num_vsnodes_deaths: 0.
num_space_committed: 20.
num_space_uncommitted: 0.
num_chunks_returned_to_freelist: 0.
num_chunks_taken_from_freelist: 70.
num_chunk_merges: 0.
num_chunk_splits: 36.
num_chunks_enlarged: 3.
num_inconsistent_stats: 0.

CodeHeap 'non-profiled nmethods': size=118880Kb used=81Kb max_used=81Kb free=118798Kb
 bounds [0x00007f7487fe8000, 0x00007f7488258000, 0x00007f748f400000]
CodeHeap 'profiled nmethods': size=118876Kb used=317Kb max_used=317Kb free=118558Kb
 bounds [0x00007f7480400000, 0x00007f7480670000, 0x00007f7487817000]
CodeHeap 'non-nmethods': size=8004Kb used=1961Kb max_used=1973Kb free=6042Kb
 bounds [0x00007f7487817000, 0x00007f7487a87000, 0x00007f7487fe8000]
CodeCache: size=245760Kb, used=2359Kb, max_used=2371Kb, free=243398Kb
 total_blobs=662, nmethods=236, adapters=331, full_count=0
Compilation: enabled, stopped_count=0, restarted_count=0

Compilation events (20 events):
Event: 0.030 Thread 0x00007f73e801d4e0  226   !   3       java.nio.DirectByteBuffer::get (34 bytes)
Event: 0.030 Thread 0x00007f74981758c0 nmethod 222 0x00007f7487ffb790 code [0x00007f7487ffb900, 0x00007f7487ffb978]
Event: 0.030 Thread 0x00007f74981758c0  230       4       java.lang.ref.Reference::reachabilityFence (1 bytes)
Event: 0.030 Thread 0x00007f74981758c0 nmethod 230 0x00007f7487ffba90 code [0x00007f7487ffbc00, 0x00007f7487ffbc68]
Event: 0.030 Thread 0x00007f7498176f90 nmethod 223 0x00007f748044a410 code [0x00007f748044a6c0, 0x00007f748044b468]
Event: 0.030 Thread 0x00007f7498176f90  232       3       jdk.internal.jimage.ImageStringsReader::unmaskedHashCode (166 bytes)
Event: 0.030 Thread 0x00007f73e801d4e0 nmethod 226 0x00007f748044b990 code [0x00007f748044bbe0, 0x00007f748044c528]
Event: 0.030 Thread 0x00007f73e801d4e0  227       3       java.nio.DirectByteBuffer::ix (10 bytes)
Event: 0.031 Thread 0x00007f73e801d4e0 nmethod 227 0x00007f748044ca10 code [0x00007f748044cba0, 0x00007f748044ccb0]
Event: 0.031 Thread 0x00007f73e801d4e0  228   !   3       jdk.internal.misc.ScopedMemoryAccess::getByte (16 bytes)
Event: 0.031 Thread 0x00007f73e801d4e0 nmethod 228 0x00007f748044cd10 code [0x00007f748044cee0, 0x00007f748044d2b8]
Event: 0.031 Thread 0x00007f73e801d4e0  229   !   3       jdk.internal.misc.ScopedMemoryAccess::getByteInternal (34 bytes)
Event: 0.031 Thread 0x00007f73e801d4e0 nmethod 229 0x00007f748044d490 code [0x00007f748044d640, 0x00007f748044d898]
Event: 0.031 Thread 0x00007f73e801d4e0  233       1       java.nio.Buffer::limit (5 bytes)
Event: 0.031 Thread 0x00007f73e801d4e0 nmethod 233 0x00007f7487ffbd90 code [0x00007f7487ffbf20, 0x00007f7487ffbfe0]
Event: 0.031 Thread 0x00007f7498176f90 nmethod 232 0x00007f748044da10 code [0x00007f748044dc60, 0x00007f748044e758]
Event: 0.031 Thread 0x00007f7498176f90  234       3       java.util.HashMap::newNode (13 bytes)
Event: 0.031 Thread 0x00007f73e801d4e0  235       3       java.util.HashMap::afterNodeInsertion (1 bytes)
Event: 0.031 Thread 0x00007f73e801d4e0 nmethod 235 0x00007f748044ec10 code [0x00007f748044eda0, 0x00007f748044eea0]
Event: 0.031 Thread 0x00007f7498176f90 nmethod 234 0x00007f748044ef10 code [0x00007f748044f0c0, 0x00007f748044f410]

GC Heap History (0 events):
No events

Dll operation events (7 events):
Event: 0.001 Loaded shared library /usr/lib/jvm/java-21-openjdk/lib/libjava.so
Event: 0.008 Loaded shared library /usr/lib/jvm/java-21-openjdk/lib/libjsvml.so
Event: 0.010 Loaded shared library /usr/lib/jvm/java-21-openjdk/lib/libnio.so
Event: 0.011 Loaded shared library /usr/lib/jvm/java-21-openjdk/lib/libzip.so
Event: 0.029 Loaded shared library /usr/lib/jvm/java-21-openjdk/lib/libnet.so
Event: 0.030 Loaded shared library /usr/lib/jvm/java-21-openjdk/lib/libjimage.so
Event: 0.032 Loaded shared library /tmp/libneko_2476216240268340917.so

Deoptimization events (0 events):
No events

Classes loaded (20 events):
Event: 0.032 Loading class java/nio/channels/spi/AbstractSelectableChannel
Event: 0.032 Loading class java/nio/channels/SelectableChannel
Event: 0.032 Loading class java/nio/channels/SelectableChannel done
Event: 0.032 Loading class java/nio/channels/spi/AbstractSelectableChannel done
Event: 0.032 Loading class java/nio/channels/SocketChannel done
Event: 0.032 Loading class sun/nio/ch/SocketChannelImpl done
Event: 0.032 Loading class sun/nio/ch/ChannelOutputStream
Event: 0.032 Loading class sun/nio/ch/ChannelOutputStream done
Event: 0.032 Loading class sun/nio/ch/NativeThread
Event: 0.032 Loading class sun/nio/ch/NativeThread done
Event: 0.032 Loading class sun/nio/ch/Util
Event: 0.032 Loading class sun/nio/ch/Util done
Event: 0.032 Loading class sun/nio/ch/Util$1
Event: 0.032 Loading class sun/nio/ch/Util$1 done
Event: 0.032 Loading class sun/nio/ch/Util$BufferCache
Event: 0.032 Loading class sun/nio/ch/Util$BufferCache done
Event: 0.032 Loading class java/nio/DirectByteBuffer$Deallocator
Event: 0.032 Loading class java/nio/DirectByteBuffer$Deallocator done
Event: 0.032 Loading class sun/nio/ch/IOStatus
Event: 0.032 Loading class sun/nio/ch/IOStatus done

Classes unloaded (0 events):
No events

Classes redefined (0 events):
No events

Internal exceptions (0 events):
No events

ZGC Phase Switch (0 events):
No events

VM Operations (0 events):
No events

Memory protections (11 events):
Event: 0.001 Protecting memory [0x00007f749f300000,0x00007f749f304000] with protection modes 0
Event: 0.008 Protecting memory [0x00007f7463100000,0x00007f7463104000] with protection modes 0
Event: 0.008 Protecting memory [0x00007f7462fff000,0x00007f7463003000] with protection modes 0
Event: 0.008 Protecting memory [0x00007f7462efe000,0x00007f7462f02000] with protection modes 0
Event: 0.008 Protecting memory [0x00007f7462dfd000,0x00007f7462e01000] with protection modes 0
Event: 0.008 Protecting memory [0x00007f7462cfc000,0x00007f7462d00000] with protection modes 0
Event: 0.008 Protecting memory [0x00007f7462bfb000,0x00007f7462bff000] with protection modes 0
Event: 0.008 Protecting memory [0x00007f7462afa000,0x00007f7462afe000] with protection modes 0
Event: 0.009 Protecting memory [0x00007f7462928000,0x00007f746292c000] with protection modes 0
Event: 0.010 Protecting memory [0x00007f7462827000,0x00007f746282b000] with protection modes 0
Event: 0.016 Protecting memory [0x00007f7462726000,0x00007f746272a000] with protection modes 0

Nmethod flushes (0 events):
No events

Events (11 events):
Event: 0.005 Thread 0x00007f7498019c70 Thread added: 0x00007f7498019c70
Event: 0.008 Thread 0x00007f7498019c70 Thread added: 0x00007f749816e470
Event: 0.008 Thread 0x00007f7498019c70 Thread added: 0x00007f749816f9f0
Event: 0.008 Thread 0x00007f7498019c70 Thread added: 0x00007f7498171190
Event: 0.008 Thread 0x00007f7498019c70 Thread added: 0x00007f74981727e0
Event: 0.008 Thread 0x00007f7498019c70 Thread added: 0x00007f7498173d90
Event: 0.008 Thread 0x00007f7498019c70 Thread added: 0x00007f74981758c0
Event: 0.008 Thread 0x00007f7498019c70 Thread added: 0x00007f7498176f90
Event: 0.009 Thread 0x00007f7498019c70 Thread added: 0x00007f7498182f00
Event: 0.010 Thread 0x00007f7498019c70 Thread added: 0x00007f7498185e40
Event: 0.016 Thread 0x00007f7498176f90 Thread added: 0x00007f73e801d4e0


Dynamic libraries:
51d000000-54b800000 rw-p 00000000 00:00 0 
54b800000-7ff800000 ---p 00000000 00:00 0 
7ff800000-7ff90d000 rw-p 00cda000 103:06 12095119                        /usr/lib/jvm/java-21-openjdk/lib/server/classes.jsa
7ff90d000-800000000 rw-p 00000000 00:00 0 
555b8832c000-555b8832d000 r--p 00000000 103:06 12094845                  /usr/lib/jvm/java-21-openjdk/bin/java
555b8832d000-555b8832e000 r-xp 00001000 103:06 12094845                  /usr/lib/jvm/java-21-openjdk/bin/java
555b8832e000-555b8832f000 r--p 00002000 103:06 12094845                  /usr/lib/jvm/java-21-openjdk/bin/java
555b8832f000-555b88330000 r--p 00002000 103:06 12094845                  /usr/lib/jvm/java-21-openjdk/bin/java
555b88330000-555b88331000 rw-p 00003000 103:06 12094845                  /usr/lib/jvm/java-21-openjdk/bin/java
555b95e8b000-555b95ed7000 rw-p 00000000 00:00 0                          [heap]
7f73e0000000-7f73e0021000 rw-p 00000000 00:00 0 
7f73e0021000-7f73e4000000 ---p 00000000 00:00 0 
7f73e4000000-7f73e40c5000 rw-p 00000000 00:00 0 
7f73e40c5000-7f73e8000000 ---p 00000000 00:00 0 
7f73e8000000-7f73e8116000 rw-p 00000000 00:00 0 
7f73e8116000-7f73ec000000 ---p 00000000 00:00 0 
7f73ec000000-7f73ec021000 rw-p 00000000 00:00 0 
7f73ec021000-7f73f0000000 ---p 00000000 00:00 0 
7f73f0000000-7f73f0021000 rw-p 00000000 00:00 0 
7f73f0021000-7f73f4000000 ---p 00000000 00:00 0 
7f73f4000000-7f73f40aa000 rw-p 00000000 00:00 0 
7f73f40aa000-7f73f8000000 ---p 00000000 00:00 0 
7f73f8000000-7f73f8021000 rw-p 00000000 00:00 0 
7f73f8021000-7f73fc000000 ---p 00000000 00:00 0 
7f73fc000000-7f73fc021000 rw-p 00000000 00:00 0 
7f73fc021000-7f7400000000 ---p 00000000 00:00 0 
7f7400000000-7f7400021000 rw-p 00000000 00:00 0 
7f7400021000-7f7404000000 ---p 00000000 00:00 0 
7f7404000000-7f7404021000 rw-p 00000000 00:00 0 
7f7404021000-7f7408000000 ---p 00000000 00:00 0 
7f7408000000-7f7408021000 rw-p 00000000 00:00 0 
7f7408021000-7f740c000000 ---p 00000000 00:00 0 
7f740f000000-7f740f100000 rw-p 00000000 00:00 0 
7f740f100000-7f740f400000 ---p 00000000 00:00 0 
7f740f400000-7f740f410000 rw-p 00000000 00:00 0 
7f740f410000-7f7413000000 ---p 00000000 00:00 0 
7f7413000000-7f7413c9b000 rw-p 00001000 103:06 12095119                  /usr/lib/jvm/java-21-openjdk/lib/server/classes.jsa
7f7413c9b000-7f7414000000 ---p 00000000 00:00 0 
7f7414000000-7f7414010000 rw-p 00000000 00:00 0 
7f7414010000-7f7414040000 ---p 00000000 00:00 0 
7f7414040000-7f7414060000 rw-p 00000000 00:00 0 
7f7414060000-7f7454000000 ---p 00000000 00:00 0 
7f7454000000-7f7454021000 rw-p 00000000 00:00 0 
7f7454021000-7f7458000000 ---p 00000000 00:00 0 
7f7458000000-7f7458021000 rw-p 00000000 00:00 0 
7f7458021000-7f745c000000 ---p 00000000 00:00 0 
7f745c000000-7f745c021000 rw-p 00000000 00:00 0 
7f745c021000-7f7460000000 ---p 00000000 00:00 0 
7f7462725000-7f7462726000 rw-p 00000000 00:00 0 
7f7462726000-7f746272a000 ---p 00000000 00:00 0 
7f746272a000-7f7462827000 rw-p 00000000 00:00 0 
7f7462827000-7f746282b000 ---p 00000000 00:00 0 
7f746282b000-7f7462928000 rw-p 00000000 00:00 0 
7f7462928000-7f746292c000 ---p 00000000 00:00 0 
7f746292c000-7f7462a28000 rw-p 00000000 00:00 0 
7f7462a28000-7f7462a2d000 r--p 00000000 103:06 12095093                  /usr/lib/jvm/java-21-openjdk/lib/libjsvml.so
7f7462a2d000-7f7462a6e000 r-xp 00005000 103:06 12095093                  /usr/lib/jvm/java-21-openjdk/lib/libjsvml.so
7f7462a6e000-7f7462af7000 r--p 00046000 103:06 12095093                  /usr/lib/jvm/java-21-openjdk/lib/libjsvml.so
7f7462af7000-7f7462af8000 r--p 000ce000 103:06 12095093                  /usr/lib/jvm/java-21-openjdk/lib/libjsvml.so
7f7462af8000-7f7462af9000 rw-p 000cf000 103:06 12095093                  /usr/lib/jvm/java-21-openjdk/lib/libjsvml.so
7f7462af9000-7f7462afa000 rw-p 00000000 00:00 0 
7f7462afa000-7f7462afe000 ---p 00000000 00:00 0 
7f7462afe000-7f7462bfb000 rw-p 00000000 00:00 0 
7f7462bfb000-7f7462bff000 ---p 00000000 00:00 0 
7f7462bff000-7f7462cfc000 rw-p 00000000 00:00 0 
7f7462cfc000-7f7462d00000 ---p 00000000 00:00 0 
7f7462d00000-7f7462dfd000 rw-p 00000000 00:00 0 
7f7462dfd000-7f7462e01000 ---p 00000000 00:00 0 
7f7462e01000-7f7462efe000 rw-p 00000000 00:00 0 
7f7462efe000-7f7462f02000 ---p 00000000 00:00 0 
7f7462f02000-7f7462fff000 rw-p 00000000 00:00 0 
7f7462fff000-7f7463003000 ---p 00000000 00:00 0 
7f7463003000-7f7463100000 rw-p 00000000 00:00 0 
7f7463100000-7f7463104000 ---p 00000000 00:00 0 
7f7463104000-7f7463200000 rw-p 00000000 00:00 0 
7f7463200000-7f74637f4000 r--p 00000000 103:06 11870942                  /usr/lib/locale/locale-archive
7f74637f8000-7f7463bfc000 rw-p 00000000 00:00 0 
7f7463bfc000-7f7464021000 rw-p 00000000 00:00 0 
7f7464021000-7f7468000000 ---p 00000000 00:00 0 
7f7468000000-7f7468021000 rw-p 00000000 00:00 0 
7f7468021000-7f746c000000 ---p 00000000 00:00 0 
7f746c000000-7f746c021000 rw-p 00000000 00:00 0 
7f746c021000-7f7470000000 ---p 00000000 00:00 0 
7f7470011000-7f7473400000 rw-p 00000000 00:00 0 
7f7473428000-7f7473fc8000 rw-p 00000000 00:00 0 
7f7473fc8000-7f747ecc8000 ---p 00000000 00:00 0 
7f747ecc8000-7f747ee5c000 rw-p 00000000 00:00 0 
7f747ee5c000-7f74803fc000 ---p 00000000 00:00 0 
7f74803fc000-7f7480400000 rw-p 00000000 00:00 0 
7f7480400000-7f7480670000 rwxp 00000000 00:00 0 
7f7480670000-7f7487817000 ---p 00000000 00:00 0 
7f7487817000-7f7487a87000 rwxp 00000000 00:00 0 
7f7487a87000-7f7487fe8000 ---p 00000000 00:00 0 
7f7487fe8000-7f7488258000 rwxp 00000000 00:00 0 
7f7488258000-7f748f400000 ---p 00000000 00:00 0 
7f748f400000-7f7497ebc000 r--s 00000000 103:06 12095110                  /usr/lib/jvm/java-21-openjdk/lib/modules
7f7497eff000-7f7498000000 rw-p 00000000 00:00 0 
7f7498000000-7f749823a000 rw-p 00000000 00:00 0 
7f749823a000-7f749c000000 ---p 00000000 00:00 0 
7f749c001000-7f749c006000 r--p 00000000 00:22 17475                      /tmp/libneko_2476216240268340917.so
7f749c006000-7f749c010000 r-xp 00004000 00:22 17475                      /tmp/libneko_2476216240268340917.so
7f749c010000-7f749c011000 r--p 0000d000 00:22 17475                      /tmp/libneko_2476216240268340917.so
7f749c011000-7f749c012000 rw-p 0000d000 00:22 17475                      /tmp/libneko_2476216240268340917.so
7f749c012000-7f749c013000 rw-p 00000000 00:00 0 
7f749c013000-7f749c215000 rw-p 00000000 00:00 0 
7f749c215000-7f749c473000 rw-p 00000000 00:00 0 
7f749c473000-7f749da13000 ---p 00000000 00:00 0 
7f749da13000-7f749f133000 rw-p 00000000 00:00 0 
7f749f133000-7f749f217000 ---p 00000000 00:00 0 
7f749f217000-7f749f21c000 rw-p 00000000 00:00 0 
7f749f21c000-7f749f300000 ---p 00000000 00:00 0 
7f749f300000-7f749f304000 ---p 00000000 00:00 0 
7f749f304000-7f749f400000 rw-p 00000000 00:00 0 
7f749f400000-7f749f497000 r--p 00000000 103:06 11800403                  /usr/lib/libstdc++.so.6.0.34
7f749f497000-7f749f5ec000 r-xp 00097000 103:06 11800403                  /usr/lib/libstdc++.so.6.0.34
7f749f5ec000-7f749f67e000 r--p 001ec000 103:06 11800403                  /usr/lib/libstdc++.so.6.0.34
7f749f67e000-7f749f68f000 r--p 0027e000 103:06 11800403                  /usr/lib/libstdc++.so.6.0.34
7f749f68f000-7f749f690000 rw-p 0028f000 103:06 11800403                  /usr/lib/libstdc++.so.6.0.34
7f749f690000-7f749f694000 rw-p 00000000 00:00 0 
7f749f6a1000-7f749f6e2000 rw-p 00000000 00:00 0 
7f749f6e2000-7f749f6f2000 r--p 00000000 103:06 11799566                  /usr/lib/libm.so.6
7f749f6f2000-7f749f789000 r-xp 00010000 103:06 11799566                  /usr/lib/libm.so.6
7f749f789000-7f749f7fe000 r--p 000a7000 103:06 11799566                  /usr/lib/libm.so.6
7f749f7fe000-7f749f7ff000 r--p 0011b000 103:06 11799566                  /usr/lib/libm.so.6
7f749f7ff000-7f749f800000 rw-p 0011c000 103:06 11799566                  /usr/lib/libm.so.6
7f749f800000-7f749f810000 r--p 00000000 103:06 12095122                  /usr/lib/jvm/java-21-openjdk/lib/server/libjvm.so
7f749f810000-7f74a0716000 r-xp 00010000 103:06 12095122                  /usr/lib/jvm/java-21-openjdk/lib/server/libjvm.so
7f74a0716000-7f74a09ef000 r--p 00f16000 103:06 12095122                  /usr/lib/jvm/java-21-openjdk/lib/server/libjvm.so
7f74a09ef000-7f74a0ac5000 r--p 011ef000 103:06 12095122                  /usr/lib/jvm/java-21-openjdk/lib/server/libjvm.so
7f74a0ac5000-7f74a0af5000 rw-p 012c5000 103:06 12095122                  /usr/lib/jvm/java-21-openjdk/lib/server/libjvm.so
7f74a0af5000-7f74a0b5b000 rw-p 00000000 00:00 0 
7f74a0b60000-7f74a0b62000 r--p 00000000 103:06 12095109                  /usr/lib/jvm/java-21-openjdk/lib/libzip.so
7f74a0b62000-7f74a0b66000 r-xp 00002000 103:06 12095109                  /usr/lib/jvm/java-21-openjdk/lib/libzip.so
7f74a0b66000-7f74a0b68000 r--p 00006000 103:06 12095109                  /usr/lib/jvm/java-21-openjdk/lib/libzip.so
7f74a0b68000-7f74a0b69000 r--p 00007000 103:06 12095109                  /usr/lib/jvm/java-21-openjdk/lib/libzip.so
7f74a0b69000-7f74a0b6a000 rw-p 00008000 103:06 12095109                  /usr/lib/jvm/java-21-openjdk/lib/libzip.so
7f74a0b6a000-7f74a0b6d000 r--p 00000000 103:06 12095100                  /usr/lib/jvm/java-21-openjdk/lib/libnet.so
7f74a0b6d000-7f74a0b75000 r-xp 00003000 103:06 12095100                  /usr/lib/jvm/java-21-openjdk/lib/libnet.so
7f74a0b75000-7f74a0b77000 r--p 0000b000 103:06 12095100                  /usr/lib/jvm/java-21-openjdk/lib/libnet.so
7f74a0b77000-7f74a0b78000 r--p 0000c000 103:06 12095100                  /usr/lib/jvm/java-21-openjdk/lib/libnet.so
7f74a0b78000-7f74a0b79000 rw-p 0000d000 103:06 12095100                  /usr/lib/jvm/java-21-openjdk/lib/libnet.so
7f74a0b79000-7f74a0b80000 r--p 00000000 103:06 12095101                  /usr/lib/jvm/java-21-openjdk/lib/libnio.so
7f74a0b80000-7f74a0b89000 r-xp 00007000 103:06 12095101                  /usr/lib/jvm/java-21-openjdk/lib/libnio.so
7f74a0b89000-7f74a0b8d000 r--p 00010000 103:06 12095101                  /usr/lib/jvm/java-21-openjdk/lib/libnio.so
7f74a0b8d000-7f74a0b8e000 r--p 00014000 103:06 12095101                  /usr/lib/jvm/java-21-openjdk/lib/libnio.so
7f74a0b8e000-7f74a0b8f000 rw-p 00015000 103:06 12095101                  /usr/lib/jvm/java-21-openjdk/lib/libnio.so
7f74a0b8f000-7f74a0bf1000 rw-p 00000000 00:00 0 
7f74a0bf1000-7f74a0bfc000 ---p 00000000 00:00 0 
7f74a0bfc000-7f74a0c00000 r--p 00000000 103:06 11800376                  /usr/lib/libgcc_s.so.1
7f74a0c00000-7f74a0c23000 r-xp 00004000 103:06 11800376                  /usr/lib/libgcc_s.so.1
7f74a0c23000-7f74a0c27000 r--p 00027000 103:06 11800376                  /usr/lib/libgcc_s.so.1
7f74a0c27000-7f74a0c28000 r--p 0002a000 103:06 11800376                  /usr/lib/libgcc_s.so.1
7f74a0c28000-7f74a0c29000 rw-p 0002b000 103:06 11800376                  /usr/lib/libgcc_s.so.1
7f74a0c29000-7f74a0c2b000 rw-p 00000000 00:00 0 
7f74a0c2b000-7f74a0c2e000 r--p 00000000 103:06 11803691                  /usr/lib/libz.so.1.3.2
7f74a0c2e000-7f74a0c3e000 r-xp 00003000 103:06 11803691                  /usr/lib/libz.so.1.3.2
7f74a0c3e000-7f74a0c44000 r--p 00013000 103:06 11803691                  /usr/lib/libz.so.1.3.2
7f74a0c44000-7f74a0c45000 r--p 00018000 103:06 11803691                  /usr/lib/libz.so.1.3.2
7f74a0c45000-7f74a0c46000 rw-p 00019000 103:06 11803691                  /usr/lib/libz.so.1.3.2
7f74a0c46000-7f74a0c6a000 r--p 00000000 103:06 11799556                  /usr/lib/libc.so.6
7f74a0c6a000-7f74a0ddb000 r-xp 00024000 103:06 11799556                  /usr/lib/libc.so.6
7f74a0ddb000-7f74a0e29000 r--p 00195000 103:06 11799556                  /usr/lib/libc.so.6
7f74a0e29000-7f74a0e2d000 r--p 001e2000 103:06 11799556                  /usr/lib/libc.so.6
7f74a0e2d000-7f74a0e2f000 rw-p 001e6000 103:06 11799556                  /usr/lib/libc.so.6
7f74a0e2f000-7f74a0e37000 rw-p 00000000 00:00 0 
7f74a0e38000-7f74a0e39000 r--p 00000000 103:06 11799561                  /usr/lib/libdl.so.2
7f74a0e39000-7f74a0e3a000 r-xp 00001000 103:06 11799561                  /usr/lib/libdl.so.2
7f74a0e3a000-7f74a0e3b000 r--p 00002000 103:06 11799561                  /usr/lib/libdl.so.2
7f74a0e3b000-7f74a0e3c000 r--p 00002000 103:06 11799561                  /usr/lib/libdl.so.2
7f74a0e3c000-7f74a0e3d000 rw-p 00003000 103:06 11799561                  /usr/lib/libdl.so.2
7f74a0e3d000-7f74a0e47000 r--p 00000000 103:06 12095085                  /usr/lib/jvm/java-21-openjdk/lib/libjava.so
7f74a0e47000-7f74a0e55000 r-xp 0000a000 103:06 12095085                  /usr/lib/jvm/java-21-openjdk/lib/libjava.so
7f74a0e55000-7f74a0e5a000 r--p 00018000 103:06 12095085                  /usr/lib/jvm/java-21-openjdk/lib/libjava.so
7f74a0e5a000-7f74a0e5b000 r--p 0001d000 103:06 12095085                  /usr/lib/jvm/java-21-openjdk/lib/libjava.so
7f74a0e5b000-7f74a0e5c000 rw-p 0001e000 103:06 12095085                  /usr/lib/jvm/java-21-openjdk/lib/libjava.so
7f74a0e5c000-7f74a0e5d000 rw-p 00000000 00:00 0 
7f74a0e5d000-7f74a0e65000 rw-s 00000000 00:22 17473                      /tmp/hsperfdata_fadouse/2090318
7f74a0e65000-7f74a0e66000 ---p 00000000 00:00 0 
7f74a0e66000-7f74a0e67000 r--p 00000000 00:00 0 
7f74a0e67000-7f74a0e68000 ---p 00000000 00:00 0 
7f74a0e68000-7f74a0e69000 r--p 00000000 103:06 12095089                  /usr/lib/jvm/java-21-openjdk/lib/libjimage.so
7f74a0e69000-7f74a0e6b000 r-xp 00001000 103:06 12095089                  /usr/lib/jvm/java-21-openjdk/lib/libjimage.so
7f74a0e6b000-7f74a0e6c000 r--p 00003000 103:06 12095089                  /usr/lib/jvm/java-21-openjdk/lib/libjimage.so
7f74a0e6c000-7f74a0e6d000 r--p 00004000 103:06 12095089                  /usr/lib/jvm/java-21-openjdk/lib/libjimage.so
7f74a0e6d000-7f74a0e6e000 rw-p 00005000 103:06 12095089                  /usr/lib/jvm/java-21-openjdk/lib/libjimage.so
7f74a0e6e000-7f74a0e70000 r--p 00000000 103:06 12095090                  /usr/lib/jvm/java-21-openjdk/lib/libjli.so
7f74a0e70000-7f74a0e7a000 r-xp 00002000 103:06 12095090                  /usr/lib/jvm/java-21-openjdk/lib/libjli.so
7f74a0e7a000-7f74a0e7d000 r--p 0000c000 103:06 12095090                  /usr/lib/jvm/java-21-openjdk/lib/libjli.so
7f74a0e7d000-7f74a0e7e000 r--p 0000f000 103:06 12095090                  /usr/lib/jvm/java-21-openjdk/lib/libjli.so
7f74a0e7e000-7f74a0e7f000 rw-p 00010000 103:06 12095090                  /usr/lib/jvm/java-21-openjdk/lib/libjli.so
7f74a0e7f000-7f74a0e81000 rw-p 00000000 00:00 0 
7f74a0e81000-7f74a0e85000 r--p 00000000 00:00 0                          [vvar]
7f74a0e85000-7f74a0e87000 r--p 00000000 00:00 0                          [vvar_vclock]
7f74a0e87000-7f74a0e89000 r-xp 00000000 00:00 0                          [vdso]
7f74a0e89000-7f74a0e8a000 r--p 00000000 103:06 11799547                  /usr/lib/ld-linux-x86-64.so.2
7f74a0e8a000-7f74a0eb4000 r-xp 00001000 103:06 11799547                  /usr/lib/ld-linux-x86-64.so.2
7f74a0eb4000-7f74a0ebf000 r--p 0002b000 103:06 11799547                  /usr/lib/ld-linux-x86-64.so.2
7f74a0ebf000-7f74a0ec1000 r--p 00036000 103:06 11799547                  /usr/lib/ld-linux-x86-64.so.2
7f74a0ec1000-7f74a0ec2000 rw-p 00038000 103:06 11799547                  /usr/lib/ld-linux-x86-64.so.2
7f74a0ec2000-7f74a0ec3000 rw-p 00000000 00:00 0 
7ffcd6373000-7ffcd6394000 rw-p 00000000 00:00 0                          [stack]
ffffffffff600000-ffffffffff601000 --xp 00000000 00:00 0                  [vsyscall]
Total number of mappings: 202

JVMTI agents: none


VM Arguments:
jvm_args: -Dneko.native.debug=true 
java_command: verification/w1/debug-jars/TEST-native-debug.jar
java_class_path (initial): verification/w1/debug-jars/TEST-native-debug.jar
Launcher Type: SUN_STANDARD

[Global flags]
     intx CICompilerCount                          = 15                                        {product} {ergonomic}
     uint ConcGCThreads                            = 6                                         {product} {ergonomic}
     uint G1ConcRefinementThreads                  = 23                                        {product} {ergonomic}
   size_t G1HeapRegionSize                         = 8388608                                   {product} {ergonomic}
    uintx GCDrainStackTargetSize                   = 64                                        {product} {ergonomic}
   size_t InitialHeapSize                          = 780140544                                 {product} {ergonomic}
   size_t MarkStackSize                            = 4194304                                   {product} {ergonomic}
   size_t MaxHeapSize                              = 12398362624                               {product} {ergonomic}
   size_t MaxNewSize                               = 7432306688                                {product} {ergonomic}
   size_t MinHeapDeltaBytes                        = 8388608                                   {product} {ergonomic}
   size_t MinHeapSize                              = 8388608                                   {product} {ergonomic}
    uintx NonNMethodCodeHeapSize                   = 8192380                                {pd product} {ergonomic}
    uintx NonProfiledCodeHeapSize                  = 121732930                              {pd product} {ergonomic}
    uintx ProfiledCodeHeapSize                     = 121732930                              {pd product} {ergonomic}
    uintx ReservedCodeCacheSize                    = 251658240                              {pd product} {ergonomic}
     bool SegmentedCodeCache                       = true                                      {product} {ergonomic}
   size_t SoftMaxHeapSize                          = 12398362624                            {manageable} {ergonomic}
     bool UseCompressedOops                        = true                           {product lp64_product} {ergonomic}
     bool UseG1GC                                  = true                                      {product} {ergonomic}

Logging:
Log output configuration:
 #0: stdout all=warning uptime,level,tags foldmultilines=false
 #1: stderr all=off uptime,level,tags foldmultilines=false

Release file:
<release file has not been read>
Environment Variables:
PATH=/home/fadouse/.cargo/bin:/home/fadouse/.bun/bin:/home/fadouse/node_modules/.bin:/home/fadouse/.opencode/bin:/home/fadouse/.local/bin:/usr/local/sbin:/usr/local/bin:/usr/bin:/var/lib/flatpak/exports/bin:/usr/lib/jvm/default/bin:/usr/bin/site_perl:/usr/bin/vendor_perl:/usr/bin/core_perl:/usr/lib/rustup/bin:/home/fadouse/.local/share/JetBrains/Toolbox/scripts:/home/fadouse/.lmstudio/bin:/home/fadouse/.lmstudio/bin
LD_LIBRARY_PATH=/home/fadouse/.local/lib:/home/fadouse/.local/lib
SHELL=/bin/bash
DISPLAY=:1
WAYLAND_DISPLAY=wayland-0
LANG=en_US.UTF-8
LC_NUMERIC=en_US.UTF-8
LC_TIME=en_US.UTF-8
TERM=xterm-ghostty

Active Locale:
LC_ALL=en_US.UTF-8
LC_COLLATE=en_US.UTF-8
LC_CTYPE=en_US.UTF-8
LC_MESSAGES=en_US.UTF-8
LC_MONETARY=en_US.UTF-8
LC_NUMERIC=en_US.UTF-8
LC_TIME=en_US.UTF-8

Signal Handlers:
   SIGSEGV: 0x00007f74a060d280 in libjvm.so+14733952, mask=11100100010111111101111111111110, flags=SA_RESTART|SA_SIGINFO, unblocked
    SIGBUS: 0x00007f74a060d280 in libjvm.so+14733952, mask=11100100010111111101111111111110, flags=SA_RESTART|SA_SIGINFO, unblocked
    SIGFPE: 0x00007f74a060d280 in libjvm.so+14733952, mask=11100100010111111101111111111110, flags=SA_RESTART|SA_SIGINFO, unblocked
   SIGPIPE: 0x00007f74a0466980 in libjvm.so+13003136, mask=11100100010111111101111111111110, flags=SA_RESTART|SA_SIGINFO, blocked
   SIGXFSZ: 0x00007f74a0466980 in libjvm.so+13003136, mask=11100100010111111101111111111110, flags=SA_RESTART|SA_SIGINFO, blocked
    SIGILL: 0x00007f74a060d280 in libjvm.so+14733952, mask=11100100010111111101111111111110, flags=SA_RESTART|SA_SIGINFO, unblocked
   SIGUSR2: 0x00007f74a04682a0 in libjvm.so+13009568, mask=00000000000000000000000000000000, flags=SA_RESTART|SA_SIGINFO, blocked
    SIGHUP: 0x00007f74a0465ce0 in libjvm.so+12999904, mask=11100100010111111101111111111110, flags=SA_RESTART|SA_SIGINFO, blocked
    SIGINT: 0x00007f74a0465ce0 in libjvm.so+12999904, mask=11100100010111111101111111111110, flags=SA_RESTART|SA_SIGINFO, blocked
   SIGTERM: 0x00007f74a0465ce0 in libjvm.so+12999904, mask=11100100010111111101111111111110, flags=SA_RESTART|SA_SIGINFO, blocked
   SIGQUIT: 0x00007f74a0465ce0 in libjvm.so+12999904, mask=11100100010111111101111111111110, flags=SA_RESTART|SA_SIGINFO, blocked
   SIGTRAP: 0x00007f74a060d280 in libjvm.so+14733952, mask=11100100010111111101111111111110, flags=SA_RESTART|SA_SIGINFO, unblocked


Periodic native trim disabled

---------------  S Y S T E M  ---------------

OS:
DISTRIB_ID="Arch"
DISTRIB_RELEASE="rolling"
DISTRIB_DESCRIPTION="Arch Linux"
uname: Linux 6.19.11-arch1-1 #1 SMP PREEMPT_DYNAMIC Thu, 02 Apr 2026 23:33:01 +0000 x86_64
OS uptime: 0 days 16:14 hours
libc: glibc 2.43 NPTL 2.43 
rlimit (soft/hard): STACK 16384k/infinity , CORE infinity/infinity , NPROC 188532/188532 , NOFILE 524288/524288 , AS infinity/infinity , CPU infinity/infinity , DATA infinity/infinity , FSIZE infinity/infinity , MEMLOCK infinity/infinity
load average: 2.03 2.29 2.14

/proc/meminfo:
MemTotal:       48423308 kB
MemFree:         5673412 kB
MemAvailable:   20544612 kB
Buffers:         2498636 kB
Cached:         13844660 kB
SwapCached:            0 kB
Active:         28607872 kB
Inactive:       10211576 kB
Active(anon):   24262784 kB
Inactive(anon):    25436 kB
Active(file):    4345088 kB
Inactive(file): 10186140 kB
Unevictable:         620 kB
Mlocked:             616 kB
SwapTotal:             0 kB
SwapFree:              0 kB
Zswap:                 0 kB
Zswapped:              0 kB
Dirty:             27484 kB
Writeback:             0 kB
AnonPages:      22219700 kB
Mapped:          4412012 kB
Shmem:           1812560 kB
KReclaimable:     933868 kB
Slab:            1431668 kB
SReclaimable:     933868 kB
SUnreclaim:       497800 kB
KernelStack:       63232 kB
PageTables:       210060 kB
SecPageTables:      2392 kB
NFS_Unstable:          0 kB
Bounce:                0 kB
WritebackTmp:          0 kB
CommitLimit:    24211652 kB
Committed_AS:   67185892 kB
VmallocTotal:   34359738367 kB
VmallocUsed:      207072 kB
VmallocChunk:          0 kB
Percpu:            41088 kB
HardwareCorrupted:     0 kB
AnonHugePages:   3321856 kB
ShmemHugePages:   798720 kB
ShmemPmdMapped:   409600 kB
FileHugePages:   1247232 kB
FilePmdMapped:    677888 kB
CmaTotal:              0 kB
CmaFree:               0 kB
Unaccepted:            0 kB
Balloon:               0 kB
HugePages_Total:       0
HugePages_Free:        0
HugePages_Rsvd:        0
HugePages_Surp:        0
Hugepagesize:       2048 kB
Hugetlb:               0 kB
DirectMap4k:     2448956 kB
DirectMap2M:    32301056 kB
DirectMap1G:    15728640 kB

/sys/kernel/mm/transparent_hugepage/enabled: [always] madvise never
/sys/kernel/mm/transparent_hugepage/hpage_pmd_size: 2097152
/sys/kernel/mm/transparent_hugepage/defrag (defrag/compaction efforts parameter): always defer defer+madvise [madvise] never

Process Memory:
Virtual Size: 15179248K (peak: 15179468K)
Resident Set Size: 51052K (peak: 51052K) (anon: 25436K, file: 25524K, shmem: 92K)
Swapped out: 0K
C-Heap outstanding allocations: 53725K, retained: 2106K
glibc malloc tunables: (default)

/proc/sys/kernel/threads-max (system-wide limit on the number of threads): 377065
/proc/sys/vm/max_map_count (maximum number of memory map areas a process may have): 1048576
/proc/sys/vm/swappiness (control to define how aggressively the kernel swaps out anonymous memory): 60
/proc/sys/kernel/pid_max (system-wide limit on number of process identifiers): 4194304

container information not found.
Steal ticks since vm start: 0
Steal ticks percentage since vm start:  0.000

CPU: total 32 (initial active 32) (32 cores per cpu, 2 threads per core) family 26 model 68 stepping 0 microcode 0xb404023, cx8, cmov, fxsr, ht, mmx, 3dnowpref, sse, sse2, sse3, ssse3, sse4a, sse4.1, sse4.2, popcnt, lzcnt, tsc, tscinvbit, avx, avx2, aes, erms, clmul, bmi1, bmi2, adx, avx512f, avx512dq, avx512cd, avx512bw, avx512vl, sha, fma, vzeroupper, avx512_vpopcntdq, avx512_vpclmulqdq, avx512_vaes, avx512_vnni, clflush, clflushopt, avx512_vbmi2, avx512_vbmi, rdtscp, rdpid, fsrm, gfni, avx512_bitalg, f16c, pku, ospke, cet_ss, avx512_ifma
CPU Model and flags from /proc/cpuinfo:
model name	: AMD Ryzen 9 9950X3D 16-Core Processor
flags		: fpu vme de pse tsc msr pae mce cx8 apic sep mtrr pge mca cmov pat pse36 clflush mmx fxsr sse sse2 ht syscall nx mmxext fxsr_opt pdpe1gb rdtscp lm constant_tsc rep_good amd_lbr_v2 nopl xtopology nonstop_tsc cpuid extd_apicid aperfmperf rapl pni pclmulqdq monitor ssse3 fma cx16 sse4_1 sse4_2 movbe popcnt aes xsave avx f16c rdrand lahf_lm cmp_legacy svm extapic cr8_legacy abm sse4a misalignsse 3dnowprefetch osvw ibs skinit wdt tce topoext perfctr_core perfctr_nb bpext perfctr_llc mwaitx cpuid_fault cpb cat_l3 cdp_l3 hw_pstate ssbd mba perfmon_v2 ibrs ibpb stibp ibrs_enhanced vmmcall fsgsbase tsc_adjust bmi1 avx2 smep bmi2 erms invpcid cqm rdt_a avx512f avx512dq adx smap avx512ifma clflushopt clwb avx512cd sha_ni avx512bw avx512vl xsaveopt xsavec xgetbv1 xsaves cqm_llc cqm_occup_llc cqm_mbm_total cqm_mbm_local user_shstk avx_vnni avx512_bf16 clzero irperf xsaveerptr rdpru wbnoinvd cppc arat npt lbrv svm_lock nrip_save tsc_scale vmcb_clean flushbyasid decodeassists pausefilter pfthreshold avic v_vmsave_vmload vgif x2avic v_spec_ctrl vnmi avx512vbmi umip pku ospke avx512_vbmi2 gfni vaes vpclmulqdq avx512_vnni avx512_bitalg avx512_vpopcntdq rdpid bus_lock_detect movdiri movdir64b overflow_recov succor smca fsrm avx512_vp2intersect flush_l1d amd_lbr_pmc_freeze

Online cpus: 0-31
Offline cpus: 
BIOS frequency limitation: <Not Available>
Frequency switch latency (ns): 0
Available cpu frequencies: <Not Available>
Current governor: powersave
Core performance/turbo boost: 1

Memory: 4k page, physical 48423308k(20544532k free), swap 0k(0k free)
Page Sizes: 4k

vm_info: OpenJDK 64-Bit Server VM (21.0.10+7) for linux-amd64 JRE (21.0.10+7), built on 2026-01-21T09:21:17Z by "builduser" with gcc 15.2.1 20260103

END.
