#
# A fatal error has been detected by the Java Runtime Environment:
#
#  SIGSEGV (0xb) at pc=0x00007f8d0e2acd98, pid=199330, tid=199331
#
# JRE version: OpenJDK Runtime Environment (21.0.10+7) (build 21.0.10+7)
# Java VM: OpenJDK 64-Bit Server VM (21.0.10+7, mixed mode, sharing, tiered, compressed oops, compressed class ptrs, g1 gc, linux-amd64)
# Problematic frame:
# C  [libneko_10482504711299927391.so+0x9d98]  JNI_OnLoad+0x2d33
#
# Core dump will be written. Default location: Core dumps may be processed with "/usr/lib/systemd/systemd-coredump %P %u %g %s %t %c %h %d %F" (or dumping to /mnt/d/Code/Security/NekoObfuscator/worktree/dev-impl/core.199330)
#
# If you would like to submit a bug report, please visit:
#   https://bugreport.java.com/bugreport/crash.jsp
# The crash happened outside the Java Virtual Machine in native code.
# See problematic frame for where to report the bug.
#

---------------  S U M M A R Y ------------

Command Line: /mnt/d/Code/Security/NekoObfuscator/worktree/dev-impl/neko-test/build/test-native/TEST-native.jar

Host: AMD Ryzen 9 9950X3D 16-Core Processor, 32 cores, 46G, Arch Linux
Time: Wed Apr 22 12:25:08 2026 CST elapsed time: 0.033397 seconds (0d 0h 0m 0s)

---------------  T H R E A D  ---------------

Current thread (0x00007f8d08019c00):  JavaThread "main"             [_thread_in_native, id=199331, stack(0x00007f8d0df00000,0x00007f8d0e000000) (1024K)]

Stack: [0x00007f8d0df00000,0x00007f8d0e000000],  sp=0x00007f8d0dffdd70,  free space=1015k
Native frames: (J=compiled Java code, j=interpreted, Vv=VM code, C=native code)
C  [libneko_10482504711299927391.so+0x9d98]  JNI_OnLoad+0x2d33
C  [libjava.so+0xba3e]  Java_jdk_internal_loader_NativeLibraries_load+0xce
j  jdk.internal.loader.NativeLibraries.load(Ljdk/internal/loader/NativeLibraries$NativeLibraryImpl;Ljava/lang/String;ZZ)Z+0 java.base@21.0.10
j  jdk.internal.loader.NativeLibraries$NativeLibraryImpl.open()Z+57 java.base@21.0.10
j  jdk.internal.loader.NativeLibraries.loadLibrary(Ljava/lang/Class;Ljava/lang/String;Z)Ljdk/internal/loader/NativeLibrary;+254 java.base@21.0.10
j  jdk.internal.loader.NativeLibraries.loadLibrary(Ljava/lang/Class;Ljava/io/File;)Ljdk/internal/loader/NativeLibrary;+51 java.base@21.0.10
j  java.lang.ClassLoader.loadLibrary(Ljava/lang/Class;Ljava/io/File;)Ljdk/internal/loader/NativeLibrary;+31 java.base@21.0.10
j  java.lang.Runtime.load0(Ljava/lang/Class;Ljava/lang/String;)V+61 java.base@21.0.10
j  java.lang.System.load(Ljava/lang/String;)V+7 java.base@21.0.10
j  dev.nekoobfuscator.runtime.NekoNativeLoader.load()V+68
j  pack.tests.basics.overwirte.Sub.<clinit>()V+0
v  ~StubRoutines::call_stub 0x00007f8cf7817cc6
V  [libjvm.so+0x6c722a]
V  [libjvm.so+0x69ad38]
V  [libjvm.so+0x69bdf3]
V  [libjvm.so+0x6bb910]
j  pack.Main.main([Ljava/lang/String;)V+130
v  ~StubRoutines::call_stub 0x00007f8cf7817cc6
V  [libjvm.so+0x6c722a]
V  [libjvm.so+0x776e16]
V  [libjvm.so+0x779765]
C  [libjli.so+0x4db5]
C  [libjli.so+0x7e6e]
C  [libc.so.6+0x9697a]
Java frames: (J=compiled Java code, j=interpreted, Vv=VM code)
j  jdk.internal.loader.NativeLibraries.load(Ljdk/internal/loader/NativeLibraries$NativeLibraryImpl;Ljava/lang/String;ZZ)Z+0 java.base@21.0.10
j  jdk.internal.loader.NativeLibraries$NativeLibraryImpl.open()Z+57 java.base@21.0.10
j  jdk.internal.loader.NativeLibraries.loadLibrary(Ljava/lang/Class;Ljava/lang/String;Z)Ljdk/internal/loader/NativeLibrary;+254 java.base@21.0.10
j  jdk.internal.loader.NativeLibraries.loadLibrary(Ljava/lang/Class;Ljava/io/File;)Ljdk/internal/loader/NativeLibrary;+51 java.base@21.0.10
j  java.lang.ClassLoader.loadLibrary(Ljava/lang/Class;Ljava/io/File;)Ljdk/internal/loader/NativeLibrary;+31 java.base@21.0.10
j  java.lang.Runtime.load0(Ljava/lang/Class;Ljava/lang/String;)V+61 java.base@21.0.10
j  java.lang.System.load(Ljava/lang/String;)V+7 java.base@21.0.10
j  dev.nekoobfuscator.runtime.NekoNativeLoader.load()V+68
j  pack.tests.basics.overwirte.Sub.<clinit>()V+0
v  ~StubRoutines::call_stub 0x00007f8cf7817cc6
j  pack.Main.main([Ljava/lang/String;)V+130
v  ~StubRoutines::call_stub 0x00007f8cf7817cc6

siginfo: si_signo: 11 (SIGSEGV), si_code: 1 (SEGV_MAPERR), si_addr: 0x000000014ae5a575

Registers:
RAX=0x0000000000000074, RBX=0x00007f8c84001000, RCX=0x000000014ae5a501, RDX=0x0000000000000070
RSP=0x00007f8d0dffdd70, RBP=0x00007f8d0dffde80, RSI=0x0000000000000000, RDI=0x00007f8c834877c6
R8 =0x0000000000000006, R9 =0x0000000000000048, R10=0x0000000000000008, R11=0x000000000000003c
R12=0x00007f8d0e2b2170, R13=0x0000000000000038, R14=0x00007f8d0dffde20, R15=0x00007f8c83002318
RIP=0x00007f8d0e2acd98, EFLAGS=0x0000000000010202, CSGSFS=0x002b000000000033, ERR=0x0000000000000006
  TRAPNO=0x000000000000000e

XMM[0]=0x0000000000000000 0x0000000000000000
XMM[1]=0x0000000000000000 0x0000000000000000
XMM[2]=0x0000000000000000 0x0000000000000000
XMM[3]=0x0000000000000000 0x0000000000000000
XMM[4]=0xff00000000000000 0x00000000000000ff
XMM[5]=0x0000000000000000 0x000000000000ff00
XMM[6]=0x0000000000000000 0x0000000000000a08
XMM[7]=0x0000000000000000 0x00007f8c840588d8
XMM[8]=0x0000000000000000 0x4a861263cc31dfe8
XMM[9]=0x0000000000000000 0x00007f8d0f32a6aa
XMM[10]=0x0000000000000000 0x00000001f7011640
XMM[11]=0x0000000000000000 0x0000000174359406
XMM[12]=0x0000000000000000 0x00ff00fd00fb00f9
XMM[13]=0x0000000000000000 0x0000000000fe00fa
XMM[14]=0x0000000000000000 0x0000000000000000
XMM[15]=0x0000000000000000 0x0000000000000000
  MXCSR=0x00001fa2


Register to memory mapping:

RAX=0x0000000000000074 is an unknown value
RBX=0x00007f8c84001000 is a pointer to class: 
dev.nekoobfuscator.runtime.NekoNativeLoader {0x00007f8c84001000}
 - instance size:     2
 - klass size:        65
 - access:            public final synchronized 
 - flags:             rewritten should_verify_class has_localvariable_table has_vanilla_constructor 
 - state:             fully_initialized
 - name:              'dev/nekoobfuscator/runtime/NekoNativeLoader'
 - super:             'java/lang/Object'
 - sub:               
 - arrays:            null
 - methods:           Array<T>(0x00007f8c7f402748)
 - method ordering:   Array<T>(0x00007f8c83b356b0)
 - local interfaces:  Array<T>(0x00007f8c83619900)
 - trans. interfaces: Array<T>(0x00007f8c83619900)
 - secondary supers: Array<T>(0x00007f8c83619450)
 - hash_slot:         21
 - bitmap:            0x0000000000000000
 - constants:         constant pool [205]/operands[20] {0x00007f8c7f402000} for 'dev/nekoobfuscator/runtime/NekoNativeLoader' cache=0x00007f8c7f402f30
 - class loader data:  loader data: 0x00007f8d0817d750 for instance a 'jdk/internal/loader/ClassLoaders$AppClassLoader'{0x00000007ff8ecf70}
 - source file:       'NekoNativeLoader.java'
 - inner classes:     Array<T>(0x00007f8c7f402ea8)
 - nest members:     Array<T>(0x00007f8c83619888)
 - permitted subclasses:     Array<T>(0x00007f8c83619888)
 - java mirror:       a 'java/lang/Class'{0x000000054b029480} = 'dev/nekoobfuscator/runtime/NekoNativeLoader'
 - vtable length      5  (start addr: 0x00007f8c840011d0)
 - itable length      2 (start addr: 0x00007f8c840011f8)
 - ---- static fields (1 words):
 - private static volatile 'loaded' 'Z' @116 
 - private static final 'LOCK' 'Ljava/lang/Object;' @112 
 - ---- non-static fields (0 words):
 - non-static oop maps: 
RCX=0x000000014ae5a501 is an unknown value
RDX=0x0000000000000070 is an unknown value
RSP=0x00007f8d0dffdd70 is pointing into the stack for thread: 0x00007f8d08019c00
RBP=0x00007f8d0dffde80 is pointing into the stack for thread: 0x00007f8d08019c00
RSI=0x0 is null
RDI=0x00007f8c834877c6 is pointing into metadata
R8 =0x0000000000000006 is an unknown value
R9 =0x0000000000000048 is an unknown value
R10=0x0000000000000008 is an unknown value
R11=0x000000000000003c is an unknown value
R12=0x00007f8d0e2b2170: g_neko_vm_layout+0x0000000000000000 in /tmp/libneko_10482504711299927391.so at 0x00007f8d0e2a3000
R13=0x0000000000000038 is an unknown value
R14=0x00007f8d0dffde20 is pointing into the stack for thread: 0x00007f8d08019c00
R15=0x00007f8c83002318 is a pointer to class: 

Top of Stack: (sp=0x00007f8d0dffdd70)
0x00007f8d0dffdd70:   00007f8d0dffde20 00007f8c83000e90
0x00007f8d0dffdd80:   00007f8d0f6da7c0 00007f8d08019fc0
0x00007f8d0dffdd90:   0000000000000010 0000000000000018
0x00007f8d0dffdda0:   0000000000000020 0000000000000028
0x00007f8d0dffddb0:   0000000000000000 0000000000000000
0x00007f8d0dffddc0:   0000000000000008 0000000000000008
0x00007f8d0dffddd0:   0000000000000010 0000000000000010
0x00007f8d0dffdde0:   00007f8d081d0f40 00007f8d081d0f20
0x00007f8d0dffddf0:   00007f8d00000000 0000000000000020
0x00007f8d0dffde00:   0000000000000028 0000000000000038
0x00007f8d0dffde10:   0000000000000030 0000000000000030
0x00007f8d0dffde20:   00007f8d00000074 0000000000000028
0x00007f8d0dffde30:   00007f8d0f348711 00007f8d081d0f01
0x00007f8d0dffde40:   0000000000000000 0000000000000008
0x00007f8d0dffde50:   00007f8d0f3467e1 00007f8d0dffe0a8
0x00007f8d0dffde60:   00007f8d081d0ea0 0000000000000000
0x00007f8d0dffde70:   00007f8d08019fc0 0000000000010001
0x00007f8d0dffde80:   00007f8d0dffe000 00007f8d0fa5aa3e
0x00007f8d0dffde90:   0000000000000003 00007f8d0e2aa065
0x00007f8d0dffdea0:   00007f8d081d0f40 00007f8d0dffe0b0
0x00007f8d0dffdeb0:   00007f8c8320b370 00007f8d0f6cc040
0x00007f8d0dffdec0:   00007f8d0dffded8 00007f8d0dffdf38
0x00007f8d0dffded0:   00007f8cf781f180 0000000000000008
0x00007f8d0dffdee0:   000000054b388748 000000054b388748
0x00007f8d0dffdef0:   00007f8d0dffdef0 00007f8c838fb3d6
0x00007f8d0dffdf00:   0000000000000003 00007f8c83207f00
0x00007f8d0dffdf10:   0000000000000000 00000007ff8a36b8
0x00007f8d0dffdf20:   00007f8c83207e68 0000000000000000
0x00007f8d0dffdf30:   00007f8d0dffdf48 00007f8d0dffdfa0
0x00007f8d0dffdf40:   00007f8d0dffe018 00007f8cf043759c
0x00007f8d0dffdf50:   00007f8d0dffdfb8 00007f8cf781f2f2
0x00007f8d0dffdf60:   0000000000000009 00007f8d0dffdf68 

Instructions: (pc=0x00007f8d0e2acd98)
0x00007f8d0e2acc98:   00 00 48 8d 3d 2d 8c ff ff be 24 00 00 00 e8 30
0x00007f8d0e2acca8:   22 00 00 49 89 84 24 50 03 00 00 48 85 db 0f 84
0x00007f8d0e2accb8:   6d 02 00 00 4c 8d 75 a0 4c 89 34 24 48 8d 35 c9
0x00007f8d0e2accc8:   91 ff ff 48 8d 0d 28 93 ff ff 48 89 df ba 06 00
0x00007f8d0e2accd8:   00 00 41 b8 01 00 00 00 41 b9 01 00 00 00 e8 5b
0x00007f8d0e2acce8:   1d 00 00 84 c0 0f 84 36 05 00 00 48 63 45 a0 49
0x00007f8d0e2accf8:   89 84 24 b8 02 00 00 f3 41 0f 6f 84 24 f0 02 00
0x00007f8d0e2acd08:   00 f3 41 0f 6f 8c 24 00 03 00 00 66 0f ef d2 66
0x00007f8d0e2acd18:   0f 76 ca 66 0f 76 c2 66 0f 6f d0 0f c6 d1 dd 0f
0x00007f8d0e2acd28:   c6 c1 88 0f 54 c2 0f 50 c8 85 c9 0f 85 f0 01 00
0x00007f8d0e2acd38:   00 85 c0 78 5f 49 8b 94 24 d0 00 00 00 48 85 d2
0x00007f8d0e2acd48:   0f 88 f9 01 00 00 49 8b 8c 24 08 03 00 00 41 83
0x00007f8d0e2acd58:   3c 24 09 7c 2c 49 8b b4 24 10 02 00 00 48 85 f6
0x00007f8d0e2acd68:   0f 88 d9 01 00 00 48 8b 0c 11 48 85 c9 0f 84 cc
0x00007f8d0e2acd78:   01 00 00 48 8b 0c 31 48 85 c9 75 08 e9 be 01 00
0x00007f8d0e2acd88:   00 48 01 d1 48 8b 09 48 85 c9 0f 84 af 01 00 00
0x00007f8d0e2acd98:   c6 04 01 01 49 c7 84 24 b0 02 00 00 ff ff ff ff
0x00007f8d0e2acda8:   49 8b bc 24 f0 02 00 00 4c 89 34 24 48 8d 35 e5
0x00007f8d0e2acdb8:   8c ff ff 48 8d 0d 90 92 ff ff ba 04 00 00 00 41
0x00007f8d0e2acdc8:   b8 01 00 00 00 45 31 c9 e8 71 1c 00 00 84 c0 74
0x00007f8d0e2acdd8:   0c 48 63 45 a0 49 89 84 24 b0 02 00 00 48 83 bd
0x00007f8d0e2acde8:   08 ff ff ff 00 0f 84 0c 02 00 00 49 83 bc 24 f0
0x00007f8d0e2acdf8:   02 00 00 00 0f 84 fd 01 00 00 49 83 bc 24 00 03
0x00007f8d0e2ace08:   00 00 00 0f 84 ee 01 00 00 49 83 bc 24 f8 02 00
0x00007f8d0e2ace18:   00 00 0f 84 df 01 00 00 0f 57 c0 0f 29 05 56 57
0x00007f8d0e2ace28:   00 00 0f 29 05 3f 57 00 00 0f 29 05 58 57 00 00
0x00007f8d0e2ace38:   0f 29 05 61 57 00 00 0f 29 05 6a 57 00 00 0f 29
0x00007f8d0e2ace48:   05 73 57 00 00 0f 29 05 7c 57 00 00 c7 05 82 57
0x00007f8d0e2ace58:   00 00 00 00 00 00 e8 07 19 00 00 48 85 c0 0f 84
0x00007f8d0e2ace68:   8c 01 00 00 49 89 c7 48 8b 05 9a 3d 00 00 48 83
0x00007f8d0e2ace78:   b8 e0 02 00 00 00 0f 88 74 01 00 00 b0 01 45 31
0x00007f8d0e2ace88:   e4 45 31 f6 a8 01 0f 84 34 01 00 00 bf 10 01 00 


Stack slot to memory mapping:

stack at sp + 0 slots: 0x00007f8d0dffde20 is pointing into the stack for thread: 0x00007f8d08019c00
stack at sp + 1 slots: 0x00007f8c83000e90 is a pointer to class: 
java.lang.Object {0x00007f8c83000e90}
 - instance size:     2
 - klass size:        65
 - access:            public synchronized 
 - flags:             rewritten is_shared_boot_class has_localvariable_table has_vanilla_constructor has_final_method 
 - state:             fully_initialized
 - name:              'java/lang/Object'
 - super:             null
 - sub:               'sun/nio/ch/IOStatus'   'sun/nio/ch/Util$BufferCache'   'sun/nio/ch/Util'   'sun/nio/ch/NativeThread'   (595 more klasses...)
 - arrays:            'java/lang/Object'[]
 - methods:           Array<T>(0x00007f8c83619890)
 - method ordering:   Array<T>(0x00007f8c83619910)
 - local interfaces:  Array<T>(0x00007f8c83619900)
 - trans. interfaces: Array<T>(0x00007f8c83619900)
 - secondary supers: Array<T>(0x00007f8c83619450)
 - hash_slot:         6
 - bitmap:            0x0000000000000000
 - constants:         constant pool [124] {0x00007f8c83619460} for 'java/lang/Object' cache=0x00007f8c83474c88
 - class loader data:  loader data: 0x00007f8d08143f50 of 'bootstrap'
 - source file:       'Object.java'
 - inner classes:     Array<T>(0x00007f8c83619888)
 - nest members:     Array<T>(0x00007f8c83619888)
 - permitted subclasses:     Array<T>(0x00007f8c83619888)
 - java mirror:       a 'java/lang/Class'{0x00000007ff87ffe8} = 'java/lang/Object'
 - vtable length      5  (start addr: 0x00007f8c83001060)
 - itable length      2 (start addr: 0x00007f8c83001088)
 - ---- static fields (0 words):
 - ---- non-static fields (0 words):
 - non-static oop maps: 
stack at sp + 2 slots: 0x00007f8d0f6da7c0: <offset 0x00000000012da7c0> in /usr/lib/jvm/java-21-openjdk/lib/server/libjvm.so at 0x00007f8d0e400000
stack at sp + 3 slots: 0x00007f8d08019fc0 points into unknown readable memory: 0x00007f8d0f6cc060 | 60 c0 6c 0f 8d 7f 00 00
stack at sp + 4 slots: 0x0000000000000010 is an unknown value
stack at sp + 5 slots: 0x0000000000000018 is an unknown value
stack at sp + 6 slots: 0x0000000000000020 is an unknown value
stack at sp + 7 slots: 0x0000000000000028 is an unknown value


---------------  P R O C E S S  ---------------

Threads class SMR info:
_java_thread_list=0x00007f8c5801e280, length=11, elements={
0x00007f8d08019c00, 0x00007f8d0816e3e0, 0x00007f8d0816f960, 0x00007f8d08171220,
0x00007f8d08172870, 0x00007f8d08173e20, 0x00007f8d08175950, 0x00007f8d08177020,
0x00007f8d08182f90, 0x00007f8d08185ed0, 0x00007f8c5801d0f0
}

Java Threads: ( => current thread )
=>0x00007f8d08019c00 JavaThread "main"                              [_thread_in_native, id=199331, stack(0x00007f8d0df00000,0x00007f8d0e000000) (1024K)]
  0x00007f8d0816e3e0 JavaThread "Reference Handler"          daemon [_thread_blocked, id=199339, stack(0x00007f8ce031c000,0x00007f8ce041c000) (1024K)]
  0x00007f8d0816f960 JavaThread "Finalizer"                  daemon [_thread_blocked, id=199340, stack(0x00007f8ce021b000,0x00007f8ce031b000) (1024K)]
  0x00007f8d08171220 JavaThread "Signal Dispatcher"          daemon [_thread_blocked, id=199341, stack(0x00007f8ce011a000,0x00007f8ce021a000) (1024K)]
  0x00007f8d08172870 JavaThread "Service Thread"             daemon [_thread_blocked, id=199342, stack(0x00007f8ce0019000,0x00007f8ce0119000) (1024K)]
  0x00007f8d08173e20 JavaThread "Monitor Deflation Thread"   daemon [_thread_blocked, id=199343, stack(0x00007f8cd1900000,0x00007f8cd1a00000) (1024K)]
  0x00007f8d08175950 JavaThread "C2 CompilerThread0"         daemon [_thread_blocked, id=199344, stack(0x00007f8cd17ff000,0x00007f8cd18ff000) (1024K)]
  0x00007f8d08177020 JavaThread "C1 CompilerThread0"         daemon [_thread_blocked, id=199345, stack(0x00007f8cd16fe000,0x00007f8cd17fe000) (1024K)]
  0x00007f8d08182f90 JavaThread "Notification Thread"        daemon [_thread_blocked, id=199346, stack(0x00007f8cd152c000,0x00007f8cd162c000) (1024K)]
  0x00007f8d08185ed0 JavaThread "Common-Cleaner"             daemon [_thread_blocked, id=199347, stack(0x00007f8cd142b000,0x00007f8cd152b000) (1024K)]
  0x00007f8c5801d0f0 JavaThread "C1 CompilerThread1"         daemon [_thread_blocked, id=199348, stack(0x00007f8cd132a000,0x00007f8cd142a000) (1024K)]
Total: 11

Other Threads:
  0x00007f8d08165230 VMThread "VM Thread"                           [id=199338, stack(0x00007f8ce041d000,0x00007f8ce051d000) (1024K)]
  0x00007f8d08152fd0 WatcherThread "VM Periodic Task Thread"        [id=199337, stack(0x00007f8ce051e000,0x00007f8ce061e000) (1024K)]
  0x00007f8d08073160 WorkerThread "GC Thread#0"                     [id=199332, stack(0x00007f8d0c42d000,0x00007f8d0c52d000) (1024K)]
  0x00007f8d080800c0 ConcurrentGCThread "G1 Main Marker"            [id=199333, stack(0x00007f8d0c32c000,0x00007f8d0c42c000) (1024K)]
  0x00007f8d080810b0 WorkerThread "G1 Conc#0"                       [id=199334, stack(0x00007f8d0c22b000,0x00007f8d0c32b000) (1024K)]
  0x00007f8d08138a40 ConcurrentGCThread "G1 Refine#0"               [id=199335, stack(0x00007f8ce07fc000,0x00007f8ce08fc000) (1024K)]
  0x00007f8d08139a10 ConcurrentGCThread "G1 Service"                [id=199336, stack(0x00007f8ce06fb000,0x00007f8ce07fb000) (1024K)]
Total: 7

Threads with active compile tasks:
Total: 0

VM state: not at safepoint (normal execution)

VM Mutex/Monitor currently owned by a thread: None

Heap address: 0x000000051d000000, size: 11824 MB, Compressed Oops mode: Zero based, Oop shift amount: 3

CDS archive(s) mapped at: [0x00007f8c83000000-0x00007f8c83c9b000-0x00007f8c83c9b000), size 13217792, SharedBaseAddress: 0x00007f8c83000000, ArchiveRelocationMode: 1.
Compressed class space mapped at: 0x00007f8c84000000-0x00007f8cc4000000, reserved size: 1073741824
Narrow klass base: 0x00007f8c83000000, Narrow klass shift: 0, Narrow klass range: 0x100000000

GC Precious Log:
 CardTable entry size: 512
 Card Set container configuration: InlinePtr #cards 4 size 8 Array Of Cards #cards 64 size 144 Howl #buckets 8 coarsen threshold 14745 Howl Bitmap #cards 2048 size 272 coarsen threshold 1843 Card regions per heap region 1 cards per card region 16384
 CPUs: 32 total, 32 available
 Memory: 47288M
 Large Page Support: Disabled
 NUMA Support: Disabled
 Compressed Oops: Enabled (Zero based)
 Heap Region Size: 8M
 Heap Min Capacity: 8M
 Heap Initial Capacity: 744M
 Heap Max Capacity: 11824M
 Pre-touch: Disabled
 Parallel Workers: 23
 Concurrent Workers: 6
 Concurrent Refinement Workers: 23
 Periodic GC: Disabled

Heap:
 garbage-first heap   total 770048K, used 1073K [0x000000051d000000, 0x0000000800000000)
  region size 8192K, 1 young (8192K), 0 survivors (0K)
 Metaspace       used 1140K, committed 1280K, reserved 1114112K
  class space    used 113K, committed 192K, reserved 1048576K

Heap Regions: E=young(eden), S=young(survivor), O=old, HS=humongous(starts), HC=humongous(continues), CS=collection set, F=free, TAMS=top-at-mark-start, PB=parsable bottom
|   0|0x000000051d000000, 0x000000051d000000, 0x000000051d800000|  0%| F|  |TAMS 0x000000051d000000| PB 0x000000051d000000| Untracked 
|   1|0x000000051d800000, 0x000000051d800000, 0x000000051e000000|  0%| F|  |TAMS 0x000000051d800000| PB 0x000000051d800000| Untracked 
|   2|0x000000051e000000, 0x000000051e000000, 0x000000051e800000|  0%| F|  |TAMS 0x000000051e000000| PB 0x000000051e000000| Untracked 
|   3|0x000000051e800000, 0x000000051e800000, 0x000000051f000000|  0%| F|  |TAMS 0x000000051e800000| PB 0x000000051e800000| Untracked 
|   4|0x000000051f000000, 0x000000051f000000, 0x000000051f800000|  0%| F|  |TAMS 0x000000051f000000| PB 0x000000051f000000| Untracked 
|   5|0x000000051f800000, 0x000000051f800000, 0x0000000520000000|  0%| F|  |TAMS 0x000000051f800000| PB 0x000000051f800000| Untracked 
|   6|0x0000000520000000, 0x0000000520000000, 0x0000000520800000|  0%| F|  |TAMS 0x0000000520000000| PB 0x0000000520000000| Untracked 
|   7|0x0000000520800000, 0x0000000520800000, 0x0000000521000000|  0%| F|  |TAMS 0x0000000520800000| PB 0x0000000520800000| Untracked 
|   8|0x0000000521000000, 0x0000000521000000, 0x0000000521800000|  0%| F|  |TAMS 0x0000000521000000| PB 0x0000000521000000| Untracked 
|   9|0x0000000521800000, 0x0000000521800000, 0x0000000522000000|  0%| F|  |TAMS 0x0000000521800000| PB 0x0000000521800000| Untracked 
|  10|0x0000000522000000, 0x0000000522000000, 0x0000000522800000|  0%| F|  |TAMS 0x0000000522000000| PB 0x0000000522000000| Untracked 
|  11|0x0000000522800000, 0x0000000522800000, 0x0000000523000000|  0%| F|  |TAMS 0x0000000522800000| PB 0x0000000522800000| Untracked 
|  12|0x0000000523000000, 0x0000000523000000, 0x0000000523800000|  0%| F|  |TAMS 0x0000000523000000| PB 0x0000000523000000| Untracked 
|  13|0x0000000523800000, 0x0000000523800000, 0x0000000524000000|  0%| F|  |TAMS 0x0000000523800000| PB 0x0000000523800000| Untracked 
|  14|0x0000000524000000, 0x0000000524000000, 0x0000000524800000|  0%| F|  |TAMS 0x0000000524000000| PB 0x0000000524000000| Untracked 
|  15|0x0000000524800000, 0x0000000524800000, 0x0000000525000000|  0%| F|  |TAMS 0x0000000524800000| PB 0x0000000524800000| Untracked 
|  16|0x0000000525000000, 0x0000000525000000, 0x0000000525800000|  0%| F|  |TAMS 0x0000000525000000| PB 0x0000000525000000| Untracked 
|  17|0x0000000525800000, 0x0000000525800000, 0x0000000526000000|  0%| F|  |TAMS 0x0000000525800000| PB 0x0000000525800000| Untracked 
|  18|0x0000000526000000, 0x0000000526000000, 0x0000000526800000|  0%| F|  |TAMS 0x0000000526000000| PB 0x0000000526000000| Untracked 
|  19|0x0000000526800000, 0x0000000526800000, 0x0000000527000000|  0%| F|  |TAMS 0x0000000526800000| PB 0x0000000526800000| Untracked 
|  20|0x0000000527000000, 0x0000000527000000, 0x0000000527800000|  0%| F|  |TAMS 0x0000000527000000| PB 0x0000000527000000| Untracked 
|  21|0x0000000527800000, 0x0000000527800000, 0x0000000528000000|  0%| F|  |TAMS 0x0000000527800000| PB 0x0000000527800000| Untracked 
|  22|0x0000000528000000, 0x0000000528000000, 0x0000000528800000|  0%| F|  |TAMS 0x0000000528000000| PB 0x0000000528000000| Untracked 
|  23|0x0000000528800000, 0x0000000528800000, 0x0000000529000000|  0%| F|  |TAMS 0x0000000528800000| PB 0x0000000528800000| Untracked 
|  24|0x0000000529000000, 0x0000000529000000, 0x0000000529800000|  0%| F|  |TAMS 0x0000000529000000| PB 0x0000000529000000| Untracked 
|  25|0x0000000529800000, 0x0000000529800000, 0x000000052a000000|  0%| F|  |TAMS 0x0000000529800000| PB 0x0000000529800000| Untracked 
|  26|0x000000052a000000, 0x000000052a000000, 0x000000052a800000|  0%| F|  |TAMS 0x000000052a000000| PB 0x000000052a000000| Untracked 
|  27|0x000000052a800000, 0x000000052a800000, 0x000000052b000000|  0%| F|  |TAMS 0x000000052a800000| PB 0x000000052a800000| Untracked 
|  28|0x000000052b000000, 0x000000052b000000, 0x000000052b800000|  0%| F|  |TAMS 0x000000052b000000| PB 0x000000052b000000| Untracked 
|  29|0x000000052b800000, 0x000000052b800000, 0x000000052c000000|  0%| F|  |TAMS 0x000000052b800000| PB 0x000000052b800000| Untracked 
|  30|0x000000052c000000, 0x000000052c000000, 0x000000052c800000|  0%| F|  |TAMS 0x000000052c000000| PB 0x000000052c000000| Untracked 
|  31|0x000000052c800000, 0x000000052c800000, 0x000000052d000000|  0%| F|  |TAMS 0x000000052c800000| PB 0x000000052c800000| Untracked 
|  32|0x000000052d000000, 0x000000052d000000, 0x000000052d800000|  0%| F|  |TAMS 0x000000052d000000| PB 0x000000052d000000| Untracked 
|  33|0x000000052d800000, 0x000000052d800000, 0x000000052e000000|  0%| F|  |TAMS 0x000000052d800000| PB 0x000000052d800000| Untracked 
|  34|0x000000052e000000, 0x000000052e000000, 0x000000052e800000|  0%| F|  |TAMS 0x000000052e000000| PB 0x000000052e000000| Untracked 
|  35|0x000000052e800000, 0x000000052e800000, 0x000000052f000000|  0%| F|  |TAMS 0x000000052e800000| PB 0x000000052e800000| Untracked 
|  36|0x000000052f000000, 0x000000052f000000, 0x000000052f800000|  0%| F|  |TAMS 0x000000052f000000| PB 0x000000052f000000| Untracked 
|  37|0x000000052f800000, 0x000000052f800000, 0x0000000530000000|  0%| F|  |TAMS 0x000000052f800000| PB 0x000000052f800000| Untracked 
|  38|0x0000000530000000, 0x0000000530000000, 0x0000000530800000|  0%| F|  |TAMS 0x0000000530000000| PB 0x0000000530000000| Untracked 
|  39|0x0000000530800000, 0x0000000530800000, 0x0000000531000000|  0%| F|  |TAMS 0x0000000530800000| PB 0x0000000530800000| Untracked 
|  40|0x0000000531000000, 0x0000000531000000, 0x0000000531800000|  0%| F|  |TAMS 0x0000000531000000| PB 0x0000000531000000| Untracked 
|  41|0x0000000531800000, 0x0000000531800000, 0x0000000532000000|  0%| F|  |TAMS 0x0000000531800000| PB 0x0000000531800000| Untracked 
|  42|0x0000000532000000, 0x0000000532000000, 0x0000000532800000|  0%| F|  |TAMS 0x0000000532000000| PB 0x0000000532000000| Untracked 
|  43|0x0000000532800000, 0x0000000532800000, 0x0000000533000000|  0%| F|  |TAMS 0x0000000532800000| PB 0x0000000532800000| Untracked 
|  44|0x0000000533000000, 0x0000000533000000, 0x0000000533800000|  0%| F|  |TAMS 0x0000000533000000| PB 0x0000000533000000| Untracked 
|  45|0x0000000533800000, 0x0000000533800000, 0x0000000534000000|  0%| F|  |TAMS 0x0000000533800000| PB 0x0000000533800000| Untracked 
|  46|0x0000000534000000, 0x0000000534000000, 0x0000000534800000|  0%| F|  |TAMS 0x0000000534000000| PB 0x0000000534000000| Untracked 
|  47|0x0000000534800000, 0x0000000534800000, 0x0000000535000000|  0%| F|  |TAMS 0x0000000534800000| PB 0x0000000534800000| Untracked 
|  48|0x0000000535000000, 0x0000000535000000, 0x0000000535800000|  0%| F|  |TAMS 0x0000000535000000| PB 0x0000000535000000| Untracked 
|  49|0x0000000535800000, 0x0000000535800000, 0x0000000536000000|  0%| F|  |TAMS 0x0000000535800000| PB 0x0000000535800000| Untracked 
|  50|0x0000000536000000, 0x0000000536000000, 0x0000000536800000|  0%| F|  |TAMS 0x0000000536000000| PB 0x0000000536000000| Untracked 
|  51|0x0000000536800000, 0x0000000536800000, 0x0000000537000000|  0%| F|  |TAMS 0x0000000536800000| PB 0x0000000536800000| Untracked 
|  52|0x0000000537000000, 0x0000000537000000, 0x0000000537800000|  0%| F|  |TAMS 0x0000000537000000| PB 0x0000000537000000| Untracked 
|  53|0x0000000537800000, 0x0000000537800000, 0x0000000538000000|  0%| F|  |TAMS 0x0000000537800000| PB 0x0000000537800000| Untracked 
|  54|0x0000000538000000, 0x0000000538000000, 0x0000000538800000|  0%| F|  |TAMS 0x0000000538000000| PB 0x0000000538000000| Untracked 
|  55|0x0000000538800000, 0x0000000538800000, 0x0000000539000000|  0%| F|  |TAMS 0x0000000538800000| PB 0x0000000538800000| Untracked 
|  56|0x0000000539000000, 0x0000000539000000, 0x0000000539800000|  0%| F|  |TAMS 0x0000000539000000| PB 0x0000000539000000| Untracked 
|  57|0x0000000539800000, 0x0000000539800000, 0x000000053a000000|  0%| F|  |TAMS 0x0000000539800000| PB 0x0000000539800000| Untracked 
|  58|0x000000053a000000, 0x000000053a000000, 0x000000053a800000|  0%| F|  |TAMS 0x000000053a000000| PB 0x000000053a000000| Untracked 
|  59|0x000000053a800000, 0x000000053a800000, 0x000000053b000000|  0%| F|  |TAMS 0x000000053a800000| PB 0x000000053a800000| Untracked 
|  60|0x000000053b000000, 0x000000053b000000, 0x000000053b800000|  0%| F|  |TAMS 0x000000053b000000| PB 0x000000053b000000| Untracked 
|  61|0x000000053b800000, 0x000000053b800000, 0x000000053c000000|  0%| F|  |TAMS 0x000000053b800000| PB 0x000000053b800000| Untracked 
|  62|0x000000053c000000, 0x000000053c000000, 0x000000053c800000|  0%| F|  |TAMS 0x000000053c000000| PB 0x000000053c000000| Untracked 
|  63|0x000000053c800000, 0x000000053c800000, 0x000000053d000000|  0%| F|  |TAMS 0x000000053c800000| PB 0x000000053c800000| Untracked 
|  64|0x000000053d000000, 0x000000053d000000, 0x000000053d800000|  0%| F|  |TAMS 0x000000053d000000| PB 0x000000053d000000| Untracked 
|  65|0x000000053d800000, 0x000000053d800000, 0x000000053e000000|  0%| F|  |TAMS 0x000000053d800000| PB 0x000000053d800000| Untracked 
|  66|0x000000053e000000, 0x000000053e000000, 0x000000053e800000|  0%| F|  |TAMS 0x000000053e000000| PB 0x000000053e000000| Untracked 
|  67|0x000000053e800000, 0x000000053e800000, 0x000000053f000000|  0%| F|  |TAMS 0x000000053e800000| PB 0x000000053e800000| Untracked 
|  68|0x000000053f000000, 0x000000053f000000, 0x000000053f800000|  0%| F|  |TAMS 0x000000053f000000| PB 0x000000053f000000| Untracked 
|  69|0x000000053f800000, 0x000000053f800000, 0x0000000540000000|  0%| F|  |TAMS 0x000000053f800000| PB 0x000000053f800000| Untracked 
|  70|0x0000000540000000, 0x0000000540000000, 0x0000000540800000|  0%| F|  |TAMS 0x0000000540000000| PB 0x0000000540000000| Untracked 
|  71|0x0000000540800000, 0x0000000540800000, 0x0000000541000000|  0%| F|  |TAMS 0x0000000540800000| PB 0x0000000540800000| Untracked 
|  72|0x0000000541000000, 0x0000000541000000, 0x0000000541800000|  0%| F|  |TAMS 0x0000000541000000| PB 0x0000000541000000| Untracked 
|  73|0x0000000541800000, 0x0000000541800000, 0x0000000542000000|  0%| F|  |TAMS 0x0000000541800000| PB 0x0000000541800000| Untracked 
|  74|0x0000000542000000, 0x0000000542000000, 0x0000000542800000|  0%| F|  |TAMS 0x0000000542000000| PB 0x0000000542000000| Untracked 
|  75|0x0000000542800000, 0x0000000542800000, 0x0000000543000000|  0%| F|  |TAMS 0x0000000542800000| PB 0x0000000542800000| Untracked 
|  76|0x0000000543000000, 0x0000000543000000, 0x0000000543800000|  0%| F|  |TAMS 0x0000000543000000| PB 0x0000000543000000| Untracked 
|  77|0x0000000543800000, 0x0000000543800000, 0x0000000544000000|  0%| F|  |TAMS 0x0000000543800000| PB 0x0000000543800000| Untracked 
|  78|0x0000000544000000, 0x0000000544000000, 0x0000000544800000|  0%| F|  |TAMS 0x0000000544000000| PB 0x0000000544000000| Untracked 
|  79|0x0000000544800000, 0x0000000544800000, 0x0000000545000000|  0%| F|  |TAMS 0x0000000544800000| PB 0x0000000544800000| Untracked 
|  80|0x0000000545000000, 0x0000000545000000, 0x0000000545800000|  0%| F|  |TAMS 0x0000000545000000| PB 0x0000000545000000| Untracked 
|  81|0x0000000545800000, 0x0000000545800000, 0x0000000546000000|  0%| F|  |TAMS 0x0000000545800000| PB 0x0000000545800000| Untracked 
|  82|0x0000000546000000, 0x0000000546000000, 0x0000000546800000|  0%| F|  |TAMS 0x0000000546000000| PB 0x0000000546000000| Untracked 
|  83|0x0000000546800000, 0x0000000546800000, 0x0000000547000000|  0%| F|  |TAMS 0x0000000546800000| PB 0x0000000546800000| Untracked 
|  84|0x0000000547000000, 0x0000000547000000, 0x0000000547800000|  0%| F|  |TAMS 0x0000000547000000| PB 0x0000000547000000| Untracked 
|  85|0x0000000547800000, 0x0000000547800000, 0x0000000548000000|  0%| F|  |TAMS 0x0000000547800000| PB 0x0000000547800000| Untracked 
|  86|0x0000000548000000, 0x0000000548000000, 0x0000000548800000|  0%| F|  |TAMS 0x0000000548000000| PB 0x0000000548000000| Untracked 
|  87|0x0000000548800000, 0x0000000548800000, 0x0000000549000000|  0%| F|  |TAMS 0x0000000548800000| PB 0x0000000548800000| Untracked 
|  88|0x0000000549000000, 0x0000000549000000, 0x0000000549800000|  0%| F|  |TAMS 0x0000000549000000| PB 0x0000000549000000| Untracked 
|  89|0x0000000549800000, 0x0000000549800000, 0x000000054a000000|  0%| F|  |TAMS 0x0000000549800000| PB 0x0000000549800000| Untracked 
|  90|0x000000054a000000, 0x000000054a000000, 0x000000054a800000|  0%| F|  |TAMS 0x000000054a000000| PB 0x000000054a000000| Untracked 
|  91|0x000000054a800000, 0x000000054a800000, 0x000000054b000000|  0%| F|  |TAMS 0x000000054a800000| PB 0x000000054a800000| Untracked 
|  92|0x000000054b000000, 0x000000054b3d7178, 0x000000054b800000| 48%| E|  |TAMS 0x000000054b000000| PB 0x000000054b000000| Complete 
|1477|0x00000007ff800000, 0x00000007ff90c620, 0x0000000800000000| 13%| O|  |TAMS 0x00000007ff800000| PB 0x00000007ff800000| Untracked 

Card table byte_map: [0x00007f8ced5d0000,0x00007f8ceece8000] _byte_map_base: 0x00007f8ceace8000

Marking Bits: (CMBitMap*) 0x00007f8d08073ca0
 Bits: [0x00007f8ce1d10000, 0x00007f8ced5d0000)

Polling page: 0x00007f8d0fa77000

Metaspace:

Usage:
  Non-class:      1.00 MB used.
      Class:    113.40 KB used.
       Both:      1.11 MB used.

Virtual space:
  Non-class space:       64.00 MB reserved,       1.06 MB (  2%) committed,  1 nodes.
      Class space:        1.00 GB reserved,     192.00 KB ( <1%) committed,  1 nodes.
             Both:        1.06 GB reserved,       1.25 MB ( <1%) committed. 

Chunk freelists:
   Non-Class:  11.94 MB
       Class:  15.72 MB
        Both:  27.67 MB

MaxMetaspaceSize: unlimited
CompressedClassSpaceSize: 1.00 GB
Initial GC threshold: 21.00 MB
Current GC threshold: 21.00 MB
CDS: on
 - commit_granule_bytes: 65536.
 - commit_granule_words: 8192.
 - virtual_space_node_default_size: 8388608.
 - enlarge_chunks_in_place: 1.
 - use_allocation_guard: 0.


Internal statistics:

num_allocs_failed_limit: 0.
num_arena_births: 48.
num_arena_deaths: 0.
num_vsnodes_births: 2.
num_vsnodes_deaths: 0.
num_space_committed: 20.
num_space_uncommitted: 0.
num_chunks_returned_to_freelist: 0.
num_chunks_taken_from_freelist: 70.
num_chunk_merges: 0.
num_chunk_splits: 36.
num_chunks_enlarged: 3.
num_inconsistent_stats: 0.

CodeHeap 'non-profiled nmethods': size=118880Kb used=81Kb max_used=81Kb free=118798Kb
 bounds [0x00007f8cf7fe8000, 0x00007f8cf8258000, 0x00007f8cff400000]
CodeHeap 'profiled nmethods': size=118876Kb used=319Kb max_used=319Kb free=118556Kb
 bounds [0x00007f8cf0400000, 0x00007f8cf0670000, 0x00007f8cf7817000]
CodeHeap 'non-nmethods': size=8004Kb used=1961Kb max_used=1973Kb free=6042Kb
 bounds [0x00007f8cf7817000, 0x00007f8cf7a87000, 0x00007f8cf7fe8000]
CodeCache: size=245760Kb, used=2361Kb, max_used=2373Kb, free=243396Kb
 total_blobs=663, nmethods=237, adapters=331, full_count=0
Compilation: enabled, stopped_count=0, restarted_count=0

Compilation events (20 events):
Event: 0.030 Thread 0x00007f8d08177020 nmethod 226 0x00007f8cf044a990 code [0x00007f8cf044ab20, 0x00007f8cf044ac78]
Event: 0.030 Thread 0x00007f8d08177020  227   !   3       java.nio.DirectByteBuffer::get (34 bytes)
Event: 0.030 Thread 0x00007f8d08175950  231       4       java.lang.ref.Reference::reachabilityFence (1 bytes)
Event: 0.030 Thread 0x00007f8d08175950 nmethod 231 0x00007f8cf7ffb790 code [0x00007f8cf7ffb900, 0x00007f8cf7ffb968]
Event: 0.030 Thread 0x00007f8c5801d0f0 nmethod 224 0x00007f8cf044ad10 code [0x00007f8cf044afc0, 0x00007f8cf044bd68]
Event: 0.030 Thread 0x00007f8c5801d0f0  233       3       jdk.internal.jimage.ImageStringsReader::unmaskedHashCode (166 bytes)
Event: 0.030 Thread 0x00007f8d08177020 nmethod 227 0x00007f8cf044c290 code [0x00007f8cf044c4e0, 0x00007f8cf044ce40]
Event: 0.030 Thread 0x00007f8d08177020  228       3       java.nio.DirectByteBuffer::ix (10 bytes)
Event: 0.030 Thread 0x00007f8d08177020 nmethod 228 0x00007f8cf044d310 code [0x00007f8cf044d4a0, 0x00007f8cf044d5b0]
Event: 0.030 Thread 0x00007f8d08177020  229   !   3       jdk.internal.misc.ScopedMemoryAccess::getByte (16 bytes)
Event: 0.031 Thread 0x00007f8d08177020 nmethod 229 0x00007f8cf044d610 code [0x00007f8cf044d7e0, 0x00007f8cf044dbb8]
Event: 0.031 Thread 0x00007f8d08177020  230   !   3       jdk.internal.misc.ScopedMemoryAccess::getByteInternal (34 bytes)
Event: 0.031 Thread 0x00007f8c5801d0f0 nmethod 233 0x00007f8cf044dd90 code [0x00007f8cf044dfe0, 0x00007f8cf044ead8]
Event: 0.031 Thread 0x00007f8c5801d0f0  234       1       java.nio.Buffer::limit (5 bytes)
Event: 0.031 Thread 0x00007f8d08177020 nmethod 230 0x00007f8cf044ef90 code [0x00007f8cf044f140, 0x00007f8cf044f398]
Event: 0.031 Thread 0x00007f8c5801d0f0 nmethod 234 0x00007f8cf7ffba90 code [0x00007f8cf7ffbc20, 0x00007f8cf7ffbce0]
Event: 0.031 Thread 0x00007f8c5801d0f0  235       3       java.util.HashMap::newNode (13 bytes)
Event: 0.031 Thread 0x00007f8d08177020  236       3       java.util.HashMap::afterNodeInsertion (1 bytes)
Event: 0.031 Thread 0x00007f8d08177020 nmethod 236 0x00007f8cf044f510 code [0x00007f8cf044f6a0, 0x00007f8cf044f7a0]
Event: 0.031 Thread 0x00007f8c5801d0f0 nmethod 235 0x00007f8cf044f810 code [0x00007f8cf044f9c0, 0x00007f8cf044fd10]

GC Heap History (0 events):
No events

Dll operation events (7 events):
Event: 0.001 Loaded shared library /usr/lib/jvm/java-21-openjdk/lib/libjava.so
Event: 0.008 Loaded shared library /usr/lib/jvm/java-21-openjdk/lib/libjsvml.so
Event: 0.010 Loaded shared library /usr/lib/jvm/java-21-openjdk/lib/libnio.so
Event: 0.011 Loaded shared library /usr/lib/jvm/java-21-openjdk/lib/libzip.so
Event: 0.029 Loaded shared library /usr/lib/jvm/java-21-openjdk/lib/libnet.so
Event: 0.030 Loaded shared library /usr/lib/jvm/java-21-openjdk/lib/libjimage.so
Event: 0.032 Loaded shared library /tmp/libneko_10482504711299927391.so

Deoptimization events (0 events):
No events

Classes loaded (20 events):
Event: 0.031 Loading class java/nio/channels/spi/AbstractSelectableChannel
Event: 0.031 Loading class java/nio/channels/SelectableChannel
Event: 0.031 Loading class java/nio/channels/SelectableChannel done
Event: 0.031 Loading class java/nio/channels/spi/AbstractSelectableChannel done
Event: 0.031 Loading class java/nio/channels/SocketChannel done
Event: 0.031 Loading class sun/nio/ch/SocketChannelImpl done
Event: 0.031 Loading class sun/nio/ch/ChannelOutputStream
Event: 0.031 Loading class sun/nio/ch/ChannelOutputStream done
Event: 0.031 Loading class sun/nio/ch/NativeThread
Event: 0.031 Loading class sun/nio/ch/NativeThread done
Event: 0.031 Loading class sun/nio/ch/Util
Event: 0.032 Loading class sun/nio/ch/Util done
Event: 0.032 Loading class sun/nio/ch/Util$1
Event: 0.032 Loading class sun/nio/ch/Util$1 done
Event: 0.032 Loading class sun/nio/ch/Util$BufferCache
Event: 0.032 Loading class sun/nio/ch/Util$BufferCache done
Event: 0.032 Loading class java/nio/DirectByteBuffer$Deallocator
Event: 0.032 Loading class java/nio/DirectByteBuffer$Deallocator done
Event: 0.032 Loading class sun/nio/ch/IOStatus
Event: 0.032 Loading class sun/nio/ch/IOStatus done

Classes unloaded (0 events):
No events

Classes redefined (0 events):
No events

Internal exceptions (0 events):
No events

ZGC Phase Switch (0 events):
No events

VM Operations (0 events):
No events

Memory protections (11 events):
Event: 0.000 Protecting memory [0x00007f8d0df00000,0x00007f8d0df04000] with protection modes 0
Event: 0.007 Protecting memory [0x00007f8ce031c000,0x00007f8ce0320000] with protection modes 0
Event: 0.007 Protecting memory [0x00007f8ce021b000,0x00007f8ce021f000] with protection modes 0
Event: 0.008 Protecting memory [0x00007f8ce011a000,0x00007f8ce011e000] with protection modes 0
Event: 0.008 Protecting memory [0x00007f8ce0019000,0x00007f8ce001d000] with protection modes 0
Event: 0.008 Protecting memory [0x00007f8cd1900000,0x00007f8cd1904000] with protection modes 0
Event: 0.008 Protecting memory [0x00007f8cd17ff000,0x00007f8cd1803000] with protection modes 0
Event: 0.008 Protecting memory [0x00007f8cd16fe000,0x00007f8cd1702000] with protection modes 0
Event: 0.009 Protecting memory [0x00007f8cd152c000,0x00007f8cd1530000] with protection modes 0
Event: 0.010 Protecting memory [0x00007f8cd142b000,0x00007f8cd142f000] with protection modes 0
Event: 0.017 Protecting memory [0x00007f8cd132a000,0x00007f8cd132e000] with protection modes 0

Nmethod flushes (0 events):
No events

Events (11 events):
Event: 0.004 Thread 0x00007f8d08019c00 Thread added: 0x00007f8d08019c00
Event: 0.007 Thread 0x00007f8d08019c00 Thread added: 0x00007f8d0816e3e0
Event: 0.007 Thread 0x00007f8d08019c00 Thread added: 0x00007f8d0816f960
Event: 0.008 Thread 0x00007f8d08019c00 Thread added: 0x00007f8d08171220
Event: 0.008 Thread 0x00007f8d08019c00 Thread added: 0x00007f8d08172870
Event: 0.008 Thread 0x00007f8d08019c00 Thread added: 0x00007f8d08173e20
Event: 0.008 Thread 0x00007f8d08019c00 Thread added: 0x00007f8d08175950
Event: 0.008 Thread 0x00007f8d08019c00 Thread added: 0x00007f8d08177020
Event: 0.009 Thread 0x00007f8d08019c00 Thread added: 0x00007f8d08182f90
Event: 0.010 Thread 0x00007f8d08019c00 Thread added: 0x00007f8d08185ed0
Event: 0.017 Thread 0x00007f8d08177020 Thread added: 0x00007f8c5801d0f0


Dynamic libraries:
51d000000-54b800000 rw-p 00000000 00:00 0 
54b800000-7ff800000 ---p 00000000 00:00 0 
7ff800000-7ff90d000 rw-p 00cda000 103:06 12095119                        /usr/lib/jvm/java-21-openjdk/lib/server/classes.jsa
7ff90d000-800000000 rw-p 00000000 00:00 0 
557461193000-557461194000 r--p 00000000 103:06 12094845                  /usr/lib/jvm/java-21-openjdk/bin/java
557461194000-557461195000 r-xp 00001000 103:06 12094845                  /usr/lib/jvm/java-21-openjdk/bin/java
557461195000-557461196000 r--p 00002000 103:06 12094845                  /usr/lib/jvm/java-21-openjdk/bin/java
557461196000-557461197000 r--p 00002000 103:06 12094845                  /usr/lib/jvm/java-21-openjdk/bin/java
557461197000-557461198000 rw-p 00003000 103:06 12094845                  /usr/lib/jvm/java-21-openjdk/bin/java
55747470c000-557474758000 rw-p 00000000 00:00 0                          [heap]
7f8c50000000-7f8c50021000 rw-p 00000000 00:00 0 
7f8c50021000-7f8c54000000 ---p 00000000 00:00 0 
7f8c54000000-7f8c540ce000 rw-p 00000000 00:00 0 
7f8c540ce000-7f8c58000000 ---p 00000000 00:00 0 
7f8c58000000-7f8c58106000 rw-p 00000000 00:00 0 
7f8c58106000-7f8c5c000000 ---p 00000000 00:00 0 
7f8c5c000000-7f8c5c021000 rw-p 00000000 00:00 0 
7f8c5c021000-7f8c60000000 ---p 00000000 00:00 0 
7f8c60000000-7f8c60021000 rw-p 00000000 00:00 0 
7f8c60021000-7f8c64000000 ---p 00000000 00:00 0 
7f8c64000000-7f8c640aa000 rw-p 00000000 00:00 0 
7f8c640aa000-7f8c68000000 ---p 00000000 00:00 0 
7f8c68000000-7f8c68021000 rw-p 00000000 00:00 0 
7f8c68021000-7f8c6c000000 ---p 00000000 00:00 0 
7f8c6c000000-7f8c6c021000 rw-p 00000000 00:00 0 
7f8c6c021000-7f8c70000000 ---p 00000000 00:00 0 
7f8c70000000-7f8c70021000 rw-p 00000000 00:00 0 
7f8c70021000-7f8c74000000 ---p 00000000 00:00 0 
7f8c74000000-7f8c74021000 rw-p 00000000 00:00 0 
7f8c74021000-7f8c78000000 ---p 00000000 00:00 0 
7f8c78000000-7f8c78021000 rw-p 00000000 00:00 0 
7f8c78021000-7f8c7c000000 ---p 00000000 00:00 0 
7f8c7f000000-7f8c7f100000 rw-p 00000000 00:00 0 
7f8c7f100000-7f8c7f400000 ---p 00000000 00:00 0 
7f8c7f400000-7f8c7f410000 rw-p 00000000 00:00 0 
7f8c7f410000-7f8c83000000 ---p 00000000 00:00 0 
7f8c83000000-7f8c83c9b000 rw-p 00001000 103:06 12095119                  /usr/lib/jvm/java-21-openjdk/lib/server/classes.jsa
7f8c83c9b000-7f8c84000000 ---p 00000000 00:00 0 
7f8c84000000-7f8c84010000 rw-p 00000000 00:00 0 
7f8c84010000-7f8c84040000 ---p 00000000 00:00 0 
7f8c84040000-7f8c84060000 rw-p 00000000 00:00 0 
7f8c84060000-7f8cc4000000 ---p 00000000 00:00 0 
7f8cc4000000-7f8cc4021000 rw-p 00000000 00:00 0 
7f8cc4021000-7f8cc8000000 ---p 00000000 00:00 0 
7f8cc8000000-7f8cc8021000 rw-p 00000000 00:00 0 
7f8cc8021000-7f8ccc000000 ---p 00000000 00:00 0 
7f8ccc000000-7f8ccc021000 rw-p 00000000 00:00 0 
7f8ccc021000-7f8cd0000000 ---p 00000000 00:00 0 
7f8cd1329000-7f8cd132a000 rw-p 00000000 00:00 0 
7f8cd132a000-7f8cd132e000 ---p 00000000 00:00 0 
7f8cd132e000-7f8cd142b000 rw-p 00000000 00:00 0 
7f8cd142b000-7f8cd142f000 ---p 00000000 00:00 0 
7f8cd142f000-7f8cd152c000 rw-p 00000000 00:00 0 
7f8cd152c000-7f8cd1530000 ---p 00000000 00:00 0 
7f8cd1530000-7f8cd162c000 rw-p 00000000 00:00 0 
7f8cd162c000-7f8cd1631000 r--p 00000000 103:06 12095093                  /usr/lib/jvm/java-21-openjdk/lib/libjsvml.so
7f8cd1631000-7f8cd1672000 r-xp 00005000 103:06 12095093                  /usr/lib/jvm/java-21-openjdk/lib/libjsvml.so
7f8cd1672000-7f8cd16fb000 r--p 00046000 103:06 12095093                  /usr/lib/jvm/java-21-openjdk/lib/libjsvml.so
7f8cd16fb000-7f8cd16fc000 r--p 000ce000 103:06 12095093                  /usr/lib/jvm/java-21-openjdk/lib/libjsvml.so
7f8cd16fc000-7f8cd16fd000 rw-p 000cf000 103:06 12095093                  /usr/lib/jvm/java-21-openjdk/lib/libjsvml.so
7f8cd16fd000-7f8cd16fe000 rw-p 00000000 00:00 0 
7f8cd16fe000-7f8cd1702000 ---p 00000000 00:00 0 
7f8cd1702000-7f8cd17ff000 rw-p 00000000 00:00 0 
7f8cd17ff000-7f8cd1803000 ---p 00000000 00:00 0 
7f8cd1803000-7f8cd1900000 rw-p 00000000 00:00 0 
7f8cd1900000-7f8cd1904000 ---p 00000000 00:00 0 
7f8cd1904000-7f8cd1a00000 rw-p 00000000 00:00 0 
7f8cd1a00000-7f8cd1ff4000 r--p 00000000 103:06 11870942                  /usr/lib/locale/locale-archive
7f8cd2000000-7f8cd4021000 rw-p 00000000 00:00 0 
7f8cd4021000-7f8cd8000000 ---p 00000000 00:00 0 
7f8cd8000000-7f8cd8021000 rw-p 00000000 00:00 0 
7f8cd8021000-7f8cdc000000 ---p 00000000 00:00 0 
7f8cdc000000-7f8cdc021000 rw-p 00000000 00:00 0 
7f8cdc021000-7f8ce0000000 ---p 00000000 00:00 0 
7f8ce0018000-7f8ce0019000 rw-p 00000000 00:00 0 
7f8ce0019000-7f8ce001d000 ---p 00000000 00:00 0 
7f8ce001d000-7f8ce011a000 rw-p 00000000 00:00 0 
7f8ce011a000-7f8ce011e000 ---p 00000000 00:00 0 
7f8ce011e000-7f8ce021b000 rw-p 00000000 00:00 0 
7f8ce021b000-7f8ce021f000 ---p 00000000 00:00 0 
7f8ce021f000-7f8ce031c000 rw-p 00000000 00:00 0 
7f8ce031c000-7f8ce0320000 ---p 00000000 00:00 0 
7f8ce0320000-7f8ce061e000 rw-p 00000000 00:00 0 
7f8ce061e000-7f8ce06fa000 rw-p 00000000 00:00 0 
7f8ce06fa000-7f8ce08fc000 rw-p 00000000 00:00 0 
7f8ce08fc000-7f8ce28b0000 rw-p 00000000 00:00 0 
7f8ce28b0000-7f8ced5b0000 ---p 00000000 00:00 0 
7f8ced5b0000-7f8ced744000 rw-p 00000000 00:00 0 
7f8ced744000-7f8ceece4000 ---p 00000000 00:00 0 
7f8ceece4000-7f8ceee5c000 rw-p 00000000 00:00 0 
7f8ceee5c000-7f8cf03fc000 ---p 00000000 00:00 0 
7f8cf03fc000-7f8cf0400000 rw-p 00000000 00:00 0 
7f8cf0400000-7f8cf0670000 rwxp 00000000 00:00 0 
7f8cf0670000-7f8cf7817000 ---p 00000000 00:00 0 
7f8cf7817000-7f8cf7a87000 rwxp 00000000 00:00 0 
7f8cf7a87000-7f8cf7fe8000 ---p 00000000 00:00 0 
7f8cf7fe8000-7f8cf8258000 rwxp 00000000 00:00 0 
7f8cf8258000-7f8cff400000 ---p 00000000 00:00 0 
7f8cff400000-7f8d07ebc000 r--s 00000000 103:06 12095110                  /usr/lib/jvm/java-21-openjdk/lib/modules
7f8d07eff000-7f8d08232000 rw-p 00000000 00:00 0 
7f8d08232000-7f8d0c000000 ---p 00000000 00:00 0 
7f8d0c028000-7f8d0c22a000 rw-p 00000000 00:00 0 
7f8d0c22a000-7f8d0c52d000 rw-p 00000000 00:00 0 
7f8d0c52d000-7f8d0dd33000 rw-p 00000000 00:00 0 
7f8d0dd33000-7f8d0de17000 ---p 00000000 00:00 0 
7f8d0de17000-7f8d0de1c000 rw-p 00000000 00:00 0 
7f8d0de1c000-7f8d0df00000 ---p 00000000 00:00 0 
7f8d0df00000-7f8d0df04000 ---p 00000000 00:00 0 
7f8d0df04000-7f8d0e000000 rw-p 00000000 00:00 0 
7f8d0e000000-7f8d0e097000 r--p 00000000 103:06 11800403                  /usr/lib/libstdc++.so.6.0.34
7f8d0e097000-7f8d0e1ec000 r-xp 00097000 103:06 11800403                  /usr/lib/libstdc++.so.6.0.34
7f8d0e1ec000-7f8d0e27e000 r--p 001ec000 103:06 11800403                  /usr/lib/libstdc++.so.6.0.34
7f8d0e27e000-7f8d0e28f000 r--p 0027e000 103:06 11800403                  /usr/lib/libstdc++.so.6.0.34
7f8d0e28f000-7f8d0e290000 rw-p 0028f000 103:06 11800403                  /usr/lib/libstdc++.so.6.0.34
7f8d0e290000-7f8d0e294000 rw-p 00000000 00:00 0 
7f8d0e2a3000-7f8d0e2a7000 r--p 00000000 00:22 18236                      /tmp/libneko_10482504711299927391.so
7f8d0e2a7000-7f8d0e2b0000 r-xp 00003000 00:22 18236                      /tmp/libneko_10482504711299927391.so
7f8d0e2b0000-7f8d0e2b1000 r--p 0000b000 00:22 18236                      /tmp/libneko_10482504711299927391.so
7f8d0e2b1000-7f8d0e2b3000 rw-p 0000b000 00:22 18236                      /tmp/libneko_10482504711299927391.so
7f8d0e2b3000-7f8d0e2b5000 r--p 00000000 103:06 12095109                  /usr/lib/jvm/java-21-openjdk/lib/libzip.so
7f8d0e2b5000-7f8d0e2b9000 r-xp 00002000 103:06 12095109                  /usr/lib/jvm/java-21-openjdk/lib/libzip.so
7f8d0e2b9000-7f8d0e2bb000 r--p 00006000 103:06 12095109                  /usr/lib/jvm/java-21-openjdk/lib/libzip.so
7f8d0e2bb000-7f8d0e2bc000 r--p 00007000 103:06 12095109                  /usr/lib/jvm/java-21-openjdk/lib/libzip.so
7f8d0e2bc000-7f8d0e2bd000 rw-p 00008000 103:06 12095109                  /usr/lib/jvm/java-21-openjdk/lib/libzip.so
7f8d0e2bd000-7f8d0e2c0000 r--p 00000000 103:06 12095100                  /usr/lib/jvm/java-21-openjdk/lib/libnet.so
7f8d0e2c0000-7f8d0e2c8000 r-xp 00003000 103:06 12095100                  /usr/lib/jvm/java-21-openjdk/lib/libnet.so
7f8d0e2c8000-7f8d0e2ca000 r--p 0000b000 103:06 12095100                  /usr/lib/jvm/java-21-openjdk/lib/libnet.so
7f8d0e2ca000-7f8d0e2cb000 r--p 0000c000 103:06 12095100                  /usr/lib/jvm/java-21-openjdk/lib/libnet.so
7f8d0e2cb000-7f8d0e2cc000 rw-p 0000d000 103:06 12095100                  /usr/lib/jvm/java-21-openjdk/lib/libnet.so
7f8d0e2cc000-7f8d0e2d3000 r--p 00000000 103:06 12095101                  /usr/lib/jvm/java-21-openjdk/lib/libnio.so
7f8d0e2d3000-7f8d0e2dc000 r-xp 00007000 103:06 12095101                  /usr/lib/jvm/java-21-openjdk/lib/libnio.so
7f8d0e2dc000-7f8d0e2e0000 r--p 00010000 103:06 12095101                  /usr/lib/jvm/java-21-openjdk/lib/libnio.so
7f8d0e2e0000-7f8d0e2e1000 r--p 00014000 103:06 12095101                  /usr/lib/jvm/java-21-openjdk/lib/libnio.so
7f8d0e2e1000-7f8d0e2e2000 rw-p 00015000 103:06 12095101                  /usr/lib/jvm/java-21-openjdk/lib/libnio.so
7f8d0e2e2000-7f8d0e2f2000 r--p 00000000 103:06 11799566                  /usr/lib/libm.so.6
7f8d0e2f2000-7f8d0e389000 r-xp 00010000 103:06 11799566                  /usr/lib/libm.so.6
7f8d0e389000-7f8d0e3fe000 r--p 000a7000 103:06 11799566                  /usr/lib/libm.so.6
7f8d0e3fe000-7f8d0e3ff000 r--p 0011b000 103:06 11799566                  /usr/lib/libm.so.6
7f8d0e3ff000-7f8d0e400000 rw-p 0011c000 103:06 11799566                  /usr/lib/libm.so.6
7f8d0e400000-7f8d0e410000 r--p 00000000 103:06 12095122                  /usr/lib/jvm/java-21-openjdk/lib/server/libjvm.so
7f8d0e410000-7f8d0f316000 r-xp 00010000 103:06 12095122                  /usr/lib/jvm/java-21-openjdk/lib/server/libjvm.so
7f8d0f316000-7f8d0f5ef000 r--p 00f16000 103:06 12095122                  /usr/lib/jvm/java-21-openjdk/lib/server/libjvm.so
7f8d0f5ef000-7f8d0f6c5000 r--p 011ef000 103:06 12095122                  /usr/lib/jvm/java-21-openjdk/lib/server/libjvm.so
7f8d0f6c5000-7f8d0f6f5000 rw-p 012c5000 103:06 12095122                  /usr/lib/jvm/java-21-openjdk/lib/server/libjvm.so
7f8d0f6f5000-7f8d0f75b000 rw-p 00000000 00:00 0 
7f8d0f760000-7f8d0f803000 rw-p 00000000 00:00 0 
7f8d0f803000-7f8d0f80e000 ---p 00000000 00:00 0 
7f8d0f80e000-7f8d0f812000 r--p 00000000 103:06 11800376                  /usr/lib/libgcc_s.so.1
7f8d0f812000-7f8d0f835000 r-xp 00004000 103:06 11800376                  /usr/lib/libgcc_s.so.1
7f8d0f835000-7f8d0f839000 r--p 00027000 103:06 11800376                  /usr/lib/libgcc_s.so.1
7f8d0f839000-7f8d0f83a000 r--p 0002a000 103:06 11800376                  /usr/lib/libgcc_s.so.1
7f8d0f83a000-7f8d0f83b000 rw-p 0002b000 103:06 11800376                  /usr/lib/libgcc_s.so.1
7f8d0f83b000-7f8d0f83d000 rw-p 00000000 00:00 0 
7f8d0f83d000-7f8d0f840000 r--p 00000000 103:06 11803691                  /usr/lib/libz.so.1.3.2
7f8d0f840000-7f8d0f850000 r-xp 00003000 103:06 11803691                  /usr/lib/libz.so.1.3.2
7f8d0f850000-7f8d0f856000 r--p 00013000 103:06 11803691                  /usr/lib/libz.so.1.3.2
7f8d0f856000-7f8d0f857000 r--p 00018000 103:06 11803691                  /usr/lib/libz.so.1.3.2
7f8d0f857000-7f8d0f858000 rw-p 00019000 103:06 11803691                  /usr/lib/libz.so.1.3.2
7f8d0f858000-7f8d0f87c000 r--p 00000000 103:06 11799556                  /usr/lib/libc.so.6
7f8d0f87c000-7f8d0f9ed000 r-xp 00024000 103:06 11799556                  /usr/lib/libc.so.6
7f8d0f9ed000-7f8d0fa3b000 r--p 00195000 103:06 11799556                  /usr/lib/libc.so.6
7f8d0fa3b000-7f8d0fa3f000 r--p 001e2000 103:06 11799556                  /usr/lib/libc.so.6
7f8d0fa3f000-7f8d0fa41000 rw-p 001e6000 103:06 11799556                  /usr/lib/libc.so.6
7f8d0fa41000-7f8d0fa49000 rw-p 00000000 00:00 0 
7f8d0fa4a000-7f8d0fa4b000 r--p 00000000 103:06 11799561                  /usr/lib/libdl.so.2
7f8d0fa4b000-7f8d0fa4c000 r-xp 00001000 103:06 11799561                  /usr/lib/libdl.so.2
7f8d0fa4c000-7f8d0fa4d000 r--p 00002000 103:06 11799561                  /usr/lib/libdl.so.2
7f8d0fa4d000-7f8d0fa4e000 r--p 00002000 103:06 11799561                  /usr/lib/libdl.so.2
7f8d0fa4e000-7f8d0fa4f000 rw-p 00003000 103:06 11799561                  /usr/lib/libdl.so.2
7f8d0fa4f000-7f8d0fa59000 r--p 00000000 103:06 12095085                  /usr/lib/jvm/java-21-openjdk/lib/libjava.so
7f8d0fa59000-7f8d0fa67000 r-xp 0000a000 103:06 12095085                  /usr/lib/jvm/java-21-openjdk/lib/libjava.so
7f8d0fa67000-7f8d0fa6c000 r--p 00018000 103:06 12095085                  /usr/lib/jvm/java-21-openjdk/lib/libjava.so
7f8d0fa6c000-7f8d0fa6d000 r--p 0001d000 103:06 12095085                  /usr/lib/jvm/java-21-openjdk/lib/libjava.so
7f8d0fa6d000-7f8d0fa6e000 rw-p 0001e000 103:06 12095085                  /usr/lib/jvm/java-21-openjdk/lib/libjava.so
7f8d0fa6e000-7f8d0fa6f000 rw-p 00000000 00:00 0 
7f8d0fa6f000-7f8d0fa77000 rw-s 00000000 00:22 18234                      /tmp/hsperfdata_fadouse/199330
7f8d0fa77000-7f8d0fa78000 ---p 00000000 00:00 0 
7f8d0fa78000-7f8d0fa79000 r--p 00000000 00:00 0 
7f8d0fa79000-7f8d0fa7a000 ---p 00000000 00:00 0 
7f8d0fa7a000-7f8d0fa7b000 r--p 00000000 103:06 12095089                  /usr/lib/jvm/java-21-openjdk/lib/libjimage.so
7f8d0fa7b000-7f8d0fa7d000 r-xp 00001000 103:06 12095089                  /usr/lib/jvm/java-21-openjdk/lib/libjimage.so
7f8d0fa7d000-7f8d0fa7e000 r--p 00003000 103:06 12095089                  /usr/lib/jvm/java-21-openjdk/lib/libjimage.so
7f8d0fa7e000-7f8d0fa7f000 r--p 00004000 103:06 12095089                  /usr/lib/jvm/java-21-openjdk/lib/libjimage.so
7f8d0fa7f000-7f8d0fa80000 rw-p 00005000 103:06 12095089                  /usr/lib/jvm/java-21-openjdk/lib/libjimage.so
7f8d0fa80000-7f8d0fa82000 r--p 00000000 103:06 12095090                  /usr/lib/jvm/java-21-openjdk/lib/libjli.so
7f8d0fa82000-7f8d0fa8c000 r-xp 00002000 103:06 12095090                  /usr/lib/jvm/java-21-openjdk/lib/libjli.so
7f8d0fa8c000-7f8d0fa8f000 r--p 0000c000 103:06 12095090                  /usr/lib/jvm/java-21-openjdk/lib/libjli.so
7f8d0fa8f000-7f8d0fa90000 r--p 0000f000 103:06 12095090                  /usr/lib/jvm/java-21-openjdk/lib/libjli.so
7f8d0fa90000-7f8d0fa91000 rw-p 00010000 103:06 12095090                  /usr/lib/jvm/java-21-openjdk/lib/libjli.so
7f8d0fa91000-7f8d0fa93000 rw-p 00000000 00:00 0 
7f8d0fa93000-7f8d0fa97000 r--p 00000000 00:00 0                          [vvar]
7f8d0fa97000-7f8d0fa99000 r--p 00000000 00:00 0                          [vvar_vclock]
7f8d0fa99000-7f8d0fa9b000 r-xp 00000000 00:00 0                          [vdso]
7f8d0fa9b000-7f8d0fa9c000 r--p 00000000 103:06 11799547                  /usr/lib/ld-linux-x86-64.so.2
7f8d0fa9c000-7f8d0fac6000 r-xp 00001000 103:06 11799547                  /usr/lib/ld-linux-x86-64.so.2
7f8d0fac6000-7f8d0fad1000 r--p 0002b000 103:06 11799547                  /usr/lib/ld-linux-x86-64.so.2
7f8d0fad1000-7f8d0fad3000 r--p 00036000 103:06 11799547                  /usr/lib/ld-linux-x86-64.so.2
7f8d0fad3000-7f8d0fad4000 rw-p 00038000 103:06 11799547                  /usr/lib/ld-linux-x86-64.so.2
7f8d0fad4000-7f8d0fad5000 rw-p 00000000 00:00 0 
7ffcb208a000-7ffcb20ab000 rw-p 00000000 00:00 0                          [stack]
ffffffffff600000-ffffffffff601000 --xp 00000000 00:00 0                  [vsyscall]
Total number of mappings: 201

JVMTI agents: none


VM Arguments:
java_command: /mnt/d/Code/Security/NekoObfuscator/worktree/dev-impl/neko-test/build/test-native/TEST-native.jar
java_class_path (initial): /mnt/d/Code/Security/NekoObfuscator/worktree/dev-impl/neko-test/build/test-native/TEST-native.jar
Launcher Type: SUN_STANDARD

[Global flags]
     intx CICompilerCount                          = 15                                        {product} {ergonomic}
     uint ConcGCThreads                            = 6                                         {product} {ergonomic}
     uint G1ConcRefinementThreads                  = 23                                        {product} {ergonomic}
   size_t G1HeapRegionSize                         = 8388608                                   {product} {ergonomic}
    uintx GCDrainStackTargetSize                   = 64                                        {product} {ergonomic}
   size_t InitialHeapSize                          = 780140544                                 {product} {ergonomic}
   size_t MarkStackSize                            = 4194304                                   {product} {ergonomic}
   size_t MaxHeapSize                              = 12398362624                               {product} {ergonomic}
   size_t MaxNewSize                               = 7432306688                                {product} {ergonomic}
   size_t MinHeapDeltaBytes                        = 8388608                                   {product} {ergonomic}
   size_t MinHeapSize                              = 8388608                                   {product} {ergonomic}
    uintx NonNMethodCodeHeapSize                   = 8192380                                {pd product} {ergonomic}
    uintx NonProfiledCodeHeapSize                  = 121732930                              {pd product} {ergonomic}
    uintx ProfiledCodeHeapSize                     = 121732930                              {pd product} {ergonomic}
    uintx ReservedCodeCacheSize                    = 251658240                              {pd product} {ergonomic}
     bool SegmentedCodeCache                       = true                                      {product} {ergonomic}
   size_t SoftMaxHeapSize                          = 12398362624                            {manageable} {ergonomic}
     bool UseCompressedOops                        = true                           {product lp64_product} {ergonomic}
     bool UseG1GC                                  = true                                      {product} {ergonomic}

Logging:
Log output configuration:
 #0: stdout all=warning uptime,level,tags foldmultilines=false
 #1: stderr all=off uptime,level,tags foldmultilines=false

Release file:
<release file has not been read>
Environment Variables:
PATH=/home/fadouse/.cargo/bin:/home/fadouse/.bun/bin:/home/fadouse/node_modules/.bin:/home/fadouse/.opencode/bin:/home/fadouse/.local/bin:/usr/local/sbin:/usr/local/bin:/usr/bin:/var/lib/flatpak/exports/bin:/usr/lib/jvm/default/bin:/usr/bin/site_perl:/usr/bin/vendor_perl:/usr/bin/core_perl:/usr/lib/rustup/bin:/home/fadouse/.local/share/JetBrains/Toolbox/scripts:/home/fadouse/.lmstudio/bin:/home/fadouse/.lmstudio/bin
LD_LIBRARY_PATH=/home/fadouse/.local/lib:/home/fadouse/.local/lib
SHELL=/bin/bash
DISPLAY=:1
WAYLAND_DISPLAY=wayland-0
LANG=en_US.UTF-8
LC_NUMERIC=en_US.UTF-8
LC_TIME=en_US.UTF-8
TERM=xterm-ghostty

Active Locale:
LC_ALL=en_US.UTF-8
LC_COLLATE=en_US.UTF-8
LC_CTYPE=en_US.UTF-8
LC_MESSAGES=en_US.UTF-8
LC_MONETARY=en_US.UTF-8
LC_NUMERIC=en_US.UTF-8
LC_TIME=en_US.UTF-8

Signal Handlers:
   SIGSEGV: 0x00007f8d0f20d280 in libjvm.so+14733952, mask=11100100010111111101111111111110, flags=SA_RESTART|SA_SIGINFO, unblocked
    SIGBUS: 0x00007f8d0f20d280 in libjvm.so+14733952, mask=11100100010111111101111111111110, flags=SA_RESTART|SA_SIGINFO, unblocked
    SIGFPE: 0x00007f8d0f20d280 in libjvm.so+14733952, mask=11100100010111111101111111111110, flags=SA_RESTART|SA_SIGINFO, unblocked
   SIGPIPE: 0x00007f8d0f066980 in libjvm.so+13003136, mask=11100100010111111101111111111110, flags=SA_RESTART|SA_SIGINFO, blocked
   SIGXFSZ: 0x00007f8d0f066980 in libjvm.so+13003136, mask=11100100010111111101111111111110, flags=SA_RESTART|SA_SIGINFO, blocked
    SIGILL: 0x00007f8d0f20d280 in libjvm.so+14733952, mask=11100100010111111101111111111110, flags=SA_RESTART|SA_SIGINFO, unblocked
   SIGUSR2: 0x00007f8d0f0682a0 in libjvm.so+13009568, mask=00000000000000000000000000000000, flags=SA_RESTART|SA_SIGINFO, blocked
    SIGHUP: 0x00007f8d0f065ce0 in libjvm.so+12999904, mask=11100100010111111101111111111110, flags=SA_RESTART|SA_SIGINFO, blocked
    SIGINT: 0x00007f8d0f065ce0 in libjvm.so+12999904, mask=11100100010111111101111111111110, flags=SA_RESTART|SA_SIGINFO, blocked
   SIGTERM: 0x00007f8d0f065ce0 in libjvm.so+12999904, mask=11100100010111111101111111111110, flags=SA_RESTART|SA_SIGINFO, blocked
   SIGQUIT: 0x00007f8d0f065ce0 in libjvm.so+12999904, mask=11100100010111111101111111111110, flags=SA_RESTART|SA_SIGINFO, blocked
   SIGTRAP: 0x00007f8d0f20d280 in libjvm.so+14733952, mask=11100100010111111101111111111110, flags=SA_RESTART|SA_SIGINFO, unblocked


Periodic native trim disabled

---------------  S Y S T E M  ---------------

OS:
DISTRIB_ID="Arch"
DISTRIB_RELEASE="rolling"
DISTRIB_DESCRIPTION="Arch Linux"
uname: Linux 6.19.11-arch1-1 #1 SMP PREEMPT_DYNAMIC Thu, 02 Apr 2026 23:33:01 +0000 x86_64
OS uptime: 1 days 5:29 hours
libc: glibc 2.43 NPTL 2.43 
rlimit (soft/hard): STACK 16384k/infinity , CORE infinity/infinity , NPROC 188532/188532 , NOFILE 524288/524288 , AS infinity/infinity , CPU infinity/infinity , DATA infinity/infinity , FSIZE infinity/infinity , MEMLOCK infinity/infinity
load average: 2.00 1.72 1.68

/proc/meminfo:
MemTotal:       48423308 kB
MemFree:         6057156 kB
MemAvailable:   24954128 kB
Buffers:         1799604 kB
Cached:         17357100 kB
SwapCached:            0 kB
Active:         14537472 kB
Inactive:       22207984 kB
Active(anon):   11833736 kB
Inactive(anon):  7613660 kB
Active(file):    2703736 kB
Inactive(file): 14594324 kB
Unevictable:         212 kB
Mlocked:             208 kB
SwapTotal:             0 kB
SwapFree:              0 kB
Zswap:                 0 kB
Zswapped:              0 kB
Dirty:             16332 kB
Writeback:             0 kB
AnonPages:      17223160 kB
Mapped:          4051888 kB
Shmem:           1858924 kB
KReclaimable:    2192808 kB
Slab:            2827720 kB
SReclaimable:    2192808 kB
SUnreclaim:       634912 kB
KernelStack:       55584 kB
PageTables:       144960 kB
SecPageTables:      2408 kB
NFS_Unstable:          0 kB
Bounce:                0 kB
WritebackTmp:          0 kB
CommitLimit:    24211652 kB
Committed_AS:   59838616 kB
VmallocTotal:   34359738367 kB
VmallocUsed:      199980 kB
VmallocChunk:          0 kB
Percpu:            34688 kB
HardwareCorrupted:     0 kB
AnonHugePages:   3350528 kB
ShmemHugePages:   907264 kB
ShmemPmdMapped:   350208 kB
FileHugePages:    933888 kB
FilePmdMapped:    620544 kB
CmaTotal:              0 kB
CmaFree:               0 kB
Unaccepted:            0 kB
Balloon:               0 kB
HugePages_Total:       0
HugePages_Free:        0
HugePages_Rsvd:        0
HugePages_Surp:        0
Hugepagesize:       2048 kB
Hugetlb:               0 kB
DirectMap4k:     4398652 kB
DirectMap2M:    43982848 kB
DirectMap1G:     2097152 kB

/sys/kernel/mm/transparent_hugepage/enabled: [always] madvise never
/sys/kernel/mm/transparent_hugepage/hpage_pmd_size: 2097152
/sys/kernel/mm/transparent_hugepage/defrag (defrag/compaction efforts parameter): always defer defer+madvise [madvise] never

Process Memory:
Virtual Size: 15179240K (peak: 15179460K)
Resident Set Size: 50828K (peak: 50828K) (anon: 25372K, file: 25372K, shmem: 84K)
Swapped out: 0K
C-Heap outstanding allocations: 53660K, retained: 2111K
glibc malloc tunables: (default)

/proc/sys/kernel/threads-max (system-wide limit on the number of threads): 377065
/proc/sys/vm/max_map_count (maximum number of memory map areas a process may have): 1048576
/proc/sys/vm/swappiness (control to define how aggressively the kernel swaps out anonymous memory): 60
/proc/sys/kernel/pid_max (system-wide limit on number of process identifiers): 4194304

container information not found.
Steal ticks since vm start: 0
Steal ticks percentage since vm start:  0.000

CPU: total 32 (initial active 32) (32 cores per cpu, 2 threads per core) family 26 model 68 stepping 0 microcode 0xb404023, cx8, cmov, fxsr, ht, mmx, 3dnowpref, sse, sse2, sse3, ssse3, sse4a, sse4.1, sse4.2, popcnt, lzcnt, tsc, tscinvbit, avx, avx2, aes, erms, clmul, bmi1, bmi2, adx, avx512f, avx512dq, avx512cd, avx512bw, avx512vl, sha, fma, vzeroupper, avx512_vpopcntdq, avx512_vpclmulqdq, avx512_vaes, avx512_vnni, clflush, clflushopt, avx512_vbmi2, avx512_vbmi, rdtscp, rdpid, fsrm, gfni, avx512_bitalg, f16c, pku, ospke, cet_ss, avx512_ifma
CPU Model and flags from /proc/cpuinfo:
model name	: AMD Ryzen 9 9950X3D 16-Core Processor
flags		: fpu vme de pse tsc msr pae mce cx8 apic sep mtrr pge mca cmov pat pse36 clflush mmx fxsr sse sse2 ht syscall nx mmxext fxsr_opt pdpe1gb rdtscp lm constant_tsc rep_good amd_lbr_v2 nopl xtopology nonstop_tsc cpuid extd_apicid aperfmperf rapl pni pclmulqdq monitor ssse3 fma cx16 sse4_1 sse4_2 movbe popcnt aes xsave avx f16c rdrand lahf_lm cmp_legacy svm extapic cr8_legacy abm sse4a misalignsse 3dnowprefetch osvw ibs skinit wdt tce topoext perfctr_core perfctr_nb bpext perfctr_llc mwaitx cpuid_fault cpb cat_l3 cdp_l3 hw_pstate ssbd mba perfmon_v2 ibrs ibpb stibp ibrs_enhanced vmmcall fsgsbase tsc_adjust bmi1 avx2 smep bmi2 erms invpcid cqm rdt_a avx512f avx512dq adx smap avx512ifma clflushopt clwb avx512cd sha_ni avx512bw avx512vl xsaveopt xsavec xgetbv1 xsaves cqm_llc cqm_occup_llc cqm_mbm_total cqm_mbm_local user_shstk avx_vnni avx512_bf16 clzero irperf xsaveerptr rdpru wbnoinvd cppc arat npt lbrv svm_lock nrip_save tsc_scale vmcb_clean flushbyasid decodeassists pausefilter pfthreshold avic v_vmsave_vmload vgif x2avic v_spec_ctrl vnmi avx512vbmi umip pku ospke avx512_vbmi2 gfni vaes vpclmulqdq avx512_vnni avx512_bitalg avx512_vpopcntdq rdpid bus_lock_detect movdiri movdir64b overflow_recov succor smca fsrm avx512_vp2intersect flush_l1d amd_lbr_pmc_freeze

Online cpus: 0-31
Offline cpus: 
BIOS frequency limitation: <Not Available>
Frequency switch latency (ns): 0
Available cpu frequencies: <Not Available>
Current governor: powersave
Core performance/turbo boost: 1

Memory: 4k page, physical 48423308k(24954128k free), swap 0k(0k free)
Page Sizes: 4k

vm_info: OpenJDK 64-Bit Server VM (21.0.10+7) for linux-amd64 JRE (21.0.10+7), built on 2026-01-21T09:21:17Z by "builduser" with gcc 15.2.1 20260103

END.
