#
# A fatal error has been detected by the Java Runtime Environment:
#
#  SIGSEGV (0xb) at pc=0x00007fc653ab6a52, pid=1663612, tid=1663613
#
# JRE version: OpenJDK Runtime Environment (21.0.10+7) (build 21.0.10+7)
# Java VM: OpenJDK 64-Bit Server VM (21.0.10+7, mixed mode, sharing, tiered, compressed oops, compressed class ptrs, g1 gc, linux-amd64)
# Problematic frame:
# C  [libneko_8047528034455054280.so+0x9a52]  JNI_OnLoad+0x29bf
#
# Core dump will be written. Default location: Core dumps may be processed with "/usr/lib/systemd/systemd-coredump %P %u %g %s %t %c %h %d %F" (or dumping to /mnt/d/Code/Security/NekoObfuscator/worktree/dev-impl/core.1663612)
#
# If you would like to submit a bug report, please visit:
#   https://bugreport.java.com/bugreport/crash.jsp
# The crash happened outside the Java Virtual Machine in native code.
# See problematic frame for where to report the bug.
#

---------------  S U M M A R Y ------------

Command Line: /mnt/d/Code/Security/NekoObfuscator/worktree/dev-impl/neko-test/build/test-native/TEST-native.jar

Host: AMD Ryzen 9 9950X3D 16-Core Processor, 32 cores, 46G, Arch Linux
Time: Fri Apr 24 08:52:44 2026 CST elapsed time: 0.042449 seconds (0d 0h 0m 0s)

---------------  T H R E A D  ---------------

Current thread (0x00007fc64c019c00):  JavaThread "main"             [_thread_in_native, id=1663613, stack(0x00007fc653700000,0x00007fc653800000) (1024K)]

Stack: [0x00007fc653700000,0x00007fc653800000],  sp=0x00007fc6537fdd70,  free space=1015k
Native frames: (J=compiled Java code, j=interpreted, Vv=VM code, C=native code)
C  [libneko_8047528034455054280.so+0x9a52]  JNI_OnLoad+0x29bf
C  [libjava.so+0xba3e]  Java_jdk_internal_loader_NativeLibraries_load+0xce
j  jdk.internal.loader.NativeLibraries.load(Ljdk/internal/loader/NativeLibraries$NativeLibraryImpl;Ljava/lang/String;ZZ)Z+0 java.base@21.0.10
j  jdk.internal.loader.NativeLibraries$NativeLibraryImpl.open()Z+57 java.base@21.0.10
j  jdk.internal.loader.NativeLibraries.loadLibrary(Ljava/lang/Class;Ljava/lang/String;Z)Ljdk/internal/loader/NativeLibrary;+254 java.base@21.0.10
j  jdk.internal.loader.NativeLibraries.loadLibrary(Ljava/lang/Class;Ljava/io/File;)Ljdk/internal/loader/NativeLibrary;+51 java.base@21.0.10
j  java.lang.ClassLoader.loadLibrary(Ljava/lang/Class;Ljava/io/File;)Ljdk/internal/loader/NativeLibrary;+31 java.base@21.0.10
j  java.lang.Runtime.load0(Ljava/lang/Class;Ljava/lang/String;)V+61 java.base@21.0.10
j  java.lang.System.load(Ljava/lang/String;)V+7 java.base@21.0.10
j  dev.nekoobfuscator.runtime.NekoNativeLoader.load()V+68
j  pack.tests.basics.overwirte.Sub.<clinit>()V+0
v  ~StubRoutines::call_stub 0x00007fc63b817cc6
V  [libjvm.so+0x6c722a]
V  [libjvm.so+0x69ad38]
V  [libjvm.so+0x69bdf3]
V  [libjvm.so+0x6bb910]
j  pack.Main.main([Ljava/lang/String;)V+130
v  ~StubRoutines::call_stub 0x00007fc63b817cc6
V  [libjvm.so+0x6c722a]
V  [libjvm.so+0x776e16]
V  [libjvm.so+0x779765]
C  [libjli.so+0x4db5]
C  [libjli.so+0x7e6e]
C  [libc.so.6+0x9697a]
Java frames: (J=compiled Java code, j=interpreted, Vv=VM code)
j  jdk.internal.loader.NativeLibraries.load(Ljdk/internal/loader/NativeLibraries$NativeLibraryImpl;Ljava/lang/String;ZZ)Z+0 java.base@21.0.10
j  jdk.internal.loader.NativeLibraries$NativeLibraryImpl.open()Z+57 java.base@21.0.10
j  jdk.internal.loader.NativeLibraries.loadLibrary(Ljava/lang/Class;Ljava/lang/String;Z)Ljdk/internal/loader/NativeLibrary;+254 java.base@21.0.10
j  jdk.internal.loader.NativeLibraries.loadLibrary(Ljava/lang/Class;Ljava/io/File;)Ljdk/internal/loader/NativeLibrary;+51 java.base@21.0.10
j  java.lang.ClassLoader.loadLibrary(Ljava/lang/Class;Ljava/io/File;)Ljdk/internal/loader/NativeLibrary;+31 java.base@21.0.10
j  java.lang.Runtime.load0(Ljava/lang/Class;Ljava/lang/String;)V+61 java.base@21.0.10
j  java.lang.System.load(Ljava/lang/String;)V+7 java.base@21.0.10
j  dev.nekoobfuscator.runtime.NekoNativeLoader.load()V+68
j  pack.tests.basics.overwirte.Sub.<clinit>()V+0
v  ~StubRoutines::call_stub 0x00007fc63b817cc6
j  pack.Main.main([Ljava/lang/String;)V+130
v  ~StubRoutines::call_stub 0x00007fc63b817cc6

siginfo: si_signo: 11 (SIGSEGV), si_code: 2 (SEGV_ACCERR), si_addr: 0x00000007fc402308

Registers:
RAX=0x00007fc5c700e878, RBX=0x00007fc64c143f50, RCX=0x0000000000000008, RDX=0x00000007fc402300
RSP=0x00007fc6537fdd70, RBP=0x00007fc6537fde80, RSI=0x00000000ff880460, RDI=0x00007fc5c7481036
R8 =0x0000000000000002, R9 =0x00007fc6537fdc00, R10=0x0000000000000018, R11=0x0000000000000038
R12=0x00007fc5c700e878, R13=0x0000000000000038, R14=0x00007fc5c7001d30, R15=0x00007fc5c7002318
RIP=0x00007fc653ab6a52, EFLAGS=0x0000000000010206, CSGSFS=0x002b000000000033, ERR=0x0000000000000004
  TRAPNO=0x000000000000000e

XMM[0]=0x0000000000000000 0x69737265565f4d56
XMM[1]=0x0000000000000000 0x4550535f4156414a
XMM[2]=0x0000000000000000 0x0000000000000000
XMM[3]=0x0000000000000000 0x0000000000000000
XMM[4]=0xff00000000000000 0x00000000000000ff
XMM[5]=0x0000000000000000 0x000000000000ff00
XMM[6]=0x0000000000000000 0x0000000000000a08
XMM[7]=0x0000000000000000 0x00007fc5c80588d8
XMM[8]=0x0000000000000000 0x4a861263cc31dfe8
XMM[9]=0x0000000000000000 0x00007fc654b2a6aa
XMM[10]=0x0000000000000000 0x00000001f7011640
XMM[11]=0x0000000000000000 0x0000000174359406
XMM[12]=0x0000000000000000 0x00ff00fd00fb00f9
XMM[13]=0x0000000000000000 0x0000000000fe00fa
XMM[14]=0x0000000000000000 0x0000000000000000
XMM[15]=0x0000000000000000 0x0000000000000000
  MXCSR=0x00001fa2


Register to memory mapping:

RAX=0x00007fc5c700e878 is a pointer to class: 
java.lang.String {0x00007fc5c700e878}
 - instance size:     3
 - klass size:        84
 - access:            public final synchronized 
 - flags:             rewritten has_nonstatic_fields has_nonstatic_concrete_methods is_shared_boot_class has_localvariable_table 
 - state:             fully_initialized
 - name:              'java/lang/String'
 - super:             'java/lang/Object'
 - sub:               
 - arrays:            'java/lang/String'[]
 - methods:           Array<T>(0x00007fc5c762d428)
 - method ordering:   Array<T>(0x00007fc5c762d9a0)
 - local interfaces:  Array<T>(0x00007fc5c762d970)
 - trans. interfaces: Array<T>(0x00007fc5c762d970)
 - secondary supers: Array<T>(0x00007fc5c762a5f8)
 - hash_slot:         31
 - bitmap:            0x8000011100001000
 - constants:         constant pool [1451]/operands[28] {0x00007fc5c762a648} for 'java/lang/String' cache=0x00007fc5c7455ec8
 - class loader data:  loader data: 0x00007fc64c143f50 of 'bootstrap'
 - source file:       'String.java'
 - field annotations:       Array<T>(0x00007fc5c7bf71f0)
 - generic signature: 'Ljava/lang/Object;Ljava/io/Serializable;Ljava/lang/Comparable<Ljava/lang/String;>;Ljava/lang/CharSequence;Ljava/lang/constant/Constable;Ljava/lang/constant/ConstantDesc;'
 - inner classes:     Array<T>(0x00007fc5c762d3e8)
 - nest members:     Array<T>(0x00007fc5c762dca8)
 - permitted subclasses:     Array<T>(0x00007fc5c7619888)
 - java mirror:       a 'java/lang/Class'{0x00000007ff880460} = 'java/lang/String'
 - vtable length      5  (start addr: 0x00007fc5c700ea48)
 - itable length      20 (start addr: 0x00007fc5c700ea70)
 - ---- static fields (3 words):
 - private static final 'serialVersionUID' 'J' @120 
 - static final 'COMPACT_STRINGS' 'Z' @130 
 - private static final 'serialPersistentFields' '[Ljava/io/ObjectStreamField;' @112 
 - private static final 'REPL' 'C' @128 
 - public static final 'CASE_INSENSITIVE_ORDER' 'Ljava/util/Comparator;' @116 
 - static final 'LATIN1' 'B' @131 
 - static final 'UTF16' 'B' @132 
 - ---- non-static fields (3 words):
 - private 'hash' 'I' @12 
 - private final 'coder' 'B' @16 
 - private 'hashIsZero' 'Z' @17 
 - injected 'flags' 'B' @18 
 - private final 'value' '[B' @20 
 - non-static oop maps: 20-20 
RBX=0x00007fc64c143f50 points into unknown readable memory: 0x0000000000000000 | 00 00 00 00 00 00 00 00
RCX=0x0000000000000008 is an unknown value
RDX=0x00000007fc402300 is an unallocated location in the heap
RSP=0x00007fc6537fdd70 is pointing into the stack for thread: 0x00007fc64c019c00
RBP=0x00007fc6537fde80 is pointing into the stack for thread: 0x00007fc64c019c00
RSI=0x00000000ff880460 is an unknown value
RDI=0x00007fc5c7481036 is pointing into metadata
R8 =0x0000000000000002 is an unknown value
R9 =0x00007fc6537fdc00 is pointing into the stack for thread: 0x00007fc64c019c00
R10=0x0000000000000018 is an unknown value
R11=0x0000000000000038 is an unknown value
R12=0x00007fc5c700e878 is a pointer to class: 
java.lang.String {0x00007fc5c700e878}
 - instance size:     3
 - klass size:        84
 - access:            public final synchronized 
 - flags:             rewritten has_nonstatic_fields has_nonstatic_concrete_methods is_shared_boot_class has_localvariable_table 
 - state:             fully_initialized
 - name:              'java/lang/String'
 - super:             'java/lang/Object'
 - sub:               
 - arrays:            'java/lang/String'[]
 - methods:           Array<T>(0x00007fc5c762d428)
 - method ordering:   Array<T>(0x00007fc5c762d9a0)
 - local interfaces:  Array<T>(0x00007fc5c762d970)
 - trans. interfaces: Array<T>(0x00007fc5c762d970)
 - secondary supers: Array<T>(0x00007fc5c762a5f8)
 - hash_slot:         31
 - bitmap:            0x8000011100001000
 - constants:         constant pool [1451]/operands[28] {0x00007fc5c762a648} for 'java/lang/String' cache=0x00007fc5c7455ec8
 - class loader data:  loader data: 0x00007fc64c143f50 of 'bootstrap'
 - source file:       'String.java'
 - field annotations:       Array<T>(0x00007fc5c7bf71f0)
 - generic signature: 'Ljava/lang/Object;Ljava/io/Serializable;Ljava/lang/Comparable<Ljava/lang/String;>;Ljava/lang/CharSequence;Ljava/lang/constant/Constable;Ljava/lang/constant/ConstantDesc;'
 - inner classes:     Array<T>(0x00007fc5c762d3e8)
 - nest members:     Array<T>(0x00007fc5c762dca8)
 - permitted subclasses:     Array<T>(0x00007fc5c7619888)
 - java mirror:       a 'java/lang/Class'{0x00000007ff880460} = 'java/lang/String'
 - vtable length      5  (start addr: 0x00007fc5c700ea48)
 - itable length      20 (start addr: 0x00007fc5c700ea70)
 - ---- static fields (3 words):
 - private static final 'serialVersionUID' 'J' @120 
 - static final 'COMPACT_STRINGS' 'Z' @130 
 - private static final 'serialPersistentFields' '[Ljava/io/ObjectStreamField;' @112 
 - private static final 'REPL' 'C' @128 
 - public static final 'CASE_INSENSITIVE_ORDER' 'Ljava/util/Comparator;' @116 
 - static final 'LATIN1' 'B' @131 
 - static final 'UTF16' 'B' @132 
 - ---- non-static fields (3 words):
 - private 'hash' 'I' @12 
 - private final 'coder' 'B' @16 
 - private 'hashIsZero' 'Z' @17 
 - injected 'flags' 'B' @18 
 - private final 'value' '[B' @20 
 - non-static oop maps: 20-20 
R13=0x0000000000000038 is an unknown value
R14=0x00007fc5c7001d30 is a pointer to class: 
R15=0x00007fc5c7002318 is a pointer to class: 

Top of Stack: (sp=0x00007fc6537fdd70)
0x00007fc6537fdd70:   0000000000000009 00007fc5c7000e90
0x00007fc6537fdd80:   00007fc654eda7c0 00007fc64c019fc0
0x00007fc6537fdd90:   0000000000000010 0000000000000018
0x00007fc6537fdda0:   0000000000000020 0000000000000028
0x00007fc6537fddb0:   0000000000000000 0000000000000000
0x00007fc6537fddc0:   0000000000000008 0000000000000008
0x00007fc6537fddd0:   0000000000000010 0000000000000010
0x00007fc6537fdde0:   00007fc64c1d8d10 00007fc64c1d8cf0
0x00007fc6537fddf0:   00007fc600000000 0000000000000020
0x00007fc6537fde00:   0000000000000028 0000000000000038
0x00007fc6537fde10:   0000000000000030 0000000000000030
0x00007fc6537fde20:   00007fc64c166f20 0000000000000028
0x00007fc6537fde30:   00007fc654b48711 00007fc64c1d8d01
0x00007fc6537fde40:   0000000000000000 0000000000000008
0x00007fc6537fde50:   00007fc654b467e1 00007fc6537fe0a8
0x00007fc6537fde60:   00007fc64c1d8c70 0000000000000000
0x00007fc6537fde70:   00007fc64c019fc0 0000000000010001
0x00007fc6537fde80:   00007fc6537fe000 00007fc65525fa3e
0x00007fc6537fde90:   0000000000000003 00007fc653ab4093
0x00007fc6537fdea0:   00007fc64c1d8d10 00007fc6537fe0b0
0x00007fc6537fdeb0:   00007fc5c720b370 00007fc654ecc040
0x00007fc6537fdec0:   00007fc6537fded8 00007fc6537fdf38
0x00007fc6537fded0:   00007fc63b81f180 0000000000000008
0x00007fc6537fdee0:   000000054b388788 000000054b388788
0x00007fc6537fdef0:   00007fc6537fdef0 00007fc5c78fb3d6
0x00007fc6537fdf00:   0000000000000003 00007fc5c7207f00
0x00007fc6537fdf10:   0000000000000000 00000007ff8a36b8
0x00007fc6537fdf20:   00007fc5c7207e68 0000000000000000
0x00007fc6537fdf30:   00007fc6537fdf48 00007fc6537fdfa0
0x00007fc6537fdf40:   00007fc6537fe018 00007fc63443569c
0x00007fc6537fdf50:   00007fc6537fdfb8 00007fc63b81f2f2
0x00007fc6537fdf60:   0000000000000009 00007fc6537fdf68 

Instructions: (pc=0x00007fc653ab6a52)
0x00007fc653ab6952:   0f 98 c1 48 8d 05 ee 91 ff ff 48 0f 49 c6 40 08
0x00007fc653ab6962:   f9 0f 85 9c 02 00 00 41 83 bc 24 54 02 00 00 00
0x00007fc653ab6972:   0f 88 1d 02 00 00 41 83 bc 24 58 02 00 00 00 0f
0x00007fc653ab6982:   88 77 02 00 00 41 c6 84 24 78 02 00 00 00 31 c0
0x00007fc653ab6992:   e9 6e 02 00 00 48 8d 3d 80 83 ff ff e9 7b dc ff
0x00007fc653ab69a2:   ff 48 8d 35 71 96 ff ff e9 de 06 00 00 48 01 c1
0x00007fc653ab69b2:   48 8b 15 47 43 00 00 83 ba 40 02 00 00 00 7f 5e
0x00007fc653ab69c2:   48 83 ba 38 02 00 00 00 75 54 48 8b 11 eb 73 48
0x00007fc653ab69d2:   8d 35 a2 98 ff ff e9 b0 06 00 00 b0 01 e9 aa f3
0x00007fc653ab69e2:   ff ff 48 8d 35 16 98 ff ff e9 9d 06 00 00 48 8d
0x00007fc653ab69f2:   35 34 98 ff ff e9 91 06 00 00 48 8d 35 14 98 ff
0x00007fc653ab6a02:   ff e9 85 06 00 00 48 8d 35 0f 94 ff ff e9 79 06
0x00007fc653ab6a12:   00 00 48 8d 35 bb 89 ff ff e9 6d 06 00 00 8b 31
0x00007fc653ab6a22:   8a 8a 40 02 00 00 48 89 f2 48 d3 e2 85 f6 0f 84
0x00007fc653ab6a32:   8f f8 ff ff 48 8b 0d c3 42 00 00 48 03 91 38 02
0x00007fc653ab6a42:   00 00 48 85 d2 0f 84 78 f8 ff ff b9 08 00 00 00
0x00007fc653ab6a52:   48 8b 34 0a 48 39 c6 0f 84 9f 00 00 00 48 8d 71
0x00007fc653ab6a62:   08 48 83 f9 78 48 89 f1 72 e6 e9 54 f8 ff ff 48
0x00007fc653ab6a72:   8d 35 06 93 ff ff e9 10 06 00 00 48 8d 35 3c 82
0x00007fc653ab6a82:   ff ff e9 04 06 00 00 b1 44 48 c7 c2 ff ff ff ff
0x00007fc653ab6a92:   48 c7 c0 ff ff ff ff e9 71 f4 ff ff 48 8d 35 2e
0x00007fc653ab6aa2:   82 ff ff e9 e3 05 00 00 48 8d 35 42 82 ff ff e9
0x00007fc653ab6ab2:   d7 05 00 00 48 8d 35 be 87 ff ff e9 cb 05 00 00
0x00007fc653ab6ac2:   48 8d 35 3b 8f ff ff e9 bf 05 00 00 48 8d 35 d4
0x00007fc653ab6ad2:   88 ff ff e9 b3 05 00 00 48 8d 35 51 88 ff ff e9
0x00007fc653ab6ae2:   a7 05 00 00 48 8d 35 99 8e ff ff e9 9b 05 00 00
0x00007fc653ab6af2:   48 8d 35 df 8b ff ff e9 8f 05 00 00 48 8b 05 fb
0x00007fc653ab6b02:   41 00 00 48 89 88 d8 00 00 00 e9 b4 f7 ff ff 48
0x00007fc653ab6b12:   8d 35 aa 88 ff ff e9 70 05 00 00 48 8d 35 03 8f
0x00007fc653ab6b22:   ff ff e9 64 05 00 00 48 8d 35 47 8b ff ff e9 58
0x00007fc653ab6b32:   05 00 00 48 8d 35 d3 90 ff ff e9 4c 05 00 00 48
0x00007fc653ab6b42:   8d 35 97 8e ff ff e9 40 05 00 00 48 8d 35 2a 8a 


Stack slot to memory mapping:

stack at sp + 0 slots: 0x0000000000000009 is an unknown value
stack at sp + 1 slots: 0x00007fc5c7000e90 is a pointer to class: 
java.lang.Object {0x00007fc5c7000e90}
 - instance size:     2
 - klass size:        65
 - access:            public synchronized 
 - flags:             rewritten is_shared_boot_class has_localvariable_table has_vanilla_constructor has_final_method 
 - state:             fully_initialized
 - name:              'java/lang/Object'
 - super:             null
 - sub:               'sun/nio/ch/IOStatus'   'sun/nio/ch/Util$BufferCache'   'sun/nio/ch/Util'   'sun/nio/ch/NativeThread'   (595 more klasses...)
 - arrays:            'java/lang/Object'[]
 - methods:           Array<T>(0x00007fc5c7619890)
 - method ordering:   Array<T>(0x00007fc5c7619910)
 - local interfaces:  Array<T>(0x00007fc5c7619900)
 - trans. interfaces: Array<T>(0x00007fc5c7619900)
 - secondary supers: Array<T>(0x00007fc5c7619450)
 - hash_slot:         6
 - bitmap:            0x0000000000000000
 - constants:         constant pool [124] {0x00007fc5c7619460} for 'java/lang/Object' cache=0x00007fc5c7474c88
 - class loader data:  loader data: 0x00007fc64c143f50 of 'bootstrap'
 - source file:       'Object.java'
 - inner classes:     Array<T>(0x00007fc5c7619888)
 - nest members:     Array<T>(0x00007fc5c7619888)
 - permitted subclasses:     Array<T>(0x00007fc5c7619888)
 - java mirror:       a 'java/lang/Class'{0x00000007ff87ffe8} = 'java/lang/Object'
 - vtable length      5  (start addr: 0x00007fc5c7001060)
 - itable length      2 (start addr: 0x00007fc5c7001088)
 - ---- static fields (0 words):
 - ---- non-static fields (0 words):
 - non-static oop maps: 
stack at sp + 2 slots: 0x00007fc654eda7c0: <offset 0x00000000012da7c0> in /usr/lib/jvm/java-21-openjdk/lib/server/libjvm.so at 0x00007fc653c00000
stack at sp + 3 slots: 0x00007fc64c019fc0 points into unknown readable memory: 0x00007fc654ecc060 | 60 c0 ec 54 c6 7f 00 00
stack at sp + 4 slots: 0x0000000000000010 is an unknown value
stack at sp + 5 slots: 0x0000000000000018 is an unknown value
stack at sp + 6 slots: 0x0000000000000020 is an unknown value
stack at sp + 7 slots: 0x0000000000000028 is an unknown value


---------------  P R O C E S S  ---------------

Threads class SMR info:
_java_thread_list=0x00007fc59c01e960, length=11, elements={
0x00007fc64c019c00, 0x00007fc64c16e440, 0x00007fc64c16f9c0, 0x00007fc64c171160,
0x00007fc64c1727b0, 0x00007fc64c173d60, 0x00007fc64c175890, 0x00007fc64c176f60,
0x00007fc64c182ed0, 0x00007fc64c185e10, 0x00007fc59c01d7d0
}

Java Threads: ( => current thread )
=>0x00007fc64c019c00 JavaThread "main"                              [_thread_in_native, id=1663613, stack(0x00007fc653700000,0x00007fc653800000) (1024K)]
  0x00007fc64c16e440 JavaThread "Reference Handler"          daemon [_thread_blocked, id=1663621, stack(0x00007fc617500000,0x00007fc617600000) (1024K)]
  0x00007fc64c16f9c0 JavaThread "Finalizer"                  daemon [_thread_blocked, id=1663622, stack(0x00007fc6173ff000,0x00007fc6174ff000) (1024K)]
  0x00007fc64c171160 JavaThread "Signal Dispatcher"          daemon [_thread_blocked, id=1663623, stack(0x00007fc6172fe000,0x00007fc6173fe000) (1024K)]
  0x00007fc64c1727b0 JavaThread "Service Thread"             daemon [_thread_blocked, id=1663624, stack(0x00007fc6171fd000,0x00007fc6172fd000) (1024K)]
  0x00007fc64c173d60 JavaThread "Monitor Deflation Thread"   daemon [_thread_blocked, id=1663625, stack(0x00007fc6170fc000,0x00007fc6171fc000) (1024K)]
  0x00007fc64c175890 JavaThread "C2 CompilerThread0"         daemon [_thread_blocked, id=1663626, stack(0x00007fc616ffb000,0x00007fc6170fb000) (1024K)]
  0x00007fc64c176f60 JavaThread "C1 CompilerThread0"         daemon [_thread_blocked, id=1663627, stack(0x00007fc616efa000,0x00007fc616ffa000) (1024K)]
  0x00007fc64c182ed0 JavaThread "Notification Thread"        daemon [_thread_blocked, id=1663628, stack(0x00007fc616d28000,0x00007fc616e28000) (1024K)]
  0x00007fc64c185e10 JavaThread "Common-Cleaner"             daemon [_thread_blocked, id=1663629, stack(0x00007fc616c27000,0x00007fc616d27000) (1024K)]
  0x00007fc59c01d7d0 JavaThread "C1 CompilerThread1"         daemon [_thread_blocked, id=1663630, stack(0x00007fc616b26000,0x00007fc616c26000) (1024K)]
Total: 11

Other Threads:
  0x00007fc64c165290 VMThread "VM Thread"                           [id=1663620, stack(0x00007fc617bfd000,0x00007fc617cfd000) (1024K)]
  0x00007fc64c153030 WatcherThread "VM Periodic Task Thread"        [id=1663619, stack(0x00007fc617cfe000,0x00007fc617dfe000) (1024K)]
  0x00007fc64c073160 WorkerThread "GC Thread#0"                     [id=1663614, stack(0x00007fc650515000,0x00007fc650615000) (1024K)]
  0x00007fc64c0800c0 ConcurrentGCThread "G1 Main Marker"            [id=1663615, stack(0x00007fc650414000,0x00007fc650514000) (1024K)]
  0x00007fc64c0810b0 WorkerThread "G1 Conc#0"                       [id=1663616, stack(0x00007fc650313000,0x00007fc650413000) (1024K)]
  0x00007fc64c138a40 ConcurrentGCThread "G1 Refine#0"               [id=1663617, stack(0x00007fc617f00000,0x00007fc618000000) (1024K)]
  0x00007fc64c139a10 ConcurrentGCThread "G1 Service"                [id=1663618, stack(0x00007fc617dff000,0x00007fc617eff000) (1024K)]
Total: 7

Threads with active compile tasks:
Total: 0

VM state: not at safepoint (normal execution)

VM Mutex/Monitor currently owned by a thread: None

Heap address: 0x000000051d000000, size: 11824 MB, Compressed Oops mode: Zero based, Oop shift amount: 3

CDS archive(s) mapped at: [0x00007fc5c7000000-0x00007fc5c7c9b000-0x00007fc5c7c9b000), size 13217792, SharedBaseAddress: 0x00007fc5c7000000, ArchiveRelocationMode: 1.
Compressed class space mapped at: 0x00007fc5c8000000-0x00007fc608000000, reserved size: 1073741824
Narrow klass base: 0x00007fc5c7000000, Narrow klass shift: 0, Narrow klass range: 0x100000000

GC Precious Log:
 CardTable entry size: 512
 Card Set container configuration: InlinePtr #cards 4 size 8 Array Of Cards #cards 64 size 144 Howl #buckets 8 coarsen threshold 14745 Howl Bitmap #cards 2048 size 272 coarsen threshold 1843 Card regions per heap region 1 cards per card region 16384
 CPUs: 32 total, 32 available
 Memory: 47288M
 Large Page Support: Disabled
 NUMA Support: Disabled
 Compressed Oops: Enabled (Zero based)
 Heap Region Size: 8M
 Heap Min Capacity: 8M
 Heap Initial Capacity: 744M
 Heap Max Capacity: 11824M
 Pre-touch: Disabled
 Parallel Workers: 23
 Concurrent Workers: 6
 Concurrent Refinement Workers: 23
 Periodic GC: Disabled

Heap:
 garbage-first heap   total 770048K, used 1073K [0x000000051d000000, 0x0000000800000000)
  region size 8192K, 1 young (8192K), 0 survivors (0K)
 Metaspace       used 1140K, committed 1280K, reserved 1114112K
  class space    used 113K, committed 192K, reserved 1048576K

Heap Regions: E=young(eden), S=young(survivor), O=old, HS=humongous(starts), HC=humongous(continues), CS=collection set, F=free, TAMS=top-at-mark-start, PB=parsable bottom
|   0|0x000000051d000000, 0x000000051d000000, 0x000000051d800000|  0%| F|  |TAMS 0x000000051d000000| PB 0x000000051d000000| Untracked 
|   1|0x000000051d800000, 0x000000051d800000, 0x000000051e000000|  0%| F|  |TAMS 0x000000051d800000| PB 0x000000051d800000| Untracked 
|   2|0x000000051e000000, 0x000000051e000000, 0x000000051e800000|  0%| F|  |TAMS 0x000000051e000000| PB 0x000000051e000000| Untracked 
|   3|0x000000051e800000, 0x000000051e800000, 0x000000051f000000|  0%| F|  |TAMS 0x000000051e800000| PB 0x000000051e800000| Untracked 
|   4|0x000000051f000000, 0x000000051f000000, 0x000000051f800000|  0%| F|  |TAMS 0x000000051f000000| PB 0x000000051f000000| Untracked 
|   5|0x000000051f800000, 0x000000051f800000, 0x0000000520000000|  0%| F|  |TAMS 0x000000051f800000| PB 0x000000051f800000| Untracked 
|   6|0x0000000520000000, 0x0000000520000000, 0x0000000520800000|  0%| F|  |TAMS 0x0000000520000000| PB 0x0000000520000000| Untracked 
|   7|0x0000000520800000, 0x0000000520800000, 0x0000000521000000|  0%| F|  |TAMS 0x0000000520800000| PB 0x0000000520800000| Untracked 
|   8|0x0000000521000000, 0x0000000521000000, 0x0000000521800000|  0%| F|  |TAMS 0x0000000521000000| PB 0x0000000521000000| Untracked 
|   9|0x0000000521800000, 0x0000000521800000, 0x0000000522000000|  0%| F|  |TAMS 0x0000000521800000| PB 0x0000000521800000| Untracked 
|  10|0x0000000522000000, 0x0000000522000000, 0x0000000522800000|  0%| F|  |TAMS 0x0000000522000000| PB 0x0000000522000000| Untracked 
|  11|0x0000000522800000, 0x0000000522800000, 0x0000000523000000|  0%| F|  |TAMS 0x0000000522800000| PB 0x0000000522800000| Untracked 
|  12|0x0000000523000000, 0x0000000523000000, 0x0000000523800000|  0%| F|  |TAMS 0x0000000523000000| PB 0x0000000523000000| Untracked 
|  13|0x0000000523800000, 0x0000000523800000, 0x0000000524000000|  0%| F|  |TAMS 0x0000000523800000| PB 0x0000000523800000| Untracked 
|  14|0x0000000524000000, 0x0000000524000000, 0x0000000524800000|  0%| F|  |TAMS 0x0000000524000000| PB 0x0000000524000000| Untracked 
|  15|0x0000000524800000, 0x0000000524800000, 0x0000000525000000|  0%| F|  |TAMS 0x0000000524800000| PB 0x0000000524800000| Untracked 
|  16|0x0000000525000000, 0x0000000525000000, 0x0000000525800000|  0%| F|  |TAMS 0x0000000525000000| PB 0x0000000525000000| Untracked 
|  17|0x0000000525800000, 0x0000000525800000, 0x0000000526000000|  0%| F|  |TAMS 0x0000000525800000| PB 0x0000000525800000| Untracked 
|  18|0x0000000526000000, 0x0000000526000000, 0x0000000526800000|  0%| F|  |TAMS 0x0000000526000000| PB 0x0000000526000000| Untracked 
|  19|0x0000000526800000, 0x0000000526800000, 0x0000000527000000|  0%| F|  |TAMS 0x0000000526800000| PB 0x0000000526800000| Untracked 
|  20|0x0000000527000000, 0x0000000527000000, 0x0000000527800000|  0%| F|  |TAMS 0x0000000527000000| PB 0x0000000527000000| Untracked 
|  21|0x0000000527800000, 0x0000000527800000, 0x0000000528000000|  0%| F|  |TAMS 0x0000000527800000| PB 0x0000000527800000| Untracked 
|  22|0x0000000528000000, 0x0000000528000000, 0x0000000528800000|  0%| F|  |TAMS 0x0000000528000000| PB 0x0000000528000000| Untracked 
|  23|0x0000000528800000, 0x0000000528800000, 0x0000000529000000|  0%| F|  |TAMS 0x0000000528800000| PB 0x0000000528800000| Untracked 
|  24|0x0000000529000000, 0x0000000529000000, 0x0000000529800000|  0%| F|  |TAMS 0x0000000529000000| PB 0x0000000529000000| Untracked 
|  25|0x0000000529800000, 0x0000000529800000, 0x000000052a000000|  0%| F|  |TAMS 0x0000000529800000| PB 0x0000000529800000| Untracked 
|  26|0x000000052a000000, 0x000000052a000000, 0x000000052a800000|  0%| F|  |TAMS 0x000000052a000000| PB 0x000000052a000000| Untracked 
|  27|0x000000052a800000, 0x000000052a800000, 0x000000052b000000|  0%| F|  |TAMS 0x000000052a800000| PB 0x000000052a800000| Untracked 
|  28|0x000000052b000000, 0x000000052b000000, 0x000000052b800000|  0%| F|  |TAMS 0x000000052b000000| PB 0x000000052b000000| Untracked 
|  29|0x000000052b800000, 0x000000052b800000, 0x000000052c000000|  0%| F|  |TAMS 0x000000052b800000| PB 0x000000052b800000| Untracked 
|  30|0x000000052c000000, 0x000000052c000000, 0x000000052c800000|  0%| F|  |TAMS 0x000000052c000000| PB 0x000000052c000000| Untracked 
|  31|0x000000052c800000, 0x000000052c800000, 0x000000052d000000|  0%| F|  |TAMS 0x000000052c800000| PB 0x000000052c800000| Untracked 
|  32|0x000000052d000000, 0x000000052d000000, 0x000000052d800000|  0%| F|  |TAMS 0x000000052d000000| PB 0x000000052d000000| Untracked 
|  33|0x000000052d800000, 0x000000052d800000, 0x000000052e000000|  0%| F|  |TAMS 0x000000052d800000| PB 0x000000052d800000| Untracked 
|  34|0x000000052e000000, 0x000000052e000000, 0x000000052e800000|  0%| F|  |TAMS 0x000000052e000000| PB 0x000000052e000000| Untracked 
|  35|0x000000052e800000, 0x000000052e800000, 0x000000052f000000|  0%| F|  |TAMS 0x000000052e800000| PB 0x000000052e800000| Untracked 
|  36|0x000000052f000000, 0x000000052f000000, 0x000000052f800000|  0%| F|  |TAMS 0x000000052f000000| PB 0x000000052f000000| Untracked 
|  37|0x000000052f800000, 0x000000052f800000, 0x0000000530000000|  0%| F|  |TAMS 0x000000052f800000| PB 0x000000052f800000| Untracked 
|  38|0x0000000530000000, 0x0000000530000000, 0x0000000530800000|  0%| F|  |TAMS 0x0000000530000000| PB 0x0000000530000000| Untracked 
|  39|0x0000000530800000, 0x0000000530800000, 0x0000000531000000|  0%| F|  |TAMS 0x0000000530800000| PB 0x0000000530800000| Untracked 
|  40|0x0000000531000000, 0x0000000531000000, 0x0000000531800000|  0%| F|  |TAMS 0x0000000531000000| PB 0x0000000531000000| Untracked 
|  41|0x0000000531800000, 0x0000000531800000, 0x0000000532000000|  0%| F|  |TAMS 0x0000000531800000| PB 0x0000000531800000| Untracked 
|  42|0x0000000532000000, 0x0000000532000000, 0x0000000532800000|  0%| F|  |TAMS 0x0000000532000000| PB 0x0000000532000000| Untracked 
|  43|0x0000000532800000, 0x0000000532800000, 0x0000000533000000|  0%| F|  |TAMS 0x0000000532800000| PB 0x0000000532800000| Untracked 
|  44|0x0000000533000000, 0x0000000533000000, 0x0000000533800000|  0%| F|  |TAMS 0x0000000533000000| PB 0x0000000533000000| Untracked 
|  45|0x0000000533800000, 0x0000000533800000, 0x0000000534000000|  0%| F|  |TAMS 0x0000000533800000| PB 0x0000000533800000| Untracked 
|  46|0x0000000534000000, 0x0000000534000000, 0x0000000534800000|  0%| F|  |TAMS 0x0000000534000000| PB 0x0000000534000000| Untracked 
|  47|0x0000000534800000, 0x0000000534800000, 0x0000000535000000|  0%| F|  |TAMS 0x0000000534800000| PB 0x0000000534800000| Untracked 
|  48|0x0000000535000000, 0x0000000535000000, 0x0000000535800000|  0%| F|  |TAMS 0x0000000535000000| PB 0x0000000535000000| Untracked 
|  49|0x0000000535800000, 0x0000000535800000, 0x0000000536000000|  0%| F|  |TAMS 0x0000000535800000| PB 0x0000000535800000| Untracked 
|  50|0x0000000536000000, 0x0000000536000000, 0x0000000536800000|  0%| F|  |TAMS 0x0000000536000000| PB 0x0000000536000000| Untracked 
|  51|0x0000000536800000, 0x0000000536800000, 0x0000000537000000|  0%| F|  |TAMS 0x0000000536800000| PB 0x0000000536800000| Untracked 
|  52|0x0000000537000000, 0x0000000537000000, 0x0000000537800000|  0%| F|  |TAMS 0x0000000537000000| PB 0x0000000537000000| Untracked 
|  53|0x0000000537800000, 0x0000000537800000, 0x0000000538000000|  0%| F|  |TAMS 0x0000000537800000| PB 0x0000000537800000| Untracked 
|  54|0x0000000538000000, 0x0000000538000000, 0x0000000538800000|  0%| F|  |TAMS 0x0000000538000000| PB 0x0000000538000000| Untracked 
|  55|0x0000000538800000, 0x0000000538800000, 0x0000000539000000|  0%| F|  |TAMS 0x0000000538800000| PB 0x0000000538800000| Untracked 
|  56|0x0000000539000000, 0x0000000539000000, 0x0000000539800000|  0%| F|  |TAMS 0x0000000539000000| PB 0x0000000539000000| Untracked 
|  57|0x0000000539800000, 0x0000000539800000, 0x000000053a000000|  0%| F|  |TAMS 0x0000000539800000| PB 0x0000000539800000| Untracked 
|  58|0x000000053a000000, 0x000000053a000000, 0x000000053a800000|  0%| F|  |TAMS 0x000000053a000000| PB 0x000000053a000000| Untracked 
|  59|0x000000053a800000, 0x000000053a800000, 0x000000053b000000|  0%| F|  |TAMS 0x000000053a800000| PB 0x000000053a800000| Untracked 
|  60|0x000000053b000000, 0x000000053b000000, 0x000000053b800000|  0%| F|  |TAMS 0x000000053b000000| PB 0x000000053b000000| Untracked 
|  61|0x000000053b800000, 0x000000053b800000, 0x000000053c000000|  0%| F|  |TAMS 0x000000053b800000| PB 0x000000053b800000| Untracked 
|  62|0x000000053c000000, 0x000000053c000000, 0x000000053c800000|  0%| F|  |TAMS 0x000000053c000000| PB 0x000000053c000000| Untracked 
|  63|0x000000053c800000, 0x000000053c800000, 0x000000053d000000|  0%| F|  |TAMS 0x000000053c800000| PB 0x000000053c800000| Untracked 
|  64|0x000000053d000000, 0x000000053d000000, 0x000000053d800000|  0%| F|  |TAMS 0x000000053d000000| PB 0x000000053d000000| Untracked 
|  65|0x000000053d800000, 0x000000053d800000, 0x000000053e000000|  0%| F|  |TAMS 0x000000053d800000| PB 0x000000053d800000| Untracked 
|  66|0x000000053e000000, 0x000000053e000000, 0x000000053e800000|  0%| F|  |TAMS 0x000000053e000000| PB 0x000000053e000000| Untracked 
|  67|0x000000053e800000, 0x000000053e800000, 0x000000053f000000|  0%| F|  |TAMS 0x000000053e800000| PB 0x000000053e800000| Untracked 
|  68|0x000000053f000000, 0x000000053f000000, 0x000000053f800000|  0%| F|  |TAMS 0x000000053f000000| PB 0x000000053f000000| Untracked 
|  69|0x000000053f800000, 0x000000053f800000, 0x0000000540000000|  0%| F|  |TAMS 0x000000053f800000| PB 0x000000053f800000| Untracked 
|  70|0x0000000540000000, 0x0000000540000000, 0x0000000540800000|  0%| F|  |TAMS 0x0000000540000000| PB 0x0000000540000000| Untracked 
|  71|0x0000000540800000, 0x0000000540800000, 0x0000000541000000|  0%| F|  |TAMS 0x0000000540800000| PB 0x0000000540800000| Untracked 
|  72|0x0000000541000000, 0x0000000541000000, 0x0000000541800000|  0%| F|  |TAMS 0x0000000541000000| PB 0x0000000541000000| Untracked 
|  73|0x0000000541800000, 0x0000000541800000, 0x0000000542000000|  0%| F|  |TAMS 0x0000000541800000| PB 0x0000000541800000| Untracked 
|  74|0x0000000542000000, 0x0000000542000000, 0x0000000542800000|  0%| F|  |TAMS 0x0000000542000000| PB 0x0000000542000000| Untracked 
|  75|0x0000000542800000, 0x0000000542800000, 0x0000000543000000|  0%| F|  |TAMS 0x0000000542800000| PB 0x0000000542800000| Untracked 
|  76|0x0000000543000000, 0x0000000543000000, 0x0000000543800000|  0%| F|  |TAMS 0x0000000543000000| PB 0x0000000543000000| Untracked 
|  77|0x0000000543800000, 0x0000000543800000, 0x0000000544000000|  0%| F|  |TAMS 0x0000000543800000| PB 0x0000000543800000| Untracked 
|  78|0x0000000544000000, 0x0000000544000000, 0x0000000544800000|  0%| F|  |TAMS 0x0000000544000000| PB 0x0000000544000000| Untracked 
|  79|0x0000000544800000, 0x0000000544800000, 0x0000000545000000|  0%| F|  |TAMS 0x0000000544800000| PB 0x0000000544800000| Untracked 
|  80|0x0000000545000000, 0x0000000545000000, 0x0000000545800000|  0%| F|  |TAMS 0x0000000545000000| PB 0x0000000545000000| Untracked 
|  81|0x0000000545800000, 0x0000000545800000, 0x0000000546000000|  0%| F|  |TAMS 0x0000000545800000| PB 0x0000000545800000| Untracked 
|  82|0x0000000546000000, 0x0000000546000000, 0x0000000546800000|  0%| F|  |TAMS 0x0000000546000000| PB 0x0000000546000000| Untracked 
|  83|0x0000000546800000, 0x0000000546800000, 0x0000000547000000|  0%| F|  |TAMS 0x0000000546800000| PB 0x0000000546800000| Untracked 
|  84|0x0000000547000000, 0x0000000547000000, 0x0000000547800000|  0%| F|  |TAMS 0x0000000547000000| PB 0x0000000547000000| Untracked 
|  85|0x0000000547800000, 0x0000000547800000, 0x0000000548000000|  0%| F|  |TAMS 0x0000000547800000| PB 0x0000000547800000| Untracked 
|  86|0x0000000548000000, 0x0000000548000000, 0x0000000548800000|  0%| F|  |TAMS 0x0000000548000000| PB 0x0000000548000000| Untracked 
|  87|0x0000000548800000, 0x0000000548800000, 0x0000000549000000|  0%| F|  |TAMS 0x0000000548800000| PB 0x0000000548800000| Untracked 
|  88|0x0000000549000000, 0x0000000549000000, 0x0000000549800000|  0%| F|  |TAMS 0x0000000549000000| PB 0x0000000549000000| Untracked 
|  89|0x0000000549800000, 0x0000000549800000, 0x000000054a000000|  0%| F|  |TAMS 0x0000000549800000| PB 0x0000000549800000| Untracked 
|  90|0x000000054a000000, 0x000000054a000000, 0x000000054a800000|  0%| F|  |TAMS 0x000000054a000000| PB 0x000000054a000000| Untracked 
|  91|0x000000054a800000, 0x000000054a800000, 0x000000054b000000|  0%| F|  |TAMS 0x000000054a800000| PB 0x000000054a800000| Untracked 
|  92|0x000000054b000000, 0x000000054b47af00, 0x000000054b800000| 56%| E|  |TAMS 0x000000054b000000| PB 0x000000054b000000| Complete 
|1477|0x00000007ff800000, 0x00000007ff90c620, 0x0000000800000000| 13%| O|  |TAMS 0x00000007ff800000| PB 0x00000007ff800000| Untracked 

Card table byte_map: [0x00007fc632ce8000,0x00007fc634400000] _byte_map_base: 0x00007fc630400000

Marking Bits: (CMBitMap*) 0x00007fc64c073ca0
 Bits: [0x00007fc627428000, 0x00007fc632ce8000)

Polling page: 0x00007fc65527c000

Metaspace:

Usage:
  Non-class:      1.00 MB used.
      Class:    113.40 KB used.
       Both:      1.11 MB used.

Virtual space:
  Non-class space:       64.00 MB reserved,       1.06 MB (  2%) committed,  1 nodes.
      Class space:        1.00 GB reserved,     192.00 KB ( <1%) committed,  1 nodes.
             Both:        1.06 GB reserved,       1.25 MB ( <1%) committed. 

Chunk freelists:
   Non-Class:  11.94 MB
       Class:  15.72 MB
        Both:  27.67 MB

MaxMetaspaceSize: unlimited
CompressedClassSpaceSize: 1.00 GB
Initial GC threshold: 21.00 MB
Current GC threshold: 21.00 MB
CDS: on
 - commit_granule_bytes: 65536.
 - commit_granule_words: 8192.
 - virtual_space_node_default_size: 8388608.
 - enlarge_chunks_in_place: 1.
 - use_allocation_guard: 0.


Internal statistics:

num_allocs_failed_limit: 0.
num_arena_births: 48.
num_arena_deaths: 0.
num_vsnodes_births: 2.
num_vsnodes_deaths: 0.
num_space_committed: 20.
num_space_uncommitted: 0.
num_chunks_returned_to_freelist: 0.
num_chunks_taken_from_freelist: 70.
num_chunk_merges: 0.
num_chunk_splits: 36.
num_chunks_enlarged: 3.
num_inconsistent_stats: 0.

CodeHeap 'non-profiled nmethods': size=118880Kb used=80Kb max_used=80Kb free=118799Kb
 bounds [0x00007fc63bfe8000, 0x00007fc63c258000, 0x00007fc643400000]
CodeHeap 'profiled nmethods': size=118876Kb used=322Kb max_used=322Kb free=118553Kb
 bounds [0x00007fc634400000, 0x00007fc634670000, 0x00007fc63b817000]
CodeHeap 'non-nmethods': size=8004Kb used=1961Kb max_used=1973Kb free=6043Kb
 bounds [0x00007fc63b817000, 0x00007fc63ba87000, 0x00007fc63bfe8000]
CodeCache: size=245760Kb, used=2363Kb, max_used=2375Kb, free=243395Kb
 total_blobs=664, nmethods=238, adapters=331, full_count=0
Compilation: enabled, stopped_count=0, restarted_count=0

Compilation events (20 events):
Event: 0.038 Thread 0x00007fc64c176f60  228   !   3       java.nio.DirectByteBuffer::get (34 bytes)
Event: 0.038 Thread 0x00007fc64c175890 nmethod 221 0x00007fc63bffb090 code [0x00007fc63bffb220, 0x00007fc63bffb338]
Event: 0.038 Thread 0x00007fc64c175890  232       4       java.lang.ref.Reference::reachabilityFence (1 bytes)
Event: 0.038 Thread 0x00007fc59c01d7d0 nmethod 225 0x00007fc63444b990 code [0x00007fc63444bc40, 0x00007fc63444c9e8]
Event: 0.038 Thread 0x00007fc59c01d7d0  234       3       jdk.internal.jimage.ImageStringsReader::unmaskedHashCode (166 bytes)
Event: 0.038 Thread 0x00007fc64c175890 nmethod 232 0x00007fc63bffb490 code [0x00007fc63bffb600, 0x00007fc63bffb668]
Event: 0.038 Thread 0x00007fc64c176f60 nmethod 228 0x00007fc63444cf10 code [0x00007fc63444d160, 0x00007fc63444da98]
Event: 0.038 Thread 0x00007fc64c176f60  229       3       java.nio.DirectByteBuffer::ix (10 bytes)
Event: 0.039 Thread 0x00007fc64c176f60 nmethod 229 0x00007fc63444df10 code [0x00007fc63444e0a0, 0x00007fc63444e1b0]
Event: 0.039 Thread 0x00007fc64c176f60  230   !   3       jdk.internal.misc.ScopedMemoryAccess::getByte (16 bytes)
Event: 0.039 Thread 0x00007fc64c176f60 nmethod 230 0x00007fc63444e210 code [0x00007fc63444e3e0, 0x00007fc63444e7b8]
Event: 0.039 Thread 0x00007fc64c176f60  231   !   3       jdk.internal.misc.ScopedMemoryAccess::getByteInternal (34 bytes)
Event: 0.039 Thread 0x00007fc64c176f60 nmethod 231 0x00007fc63444e990 code [0x00007fc63444eb40, 0x00007fc63444ed98]
Event: 0.039 Thread 0x00007fc64c176f60  235       1       java.nio.Buffer::limit (5 bytes)
Event: 0.039 Thread 0x00007fc64c176f60 nmethod 235 0x00007fc63bffb790 code [0x00007fc63bffb920, 0x00007fc63bffb9e0]
Event: 0.039 Thread 0x00007fc59c01d7d0 nmethod 234 0x00007fc63444ef10 code [0x00007fc63444f160, 0x00007fc63444fc58]
Event: 0.039 Thread 0x00007fc64c176f60  236       3       java.util.HashMap::newNode (13 bytes)
Event: 0.039 Thread 0x00007fc59c01d7d0  237       3       java.util.HashMap::afterNodeInsertion (1 bytes)
Event: 0.039 Thread 0x00007fc59c01d7d0 nmethod 237 0x00007fc634450110 code [0x00007fc6344502a0, 0x00007fc6344503a0]
Event: 0.039 Thread 0x00007fc64c176f60 nmethod 236 0x00007fc634450410 code [0x00007fc6344505c0, 0x00007fc634450910]

GC Heap History (0 events):
No events

Dll operation events (7 events):
Event: 0.001 Loaded shared library /usr/lib/jvm/java-21-openjdk/lib/libjava.so
Event: 0.011 Loaded shared library /usr/lib/jvm/java-21-openjdk/lib/libjsvml.so
Event: 0.014 Loaded shared library /usr/lib/jvm/java-21-openjdk/lib/libnio.so
Event: 0.015 Loaded shared library /usr/lib/jvm/java-21-openjdk/lib/libzip.so
Event: 0.037 Loaded shared library /usr/lib/jvm/java-21-openjdk/lib/libnet.so
Event: 0.038 Loaded shared library /usr/lib/jvm/java-21-openjdk/lib/libjimage.so
Event: 0.041 Loaded shared library /tmp/libneko_8047528034455054280.so

Deoptimization events (0 events):
No events

Classes loaded (20 events):
Event: 0.040 Loading class java/nio/channels/spi/AbstractSelectableChannel
Event: 0.040 Loading class java/nio/channels/SelectableChannel
Event: 0.040 Loading class java/nio/channels/SelectableChannel done
Event: 0.040 Loading class java/nio/channels/spi/AbstractSelectableChannel done
Event: 0.040 Loading class java/nio/channels/SocketChannel done
Event: 0.040 Loading class sun/nio/ch/SocketChannelImpl done
Event: 0.040 Loading class sun/nio/ch/ChannelOutputStream
Event: 0.040 Loading class sun/nio/ch/ChannelOutputStream done
Event: 0.040 Loading class sun/nio/ch/NativeThread
Event: 0.040 Loading class sun/nio/ch/NativeThread done
Event: 0.040 Loading class sun/nio/ch/Util
Event: 0.040 Loading class sun/nio/ch/Util done
Event: 0.040 Loading class sun/nio/ch/Util$1
Event: 0.040 Loading class sun/nio/ch/Util$1 done
Event: 0.040 Loading class sun/nio/ch/Util$BufferCache
Event: 0.040 Loading class sun/nio/ch/Util$BufferCache done
Event: 0.040 Loading class java/nio/DirectByteBuffer$Deallocator
Event: 0.040 Loading class java/nio/DirectByteBuffer$Deallocator done
Event: 0.040 Loading class sun/nio/ch/IOStatus
Event: 0.040 Loading class sun/nio/ch/IOStatus done

Classes unloaded (0 events):
No events

Classes redefined (0 events):
No events

Internal exceptions (0 events):
No events

ZGC Phase Switch (0 events):
No events

VM Operations (0 events):
No events

Memory protections (11 events):
Event: 0.001 Protecting memory [0x00007fc653700000,0x00007fc653704000] with protection modes 0
Event: 0.010 Protecting memory [0x00007fc617500000,0x00007fc617504000] with protection modes 0
Event: 0.010 Protecting memory [0x00007fc6173ff000,0x00007fc617403000] with protection modes 0
Event: 0.010 Protecting memory [0x00007fc6172fe000,0x00007fc617302000] with protection modes 0
Event: 0.010 Protecting memory [0x00007fc6171fd000,0x00007fc617201000] with protection modes 0
Event: 0.010 Protecting memory [0x00007fc6170fc000,0x00007fc617100000] with protection modes 0
Event: 0.010 Protecting memory [0x00007fc616ffb000,0x00007fc616fff000] with protection modes 0
Event: 0.010 Protecting memory [0x00007fc616efa000,0x00007fc616efe000] with protection modes 0
Event: 0.013 Protecting memory [0x00007fc616d28000,0x00007fc616d2c000] with protection modes 0
Event: 0.013 Protecting memory [0x00007fc616c27000,0x00007fc616c2b000] with protection modes 0
Event: 0.023 Protecting memory [0x00007fc616b26000,0x00007fc616b2a000] with protection modes 0

Nmethod flushes (0 events):
No events

Events (11 events):
Event: 0.005 Thread 0x00007fc64c019c00 Thread added: 0x00007fc64c019c00
Event: 0.010 Thread 0x00007fc64c019c00 Thread added: 0x00007fc64c16e440
Event: 0.010 Thread 0x00007fc64c019c00 Thread added: 0x00007fc64c16f9c0
Event: 0.010 Thread 0x00007fc64c019c00 Thread added: 0x00007fc64c171160
Event: 0.010 Thread 0x00007fc64c019c00 Thread added: 0x00007fc64c1727b0
Event: 0.010 Thread 0x00007fc64c019c00 Thread added: 0x00007fc64c173d60
Event: 0.010 Thread 0x00007fc64c019c00 Thread added: 0x00007fc64c175890
Event: 0.010 Thread 0x00007fc64c019c00 Thread added: 0x00007fc64c176f60
Event: 0.013 Thread 0x00007fc64c019c00 Thread added: 0x00007fc64c182ed0
Event: 0.013 Thread 0x00007fc64c019c00 Thread added: 0x00007fc64c185e10
Event: 0.023 Thread 0x00007fc64c176f60 Thread added: 0x00007fc59c01d7d0


Dynamic libraries:
51d000000-54b800000 rw-p 00000000 00:00 0 
54b800000-7ff800000 ---p 00000000 00:00 0 
7ff800000-7ff90d000 rw-p 00cda000 103:06 12095119                        /usr/lib/jvm/java-21-openjdk/lib/server/classes.jsa
7ff90d000-800000000 rw-p 00000000 00:00 0 
5630ecb5c000-5630ecb5d000 r--p 00000000 103:06 12094845                  /usr/lib/jvm/java-21-openjdk/bin/java
5630ecb5d000-5630ecb5e000 r-xp 00001000 103:06 12094845                  /usr/lib/jvm/java-21-openjdk/bin/java
5630ecb5e000-5630ecb5f000 r--p 00002000 103:06 12094845                  /usr/lib/jvm/java-21-openjdk/bin/java
5630ecb5f000-5630ecb60000 r--p 00002000 103:06 12094845                  /usr/lib/jvm/java-21-openjdk/bin/java
5630ecb60000-5630ecb61000 rw-p 00003000 103:06 12094845                  /usr/lib/jvm/java-21-openjdk/bin/java
56310a84e000-56310a89a000 rw-p 00000000 00:00 0                          [heap]
7fc594000000-7fc594021000 rw-p 00000000 00:00 0 
7fc594021000-7fc598000000 ---p 00000000 00:00 0 
7fc598000000-7fc598100000 rw-p 00000000 00:00 0 
7fc598100000-7fc59c000000 ---p 00000000 00:00 0 
7fc59c000000-7fc59c0db000 rw-p 00000000 00:00 0 
7fc59c0db000-7fc5a0000000 ---p 00000000 00:00 0 
7fc5a0000000-7fc5a0021000 rw-p 00000000 00:00 0 
7fc5a0021000-7fc5a4000000 ---p 00000000 00:00 0 
7fc5a4000000-7fc5a4021000 rw-p 00000000 00:00 0 
7fc5a4021000-7fc5a8000000 ---p 00000000 00:00 0 
7fc5a8000000-7fc5a8072000 rw-p 00000000 00:00 0 
7fc5a8072000-7fc5ac000000 ---p 00000000 00:00 0 
7fc5ac000000-7fc5ac021000 rw-p 00000000 00:00 0 
7fc5ac021000-7fc5b0000000 ---p 00000000 00:00 0 
7fc5b0000000-7fc5b0021000 rw-p 00000000 00:00 0 
7fc5b0021000-7fc5b4000000 ---p 00000000 00:00 0 
7fc5b4000000-7fc5b4021000 rw-p 00000000 00:00 0 
7fc5b4021000-7fc5b8000000 ---p 00000000 00:00 0 
7fc5b8000000-7fc5b8021000 rw-p 00000000 00:00 0 
7fc5b8021000-7fc5bc000000 ---p 00000000 00:00 0 
7fc5bc000000-7fc5bc021000 rw-p 00000000 00:00 0 
7fc5bc021000-7fc5c0000000 ---p 00000000 00:00 0 
7fc5c3000000-7fc5c3100000 rw-p 00000000 00:00 0 
7fc5c3100000-7fc5c3400000 ---p 00000000 00:00 0 
7fc5c3400000-7fc5c3410000 rw-p 00000000 00:00 0 
7fc5c3410000-7fc5c7000000 ---p 00000000 00:00 0 
7fc5c7000000-7fc5c7c9b000 rw-p 00001000 103:06 12095119                  /usr/lib/jvm/java-21-openjdk/lib/server/classes.jsa
7fc5c7c9b000-7fc5c8000000 ---p 00000000 00:00 0 
7fc5c8000000-7fc5c8010000 rw-p 00000000 00:00 0 
7fc5c8010000-7fc5c8040000 ---p 00000000 00:00 0 
7fc5c8040000-7fc5c8060000 rw-p 00000000 00:00 0 
7fc5c8060000-7fc608000000 ---p 00000000 00:00 0 
7fc608000000-7fc608021000 rw-p 00000000 00:00 0 
7fc608021000-7fc60c000000 ---p 00000000 00:00 0 
7fc60c000000-7fc60c021000 rw-p 00000000 00:00 0 
7fc60c021000-7fc610000000 ---p 00000000 00:00 0 
7fc610000000-7fc610021000 rw-p 00000000 00:00 0 
7fc610021000-7fc614000000 ---p 00000000 00:00 0 
7fc616b25000-7fc616b26000 rw-p 00000000 00:00 0 
7fc616b26000-7fc616b2a000 ---p 00000000 00:00 0 
7fc616b2a000-7fc616c27000 rw-p 00000000 00:00 0 
7fc616c27000-7fc616c2b000 ---p 00000000 00:00 0 
7fc616c2b000-7fc616d28000 rw-p 00000000 00:00 0 
7fc616d28000-7fc616d2c000 ---p 00000000 00:00 0 
7fc616d2c000-7fc616e28000 rw-p 00000000 00:00 0 
7fc616e28000-7fc616e2d000 r--p 00000000 103:06 12095093                  /usr/lib/jvm/java-21-openjdk/lib/libjsvml.so
7fc616e2d000-7fc616e6e000 r-xp 00005000 103:06 12095093                  /usr/lib/jvm/java-21-openjdk/lib/libjsvml.so
7fc616e6e000-7fc616ef7000 r--p 00046000 103:06 12095093                  /usr/lib/jvm/java-21-openjdk/lib/libjsvml.so
7fc616ef7000-7fc616ef8000 r--p 000ce000 103:06 12095093                  /usr/lib/jvm/java-21-openjdk/lib/libjsvml.so
7fc616ef8000-7fc616ef9000 rw-p 000cf000 103:06 12095093                  /usr/lib/jvm/java-21-openjdk/lib/libjsvml.so
7fc616ef9000-7fc616efa000 rw-p 00000000 00:00 0 
7fc616efa000-7fc616efe000 ---p 00000000 00:00 0 
7fc616efe000-7fc616ffb000 rw-p 00000000 00:00 0 
7fc616ffb000-7fc616fff000 ---p 00000000 00:00 0 
7fc616fff000-7fc6170fc000 rw-p 00000000 00:00 0 
7fc6170fc000-7fc617100000 ---p 00000000 00:00 0 
7fc617100000-7fc6171fd000 rw-p 00000000 00:00 0 
7fc6171fd000-7fc617201000 ---p 00000000 00:00 0 
7fc617201000-7fc6172fe000 rw-p 00000000 00:00 0 
7fc6172fe000-7fc617302000 ---p 00000000 00:00 0 
7fc617302000-7fc6173ff000 rw-p 00000000 00:00 0 
7fc6173ff000-7fc617403000 ---p 00000000 00:00 0 
7fc617403000-7fc617500000 rw-p 00000000 00:00 0 
7fc617500000-7fc617504000 ---p 00000000 00:00 0 
7fc617504000-7fc617600000 rw-p 00000000 00:00 0 
7fc617600000-7fc617bf4000 r--p 00000000 103:06 11870942                  /usr/lib/locale/locale-archive
7fc617bfc000-7fc618000000 rw-p 00000000 00:00 0 
7fc618000000-7fc618021000 rw-p 00000000 00:00 0 
7fc618021000-7fc61c000000 ---p 00000000 00:00 0 
7fc61c000000-7fc61c021000 rw-p 00000000 00:00 0 
7fc61c021000-7fc620000000 ---p 00000000 00:00 0 
7fc620000000-7fc620021000 rw-p 00000000 00:00 0 
7fc620021000-7fc624000000 ---p 00000000 00:00 0 
7fc624011000-7fc627400000 rw-p 00000000 00:00 0 
7fc627428000-7fc627fc8000 rw-p 00000000 00:00 0 
7fc627fc8000-7fc632cc8000 ---p 00000000 00:00 0 
7fc632cc8000-7fc632e5c000 rw-p 00000000 00:00 0 
7fc632e5c000-7fc6343fc000 ---p 00000000 00:00 0 
7fc6343fc000-7fc634400000 rw-p 00000000 00:00 0 
7fc634400000-7fc634670000 rwxp 00000000 00:00 0 
7fc634670000-7fc63b817000 ---p 00000000 00:00 0 
7fc63b817000-7fc63ba87000 rwxp 00000000 00:00 0 
7fc63ba87000-7fc63bfe8000 ---p 00000000 00:00 0 
7fc63bfe8000-7fc63c258000 rwxp 00000000 00:00 0 
7fc63c258000-7fc643400000 ---p 00000000 00:00 0 
7fc643400000-7fc64bebc000 r--s 00000000 103:06 12095110                  /usr/lib/jvm/java-21-openjdk/lib/modules
7fc64beff000-7fc64c23a000 rw-p 00000000 00:00 0 
7fc64c23a000-7fc650000000 ---p 00000000 00:00 0 
7fc65000f000-7fc650312000 rw-p 00000000 00:00 0 
7fc650312000-7fc650615000 rw-p 00000000 00:00 0 
7fc650615000-7fc650873000 rw-p 00000000 00:00 0 
7fc650873000-7fc651e13000 ---p 00000000 00:00 0 
7fc651e13000-7fc653533000 rw-p 00000000 00:00 0 
7fc653533000-7fc653617000 ---p 00000000 00:00 0 
7fc653617000-7fc65361c000 rw-p 00000000 00:00 0 
7fc65361c000-7fc653700000 ---p 00000000 00:00 0 
7fc653700000-7fc653704000 ---p 00000000 00:00 0 
7fc653704000-7fc653800000 rw-p 00000000 00:00 0 
7fc653800000-7fc653897000 r--p 00000000 103:06 11800403                  /usr/lib/libstdc++.so.6.0.34
7fc653897000-7fc6539ec000 r-xp 00097000 103:06 11800403                  /usr/lib/libstdc++.so.6.0.34
7fc6539ec000-7fc653a7e000 r--p 001ec000 103:06 11800403                  /usr/lib/libstdc++.so.6.0.34
7fc653a7e000-7fc653a8f000 r--p 0027e000 103:06 11800403                  /usr/lib/libstdc++.so.6.0.34
7fc653a8f000-7fc653a90000 rw-p 0028f000 103:06 11800403                  /usr/lib/libstdc++.so.6.0.34
7fc653a90000-7fc653a94000 rw-p 00000000 00:00 0 
7fc653aad000-7fc653ab1000 r--p 00000000 00:22 22371                      /tmp/libneko_8047528034455054280.so
7fc653ab1000-7fc653aba000 r-xp 00003000 00:22 22371                      /tmp/libneko_8047528034455054280.so
7fc653aba000-7fc653abb000 r--p 0000b000 00:22 22371                      /tmp/libneko_8047528034455054280.so
7fc653abb000-7fc653abd000 rw-p 0000b000 00:22 22371                      /tmp/libneko_8047528034455054280.so
7fc653abd000-7fc653ac0000 r--p 00000000 103:06 12095100                  /usr/lib/jvm/java-21-openjdk/lib/libnet.so
7fc653ac0000-7fc653ac8000 r-xp 00003000 103:06 12095100                  /usr/lib/jvm/java-21-openjdk/lib/libnet.so
7fc653ac8000-7fc653aca000 r--p 0000b000 103:06 12095100                  /usr/lib/jvm/java-21-openjdk/lib/libnet.so
7fc653aca000-7fc653acb000 r--p 0000c000 103:06 12095100                  /usr/lib/jvm/java-21-openjdk/lib/libnet.so
7fc653acb000-7fc653acc000 rw-p 0000d000 103:06 12095100                  /usr/lib/jvm/java-21-openjdk/lib/libnet.so
7fc653acc000-7fc653ad3000 r--p 00000000 103:06 12095101                  /usr/lib/jvm/java-21-openjdk/lib/libnio.so
7fc653ad3000-7fc653adc000 r-xp 00007000 103:06 12095101                  /usr/lib/jvm/java-21-openjdk/lib/libnio.so
7fc653adc000-7fc653ae0000 r--p 00010000 103:06 12095101                  /usr/lib/jvm/java-21-openjdk/lib/libnio.so
7fc653ae0000-7fc653ae1000 r--p 00014000 103:06 12095101                  /usr/lib/jvm/java-21-openjdk/lib/libnio.so
7fc653ae1000-7fc653ae2000 rw-p 00015000 103:06 12095101                  /usr/lib/jvm/java-21-openjdk/lib/libnio.so
7fc653ae2000-7fc653af2000 r--p 00000000 103:06 11799566                  /usr/lib/libm.so.6
7fc653af2000-7fc653b89000 r-xp 00010000 103:06 11799566                  /usr/lib/libm.so.6
7fc653b89000-7fc653bfe000 r--p 000a7000 103:06 11799566                  /usr/lib/libm.so.6
7fc653bfe000-7fc653bff000 r--p 0011b000 103:06 11799566                  /usr/lib/libm.so.6
7fc653bff000-7fc653c00000 rw-p 0011c000 103:06 11799566                  /usr/lib/libm.so.6
7fc653c00000-7fc653c10000 r--p 00000000 103:06 12095122                  /usr/lib/jvm/java-21-openjdk/lib/server/libjvm.so
7fc653c10000-7fc654b16000 r-xp 00010000 103:06 12095122                  /usr/lib/jvm/java-21-openjdk/lib/server/libjvm.so
7fc654b16000-7fc654def000 r--p 00f16000 103:06 12095122                  /usr/lib/jvm/java-21-openjdk/lib/server/libjvm.so
7fc654def000-7fc654ec5000 r--p 011ef000 103:06 12095122                  /usr/lib/jvm/java-21-openjdk/lib/server/libjvm.so
7fc654ec5000-7fc654ef5000 rw-p 012c5000 103:06 12095122                  /usr/lib/jvm/java-21-openjdk/lib/server/libjvm.so
7fc654ef5000-7fc654f5b000 rw-p 00000000 00:00 0 
7fc654f5b000-7fc654f5d000 r--p 00000000 103:06 12095109                  /usr/lib/jvm/java-21-openjdk/lib/libzip.so
7fc654f5d000-7fc654f61000 r-xp 00002000 103:06 12095109                  /usr/lib/jvm/java-21-openjdk/lib/libzip.so
7fc654f61000-7fc654f63000 r--p 00006000 103:06 12095109                  /usr/lib/jvm/java-21-openjdk/lib/libzip.so
7fc654f63000-7fc654f64000 r--p 00007000 103:06 12095109                  /usr/lib/jvm/java-21-openjdk/lib/libzip.so
7fc654f64000-7fc654f65000 rw-p 00008000 103:06 12095109                  /usr/lib/jvm/java-21-openjdk/lib/libzip.so
7fc654f65000-7fc655008000 rw-p 00000000 00:00 0 
7fc655008000-7fc655013000 ---p 00000000 00:00 0 
7fc655013000-7fc655017000 r--p 00000000 103:06 11800376                  /usr/lib/libgcc_s.so.1
7fc655017000-7fc65503a000 r-xp 00004000 103:06 11800376                  /usr/lib/libgcc_s.so.1
7fc65503a000-7fc65503e000 r--p 00027000 103:06 11800376                  /usr/lib/libgcc_s.so.1
7fc65503e000-7fc65503f000 r--p 0002a000 103:06 11800376                  /usr/lib/libgcc_s.so.1
7fc65503f000-7fc655040000 rw-p 0002b000 103:06 11800376                  /usr/lib/libgcc_s.so.1
7fc655040000-7fc655042000 rw-p 00000000 00:00 0 
7fc655042000-7fc655045000 r--p 00000000 103:06 11803691                  /usr/lib/libz.so.1.3.2
7fc655045000-7fc655055000 r-xp 00003000 103:06 11803691                  /usr/lib/libz.so.1.3.2
7fc655055000-7fc65505b000 r--p 00013000 103:06 11803691                  /usr/lib/libz.so.1.3.2
7fc65505b000-7fc65505c000 r--p 00018000 103:06 11803691                  /usr/lib/libz.so.1.3.2
7fc65505c000-7fc65505d000 rw-p 00019000 103:06 11803691                  /usr/lib/libz.so.1.3.2
7fc65505d000-7fc655081000 r--p 00000000 103:06 11799556                  /usr/lib/libc.so.6
7fc655081000-7fc6551f2000 r-xp 00024000 103:06 11799556                  /usr/lib/libc.so.6
7fc6551f2000-7fc655240000 r--p 00195000 103:06 11799556                  /usr/lib/libc.so.6
7fc655240000-7fc655244000 r--p 001e2000 103:06 11799556                  /usr/lib/libc.so.6
7fc655244000-7fc655246000 rw-p 001e6000 103:06 11799556                  /usr/lib/libc.so.6
7fc655246000-7fc65524e000 rw-p 00000000 00:00 0 
7fc65524f000-7fc655250000 r--p 00000000 103:06 11799561                  /usr/lib/libdl.so.2
7fc655250000-7fc655251000 r-xp 00001000 103:06 11799561                  /usr/lib/libdl.so.2
7fc655251000-7fc655252000 r--p 00002000 103:06 11799561                  /usr/lib/libdl.so.2
7fc655252000-7fc655253000 r--p 00002000 103:06 11799561                  /usr/lib/libdl.so.2
7fc655253000-7fc655254000 rw-p 00003000 103:06 11799561                  /usr/lib/libdl.so.2
7fc655254000-7fc65525e000 r--p 00000000 103:06 12095085                  /usr/lib/jvm/java-21-openjdk/lib/libjava.so
7fc65525e000-7fc65526c000 r-xp 0000a000 103:06 12095085                  /usr/lib/jvm/java-21-openjdk/lib/libjava.so
7fc65526c000-7fc655271000 r--p 00018000 103:06 12095085                  /usr/lib/jvm/java-21-openjdk/lib/libjava.so
7fc655271000-7fc655272000 r--p 0001d000 103:06 12095085                  /usr/lib/jvm/java-21-openjdk/lib/libjava.so
7fc655272000-7fc655273000 rw-p 0001e000 103:06 12095085                  /usr/lib/jvm/java-21-openjdk/lib/libjava.so
7fc655273000-7fc655274000 rw-p 00000000 00:00 0 
7fc655274000-7fc65527c000 rw-s 00000000 00:22 22369                      /tmp/hsperfdata_fadouse/1663612
7fc65527c000-7fc65527d000 ---p 00000000 00:00 0 
7fc65527d000-7fc65527e000 r--p 00000000 00:00 0 
7fc65527e000-7fc65527f000 ---p 00000000 00:00 0 
7fc65527f000-7fc655280000 r--p 00000000 103:06 12095089                  /usr/lib/jvm/java-21-openjdk/lib/libjimage.so
7fc655280000-7fc655282000 r-xp 00001000 103:06 12095089                  /usr/lib/jvm/java-21-openjdk/lib/libjimage.so
7fc655282000-7fc655283000 r--p 00003000 103:06 12095089                  /usr/lib/jvm/java-21-openjdk/lib/libjimage.so
7fc655283000-7fc655284000 r--p 00004000 103:06 12095089                  /usr/lib/jvm/java-21-openjdk/lib/libjimage.so
7fc655284000-7fc655285000 rw-p 00005000 103:06 12095089                  /usr/lib/jvm/java-21-openjdk/lib/libjimage.so
7fc655285000-7fc655287000 r--p 00000000 103:06 12095090                  /usr/lib/jvm/java-21-openjdk/lib/libjli.so
7fc655287000-7fc655291000 r-xp 00002000 103:06 12095090                  /usr/lib/jvm/java-21-openjdk/lib/libjli.so
7fc655291000-7fc655294000 r--p 0000c000 103:06 12095090                  /usr/lib/jvm/java-21-openjdk/lib/libjli.so
7fc655294000-7fc655295000 r--p 0000f000 103:06 12095090                  /usr/lib/jvm/java-21-openjdk/lib/libjli.so
7fc655295000-7fc655296000 rw-p 00010000 103:06 12095090                  /usr/lib/jvm/java-21-openjdk/lib/libjli.so
7fc655296000-7fc655298000 rw-p 00000000 00:00 0 
7fc655298000-7fc65529c000 r--p 00000000 00:00 0                          [vvar]
7fc65529c000-7fc65529e000 r--p 00000000 00:00 0                          [vvar_vclock]
7fc65529e000-7fc6552a0000 r-xp 00000000 00:00 0                          [vdso]
7fc6552a0000-7fc6552a1000 r--p 00000000 103:06 11799547                  /usr/lib/ld-linux-x86-64.so.2
7fc6552a1000-7fc6552cb000 r-xp 00001000 103:06 11799547                  /usr/lib/ld-linux-x86-64.so.2
7fc6552cb000-7fc6552d6000 r--p 0002b000 103:06 11799547                  /usr/lib/ld-linux-x86-64.so.2
7fc6552d6000-7fc6552d8000 r--p 00036000 103:06 11799547                  /usr/lib/ld-linux-x86-64.so.2
7fc6552d8000-7fc6552d9000 rw-p 00038000 103:06 11799547                  /usr/lib/ld-linux-x86-64.so.2
7fc6552d9000-7fc6552da000 rw-p 00000000 00:00 0 
7ffe12386000-7ffe123a7000 rw-p 00000000 00:00 0                          [stack]
ffffffffff600000-ffffffffff601000 --xp 00000000 00:00 0                  [vsyscall]
Total number of mappings: 200

JVMTI agents: none


VM Arguments:
java_command: /mnt/d/Code/Security/NekoObfuscator/worktree/dev-impl/neko-test/build/test-native/TEST-native.jar
java_class_path (initial): /mnt/d/Code/Security/NekoObfuscator/worktree/dev-impl/neko-test/build/test-native/TEST-native.jar
Launcher Type: SUN_STANDARD

[Global flags]
     intx CICompilerCount                          = 15                                        {product} {ergonomic}
     uint ConcGCThreads                            = 6                                         {product} {ergonomic}
     uint G1ConcRefinementThreads                  = 23                                        {product} {ergonomic}
   size_t G1HeapRegionSize                         = 8388608                                   {product} {ergonomic}
    uintx GCDrainStackTargetSize                   = 64                                        {product} {ergonomic}
   size_t InitialHeapSize                          = 780140544                                 {product} {ergonomic}
   size_t MarkStackSize                            = 4194304                                   {product} {ergonomic}
   size_t MaxHeapSize                              = 12398362624                               {product} {ergonomic}
   size_t MaxNewSize                               = 7432306688                                {product} {ergonomic}
   size_t MinHeapDeltaBytes                        = 8388608                                   {product} {ergonomic}
   size_t MinHeapSize                              = 8388608                                   {product} {ergonomic}
    uintx NonNMethodCodeHeapSize                   = 8192380                                {pd product} {ergonomic}
    uintx NonProfiledCodeHeapSize                  = 121732930                              {pd product} {ergonomic}
    uintx ProfiledCodeHeapSize                     = 121732930                              {pd product} {ergonomic}
    uintx ReservedCodeCacheSize                    = 251658240                              {pd product} {ergonomic}
     bool SegmentedCodeCache                       = true                                      {product} {ergonomic}
   size_t SoftMaxHeapSize                          = 12398362624                            {manageable} {ergonomic}
     bool UseCompressedOops                        = true                           {product lp64_product} {ergonomic}
     bool UseG1GC                                  = true                                      {product} {ergonomic}

Logging:
Log output configuration:
 #0: stdout all=warning uptime,level,tags foldmultilines=false
 #1: stderr all=off uptime,level,tags foldmultilines=false

Release file:
<release file has not been read>
Environment Variables:
PATH=/home/fadouse/.cargo/bin:/home/fadouse/.bun/bin:/home/fadouse/node_modules/.bin:/home/fadouse/.opencode/bin:/home/fadouse/.local/bin:/usr/local/sbin:/usr/local/bin:/usr/bin:/var/lib/flatpak/exports/bin:/usr/lib/jvm/default/bin:/usr/bin/site_perl:/usr/bin/vendor_perl:/usr/bin/core_perl:/usr/lib/rustup/bin:/home/fadouse/.local/share/JetBrains/Toolbox/scripts:/home/fadouse/.lmstudio/bin:/home/fadouse/.lmstudio/bin
LD_LIBRARY_PATH=/home/fadouse/.local/lib:/home/fadouse/.local/lib
SHELL=/bin/bash
DISPLAY=:1
WAYLAND_DISPLAY=wayland-0
LANG=en_US.UTF-8
LC_NUMERIC=en_US.UTF-8
LC_TIME=en_US.UTF-8
TERM=xterm-ghostty

Active Locale:
LC_ALL=en_US.UTF-8
LC_COLLATE=en_US.UTF-8
LC_CTYPE=en_US.UTF-8
LC_MESSAGES=en_US.UTF-8
LC_MONETARY=en_US.UTF-8
LC_NUMERIC=en_US.UTF-8
LC_TIME=en_US.UTF-8

Signal Handlers:
   SIGSEGV: 0x00007fc654a0d280 in libjvm.so+14733952, mask=11100100010111111101111111111110, flags=SA_RESTART|SA_SIGINFO, unblocked
    SIGBUS: 0x00007fc654a0d280 in libjvm.so+14733952, mask=11100100010111111101111111111110, flags=SA_RESTART|SA_SIGINFO, unblocked
    SIGFPE: 0x00007fc654a0d280 in libjvm.so+14733952, mask=11100100010111111101111111111110, flags=SA_RESTART|SA_SIGINFO, unblocked
   SIGPIPE: 0x00007fc654866980 in libjvm.so+13003136, mask=11100100010111111101111111111110, flags=SA_RESTART|SA_SIGINFO, blocked
   SIGXFSZ: 0x00007fc654866980 in libjvm.so+13003136, mask=11100100010111111101111111111110, flags=SA_RESTART|SA_SIGINFO, blocked
    SIGILL: 0x00007fc654a0d280 in libjvm.so+14733952, mask=11100100010111111101111111111110, flags=SA_RESTART|SA_SIGINFO, unblocked
   SIGUSR2: 0x00007fc6548682a0 in libjvm.so+13009568, mask=00000000000000000000000000000000, flags=SA_RESTART|SA_SIGINFO, blocked
    SIGHUP: 0x00007fc654865ce0 in libjvm.so+12999904, mask=11100100010111111101111111111110, flags=SA_RESTART|SA_SIGINFO, blocked
    SIGINT: 0x00007fc654865ce0 in libjvm.so+12999904, mask=11100100010111111101111111111110, flags=SA_RESTART|SA_SIGINFO, blocked
   SIGTERM: 0x00007fc654865ce0 in libjvm.so+12999904, mask=11100100010111111101111111111110, flags=SA_RESTART|SA_SIGINFO, blocked
   SIGQUIT: 0x00007fc654865ce0 in libjvm.so+12999904, mask=11100100010111111101111111111110, flags=SA_RESTART|SA_SIGINFO, blocked
   SIGTRAP: 0x00007fc654a0d280 in libjvm.so+14733952, mask=11100100010111111101111111111110, flags=SA_RESTART|SA_SIGINFO, unblocked


Periodic native trim disabled

---------------  S Y S T E M  ---------------

OS:
DISTRIB_ID="Arch"
DISTRIB_RELEASE="rolling"
DISTRIB_DESCRIPTION="Arch Linux"
uname: Linux 6.19.11-arch1-1 #1 SMP PREEMPT_DYNAMIC Thu, 02 Apr 2026 23:33:01 +0000 x86_64
OS uptime: 3 days 1:56 hours
libc: glibc 2.43 NPTL 2.43 
rlimit (soft/hard): STACK 16384k/infinity , CORE infinity/infinity , NPROC 188532/188532 , NOFILE 524288/524288 , AS infinity/infinity , CPU infinity/infinity , DATA infinity/infinity , FSIZE infinity/infinity , MEMLOCK infinity/infinity
load average: 6.26 4.56 4.07

/proc/meminfo:
MemTotal:       48423308 kB
MemFree:         1335872 kB
MemAvailable:    3993048 kB
Buffers:           25784 kB
Cached:          4757612 kB
SwapCached:            0 kB
Active:         15546824 kB
Inactive:       26231636 kB
Active(anon):   15060848 kB
Inactive(anon): 25209484 kB
Active(file):     485976 kB
Inactive(file):  1022152 kB
Unevictable:        1440 kB
Mlocked:            1436 kB
SwapTotal:             0 kB
SwapFree:              0 kB
Zswap:                 0 kB
Zswapped:              0 kB
Dirty:              5104 kB
Writeback:             0 kB
AnonPages:      36750404 kB
Mapped:          3032188 kB
Shmem:           3275596 kB
KReclaimable:    1742944 kB
Slab:            2530884 kB
SReclaimable:    1742944 kB
SUnreclaim:       787940 kB
KernelStack:       79488 kB
PageTables:       349032 kB
SecPageTables:      2440 kB
NFS_Unstable:          0 kB
Bounce:                0 kB
WritebackTmp:          0 kB
CommitLimit:    24211652 kB
Committed_AS:   104738408 kB
VmallocTotal:   34359738367 kB
VmallocUsed:      227740 kB
VmallocChunk:          0 kB
Percpu:            34816 kB
HardwareCorrupted:     0 kB
AnonHugePages:   4896768 kB
ShmemHugePages:  1415168 kB
ShmemPmdMapped:   595968 kB
FileHugePages:    231424 kB
FilePmdMapped:    231424 kB
CmaTotal:              0 kB
CmaFree:               0 kB
Unaccepted:            0 kB
Balloon:               0 kB
HugePages_Total:       0
HugePages_Free:        0
HugePages_Rsvd:        0
HugePages_Surp:        0
Hugepagesize:       2048 kB
Hugetlb:               0 kB
DirectMap4k:     8119868 kB
DirectMap2M:    41310208 kB
DirectMap1G:     1048576 kB

/sys/kernel/mm/transparent_hugepage/enabled: [always] madvise never
/sys/kernel/mm/transparent_hugepage/hpage_pmd_size: 2097152
/sys/kernel/mm/transparent_hugepage/defrag (defrag/compaction efforts parameter): always defer defer+madvise [madvise] never

Process Memory:
Virtual Size: 15179240K (peak: 15179460K)
Resident Set Size: 50940K (peak: 50940K) (anon: 25216K, file: 25640K, shmem: 84K)
Swapped out: 0K
C-Heap outstanding allocations: 53500K, retained: 2107K
glibc malloc tunables: (default)

/proc/sys/kernel/threads-max (system-wide limit on the number of threads): 377065
/proc/sys/vm/max_map_count (maximum number of memory map areas a process may have): 1048576
/proc/sys/vm/swappiness (control to define how aggressively the kernel swaps out anonymous memory): 60
/proc/sys/kernel/pid_max (system-wide limit on number of process identifiers): 4194304

container information not found.
Steal ticks since vm start: 0
Steal ticks percentage since vm start:  0.000

CPU: total 32 (initial active 32) (32 cores per cpu, 2 threads per core) family 26 model 68 stepping 0 microcode 0xb404023, cx8, cmov, fxsr, ht, mmx, 3dnowpref, sse, sse2, sse3, ssse3, sse4a, sse4.1, sse4.2, popcnt, lzcnt, tsc, tscinvbit, avx, avx2, aes, erms, clmul, bmi1, bmi2, adx, avx512f, avx512dq, avx512cd, avx512bw, avx512vl, sha, fma, vzeroupper, avx512_vpopcntdq, avx512_vpclmulqdq, avx512_vaes, avx512_vnni, clflush, clflushopt, avx512_vbmi2, avx512_vbmi, rdtscp, rdpid, fsrm, gfni, avx512_bitalg, f16c, pku, ospke, cet_ss, avx512_ifma
CPU Model and flags from /proc/cpuinfo:
model name	: AMD Ryzen 9 9950X3D 16-Core Processor
flags		: fpu vme de pse tsc msr pae mce cx8 apic sep mtrr pge mca cmov pat pse36 clflush mmx fxsr sse sse2 ht syscall nx mmxext fxsr_opt pdpe1gb rdtscp lm constant_tsc rep_good amd_lbr_v2 nopl xtopology nonstop_tsc cpuid extd_apicid aperfmperf rapl pni pclmulqdq monitor ssse3 fma cx16 sse4_1 sse4_2 movbe popcnt aes xsave avx f16c rdrand lahf_lm cmp_legacy svm extapic cr8_legacy abm sse4a misalignsse 3dnowprefetch osvw ibs skinit wdt tce topoext perfctr_core perfctr_nb bpext perfctr_llc mwaitx cpuid_fault cpb cat_l3 cdp_l3 hw_pstate ssbd mba perfmon_v2 ibrs ibpb stibp ibrs_enhanced vmmcall fsgsbase tsc_adjust bmi1 avx2 smep bmi2 erms invpcid cqm rdt_a avx512f avx512dq adx smap avx512ifma clflushopt clwb avx512cd sha_ni avx512bw avx512vl xsaveopt xsavec xgetbv1 xsaves cqm_llc cqm_occup_llc cqm_mbm_total cqm_mbm_local user_shstk avx_vnni avx512_bf16 clzero irperf xsaveerptr rdpru wbnoinvd cppc arat npt lbrv svm_lock nrip_save tsc_scale vmcb_clean flushbyasid decodeassists pausefilter pfthreshold avic v_vmsave_vmload vgif x2avic v_spec_ctrl vnmi avx512vbmi umip pku ospke avx512_vbmi2 gfni vaes vpclmulqdq avx512_vnni avx512_bitalg avx512_vpopcntdq rdpid bus_lock_detect movdiri movdir64b overflow_recov succor smca fsrm avx512_vp2intersect flush_l1d amd_lbr_pmc_freeze

Online cpus: 0-31
Offline cpus: 
BIOS frequency limitation: <Not Available>
Frequency switch latency (ns): 0
Available cpu frequencies: <Not Available>
Current governor: powersave
Core performance/turbo boost: 1

Memory: 4k page, physical 48423308k(3998156k free), swap 0k(0k free)
Page Sizes: 4k

vm_info: OpenJDK 64-Bit Server VM (21.0.10+7) for linux-amd64 JRE (21.0.10+7), built on 2026-01-21T09:21:17Z by "builduser" with gcc 15.2.1 20260103

END.
