#
# A fatal error has been detected by the Java Runtime Environment:
#
#  SIGSEGV (0xb) at pc=0x00007f1e326b6fee, pid=1716027, tid=1716028
#
# JRE version: OpenJDK Runtime Environment (21.0.10+7) (build 21.0.10+7)
# Java VM: OpenJDK 64-Bit Server VM (21.0.10+7, mixed mode, sharing, tiered, compressed oops, compressed class ptrs, g1 gc, linux-amd64)
# Problematic frame:
# C  [libneko_5455568402066534664.so+0xbfee]  JNI_OnLoad+0x3ba8
#
# Core dump will be written. Default location: Core dumps may be processed with "/usr/lib/systemd/systemd-coredump %P %u %g %s %t %c %h %d %F" (or dumping to /mnt/d/Code/Security/NekoObfuscator/worktree/dev-impl/core.1716027)
#
# If you would like to submit a bug report, please visit:
#   https://bugreport.java.com/bugreport/crash.jsp
# The crash happened outside the Java Virtual Machine in native code.
# See problematic frame for where to report the bug.
#

---------------  S U M M A R Y ------------

Command Line: /tmp/TEST-scan2.jar

Host: AMD Ryzen 9 9950X3D 16-Core Processor, 32 cores, 46G, Arch Linux
Time: Tue Apr 21 22:21:22 2026 CST elapsed time: 0.032896 seconds (0d 0h 0m 0s)

---------------  T H R E A D  ---------------

Current thread (0x00007f1e2c019b10):  JavaThread "main"             [_thread_in_native, id=1716028, stack(0x00007f1e32300000,0x00007f1e32400000) (1024K)]

Stack: [0x00007f1e32300000,0x00007f1e32400000],  sp=0x00007f1e323fdd70,  free space=1015k
Native frames: (J=compiled Java code, j=interpreted, Vv=VM code, C=native code)
C  [libneko_5455568402066534664.so+0xbfee]  JNI_OnLoad+0x3ba8
C  [libjava.so+0xba3e]  Java_jdk_internal_loader_NativeLibraries_load+0xce
j  jdk.internal.loader.NativeLibraries.load(Ljdk/internal/loader/NativeLibraries$NativeLibraryImpl;Ljava/lang/String;ZZ)Z+0 java.base@21.0.10
j  jdk.internal.loader.NativeLibraries$NativeLibraryImpl.open()Z+57 java.base@21.0.10
j  jdk.internal.loader.NativeLibraries.loadLibrary(Ljava/lang/Class;Ljava/lang/String;Z)Ljdk/internal/loader/NativeLibrary;+254 java.base@21.0.10
j  jdk.internal.loader.NativeLibraries.loadLibrary(Ljava/lang/Class;Ljava/io/File;)Ljdk/internal/loader/NativeLibrary;+51 java.base@21.0.10
j  java.lang.ClassLoader.loadLibrary(Ljava/lang/Class;Ljava/io/File;)Ljdk/internal/loader/NativeLibrary;+31 java.base@21.0.10
j  java.lang.Runtime.load0(Ljava/lang/Class;Ljava/lang/String;)V+61 java.base@21.0.10
j  java.lang.System.load(Ljava/lang/String;)V+7 java.base@21.0.10
j  dev.nekoobfuscator.runtime.NekoNativeLoader.load()V+68
j  pack.tests.basics.overwirte.Sub.<clinit>()V+0
v  ~StubRoutines::call_stub 0x00007f1e1b817cc6
V  [libjvm.so+0x6c722a]
V  [libjvm.so+0x69ad38]
V  [libjvm.so+0x69bdf3]
V  [libjvm.so+0x6bb910]
j  pack.Main.main([Ljava/lang/String;)V+130
v  ~StubRoutines::call_stub 0x00007f1e1b817cc6
V  [libjvm.so+0x6c722a]
V  [libjvm.so+0x776e16]
V  [libjvm.so+0x779765]
C  [libjli.so+0x4db5]
C  [libjli.so+0x7e6e]
C  [libc.so.6+0x9697a]
Java frames: (J=compiled Java code, j=interpreted, Vv=VM code)
j  jdk.internal.loader.NativeLibraries.load(Ljdk/internal/loader/NativeLibraries$NativeLibraryImpl;Ljava/lang/String;ZZ)Z+0 java.base@21.0.10
j  jdk.internal.loader.NativeLibraries$NativeLibraryImpl.open()Z+57 java.base@21.0.10
j  jdk.internal.loader.NativeLibraries.loadLibrary(Ljava/lang/Class;Ljava/lang/String;Z)Ljdk/internal/loader/NativeLibrary;+254 java.base@21.0.10
j  jdk.internal.loader.NativeLibraries.loadLibrary(Ljava/lang/Class;Ljava/io/File;)Ljdk/internal/loader/NativeLibrary;+51 java.base@21.0.10
j  java.lang.ClassLoader.loadLibrary(Ljava/lang/Class;Ljava/io/File;)Ljdk/internal/loader/NativeLibrary;+31 java.base@21.0.10
j  java.lang.Runtime.load0(Ljava/lang/Class;Ljava/lang/String;)V+61 java.base@21.0.10
j  java.lang.System.load(Ljava/lang/String;)V+7 java.base@21.0.10
j  dev.nekoobfuscator.runtime.NekoNativeLoader.load()V+68
j  pack.tests.basics.overwirte.Sub.<clinit>()V+0
v  ~StubRoutines::call_stub 0x00007f1e1b817cc6
j  pack.Main.main([Ljava/lang/String;)V+130
v  ~StubRoutines::call_stub 0x00007f1e1b817cc6

siginfo: si_signo: 11 (SIGSEGV), si_code: 1 (SEGV_MAPERR), si_addr: 0x0000000160e8f588

Registers:
RAX=0x00007f1da8007400, RBX=0x0000000000000090, RCX=0x0000000000000003, RDX=0x0000000160e8f580
RSP=0x00007f1e323fdd70, RBP=0x00007f1e323fde80, RSI=0x0000000000000008, RDI=0x000000002c1d1eb0
R8 =0x0000000000000001, R9 =0x0000000000000000, R10=0x0000000000000000, R11=0x00007f1e323ff6c0
R12=0x0000000000000015, R13=0x00007f1e326bc530, R14=0x00007f1e2c019ed0, R15=0x00007f1e2c1d1c10
RIP=0x00007f1e326b6fee, EFLAGS=0x0000000000010202, CSGSFS=0x002b000000000033, ERR=0x0000000000000004
  TRAPNO=0x000000000000000e

XMM[0]=0x0000000000000000 0x00007f1e33e49523
XMM[1]=0x00007f1e33e49523 0x00007f1e33e49523
XMM[2]=0x0000000000000000 0x00007f1e323fdc09
XMM[3]=0x0000000000000000 0x00007f1da7487e60
XMM[4]=0x0000000000000000 0x00007f1e2c000038
XMM[5]=0x0000000000000000 0x00007f1e2c01a6c8
XMM[6]=0x0000000000000000 0x0000000000000a08
XMM[7]=0x0000000000000000 0x00007f1da80588d8
XMM[8]=0x0000000000000000 0x4a861263cc31dfe8
XMM[9]=0x0000000000000000 0x00007f1e3372a6aa
XMM[10]=0x0000000000000000 0x00000001f7011640
XMM[11]=0x0000000000000000 0x0000000174359406
XMM[12]=0x0000000000000000 0x00ff00fd00fb00f9
XMM[13]=0x0000000000000000 0x0000000000fe00fa
XMM[14]=0x0000000000000000 0x0000000000000000
XMM[15]=0x0000000000000000 0x0000000000000000
  MXCSR=0x00001fa2


Register to memory mapping:

RAX=0x00007f1da8007400 is a pointer to class: 
java.lang.invoke.LambdaForm$MH/0x00007f1da8007400 {0x00007f1da8007400}
 - instance size:     2
 - klass size:        65
 - access:            final synchronized 
 - flags:             rewritten has_resolved_methods 
 - state:             fully_initialized
 - name:              'java/lang/invoke/LambdaForm$MH+0x00007f1da8007400'
 - super:             'java/lang/Object'
 - sub:               
 - arrays:            null
 - methods:           Array<T>(0x00007f1da340ddf8)
 - method ordering:   Array<T>(0x00007f1da7b356b0)
 - local interfaces:  Array<T>(0x00007f1da7619900)
 - trans. interfaces: Array<T>(0x00007f1da7619900)
 - secondary supers: Array<T>(0x00007f1da7619450)
 - hash_slot:         30
 - bitmap:            0x0000000000000000
 - constants:         constant pool [41] {0x00007f1da340dc30} for 'java/lang/invoke/LambdaForm$MH+0x00007f1da8007400' cache=0x00007f1da340e000
 - class loader data:  loader data: 0x00007f1e2c1d1c10 of 'bootstrap' has a class holder
 - source file:       'LambdaForm$MH'
 - inner classes:     Array<T>(0x00007f1da7619888)
 - nest members:     Array<T>(0x00007f1da7619888)
 - permitted subclasses:     Array<T>(0x00007f1da7619888)
 - java mirror:       a 'java/lang/Class'{0x000000054b36a3a0} = 'java/lang/invoke/LambdaForm$MH+0x00007f1da8007400'
 - vtable length      5  (start addr: 0x00007f1da80075d0)
 - itable length      2 (start addr: 0x00007f1da80075f8)
 - ---- static fields (1 words):
 - static final '_D_0' 'Ljava/lang/invoke/LambdaForm;' @112 
 - ---- non-static fields (0 words):
 - non-static oop maps: 
RBX=0x0000000000000090 is an unknown value
RCX=0x0000000000000003 is an unknown value
RDX=0x0000000160e8f580 is an unknown value
RSP=0x00007f1e323fdd70 is pointing into the stack for thread: 0x00007f1e2c019b10
RBP=0x00007f1e323fde80 is pointing into the stack for thread: 0x00007f1e2c019b10
RSI=0x0000000000000008 is an unknown value
RDI=0x000000002c1d1eb0 is an unknown value
R8 =0x0000000000000001 is an unknown value
R9 =0x0 is null
R10=0x0 is null
R11=0x00007f1e323ff6c0 is pointing into the stack for thread: 0x00007f1e2c019b10
R12=0x0000000000000015 is an unknown value
R13=0x00007f1e326bc530: g_neko_vm_layout+0x0000000000000000 in /tmp/libneko_5455568402066534664.so at 0x00007f1e326ab000
R14=0x00007f1e2c019ed0 points into unknown readable memory: 0x00007f1e33acc060 | 60 c0 ac 33 1e 7f 00 00
R15=0x00007f1e2c1d1c10 points into unknown readable memory: 0x00007f1e2c1542f8 | f8 42 15 2c 1e 7f 00 00

Top of Stack: (sp=0x00007f1e323fdd70)
0x00007f1e323fdd70:   0000000000000006 00007f1da7000e90
0x00007f1e323fdd80:   00007f1e33ada7c0 0000000000000010
0x00007f1e323fdd90:   0000000000000018 0000000000000020
0x00007f1e323fdda0:   0000000000000028 0000000000000000
0x00007f1e323fddb0:   0000000000000000 0000000000000008
0x00007f1e323fddc0:   0000000000000008 0000000000000010
0x00007f1e323fddd0:   00007f1e2c019ed0 00007f1e2c019ed0
0x00007f1e323fdde0:   00007f1e2c1d9100 000000002c1d90e0
0x00007f1e323fddf0:   0000000000000020 0000000000000030
0x00007f1e323fde00:   0000000000000028 0000000000000030
0x00007f1e323fde10:   0000000000000038 0000000000000010
0x00007f1e323fde20:   00007f1e2c019ed0 0000000000000028
0x00007f1e323fde30:   0000000000000001 00007f1e33748711
0x00007f1e323fde40:   00007f1e2c166e20 00007f1e337467e1
0x00007f1e323fde50:   0000000000000008 00007f1e323fe0a8
0x00007f1e323fde60:   00007f1e2c1d9060 0000000000000000
0x00007f1e323fde70:   00007f1e2c019ed0 0000000000010001
0x00007f1e323fde80:   00007f1e323fe000 00007f1e33e63a3e
0x00007f1e323fde90:   0000000000000003 00007f1e326b3446
0x00007f1e323fdea0:   00007f1e2c1d9100 00007f1e323fe0b0
0x00007f1e323fdeb0:   00007f1da720b370 00007f1e33acc040
0x00007f1e323fdec0:   00007f1e323fded8 00007f1e323fdf38
0x00007f1e323fded0:   00007f1e1b81f180 0000000000000008
0x00007f1e323fdee0:   000000054b389860 000000054b389860
0x00007f1e323fdef0:   00007f1e323fdef0 00007f1da78fb3d6
0x00007f1e323fdf00:   0000000000000003 00007f1da7207f00
0x00007f1e323fdf10:   0000000000000000 00000007ff8a36b8
0x00007f1e323fdf20:   00007f1da7207e68 0000000000000000
0x00007f1e323fdf30:   00007f1e323fdf48 00007f1e323fdfa0
0x00007f1e323fdf40:   00007f1e323fe018 00007f1e14434b9c
0x00007f1e323fdf50:   00007f1e323fdfb8 00007f1e1b81f2f2
0x00007f1e323fdf60:   0000000000000009 00007f1e323fdf68 

Instructions: (pc=0x00007f1e326b6fee)
0x00007f1e326b6eee:   00 00 00 4d 85 f6 74 32 49 89 9c 24 08 01 00 00
0x00007f1e326b6efe:   49 89 dc eb 2b 4d 85 f6 0f 84 82 fc ff ff 4d 8b
0x00007f1e326b6f0e:   ae 08 01 00 00 4c 89 f7 e8 15 29 00 00 4d 89 ee
0x00007f1e326b6f1e:   4d 85 ed 75 e9 45 31 f6 eb 06 49 89 dc 49 89 de
0x00007f1e326b6f2e:   31 c0 48 85 db 0f 84 55 fc ff ff e9 75 ff ff ff
0x00007f1e326b6f3e:   48 8b 05 5b 40 00 00 48 8b 38 41 8b 55 00 48 8d
0x00007f1e326b6f4e:   35 47 78 ff ff 31 c0 e8 46 28 00 00 e9 be f3 ff
0x00007f1e326b6f5e:   ff 48 8d 3d 1b 79 ff ff e9 bb c9 ff ff 48 8d 3d
0x00007f1e326b6f6e:   62 69 ff ff e9 af c9 ff ff 48 8b 05 22 40 00 00
0x00007f1e326b6f7e:   48 8b 38 48 8d 35 0c 61 ff ff 31 d2 b9 0c 00 00
0x00007f1e326b6f8e:   00 31 c0 e8 0a 28 00 00 83 3d ff 58 00 00 00 0f
0x00007f1e326b6f9e:   88 70 fe ff ff 48 8b 05 f6 3f 00 00 48 8b 38 8b
0x00007f1e326b6fae:   15 f5 58 00 00 48 8d 35 cc 60 ff ff b9 0c 00 00
0x00007f1e326b6fbe:   00 31 c0 e8 da 27 00 00 e9 48 fe ff ff 8b 3c 10
0x00007f1e326b6fce:   48 89 fa 48 d3 e2 48 85 ff 0f 84 39 f4 ff ff 48
0x00007f1e326b6fde:   01 f2 48 85 d2 0f 84 2d f4 ff ff be 08 00 00 00
0x00007f1e326b6fee:   48 39 04 32 0f 84 e3 00 00 00 48 8d 4e 08 48 81
0x00007f1e326b6ffe:   fe f8 00 00 00 48 89 ce 72 e6 e9 09 f4 ff ff 48
0x00007f1e326b700e:   8d 3d f4 63 ff ff e9 0d c9 ff ff 4d 85 f6 0f 84
0x00007f1e326b701e:   6c fb ff ff 48 c7 45 a0 00 00 00 00 48 8b 3d 6f
0x00007f1e326b702e:   58 00 00 48 85 ff 0f 84 54 fb ff ff 48 8b 07 48
0x00007f1e326b703e:   8d 75 a0 ba 06 00 01 00 ff 50 30 85 c0 0f 85 3d
0x00007f1e326b704e:   fb ff ff 4c 8b 65 a0 4d 85 e4 0f 84 30 fb ff ff
0x00007f1e326b705e:   49 8b 04 24 48 8d 35 de 6f ff ff 4c 89 e7 ff 90
0x00007f1e326b706e:   38 05 00 00 48 85 c0 74 18 49 89 c5 49 8b 04 24
0x00007f1e326b707e:   4c 89 e7 ff 90 20 07 00 00 84 c0 0f 84 88 00 00
0x00007f1e326b708e:   00 49 8b 04 24 4c 89 e7 ff 90 20 07 00 00 84 c0
0x00007f1e326b709e:   0f 84 ea fa ff ff 49 8b 04 24 4c 89 e7 ff 90 88
0x00007f1e326b70ae:   00 00 00 e9 d8 fa ff ff 48 8b 05 e3 3e 00 00 48
0x00007f1e326b70be:   8b 08 48 8d 3d 2f 70 ff ff be 28 00 00 00 ba 01
0x00007f1e326b70ce:   00 00 00 e8 2a 28 00 00 e9 22 fa ff ff 49 89 b5
0x00007f1e326b70de:   d8 00 00 00 48 8d 3d af 74 ff ff 31 c0 e8 f3 b5 


Stack slot to memory mapping:

stack at sp + 0 slots: 0x0000000000000006 is an unknown value
stack at sp + 1 slots: 0x00007f1da7000e90 is a pointer to class: 
java.lang.Object {0x00007f1da7000e90}
 - instance size:     2
 - klass size:        65
 - access:            public synchronized 
 - flags:             rewritten is_shared_boot_class has_localvariable_table has_vanilla_constructor has_final_method 
 - state:             fully_initialized
 - name:              'java/lang/Object'
 - super:             null
 - sub:               'sun/nio/ch/IOStatus'   'sun/nio/ch/Util$BufferCache'   'sun/nio/ch/Util'   'sun/nio/ch/NativeThread'   (595 more klasses...)
 - arrays:            'java/lang/Object'[]
 - methods:           Array<T>(0x00007f1da7619890)
 - method ordering:   Array<T>(0x00007f1da7619910)
 - local interfaces:  Array<T>(0x00007f1da7619900)
 - trans. interfaces: Array<T>(0x00007f1da7619900)
 - secondary supers: Array<T>(0x00007f1da7619450)
 - hash_slot:         6
 - bitmap:            0x0000000000000000
 - constants:         constant pool [124] {0x00007f1da7619460} for 'java/lang/Object' cache=0x00007f1da7474c88
 - class loader data:  loader data: 0x00007f1e2c143e60 of 'bootstrap'
 - source file:       'Object.java'
 - inner classes:     Array<T>(0x00007f1da7619888)
 - nest members:     Array<T>(0x00007f1da7619888)
 - permitted subclasses:     Array<T>(0x00007f1da7619888)
 - java mirror:       a 'java/lang/Class'{0x00000007ff87ffe8} = 'java/lang/Object'
 - vtable length      5  (start addr: 0x00007f1da7001060)
 - itable length      2 (start addr: 0x00007f1da7001088)
 - ---- static fields (0 words):
 - ---- non-static fields (0 words):
 - non-static oop maps: 
stack at sp + 2 slots: 0x00007f1e33ada7c0: <offset 0x00000000012da7c0> in /usr/lib/jvm/java-21-openjdk/lib/server/libjvm.so at 0x00007f1e32800000
stack at sp + 3 slots: 0x0000000000000010 is an unknown value
stack at sp + 4 slots: 0x0000000000000018 is an unknown value
stack at sp + 5 slots: 0x0000000000000020 is an unknown value
stack at sp + 6 slots: 0x0000000000000028 is an unknown value
stack at sp + 7 slots: 0x0 is null


---------------  P R O C E S S  ---------------

Threads class SMR info:
_java_thread_list=0x00007f1d7c026660, length=11, elements={
0x00007f1e2c019b10, 0x00007f1e2c16e330, 0x00007f1e2c16f8b0, 0x00007f1e2c171170,
0x00007f1e2c1727c0, 0x00007f1e2c173d70, 0x00007f1e2c1758a0, 0x00007f1e2c176f70,
0x00007f1e2c182ee0, 0x00007f1e2c185e20, 0x00007f1d7c0254d0
}

Java Threads: ( => current thread )
=>0x00007f1e2c019b10 JavaThread "main"                              [_thread_in_native, id=1716028, stack(0x00007f1e32300000,0x00007f1e32400000) (1024K)]
  0x00007f1e2c16e330 JavaThread "Reference Handler"          daemon [_thread_blocked, id=1716036, stack(0x00007f1e04100000,0x00007f1e04200000) (1024K)]
  0x00007f1e2c16f8b0 JavaThread "Finalizer"                  daemon [_thread_blocked, id=1716037, stack(0x00007f1df5f00000,0x00007f1df6000000) (1024K)]
  0x00007f1e2c171170 JavaThread "Signal Dispatcher"          daemon [_thread_blocked, id=1716038, stack(0x00007f1df5dff000,0x00007f1df5eff000) (1024K)]
  0x00007f1e2c1727c0 JavaThread "Service Thread"             daemon [_thread_blocked, id=1716039, stack(0x00007f1df5cfe000,0x00007f1df5dfe000) (1024K)]
  0x00007f1e2c173d70 JavaThread "Monitor Deflation Thread"   daemon [_thread_blocked, id=1716040, stack(0x00007f1df5bfd000,0x00007f1df5cfd000) (1024K)]
  0x00007f1e2c1758a0 JavaThread "C2 CompilerThread0"         daemon [_thread_blocked, id=1716041, stack(0x00007f1df5afc000,0x00007f1df5bfc000) (1024K)]
  0x00007f1e2c176f70 JavaThread "C1 CompilerThread0"         daemon [_thread_blocked, id=1716042, stack(0x00007f1df59fb000,0x00007f1df5afb000) (1024K)]
  0x00007f1e2c182ee0 JavaThread "Notification Thread"        daemon [_thread_blocked, id=1716043, stack(0x00007f1df58fa000,0x00007f1df59fa000) (1024K)]
  0x00007f1e2c185e20 JavaThread "Common-Cleaner"             daemon [_thread_blocked, id=1716044, stack(0x00007f1df57f9000,0x00007f1df58f9000) (1024K)]
  0x00007f1d7c0254d0 JavaThread "C1 CompilerThread1"         daemon [_thread_blocked, id=1716045, stack(0x00007f1df56f8000,0x00007f1df57f8000) (1024K)]
Total: 11

Other Threads:
  0x00007f1e2c165180 VMThread "VM Thread"                           [id=1716035, stack(0x00007f1e04821000,0x00007f1e04921000) (1024K)]
  0x00007f1e2c152f20 WatcherThread "VM Periodic Task Thread"        [id=1716034, stack(0x00007f1e04922000,0x00007f1e04a22000) (1024K)]
  0x00007f1e2c073070 WorkerThread "GC Thread#0"                     [id=1716029, stack(0x00007f1e3082d000,0x00007f1e3092d000) (1024K)]
  0x00007f1e2c07ffd0 ConcurrentGCThread "G1 Main Marker"            [id=1716030, stack(0x00007f1e3072c000,0x00007f1e3082c000) (1024K)]
  0x00007f1e2c080fc0 WorkerThread "G1 Conc#0"                       [id=1716031, stack(0x00007f1e3062b000,0x00007f1e3072b000) (1024K)]
  0x00007f1e2c138950 ConcurrentGCThread "G1 Refine#0"               [id=1716032, stack(0x00007f1e04c00000,0x00007f1e04d00000) (1024K)]
  0x00007f1e2c139920 ConcurrentGCThread "G1 Service"                [id=1716033, stack(0x00007f1e04aff000,0x00007f1e04bff000) (1024K)]
Total: 7

Threads with active compile tasks:
Total: 0

VM state: not at safepoint (normal execution)

VM Mutex/Monitor currently owned by a thread: None

Heap address: 0x000000051d000000, size: 11824 MB, Compressed Oops mode: Zero based, Oop shift amount: 3

CDS archive(s) mapped at: [0x00007f1da7000000-0x00007f1da7c9b000-0x00007f1da7c9b000), size 13217792, SharedBaseAddress: 0x00007f1da7000000, ArchiveRelocationMode: 1.
Compressed class space mapped at: 0x00007f1da8000000-0x00007f1de8000000, reserved size: 1073741824
Narrow klass base: 0x00007f1da7000000, Narrow klass shift: 0, Narrow klass range: 0x100000000

GC Precious Log:
 CardTable entry size: 512
 Card Set container configuration: InlinePtr #cards 4 size 8 Array Of Cards #cards 64 size 144 Howl #buckets 8 coarsen threshold 14745 Howl Bitmap #cards 2048 size 272 coarsen threshold 1843 Card regions per heap region 1 cards per card region 16384
 CPUs: 32 total, 32 available
 Memory: 47288M
 Large Page Support: Disabled
 NUMA Support: Disabled
 Compressed Oops: Enabled (Zero based)
 Heap Region Size: 8M
 Heap Min Capacity: 8M
 Heap Initial Capacity: 744M
 Heap Max Capacity: 11824M
 Pre-touch: Disabled
 Parallel Workers: 23
 Concurrent Workers: 6
 Concurrent Refinement Workers: 23
 Periodic GC: Disabled

Heap:
 garbage-first heap   total 770048K, used 1073K [0x000000051d000000, 0x0000000800000000)
  region size 8192K, 1 young (8192K), 0 survivors (0K)
 Metaspace       used 1138K, committed 1280K, reserved 1114112K
  class space    used 113K, committed 192K, reserved 1048576K

Heap Regions: E=young(eden), S=young(survivor), O=old, HS=humongous(starts), HC=humongous(continues), CS=collection set, F=free, TAMS=top-at-mark-start, PB=parsable bottom
|   0|0x000000051d000000, 0x000000051d000000, 0x000000051d800000|  0%| F|  |TAMS 0x000000051d000000| PB 0x000000051d000000| Untracked 
|   1|0x000000051d800000, 0x000000051d800000, 0x000000051e000000|  0%| F|  |TAMS 0x000000051d800000| PB 0x000000051d800000| Untracked 
|   2|0x000000051e000000, 0x000000051e000000, 0x000000051e800000|  0%| F|  |TAMS 0x000000051e000000| PB 0x000000051e000000| Untracked 
|   3|0x000000051e800000, 0x000000051e800000, 0x000000051f000000|  0%| F|  |TAMS 0x000000051e800000| PB 0x000000051e800000| Untracked 
|   4|0x000000051f000000, 0x000000051f000000, 0x000000051f800000|  0%| F|  |TAMS 0x000000051f000000| PB 0x000000051f000000| Untracked 
|   5|0x000000051f800000, 0x000000051f800000, 0x0000000520000000|  0%| F|  |TAMS 0x000000051f800000| PB 0x000000051f800000| Untracked 
|   6|0x0000000520000000, 0x0000000520000000, 0x0000000520800000|  0%| F|  |TAMS 0x0000000520000000| PB 0x0000000520000000| Untracked 
|   7|0x0000000520800000, 0x0000000520800000, 0x0000000521000000|  0%| F|  |TAMS 0x0000000520800000| PB 0x0000000520800000| Untracked 
|   8|0x0000000521000000, 0x0000000521000000, 0x0000000521800000|  0%| F|  |TAMS 0x0000000521000000| PB 0x0000000521000000| Untracked 
|   9|0x0000000521800000, 0x0000000521800000, 0x0000000522000000|  0%| F|  |TAMS 0x0000000521800000| PB 0x0000000521800000| Untracked 
|  10|0x0000000522000000, 0x0000000522000000, 0x0000000522800000|  0%| F|  |TAMS 0x0000000522000000| PB 0x0000000522000000| Untracked 
|  11|0x0000000522800000, 0x0000000522800000, 0x0000000523000000|  0%| F|  |TAMS 0x0000000522800000| PB 0x0000000522800000| Untracked 
|  12|0x0000000523000000, 0x0000000523000000, 0x0000000523800000|  0%| F|  |TAMS 0x0000000523000000| PB 0x0000000523000000| Untracked 
|  13|0x0000000523800000, 0x0000000523800000, 0x0000000524000000|  0%| F|  |TAMS 0x0000000523800000| PB 0x0000000523800000| Untracked 
|  14|0x0000000524000000, 0x0000000524000000, 0x0000000524800000|  0%| F|  |TAMS 0x0000000524000000| PB 0x0000000524000000| Untracked 
|  15|0x0000000524800000, 0x0000000524800000, 0x0000000525000000|  0%| F|  |TAMS 0x0000000524800000| PB 0x0000000524800000| Untracked 
|  16|0x0000000525000000, 0x0000000525000000, 0x0000000525800000|  0%| F|  |TAMS 0x0000000525000000| PB 0x0000000525000000| Untracked 
|  17|0x0000000525800000, 0x0000000525800000, 0x0000000526000000|  0%| F|  |TAMS 0x0000000525800000| PB 0x0000000525800000| Untracked 
|  18|0x0000000526000000, 0x0000000526000000, 0x0000000526800000|  0%| F|  |TAMS 0x0000000526000000| PB 0x0000000526000000| Untracked 
|  19|0x0000000526800000, 0x0000000526800000, 0x0000000527000000|  0%| F|  |TAMS 0x0000000526800000| PB 0x0000000526800000| Untracked 
|  20|0x0000000527000000, 0x0000000527000000, 0x0000000527800000|  0%| F|  |TAMS 0x0000000527000000| PB 0x0000000527000000| Untracked 
|  21|0x0000000527800000, 0x0000000527800000, 0x0000000528000000|  0%| F|  |TAMS 0x0000000527800000| PB 0x0000000527800000| Untracked 
|  22|0x0000000528000000, 0x0000000528000000, 0x0000000528800000|  0%| F|  |TAMS 0x0000000528000000| PB 0x0000000528000000| Untracked 
|  23|0x0000000528800000, 0x0000000528800000, 0x0000000529000000|  0%| F|  |TAMS 0x0000000528800000| PB 0x0000000528800000| Untracked 
|  24|0x0000000529000000, 0x0000000529000000, 0x0000000529800000|  0%| F|  |TAMS 0x0000000529000000| PB 0x0000000529000000| Untracked 
|  25|0x0000000529800000, 0x0000000529800000, 0x000000052a000000|  0%| F|  |TAMS 0x0000000529800000| PB 0x0000000529800000| Untracked 
|  26|0x000000052a000000, 0x000000052a000000, 0x000000052a800000|  0%| F|  |TAMS 0x000000052a000000| PB 0x000000052a000000| Untracked 
|  27|0x000000052a800000, 0x000000052a800000, 0x000000052b000000|  0%| F|  |TAMS 0x000000052a800000| PB 0x000000052a800000| Untracked 
|  28|0x000000052b000000, 0x000000052b000000, 0x000000052b800000|  0%| F|  |TAMS 0x000000052b000000| PB 0x000000052b000000| Untracked 
|  29|0x000000052b800000, 0x000000052b800000, 0x000000052c000000|  0%| F|  |TAMS 0x000000052b800000| PB 0x000000052b800000| Untracked 
|  30|0x000000052c000000, 0x000000052c000000, 0x000000052c800000|  0%| F|  |TAMS 0x000000052c000000| PB 0x000000052c000000| Untracked 
|  31|0x000000052c800000, 0x000000052c800000, 0x000000052d000000|  0%| F|  |TAMS 0x000000052c800000| PB 0x000000052c800000| Untracked 
|  32|0x000000052d000000, 0x000000052d000000, 0x000000052d800000|  0%| F|  |TAMS 0x000000052d000000| PB 0x000000052d000000| Untracked 
|  33|0x000000052d800000, 0x000000052d800000, 0x000000052e000000|  0%| F|  |TAMS 0x000000052d800000| PB 0x000000052d800000| Untracked 
|  34|0x000000052e000000, 0x000000052e000000, 0x000000052e800000|  0%| F|  |TAMS 0x000000052e000000| PB 0x000000052e000000| Untracked 
|  35|0x000000052e800000, 0x000000052e800000, 0x000000052f000000|  0%| F|  |TAMS 0x000000052e800000| PB 0x000000052e800000| Untracked 
|  36|0x000000052f000000, 0x000000052f000000, 0x000000052f800000|  0%| F|  |TAMS 0x000000052f000000| PB 0x000000052f000000| Untracked 
|  37|0x000000052f800000, 0x000000052f800000, 0x0000000530000000|  0%| F|  |TAMS 0x000000052f800000| PB 0x000000052f800000| Untracked 
|  38|0x0000000530000000, 0x0000000530000000, 0x0000000530800000|  0%| F|  |TAMS 0x0000000530000000| PB 0x0000000530000000| Untracked 
|  39|0x0000000530800000, 0x0000000530800000, 0x0000000531000000|  0%| F|  |TAMS 0x0000000530800000| PB 0x0000000530800000| Untracked 
|  40|0x0000000531000000, 0x0000000531000000, 0x0000000531800000|  0%| F|  |TAMS 0x0000000531000000| PB 0x0000000531000000| Untracked 
|  41|0x0000000531800000, 0x0000000531800000, 0x0000000532000000|  0%| F|  |TAMS 0x0000000531800000| PB 0x0000000531800000| Untracked 
|  42|0x0000000532000000, 0x0000000532000000, 0x0000000532800000|  0%| F|  |TAMS 0x0000000532000000| PB 0x0000000532000000| Untracked 
|  43|0x0000000532800000, 0x0000000532800000, 0x0000000533000000|  0%| F|  |TAMS 0x0000000532800000| PB 0x0000000532800000| Untracked 
|  44|0x0000000533000000, 0x0000000533000000, 0x0000000533800000|  0%| F|  |TAMS 0x0000000533000000| PB 0x0000000533000000| Untracked 
|  45|0x0000000533800000, 0x0000000533800000, 0x0000000534000000|  0%| F|  |TAMS 0x0000000533800000| PB 0x0000000533800000| Untracked 
|  46|0x0000000534000000, 0x0000000534000000, 0x0000000534800000|  0%| F|  |TAMS 0x0000000534000000| PB 0x0000000534000000| Untracked 
|  47|0x0000000534800000, 0x0000000534800000, 0x0000000535000000|  0%| F|  |TAMS 0x0000000534800000| PB 0x0000000534800000| Untracked 
|  48|0x0000000535000000, 0x0000000535000000, 0x0000000535800000|  0%| F|  |TAMS 0x0000000535000000| PB 0x0000000535000000| Untracked 
|  49|0x0000000535800000, 0x0000000535800000, 0x0000000536000000|  0%| F|  |TAMS 0x0000000535800000| PB 0x0000000535800000| Untracked 
|  50|0x0000000536000000, 0x0000000536000000, 0x0000000536800000|  0%| F|  |TAMS 0x0000000536000000| PB 0x0000000536000000| Untracked 
|  51|0x0000000536800000, 0x0000000536800000, 0x0000000537000000|  0%| F|  |TAMS 0x0000000536800000| PB 0x0000000536800000| Untracked 
|  52|0x0000000537000000, 0x0000000537000000, 0x0000000537800000|  0%| F|  |TAMS 0x0000000537000000| PB 0x0000000537000000| Untracked 
|  53|0x0000000537800000, 0x0000000537800000, 0x0000000538000000|  0%| F|  |TAMS 0x0000000537800000| PB 0x0000000537800000| Untracked 
|  54|0x0000000538000000, 0x0000000538000000, 0x0000000538800000|  0%| F|  |TAMS 0x0000000538000000| PB 0x0000000538000000| Untracked 
|  55|0x0000000538800000, 0x0000000538800000, 0x0000000539000000|  0%| F|  |TAMS 0x0000000538800000| PB 0x0000000538800000| Untracked 
|  56|0x0000000539000000, 0x0000000539000000, 0x0000000539800000|  0%| F|  |TAMS 0x0000000539000000| PB 0x0000000539000000| Untracked 
|  57|0x0000000539800000, 0x0000000539800000, 0x000000053a000000|  0%| F|  |TAMS 0x0000000539800000| PB 0x0000000539800000| Untracked 
|  58|0x000000053a000000, 0x000000053a000000, 0x000000053a800000|  0%| F|  |TAMS 0x000000053a000000| PB 0x000000053a000000| Untracked 
|  59|0x000000053a800000, 0x000000053a800000, 0x000000053b000000|  0%| F|  |TAMS 0x000000053a800000| PB 0x000000053a800000| Untracked 
|  60|0x000000053b000000, 0x000000053b000000, 0x000000053b800000|  0%| F|  |TAMS 0x000000053b000000| PB 0x000000053b000000| Untracked 
|  61|0x000000053b800000, 0x000000053b800000, 0x000000053c000000|  0%| F|  |TAMS 0x000000053b800000| PB 0x000000053b800000| Untracked 
|  62|0x000000053c000000, 0x000000053c000000, 0x000000053c800000|  0%| F|  |TAMS 0x000000053c000000| PB 0x000000053c000000| Untracked 
|  63|0x000000053c800000, 0x000000053c800000, 0x000000053d000000|  0%| F|  |TAMS 0x000000053c800000| PB 0x000000053c800000| Untracked 
|  64|0x000000053d000000, 0x000000053d000000, 0x000000053d800000|  0%| F|  |TAMS 0x000000053d000000| PB 0x000000053d000000| Untracked 
|  65|0x000000053d800000, 0x000000053d800000, 0x000000053e000000|  0%| F|  |TAMS 0x000000053d800000| PB 0x000000053d800000| Untracked 
|  66|0x000000053e000000, 0x000000053e000000, 0x000000053e800000|  0%| F|  |TAMS 0x000000053e000000| PB 0x000000053e000000| Untracked 
|  67|0x000000053e800000, 0x000000053e800000, 0x000000053f000000|  0%| F|  |TAMS 0x000000053e800000| PB 0x000000053e800000| Untracked 
|  68|0x000000053f000000, 0x000000053f000000, 0x000000053f800000|  0%| F|  |TAMS 0x000000053f000000| PB 0x000000053f000000| Untracked 
|  69|0x000000053f800000, 0x000000053f800000, 0x0000000540000000|  0%| F|  |TAMS 0x000000053f800000| PB 0x000000053f800000| Untracked 
|  70|0x0000000540000000, 0x0000000540000000, 0x0000000540800000|  0%| F|  |TAMS 0x0000000540000000| PB 0x0000000540000000| Untracked 
|  71|0x0000000540800000, 0x0000000540800000, 0x0000000541000000|  0%| F|  |TAMS 0x0000000540800000| PB 0x0000000540800000| Untracked 
|  72|0x0000000541000000, 0x0000000541000000, 0x0000000541800000|  0%| F|  |TAMS 0x0000000541000000| PB 0x0000000541000000| Untracked 
|  73|0x0000000541800000, 0x0000000541800000, 0x0000000542000000|  0%| F|  |TAMS 0x0000000541800000| PB 0x0000000541800000| Untracked 
|  74|0x0000000542000000, 0x0000000542000000, 0x0000000542800000|  0%| F|  |TAMS 0x0000000542000000| PB 0x0000000542000000| Untracked 
|  75|0x0000000542800000, 0x0000000542800000, 0x0000000543000000|  0%| F|  |TAMS 0x0000000542800000| PB 0x0000000542800000| Untracked 
|  76|0x0000000543000000, 0x0000000543000000, 0x0000000543800000|  0%| F|  |TAMS 0x0000000543000000| PB 0x0000000543000000| Untracked 
|  77|0x0000000543800000, 0x0000000543800000, 0x0000000544000000|  0%| F|  |TAMS 0x0000000543800000| PB 0x0000000543800000| Untracked 
|  78|0x0000000544000000, 0x0000000544000000, 0x0000000544800000|  0%| F|  |TAMS 0x0000000544000000| PB 0x0000000544000000| Untracked 
|  79|0x0000000544800000, 0x0000000544800000, 0x0000000545000000|  0%| F|  |TAMS 0x0000000544800000| PB 0x0000000544800000| Untracked 
|  80|0x0000000545000000, 0x0000000545000000, 0x0000000545800000|  0%| F|  |TAMS 0x0000000545000000| PB 0x0000000545000000| Untracked 
|  81|0x0000000545800000, 0x0000000545800000, 0x0000000546000000|  0%| F|  |TAMS 0x0000000545800000| PB 0x0000000545800000| Untracked 
|  82|0x0000000546000000, 0x0000000546000000, 0x0000000546800000|  0%| F|  |TAMS 0x0000000546000000| PB 0x0000000546000000| Untracked 
|  83|0x0000000546800000, 0x0000000546800000, 0x0000000547000000|  0%| F|  |TAMS 0x0000000546800000| PB 0x0000000546800000| Untracked 
|  84|0x0000000547000000, 0x0000000547000000, 0x0000000547800000|  0%| F|  |TAMS 0x0000000547000000| PB 0x0000000547000000| Untracked 
|  85|0x0000000547800000, 0x0000000547800000, 0x0000000548000000|  0%| F|  |TAMS 0x0000000547800000| PB 0x0000000547800000| Untracked 
|  86|0x0000000548000000, 0x0000000548000000, 0x0000000548800000|  0%| F|  |TAMS 0x0000000548000000| PB 0x0000000548000000| Untracked 
|  87|0x0000000548800000, 0x0000000548800000, 0x0000000549000000|  0%| F|  |TAMS 0x0000000548800000| PB 0x0000000548800000| Untracked 
|  88|0x0000000549000000, 0x0000000549000000, 0x0000000549800000|  0%| F|  |TAMS 0x0000000549000000| PB 0x0000000549000000| Untracked 
|  89|0x0000000549800000, 0x0000000549800000, 0x000000054a000000|  0%| F|  |TAMS 0x0000000549800000| PB 0x0000000549800000| Untracked 
|  90|0x000000054a000000, 0x000000054a000000, 0x000000054a800000|  0%| F|  |TAMS 0x000000054a000000| PB 0x000000054a000000| Untracked 
|  91|0x000000054a800000, 0x000000054a800000, 0x000000054b000000|  0%| F|  |TAMS 0x000000054a800000| PB 0x000000054a800000| Untracked 
|  92|0x000000054b000000, 0x000000054b3d7168, 0x000000054b800000| 48%| E|  |TAMS 0x000000054b000000| PB 0x000000054b000000| Complete 
|1477|0x00000007ff800000, 0x00000007ff90c620, 0x0000000800000000| 13%| O|  |TAMS 0x00000007ff800000| PB 0x00000007ff800000| Untracked 

Card table byte_map: [0x00007f1e115d0000,0x00007f1e12ce8000] _byte_map_base: 0x00007f1e0ece8000

Marking Bits: (CMBitMap*) 0x00007f1e2c073bb0
 Bits: [0x00007f1e05d10000, 0x00007f1e115d0000)

Polling page: 0x00007f1e33e80000

Metaspace:

Usage:
  Non-class:      1.00 MB used.
      Class:    113.40 KB used.
       Both:      1.11 MB used.

Virtual space:
  Non-class space:       64.00 MB reserved,       1.06 MB (  2%) committed,  1 nodes.
      Class space:        1.00 GB reserved,     192.00 KB ( <1%) committed,  1 nodes.
             Both:        1.06 GB reserved,       1.25 MB ( <1%) committed. 

Chunk freelists:
   Non-Class:  11.94 MB
       Class:  15.72 MB
        Both:  27.67 MB

MaxMetaspaceSize: unlimited
CompressedClassSpaceSize: 1.00 GB
Initial GC threshold: 21.00 MB
Current GC threshold: 21.00 MB
CDS: on
 - commit_granule_bytes: 65536.
 - commit_granule_words: 8192.
 - virtual_space_node_default_size: 8388608.
 - enlarge_chunks_in_place: 1.
 - use_allocation_guard: 0.


Internal statistics:

num_allocs_failed_limit: 0.
num_arena_births: 48.
num_arena_deaths: 0.
num_vsnodes_births: 2.
num_vsnodes_deaths: 0.
num_space_committed: 20.
num_space_uncommitted: 0.
num_chunks_returned_to_freelist: 0.
num_chunks_taken_from_freelist: 70.
num_chunk_merges: 0.
num_chunk_splits: 36.
num_chunks_enlarged: 3.
num_inconsistent_stats: 0.

CodeHeap 'non-profiled nmethods': size=118880Kb used=81Kb max_used=81Kb free=118798Kb
 bounds [0x00007f1e1bfe8000, 0x00007f1e1c258000, 0x00007f1e23400000]
CodeHeap 'profiled nmethods': size=118876Kb used=307Kb max_used=307Kb free=118568Kb
 bounds [0x00007f1e14400000, 0x00007f1e14670000, 0x00007f1e1b817000]
CodeHeap 'non-nmethods': size=8004Kb used=1961Kb max_used=1973Kb free=6043Kb
 bounds [0x00007f1e1b817000, 0x00007f1e1ba87000, 0x00007f1e1bfe8000]
CodeCache: size=245760Kb, used=2349Kb, max_used=2361Kb, free=243409Kb
 total_blobs=658, nmethods=232, adapters=331, full_count=0
Compilation: enabled, stopped_count=0, restarted_count=0

Compilation events (20 events):
Event: 0.030 Thread 0x00007f1e2c176f70 nmethod 221 0x00007f1e14447990 code [0x00007f1e14447b20, 0x00007f1e14447c78]
Event: 0.030 Thread 0x00007f1e2c176f70  222   !   3       java.nio.DirectByteBuffer::get (34 bytes)
Event: 0.030 Thread 0x00007f1e2c1758a0  226       4       java.lang.ref.Reference::reachabilityFence (1 bytes)
Event: 0.030 Thread 0x00007f1e2c1758a0 nmethod 226 0x00007f1e1bffb790 code [0x00007f1e1bffb900, 0x00007f1e1bffb968]
Event: 0.030 Thread 0x00007f1d7c0254d0 nmethod 219 0x00007f1e14447d10 code [0x00007f1e14447fc0, 0x00007f1e14448d68]
Event: 0.030 Thread 0x00007f1d7c0254d0  228       3       jdk.internal.jimage.ImageStringsReader::unmaskedHashCode (166 bytes)
Event: 0.030 Thread 0x00007f1e2c176f70 nmethod 222 0x00007f1e14449290 code [0x00007f1e144494e0, 0x00007f1e14449e40]
Event: 0.030 Thread 0x00007f1e2c176f70  223       3       java.nio.DirectByteBuffer::ix (10 bytes)
Event: 0.030 Thread 0x00007f1e2c176f70 nmethod 223 0x00007f1e1444a310 code [0x00007f1e1444a4a0, 0x00007f1e1444a5b0]
Event: 0.030 Thread 0x00007f1e2c176f70  224   !   3       jdk.internal.misc.ScopedMemoryAccess::getByte (16 bytes)
Event: 0.030 Thread 0x00007f1e2c176f70 nmethod 224 0x00007f1e1444a610 code [0x00007f1e1444a7e0, 0x00007f1e1444abb8]
Event: 0.030 Thread 0x00007f1e2c176f70  225   !   3       jdk.internal.misc.ScopedMemoryAccess::getByteInternal (34 bytes)
Event: 0.030 Thread 0x00007f1e2c176f70 nmethod 225 0x00007f1e1444ad90 code [0x00007f1e1444af40, 0x00007f1e1444b198]
Event: 0.030 Thread 0x00007f1e2c176f70  229       1       java.nio.Buffer::limit (5 bytes)
Event: 0.030 Thread 0x00007f1e2c176f70 nmethod 229 0x00007f1e1bffba90 code [0x00007f1e1bffbc20, 0x00007f1e1bffbce0]
Event: 0.030 Thread 0x00007f1d7c0254d0 nmethod 228 0x00007f1e1444b310 code [0x00007f1e1444b560, 0x00007f1e1444c058]
Event: 0.031 Thread 0x00007f1e2c176f70  230       3       java.util.HashMap::newNode (13 bytes)
Event: 0.031 Thread 0x00007f1d7c0254d0  231       3       java.util.HashMap::afterNodeInsertion (1 bytes)
Event: 0.031 Thread 0x00007f1d7c0254d0 nmethod 231 0x00007f1e1444c510 code [0x00007f1e1444c6a0, 0x00007f1e1444c7a0]
Event: 0.031 Thread 0x00007f1e2c176f70 nmethod 230 0x00007f1e1444c810 code [0x00007f1e1444c9c0, 0x00007f1e1444cd10]

GC Heap History (0 events):
No events

Dll operation events (7 events):
Event: 0.001 Loaded shared library /usr/lib/jvm/java-21-openjdk/lib/libjava.so
Event: 0.008 Loaded shared library /usr/lib/jvm/java-21-openjdk/lib/libjsvml.so
Event: 0.010 Loaded shared library /usr/lib/jvm/java-21-openjdk/lib/libnio.so
Event: 0.011 Loaded shared library /usr/lib/jvm/java-21-openjdk/lib/libzip.so
Event: 0.029 Loaded shared library /usr/lib/jvm/java-21-openjdk/lib/libnet.so
Event: 0.029 Loaded shared library /usr/lib/jvm/java-21-openjdk/lib/libjimage.so
Event: 0.032 Loaded shared library /tmp/libneko_5455568402066534664.so

Deoptimization events (0 events):
No events

Classes loaded (20 events):
Event: 0.031 Loading class java/nio/channels/spi/AbstractSelectableChannel
Event: 0.031 Loading class java/nio/channels/SelectableChannel
Event: 0.031 Loading class java/nio/channels/SelectableChannel done
Event: 0.031 Loading class java/nio/channels/spi/AbstractSelectableChannel done
Event: 0.031 Loading class java/nio/channels/SocketChannel done
Event: 0.031 Loading class sun/nio/ch/SocketChannelImpl done
Event: 0.031 Loading class sun/nio/ch/ChannelOutputStream
Event: 0.031 Loading class sun/nio/ch/ChannelOutputStream done
Event: 0.031 Loading class sun/nio/ch/NativeThread
Event: 0.031 Loading class sun/nio/ch/NativeThread done
Event: 0.031 Loading class sun/nio/ch/Util
Event: 0.031 Loading class sun/nio/ch/Util done
Event: 0.031 Loading class sun/nio/ch/Util$1
Event: 0.031 Loading class sun/nio/ch/Util$1 done
Event: 0.031 Loading class sun/nio/ch/Util$BufferCache
Event: 0.031 Loading class sun/nio/ch/Util$BufferCache done
Event: 0.031 Loading class java/nio/DirectByteBuffer$Deallocator
Event: 0.031 Loading class java/nio/DirectByteBuffer$Deallocator done
Event: 0.031 Loading class sun/nio/ch/IOStatus
Event: 0.031 Loading class sun/nio/ch/IOStatus done

Classes unloaded (0 events):
No events

Classes redefined (0 events):
No events

Internal exceptions (0 events):
No events

ZGC Phase Switch (0 events):
No events

VM Operations (0 events):
No events

Memory protections (11 events):
Event: 0.001 Protecting memory [0x00007f1e32300000,0x00007f1e32304000] with protection modes 0
Event: 0.008 Protecting memory [0x00007f1e04100000,0x00007f1e04104000] with protection modes 0
Event: 0.008 Protecting memory [0x00007f1df5f00000,0x00007f1df5f04000] with protection modes 0
Event: 0.008 Protecting memory [0x00007f1df5dff000,0x00007f1df5e03000] with protection modes 0
Event: 0.008 Protecting memory [0x00007f1df5cfe000,0x00007f1df5d02000] with protection modes 0
Event: 0.008 Protecting memory [0x00007f1df5bfd000,0x00007f1df5c01000] with protection modes 0
Event: 0.008 Protecting memory [0x00007f1df5afc000,0x00007f1df5b00000] with protection modes 0
Event: 0.008 Protecting memory [0x00007f1df59fb000,0x00007f1df59ff000] with protection modes 0
Event: 0.009 Protecting memory [0x00007f1df58fa000,0x00007f1df58fe000] with protection modes 0
Event: 0.010 Protecting memory [0x00007f1df57f9000,0x00007f1df57fd000] with protection modes 0
Event: 0.017 Protecting memory [0x00007f1df56f8000,0x00007f1df56fc000] with protection modes 0

Nmethod flushes (0 events):
No events

Events (11 events):
Event: 0.005 Thread 0x00007f1e2c019b10 Thread added: 0x00007f1e2c019b10
Event: 0.008 Thread 0x00007f1e2c019b10 Thread added: 0x00007f1e2c16e330
Event: 0.008 Thread 0x00007f1e2c019b10 Thread added: 0x00007f1e2c16f8b0
Event: 0.008 Thread 0x00007f1e2c019b10 Thread added: 0x00007f1e2c171170
Event: 0.008 Thread 0x00007f1e2c019b10 Thread added: 0x00007f1e2c1727c0
Event: 0.008 Thread 0x00007f1e2c019b10 Thread added: 0x00007f1e2c173d70
Event: 0.008 Thread 0x00007f1e2c019b10 Thread added: 0x00007f1e2c1758a0
Event: 0.008 Thread 0x00007f1e2c019b10 Thread added: 0x00007f1e2c176f70
Event: 0.009 Thread 0x00007f1e2c019b10 Thread added: 0x00007f1e2c182ee0
Event: 0.010 Thread 0x00007f1e2c019b10 Thread added: 0x00007f1e2c185e20
Event: 0.017 Thread 0x00007f1e2c176f70 Thread added: 0x00007f1d7c0254d0


Dynamic libraries:
51d000000-54b800000 rw-p 00000000 00:00 0 
54b800000-7ff800000 ---p 00000000 00:00 0 
7ff800000-7ff90d000 rw-p 00cda000 103:06 12095119                        /usr/lib/jvm/java-21-openjdk/lib/server/classes.jsa
7ff90d000-800000000 rw-p 00000000 00:00 0 
563c4641a000-563c4641b000 r--p 00000000 103:06 12094845                  /usr/lib/jvm/java-21-openjdk/bin/java
563c4641b000-563c4641c000 r-xp 00001000 103:06 12094845                  /usr/lib/jvm/java-21-openjdk/bin/java
563c4641c000-563c4641d000 r--p 00002000 103:06 12094845                  /usr/lib/jvm/java-21-openjdk/bin/java
563c4641d000-563c4641e000 r--p 00002000 103:06 12094845                  /usr/lib/jvm/java-21-openjdk/bin/java
563c4641e000-563c4641f000 rw-p 00003000 103:06 12094845                  /usr/lib/jvm/java-21-openjdk/bin/java
563c83074000-563c830c0000 rw-p 00000000 00:00 0                          [heap]
7f1d74000000-7f1d74021000 rw-p 00000000 00:00 0 
7f1d74021000-7f1d78000000 ---p 00000000 00:00 0 
7f1d78000000-7f1d780bd000 rw-p 00000000 00:00 0 
7f1d780bd000-7f1d7c000000 ---p 00000000 00:00 0 
7f1d7c000000-7f1d7c136000 rw-p 00000000 00:00 0 
7f1d7c136000-7f1d80000000 ---p 00000000 00:00 0 
7f1d80000000-7f1d80021000 rw-p 00000000 00:00 0 
7f1d80021000-7f1d84000000 ---p 00000000 00:00 0 
7f1d84000000-7f1d84021000 rw-p 00000000 00:00 0 
7f1d84021000-7f1d88000000 ---p 00000000 00:00 0 
7f1d88000000-7f1d88092000 rw-p 00000000 00:00 0 
7f1d88092000-7f1d8c000000 ---p 00000000 00:00 0 
7f1d8c000000-7f1d8c021000 rw-p 00000000 00:00 0 
7f1d8c021000-7f1d90000000 ---p 00000000 00:00 0 
7f1d90000000-7f1d90021000 rw-p 00000000 00:00 0 
7f1d90021000-7f1d94000000 ---p 00000000 00:00 0 
7f1d94000000-7f1d94021000 rw-p 00000000 00:00 0 
7f1d94021000-7f1d98000000 ---p 00000000 00:00 0 
7f1d98000000-7f1d98021000 rw-p 00000000 00:00 0 
7f1d98021000-7f1d9c000000 ---p 00000000 00:00 0 
7f1d9c000000-7f1d9c021000 rw-p 00000000 00:00 0 
7f1d9c021000-7f1da0000000 ---p 00000000 00:00 0 
7f1da3000000-7f1da3100000 rw-p 00000000 00:00 0 
7f1da3100000-7f1da3400000 ---p 00000000 00:00 0 
7f1da3400000-7f1da3410000 rw-p 00000000 00:00 0 
7f1da3410000-7f1da7000000 ---p 00000000 00:00 0 
7f1da7000000-7f1da7c9b000 rw-p 00001000 103:06 12095119                  /usr/lib/jvm/java-21-openjdk/lib/server/classes.jsa
7f1da7c9b000-7f1da8000000 ---p 00000000 00:00 0 
7f1da8000000-7f1da8010000 rw-p 00000000 00:00 0 
7f1da8010000-7f1da8040000 ---p 00000000 00:00 0 
7f1da8040000-7f1da8060000 rw-p 00000000 00:00 0 
7f1da8060000-7f1de8000000 ---p 00000000 00:00 0 
7f1de8000000-7f1de8021000 rw-p 00000000 00:00 0 
7f1de8021000-7f1dec000000 ---p 00000000 00:00 0 
7f1dec000000-7f1dec021000 rw-p 00000000 00:00 0 
7f1dec021000-7f1df0000000 ---p 00000000 00:00 0 
7f1df0000000-7f1df0021000 rw-p 00000000 00:00 0 
7f1df0021000-7f1df4000000 ---p 00000000 00:00 0 
7f1df56f7000-7f1df56f8000 rw-p 00000000 00:00 0 
7f1df56f8000-7f1df56fc000 ---p 00000000 00:00 0 
7f1df56fc000-7f1df57f9000 rw-p 00000000 00:00 0 
7f1df57f9000-7f1df57fd000 ---p 00000000 00:00 0 
7f1df57fd000-7f1df58fa000 rw-p 00000000 00:00 0 
7f1df58fa000-7f1df58fe000 ---p 00000000 00:00 0 
7f1df58fe000-7f1df59fb000 rw-p 00000000 00:00 0 
7f1df59fb000-7f1df59ff000 ---p 00000000 00:00 0 
7f1df59ff000-7f1df5afc000 rw-p 00000000 00:00 0 
7f1df5afc000-7f1df5b00000 ---p 00000000 00:00 0 
7f1df5b00000-7f1df5bfd000 rw-p 00000000 00:00 0 
7f1df5bfd000-7f1df5c01000 ---p 00000000 00:00 0 
7f1df5c01000-7f1df5cfe000 rw-p 00000000 00:00 0 
7f1df5cfe000-7f1df5d02000 ---p 00000000 00:00 0 
7f1df5d02000-7f1df5dff000 rw-p 00000000 00:00 0 
7f1df5dff000-7f1df5e03000 ---p 00000000 00:00 0 
7f1df5e03000-7f1df5f00000 rw-p 00000000 00:00 0 
7f1df5f00000-7f1df5f04000 ---p 00000000 00:00 0 
7f1df5f04000-7f1df6000000 rw-p 00000000 00:00 0 
7f1df6000000-7f1df8021000 rw-p 00000000 00:00 0 
7f1df8021000-7f1dfc000000 ---p 00000000 00:00 0 
7f1dfc000000-7f1dfc021000 rw-p 00000000 00:00 0 
7f1dfc021000-7f1e00000000 ---p 00000000 00:00 0 
7f1e00000000-7f1e00021000 rw-p 00000000 00:00 0 
7f1e00021000-7f1e04000000 ---p 00000000 00:00 0 
7f1e0402e000-7f1e04033000 r--p 00000000 103:06 12095093                  /usr/lib/jvm/java-21-openjdk/lib/libjsvml.so
7f1e04033000-7f1e04074000 r-xp 00005000 103:06 12095093                  /usr/lib/jvm/java-21-openjdk/lib/libjsvml.so
7f1e04074000-7f1e040fd000 r--p 00046000 103:06 12095093                  /usr/lib/jvm/java-21-openjdk/lib/libjsvml.so
7f1e040fd000-7f1e040fe000 r--p 000ce000 103:06 12095093                  /usr/lib/jvm/java-21-openjdk/lib/libjsvml.so
7f1e040fe000-7f1e040ff000 rw-p 000cf000 103:06 12095093                  /usr/lib/jvm/java-21-openjdk/lib/libjsvml.so
7f1e040ff000-7f1e04100000 rw-p 00000000 00:00 0 
7f1e04100000-7f1e04104000 ---p 00000000 00:00 0 
7f1e04104000-7f1e04200000 rw-p 00000000 00:00 0 
7f1e04200000-7f1e047f4000 r--p 00000000 103:06 11870942                  /usr/lib/locale/locale-archive
7f1e04820000-7f1e04a22000 rw-p 00000000 00:00 0 
7f1e04a22000-7f1e04afe000 rw-p 00000000 00:00 0 
7f1e04afe000-7f1e04d00000 rw-p 00000000 00:00 0 
7f1e04d00000-7f1e068b0000 rw-p 00000000 00:00 0 
7f1e068b0000-7f1e115b0000 ---p 00000000 00:00 0 
7f1e115b0000-7f1e11744000 rw-p 00000000 00:00 0 
7f1e11744000-7f1e12ce4000 ---p 00000000 00:00 0 
7f1e12ce4000-7f1e12e5c000 rw-p 00000000 00:00 0 
7f1e12e5c000-7f1e143fc000 ---p 00000000 00:00 0 
7f1e143fc000-7f1e14400000 rw-p 00000000 00:00 0 
7f1e14400000-7f1e14670000 rwxp 00000000 00:00 0 
7f1e14670000-7f1e1b817000 ---p 00000000 00:00 0 
7f1e1b817000-7f1e1ba87000 rwxp 00000000 00:00 0 
7f1e1ba87000-7f1e1bfe8000 ---p 00000000 00:00 0 
7f1e1bfe8000-7f1e1c258000 rwxp 00000000 00:00 0 
7f1e1c258000-7f1e23400000 ---p 00000000 00:00 0 
7f1e23400000-7f1e2bebc000 r--s 00000000 103:06 12095110                  /usr/lib/jvm/java-21-openjdk/lib/modules
7f1e2beff000-7f1e2c23c000 rw-p 00000000 00:00 0 
7f1e2c23c000-7f1e30000000 ---p 00000000 00:00 0 
7f1e30024000-7f1e3062a000 rw-p 00000000 00:00 0 
7f1e3062a000-7f1e3092d000 rw-p 00000000 00:00 0 
7f1e3092d000-7f1e32133000 rw-p 00000000 00:00 0 
7f1e32133000-7f1e32217000 ---p 00000000 00:00 0 
7f1e32217000-7f1e3221c000 rw-p 00000000 00:00 0 
7f1e3221c000-7f1e32300000 ---p 00000000 00:00 0 
7f1e32300000-7f1e32304000 ---p 00000000 00:00 0 
7f1e32304000-7f1e32400000 rw-p 00000000 00:00 0 
7f1e32400000-7f1e32497000 r--p 00000000 103:06 11800403                  /usr/lib/libstdc++.so.6.0.34
7f1e32497000-7f1e325ec000 r-xp 00097000 103:06 11800403                  /usr/lib/libstdc++.so.6.0.34
7f1e325ec000-7f1e3267e000 r--p 001ec000 103:06 11800403                  /usr/lib/libstdc++.so.6.0.34
7f1e3267e000-7f1e3268f000 r--p 0027e000 103:06 11800403                  /usr/lib/libstdc++.so.6.0.34
7f1e3268f000-7f1e32690000 rw-p 0028f000 103:06 11800403                  /usr/lib/libstdc++.so.6.0.34
7f1e32690000-7f1e32694000 rw-p 00000000 00:00 0 
7f1e326ab000-7f1e326b0000 r--p 00000000 00:22 17119                      /tmp/libneko_5455568402066534664.so
7f1e326b0000-7f1e326ba000 r-xp 00004000 00:22 17119                      /tmp/libneko_5455568402066534664.so
7f1e326ba000-7f1e326bc000 r--p 0000d000 00:22 17119                      /tmp/libneko_5455568402066534664.so
7f1e326bc000-7f1e326bd000 rw-p 0000e000 00:22 17119                      /tmp/libneko_5455568402066534664.so
7f1e326bd000-7f1e326c0000 r--p 00000000 103:06 12095100                  /usr/lib/jvm/java-21-openjdk/lib/libnet.so
7f1e326c0000-7f1e326c8000 r-xp 00003000 103:06 12095100                  /usr/lib/jvm/java-21-openjdk/lib/libnet.so
7f1e326c8000-7f1e326ca000 r--p 0000b000 103:06 12095100                  /usr/lib/jvm/java-21-openjdk/lib/libnet.so
7f1e326ca000-7f1e326cb000 r--p 0000c000 103:06 12095100                  /usr/lib/jvm/java-21-openjdk/lib/libnet.so
7f1e326cb000-7f1e326cc000 rw-p 0000d000 103:06 12095100                  /usr/lib/jvm/java-21-openjdk/lib/libnet.so
7f1e326cc000-7f1e326d3000 r--p 00000000 103:06 12095101                  /usr/lib/jvm/java-21-openjdk/lib/libnio.so
7f1e326d3000-7f1e326dc000 r-xp 00007000 103:06 12095101                  /usr/lib/jvm/java-21-openjdk/lib/libnio.so
7f1e326dc000-7f1e326e0000 r--p 00010000 103:06 12095101                  /usr/lib/jvm/java-21-openjdk/lib/libnio.so
7f1e326e0000-7f1e326e1000 r--p 00014000 103:06 12095101                  /usr/lib/jvm/java-21-openjdk/lib/libnio.so
7f1e326e1000-7f1e326e2000 rw-p 00015000 103:06 12095101                  /usr/lib/jvm/java-21-openjdk/lib/libnio.so
7f1e326e2000-7f1e326f2000 r--p 00000000 103:06 11799566                  /usr/lib/libm.so.6
7f1e326f2000-7f1e32789000 r-xp 00010000 103:06 11799566                  /usr/lib/libm.so.6
7f1e32789000-7f1e327fe000 r--p 000a7000 103:06 11799566                  /usr/lib/libm.so.6
7f1e327fe000-7f1e327ff000 r--p 0011b000 103:06 11799566                  /usr/lib/libm.so.6
7f1e327ff000-7f1e32800000 rw-p 0011c000 103:06 11799566                  /usr/lib/libm.so.6
7f1e32800000-7f1e32810000 r--p 00000000 103:06 12095122                  /usr/lib/jvm/java-21-openjdk/lib/server/libjvm.so
7f1e32810000-7f1e33716000 r-xp 00010000 103:06 12095122                  /usr/lib/jvm/java-21-openjdk/lib/server/libjvm.so
7f1e33716000-7f1e339ef000 r--p 00f16000 103:06 12095122                  /usr/lib/jvm/java-21-openjdk/lib/server/libjvm.so
7f1e339ef000-7f1e33ac5000 r--p 011ef000 103:06 12095122                  /usr/lib/jvm/java-21-openjdk/lib/server/libjvm.so
7f1e33ac5000-7f1e33af5000 rw-p 012c5000 103:06 12095122                  /usr/lib/jvm/java-21-openjdk/lib/server/libjvm.so
7f1e33af5000-7f1e33b5b000 rw-p 00000000 00:00 0 
7f1e33b5f000-7f1e33b61000 r--p 00000000 103:06 12095109                  /usr/lib/jvm/java-21-openjdk/lib/libzip.so
7f1e33b61000-7f1e33b65000 r-xp 00002000 103:06 12095109                  /usr/lib/jvm/java-21-openjdk/lib/libzip.so
7f1e33b65000-7f1e33b67000 r--p 00006000 103:06 12095109                  /usr/lib/jvm/java-21-openjdk/lib/libzip.so
7f1e33b67000-7f1e33b68000 r--p 00007000 103:06 12095109                  /usr/lib/jvm/java-21-openjdk/lib/libzip.so
7f1e33b68000-7f1e33b69000 rw-p 00008000 103:06 12095109                  /usr/lib/jvm/java-21-openjdk/lib/libzip.so
7f1e33b69000-7f1e33c0c000 rw-p 00000000 00:00 0 
7f1e33c0c000-7f1e33c17000 ---p 00000000 00:00 0 
7f1e33c17000-7f1e33c1b000 r--p 00000000 103:06 11800376                  /usr/lib/libgcc_s.so.1
7f1e33c1b000-7f1e33c3e000 r-xp 00004000 103:06 11800376                  /usr/lib/libgcc_s.so.1
7f1e33c3e000-7f1e33c42000 r--p 00027000 103:06 11800376                  /usr/lib/libgcc_s.so.1
7f1e33c42000-7f1e33c43000 r--p 0002a000 103:06 11800376                  /usr/lib/libgcc_s.so.1
7f1e33c43000-7f1e33c44000 rw-p 0002b000 103:06 11800376                  /usr/lib/libgcc_s.so.1
7f1e33c44000-7f1e33c46000 rw-p 00000000 00:00 0 
7f1e33c46000-7f1e33c49000 r--p 00000000 103:06 11803691                  /usr/lib/libz.so.1.3.2
7f1e33c49000-7f1e33c59000 r-xp 00003000 103:06 11803691                  /usr/lib/libz.so.1.3.2
7f1e33c59000-7f1e33c5f000 r--p 00013000 103:06 11803691                  /usr/lib/libz.so.1.3.2
7f1e33c5f000-7f1e33c60000 r--p 00018000 103:06 11803691                  /usr/lib/libz.so.1.3.2
7f1e33c60000-7f1e33c61000 rw-p 00019000 103:06 11803691                  /usr/lib/libz.so.1.3.2
7f1e33c61000-7f1e33c85000 r--p 00000000 103:06 11799556                  /usr/lib/libc.so.6
7f1e33c85000-7f1e33df6000 r-xp 00024000 103:06 11799556                  /usr/lib/libc.so.6
7f1e33df6000-7f1e33e44000 r--p 00195000 103:06 11799556                  /usr/lib/libc.so.6
7f1e33e44000-7f1e33e48000 r--p 001e2000 103:06 11799556                  /usr/lib/libc.so.6
7f1e33e48000-7f1e33e4a000 rw-p 001e6000 103:06 11799556                  /usr/lib/libc.so.6
7f1e33e4a000-7f1e33e52000 rw-p 00000000 00:00 0 
7f1e33e53000-7f1e33e54000 r--p 00000000 103:06 11799561                  /usr/lib/libdl.so.2
7f1e33e54000-7f1e33e55000 r-xp 00001000 103:06 11799561                  /usr/lib/libdl.so.2
7f1e33e55000-7f1e33e56000 r--p 00002000 103:06 11799561                  /usr/lib/libdl.so.2
7f1e33e56000-7f1e33e57000 r--p 00002000 103:06 11799561                  /usr/lib/libdl.so.2
7f1e33e57000-7f1e33e58000 rw-p 00003000 103:06 11799561                  /usr/lib/libdl.so.2
7f1e33e58000-7f1e33e62000 r--p 00000000 103:06 12095085                  /usr/lib/jvm/java-21-openjdk/lib/libjava.so
7f1e33e62000-7f1e33e70000 r-xp 0000a000 103:06 12095085                  /usr/lib/jvm/java-21-openjdk/lib/libjava.so
7f1e33e70000-7f1e33e75000 r--p 00018000 103:06 12095085                  /usr/lib/jvm/java-21-openjdk/lib/libjava.so
7f1e33e75000-7f1e33e76000 r--p 0001d000 103:06 12095085                  /usr/lib/jvm/java-21-openjdk/lib/libjava.so
7f1e33e76000-7f1e33e77000 rw-p 0001e000 103:06 12095085                  /usr/lib/jvm/java-21-openjdk/lib/libjava.so
7f1e33e77000-7f1e33e78000 rw-p 00000000 00:00 0 
7f1e33e78000-7f1e33e80000 rw-s 00000000 00:22 17117                      /tmp/hsperfdata_fadouse/1716027
7f1e33e80000-7f1e33e81000 ---p 00000000 00:00 0 
7f1e33e81000-7f1e33e82000 r--p 00000000 00:00 0 
7f1e33e82000-7f1e33e83000 ---p 00000000 00:00 0 
7f1e33e83000-7f1e33e84000 r--p 00000000 103:06 12095089                  /usr/lib/jvm/java-21-openjdk/lib/libjimage.so
7f1e33e84000-7f1e33e86000 r-xp 00001000 103:06 12095089                  /usr/lib/jvm/java-21-openjdk/lib/libjimage.so
7f1e33e86000-7f1e33e87000 r--p 00003000 103:06 12095089                  /usr/lib/jvm/java-21-openjdk/lib/libjimage.so
7f1e33e87000-7f1e33e88000 r--p 00004000 103:06 12095089                  /usr/lib/jvm/java-21-openjdk/lib/libjimage.so
7f1e33e88000-7f1e33e89000 rw-p 00005000 103:06 12095089                  /usr/lib/jvm/java-21-openjdk/lib/libjimage.so
7f1e33e89000-7f1e33e8b000 r--p 00000000 103:06 12095090                  /usr/lib/jvm/java-21-openjdk/lib/libjli.so
7f1e33e8b000-7f1e33e95000 r-xp 00002000 103:06 12095090                  /usr/lib/jvm/java-21-openjdk/lib/libjli.so
7f1e33e95000-7f1e33e98000 r--p 0000c000 103:06 12095090                  /usr/lib/jvm/java-21-openjdk/lib/libjli.so
7f1e33e98000-7f1e33e99000 r--p 0000f000 103:06 12095090                  /usr/lib/jvm/java-21-openjdk/lib/libjli.so
7f1e33e99000-7f1e33e9a000 rw-p 00010000 103:06 12095090                  /usr/lib/jvm/java-21-openjdk/lib/libjli.so
7f1e33e9a000-7f1e33e9c000 rw-p 00000000 00:00 0 
7f1e33e9c000-7f1e33ea0000 r--p 00000000 00:00 0                          [vvar]
7f1e33ea0000-7f1e33ea2000 r--p 00000000 00:00 0                          [vvar_vclock]
7f1e33ea2000-7f1e33ea4000 r-xp 00000000 00:00 0                          [vdso]
7f1e33ea4000-7f1e33ea5000 r--p 00000000 103:06 11799547                  /usr/lib/ld-linux-x86-64.so.2
7f1e33ea5000-7f1e33ecf000 r-xp 00001000 103:06 11799547                  /usr/lib/ld-linux-x86-64.so.2
7f1e33ecf000-7f1e33eda000 r--p 0002b000 103:06 11799547                  /usr/lib/ld-linux-x86-64.so.2
7f1e33eda000-7f1e33edc000 r--p 00036000 103:06 11799547                  /usr/lib/ld-linux-x86-64.so.2
7f1e33edc000-7f1e33edd000 rw-p 00038000 103:06 11799547                  /usr/lib/ld-linux-x86-64.so.2
7f1e33edd000-7f1e33ede000 rw-p 00000000 00:00 0 
7ffec24b1000-7ffec24d2000 rw-p 00000000 00:00 0                          [stack]
ffffffffff600000-ffffffffff601000 --xp 00000000 00:00 0                  [vsyscall]
Total number of mappings: 201

JVMTI agents: none


VM Arguments:
java_command: /tmp/TEST-scan2.jar
java_class_path (initial): /tmp/TEST-scan2.jar
Launcher Type: SUN_STANDARD

[Global flags]
     intx CICompilerCount                          = 15                                        {product} {ergonomic}
     uint ConcGCThreads                            = 6                                         {product} {ergonomic}
     uint G1ConcRefinementThreads                  = 23                                        {product} {ergonomic}
   size_t G1HeapRegionSize                         = 8388608                                   {product} {ergonomic}
    uintx GCDrainStackTargetSize                   = 64                                        {product} {ergonomic}
   size_t InitialHeapSize                          = 780140544                                 {product} {ergonomic}
   size_t MarkStackSize                            = 4194304                                   {product} {ergonomic}
   size_t MaxHeapSize                              = 12398362624                               {product} {ergonomic}
   size_t MaxNewSize                               = 7432306688                                {product} {ergonomic}
   size_t MinHeapDeltaBytes                        = 8388608                                   {product} {ergonomic}
   size_t MinHeapSize                              = 8388608                                   {product} {ergonomic}
    uintx NonNMethodCodeHeapSize                   = 8192380                                {pd product} {ergonomic}
    uintx NonProfiledCodeHeapSize                  = 121732930                              {pd product} {ergonomic}
    uintx ProfiledCodeHeapSize                     = 121732930                              {pd product} {ergonomic}
    uintx ReservedCodeCacheSize                    = 251658240                              {pd product} {ergonomic}
     bool SegmentedCodeCache                       = true                                      {product} {ergonomic}
   size_t SoftMaxHeapSize                          = 12398362624                            {manageable} {ergonomic}
     bool UseCompressedOops                        = true                           {product lp64_product} {ergonomic}
     bool UseG1GC                                  = true                                      {product} {ergonomic}

Logging:
Log output configuration:
 #0: stdout all=warning uptime,level,tags foldmultilines=false
 #1: stderr all=off uptime,level,tags foldmultilines=false

Release file:
<release file has not been read>
Environment Variables:
PATH=/home/fadouse/.bun/bin:/home/fadouse/.cargo/bin:/home/fadouse/.bun/bin:/home/fadouse/node_modules/.bin:/home/fadouse/.opencode/bin:/home/fadouse/.local/bin:/usr/local/sbin:/usr/local/bin:/usr/bin:/var/lib/flatpak/exports/bin:/usr/lib/jvm/default/bin:/usr/bin/site_perl:/usr/bin/vendor_perl:/usr/bin/core_perl:/usr/lib/rustup/bin:/home/fadouse/.local/share/JetBrains/Toolbox/scripts:/home/fadouse/.lmstudio/bin:/home/fadouse/.lmstudio/bin:/home/fadouse/.local/share/JetBrains/Toolbox/scripts:/home/fadouse/.lmstudio/bin
LD_LIBRARY_PATH=/home/fadouse/.local/lib:/home/fadouse/.local/lib
SHELL=/bin/bash
DISPLAY=:1
WAYLAND_DISPLAY=wayland-0
LANG=en_US.UTF-8
LC_NUMERIC=en_US.UTF-8
LC_TIME=en_US.UTF-8
TERM=xterm-ghostty

Active Locale:
LC_ALL=en_US.UTF-8
LC_COLLATE=en_US.UTF-8
LC_CTYPE=en_US.UTF-8
LC_MESSAGES=en_US.UTF-8
LC_MONETARY=en_US.UTF-8
LC_NUMERIC=en_US.UTF-8
LC_TIME=en_US.UTF-8

Signal Handlers:
   SIGSEGV: 0x00007f1e3360d280 in libjvm.so+14733952, mask=11100100010111111101111111111110, flags=SA_RESTART|SA_SIGINFO, unblocked
    SIGBUS: 0x00007f1e3360d280 in libjvm.so+14733952, mask=11100100010111111101111111111110, flags=SA_RESTART|SA_SIGINFO, unblocked
    SIGFPE: 0x00007f1e3360d280 in libjvm.so+14733952, mask=11100100010111111101111111111110, flags=SA_RESTART|SA_SIGINFO, unblocked
   SIGPIPE: 0x00007f1e33466980 in libjvm.so+13003136, mask=11100100010111111101111111111110, flags=SA_RESTART|SA_SIGINFO, blocked
   SIGXFSZ: 0x00007f1e33466980 in libjvm.so+13003136, mask=11100100010111111101111111111110, flags=SA_RESTART|SA_SIGINFO, blocked
    SIGILL: 0x00007f1e3360d280 in libjvm.so+14733952, mask=11100100010111111101111111111110, flags=SA_RESTART|SA_SIGINFO, unblocked
   SIGUSR2: 0x00007f1e334682a0 in libjvm.so+13009568, mask=00000000000000000000000000000000, flags=SA_RESTART|SA_SIGINFO, blocked
    SIGHUP: 0x00007f1e33465ce0 in libjvm.so+12999904, mask=11100100010111111101111111111110, flags=SA_RESTART|SA_SIGINFO, blocked
    SIGINT: 0x00007f1e33465ce0 in libjvm.so+12999904, mask=11100100010111111101111111111110, flags=SA_RESTART|SA_SIGINFO, blocked
   SIGTERM: 0x00007f1e33465ce0 in libjvm.so+12999904, mask=11100100010111111101111111111110, flags=SA_RESTART|SA_SIGINFO, blocked
   SIGQUIT: 0x00007f1e33465ce0 in libjvm.so+12999904, mask=11100100010111111101111111111110, flags=SA_RESTART|SA_SIGINFO, blocked
   SIGTRAP: 0x00007f1e3360d280 in libjvm.so+14733952, mask=11100100010111111101111111111110, flags=SA_RESTART|SA_SIGINFO, unblocked


Periodic native trim disabled

---------------  S Y S T E M  ---------------

OS:
DISTRIB_ID="Arch"
DISTRIB_RELEASE="rolling"
DISTRIB_DESCRIPTION="Arch Linux"
uname: Linux 6.19.11-arch1-1 #1 SMP PREEMPT_DYNAMIC Thu, 02 Apr 2026 23:33:01 +0000 x86_64
OS uptime: 0 days 15:25 hours
libc: glibc 2.43 NPTL 2.43 
rlimit (soft/hard): STACK 16384k/infinity , CORE infinity/infinity , NPROC 188532/188532 , NOFILE 524288/524288 , AS infinity/infinity , CPU infinity/infinity , DATA infinity/infinity , FSIZE infinity/infinity , MEMLOCK infinity/infinity
load average: 2.24 1.99 2.03

/proc/meminfo:
MemTotal:       48423308 kB
MemFree:         8106632 kB
MemAvailable:   21477600 kB
Buffers:         1475968 kB
Cached:         13380512 kB
SwapCached:            0 kB
Active:         27598988 kB
Inactive:        8901780 kB
Active(anon):   23284644 kB
Inactive(anon):    25436 kB
Active(file):    4314344 kB
Inactive(file):  8876344 kB
Unevictable:         756 kB
Mlocked:             752 kB
SwapTotal:             0 kB
SwapFree:              0 kB
Zswap:                 0 kB
Zswapped:              0 kB
Dirty:             18200 kB
Writeback:             0 kB
AnonPages:      21392348 kB
Mapped:          4298624 kB
Shmem:           1666308 kB
KReclaimable:     774176 kB
Slab:            1251932 kB
SReclaimable:     774176 kB
SUnreclaim:       477756 kB
KernelStack:       62656 kB
PageTables:       212940 kB
SecPageTables:      2392 kB
NFS_Unstable:          0 kB
Bounce:                0 kB
WritebackTmp:          0 kB
CommitLimit:    24211652 kB
Committed_AS:   64794076 kB
VmallocTotal:   34359738367 kB
VmallocUsed:      207196 kB
VmallocChunk:          0 kB
Percpu:            41088 kB
HardwareCorrupted:     0 kB
AnonHugePages:   3258368 kB
ShmemHugePages:   706560 kB
ShmemPmdMapped:   352256 kB
FileHugePages:   1245184 kB
FilePmdMapped:    675840 kB
CmaTotal:              0 kB
CmaFree:               0 kB
Unaccepted:            0 kB
Balloon:               0 kB
HugePages_Total:       0
HugePages_Free:        0
HugePages_Rsvd:        0
HugePages_Surp:        0
Hugepagesize:       2048 kB
Hugetlb:               0 kB
DirectMap4k:     2448956 kB
DirectMap2M:    32301056 kB
DirectMap1G:    15728640 kB

/sys/kernel/mm/transparent_hugepage/enabled: [always] madvise never
/sys/kernel/mm/transparent_hugepage/hpage_pmd_size: 2097152
/sys/kernel/mm/transparent_hugepage/defrag (defrag/compaction efforts parameter): always defer defer+madvise [madvise] never

Process Memory:
Virtual Size: 15179248K (peak: 15179468K)
Resident Set Size: 50996K (peak: 50996K) (anon: 25436K, file: 25468K, shmem: 92K)
Swapped out: 0K
C-Heap outstanding allocations: 53729K, retained: 2110K
glibc malloc tunables: (default)

/proc/sys/kernel/threads-max (system-wide limit on the number of threads): 377065
/proc/sys/vm/max_map_count (maximum number of memory map areas a process may have): 1048576
/proc/sys/vm/swappiness (control to define how aggressively the kernel swaps out anonymous memory): 60
/proc/sys/kernel/pid_max (system-wide limit on number of process identifiers): 4194304

container information not found.
Steal ticks since vm start: 0
Steal ticks percentage since vm start:  0.000

CPU: total 32 (initial active 32) (32 cores per cpu, 2 threads per core) family 26 model 68 stepping 0 microcode 0xb404023, cx8, cmov, fxsr, ht, mmx, 3dnowpref, sse, sse2, sse3, ssse3, sse4a, sse4.1, sse4.2, popcnt, lzcnt, tsc, tscinvbit, avx, avx2, aes, erms, clmul, bmi1, bmi2, adx, avx512f, avx512dq, avx512cd, avx512bw, avx512vl, sha, fma, vzeroupper, avx512_vpopcntdq, avx512_vpclmulqdq, avx512_vaes, avx512_vnni, clflush, clflushopt, avx512_vbmi2, avx512_vbmi, rdtscp, rdpid, fsrm, gfni, avx512_bitalg, f16c, pku, ospke, cet_ss, avx512_ifma
CPU Model and flags from /proc/cpuinfo:
model name	: AMD Ryzen 9 9950X3D 16-Core Processor
flags		: fpu vme de pse tsc msr pae mce cx8 apic sep mtrr pge mca cmov pat pse36 clflush mmx fxsr sse sse2 ht syscall nx mmxext fxsr_opt pdpe1gb rdtscp lm constant_tsc rep_good amd_lbr_v2 nopl xtopology nonstop_tsc cpuid extd_apicid aperfmperf rapl pni pclmulqdq monitor ssse3 fma cx16 sse4_1 sse4_2 movbe popcnt aes xsave avx f16c rdrand lahf_lm cmp_legacy svm extapic cr8_legacy abm sse4a misalignsse 3dnowprefetch osvw ibs skinit wdt tce topoext perfctr_core perfctr_nb bpext perfctr_llc mwaitx cpuid_fault cpb cat_l3 cdp_l3 hw_pstate ssbd mba perfmon_v2 ibrs ibpb stibp ibrs_enhanced vmmcall fsgsbase tsc_adjust bmi1 avx2 smep bmi2 erms invpcid cqm rdt_a avx512f avx512dq adx smap avx512ifma clflushopt clwb avx512cd sha_ni avx512bw avx512vl xsaveopt xsavec xgetbv1 xsaves cqm_llc cqm_occup_llc cqm_mbm_total cqm_mbm_local user_shstk avx_vnni avx512_bf16 clzero irperf xsaveerptr rdpru wbnoinvd cppc arat npt lbrv svm_lock nrip_save tsc_scale vmcb_clean flushbyasid decodeassists pausefilter pfthreshold avic v_vmsave_vmload vgif x2avic v_spec_ctrl vnmi avx512vbmi umip pku ospke avx512_vbmi2 gfni vaes vpclmulqdq avx512_vnni avx512_bitalg avx512_vpopcntdq rdpid bus_lock_detect movdiri movdir64b overflow_recov succor smca fsrm avx512_vp2intersect flush_l1d amd_lbr_pmc_freeze

Online cpus: 0-31
Offline cpus: 
BIOS frequency limitation: <Not Available>
Frequency switch latency (ns): 0
Available cpu frequencies: <Not Available>
Current governor: powersave
Core performance/turbo boost: 1

Memory: 4k page, physical 48423308k(21477600k free), swap 0k(0k free)
Page Sizes: 4k

vm_info: OpenJDK 64-Bit Server VM (21.0.10+7) for linux-amd64 JRE (21.0.10+7), built on 2026-01-21T09:21:17Z by "builduser" with gcc 15.2.1 20260103

END.
