#
# A fatal error has been detected by the Java Runtime Environment:
#
#  SIGSEGV (0xb) at pc=0x00007ff0304a6a52, pid=1628554, tid=1628558
#
# JRE version: OpenJDK Runtime Environment (21.0.10+7) (build 21.0.10+7)
# Java VM: OpenJDK 64-Bit Server VM (21.0.10+7, mixed mode, sharing, tiered, compressed oops, compressed class ptrs, g1 gc, linux-amd64)
# Problematic frame:
# C  [libneko_3142760067428558596.so+0x9a52]  JNI_OnLoad+0x29bf
#
# Core dump will be written. Default location: Core dumps may be processed with "/usr/lib/systemd/systemd-coredump %P %u %g %s %t %c %h %d %F" (or dumping to /mnt/d/Code/Security/NekoObfuscator/worktree/dev-impl/core.1628554)
#
# If you would like to submit a bug report, please visit:
#   https://bugreport.java.com/bugreport/crash.jsp
# The crash happened outside the Java Virtual Machine in native code.
# See problematic frame for where to report the bug.
#

---------------  S U M M A R Y ------------

Command Line: -Dneko.native.debug=true verification/w1/final/TEST-native-debug.jar

Host: AMD Ryzen 9 9950X3D 16-Core Processor, 32 cores, 46G, Arch Linux
Time: Fri Apr 24 08:50:38 2026 CST elapsed time: 0.041141 seconds (0d 0h 0m 0s)

---------------  T H R E A D  ---------------

Current thread (0x00007ff028019c70):  JavaThread "main"             [_thread_in_native, id=1628558, stack(0x00007ff030100000,0x00007ff030200000) (1024K)]

Stack: [0x00007ff030100000,0x00007ff030200000],  sp=0x00007ff0301fdd70,  free space=1015k
Native frames: (J=compiled Java code, j=interpreted, Vv=VM code, C=native code)
C  [libneko_3142760067428558596.so+0x9a52]  JNI_OnLoad+0x29bf
C  [libjava.so+0xba3e]  Java_jdk_internal_loader_NativeLibraries_load+0xce
j  jdk.internal.loader.NativeLibraries.load(Ljdk/internal/loader/NativeLibraries$NativeLibraryImpl;Ljava/lang/String;ZZ)Z+0 java.base@21.0.10
j  jdk.internal.loader.NativeLibraries$NativeLibraryImpl.open()Z+57 java.base@21.0.10
j  jdk.internal.loader.NativeLibraries.loadLibrary(Ljava/lang/Class;Ljava/lang/String;Z)Ljdk/internal/loader/NativeLibrary;+254 java.base@21.0.10
j  jdk.internal.loader.NativeLibraries.loadLibrary(Ljava/lang/Class;Ljava/io/File;)Ljdk/internal/loader/NativeLibrary;+51 java.base@21.0.10
j  java.lang.ClassLoader.loadLibrary(Ljava/lang/Class;Ljava/io/File;)Ljdk/internal/loader/NativeLibrary;+31 java.base@21.0.10
j  java.lang.Runtime.load0(Ljava/lang/Class;Ljava/lang/String;)V+61 java.base@21.0.10
j  java.lang.System.load(Ljava/lang/String;)V+7 java.base@21.0.10
j  dev.nekoobfuscator.runtime.NekoNativeLoader.load()V+68
j  pack.tests.basics.overwirte.Sub.<clinit>()V+0
v  ~StubRoutines::call_stub 0x00007ff017817cc6
V  [libjvm.so+0x6c722a]
V  [libjvm.so+0x69ad38]
V  [libjvm.so+0x69bdf3]
V  [libjvm.so+0x6bb910]
j  pack.Main.main([Ljava/lang/String;)V+130
v  ~StubRoutines::call_stub 0x00007ff017817cc6
V  [libjvm.so+0x6c722a]
V  [libjvm.so+0x776e16]
V  [libjvm.so+0x779765]
C  [libjli.so+0x4db5]
C  [libjli.so+0x7e6e]
C  [libc.so.6+0x9697a]
Java frames: (J=compiled Java code, j=interpreted, Vv=VM code)
j  jdk.internal.loader.NativeLibraries.load(Ljdk/internal/loader/NativeLibraries$NativeLibraryImpl;Ljava/lang/String;ZZ)Z+0 java.base@21.0.10
j  jdk.internal.loader.NativeLibraries$NativeLibraryImpl.open()Z+57 java.base@21.0.10
j  jdk.internal.loader.NativeLibraries.loadLibrary(Ljava/lang/Class;Ljava/lang/String;Z)Ljdk/internal/loader/NativeLibrary;+254 java.base@21.0.10
j  jdk.internal.loader.NativeLibraries.loadLibrary(Ljava/lang/Class;Ljava/io/File;)Ljdk/internal/loader/NativeLibrary;+51 java.base@21.0.10
j  java.lang.ClassLoader.loadLibrary(Ljava/lang/Class;Ljava/io/File;)Ljdk/internal/loader/NativeLibrary;+31 java.base@21.0.10
j  java.lang.Runtime.load0(Ljava/lang/Class;Ljava/lang/String;)V+61 java.base@21.0.10
j  java.lang.System.load(Ljava/lang/String;)V+7 java.base@21.0.10
j  dev.nekoobfuscator.runtime.NekoNativeLoader.load()V+68
j  pack.tests.basics.overwirte.Sub.<clinit>()V+0
v  ~StubRoutines::call_stub 0x00007ff017817cc6
j  pack.Main.main([Ljava/lang/String;)V+130
v  ~StubRoutines::call_stub 0x00007ff017817cc6

siginfo: si_signo: 11 (SIGSEGV), si_code: 2 (SEGV_ACCERR), si_addr: 0x00000007fc402308

Registers:
RAX=0x00007fefab00e878, RBX=0x00007ff028143fc0, RCX=0x0000000000000008, RDX=0x00000007fc402300
RSP=0x00007ff0301fdd70, RBP=0x00007ff0301fde80, RSI=0x00000000ff880460, RDI=0x00007fefab481036
R8 =0x0000000000000002, R9 =0x00007ff0301fdc00, R10=0x0000000000000018, R11=0x0000000000000038
R12=0x00007fefab00e878, R13=0x0000000000000038, R14=0x00007fefab001d30, R15=0x00007fefab002318
RIP=0x00007ff0304a6a52, EFLAGS=0x0000000000010206, CSGSFS=0x002b000000000033, ERR=0x0000000000000004
  TRAPNO=0x000000000000000e

XMM[0]=0x0000000000000000 0x69737265565f4d56
XMM[1]=0x0000000000000000 0x4550535f4156414a
XMM[2]=0x0000000000000000 0x0000000000000000
XMM[3]=0x0000000000000000 0x0000000000000000
XMM[4]=0xff00000000000000 0x00000000000000ff
XMM[5]=0x0000000000000000 0x000000000000ff00
XMM[6]=0x0000000000000000 0x0000000000000a08
XMM[7]=0x0000000000000000 0x00007fefac0588d8
XMM[8]=0x0000000000000000 0x4a861263cc31dfe8
XMM[9]=0x0000000000000000 0x00007ff03152a6aa
XMM[10]=0x0000000000000000 0x00000001f7011640
XMM[11]=0x0000000000000000 0x0000000174359406
XMM[12]=0x0000000000000000 0x00ff00fd00fb00f9
XMM[13]=0x0000000000000000 0x0000000000fe00fa
XMM[14]=0x0000000000000000 0x0000000000000000
XMM[15]=0x0000000000000000 0x0000000000000000
  MXCSR=0x00001fa2


Register to memory mapping:

RAX=0x00007fefab00e878 is a pointer to class: 
java.lang.String {0x00007fefab00e878}
 - instance size:     3
 - klass size:        84
 - access:            public final synchronized 
 - flags:             rewritten has_nonstatic_fields has_nonstatic_concrete_methods is_shared_boot_class has_localvariable_table 
 - state:             fully_initialized
 - name:              'java/lang/String'
 - super:             'java/lang/Object'
 - sub:               
 - arrays:            'java/lang/String'[]
 - methods:           Array<T>(0x00007fefab62d428)
 - method ordering:   Array<T>(0x00007fefab62d9a0)
 - local interfaces:  Array<T>(0x00007fefab62d970)
 - trans. interfaces: Array<T>(0x00007fefab62d970)
 - secondary supers: Array<T>(0x00007fefab62a5f8)
 - hash_slot:         31
 - bitmap:            0x8000011100001000
 - constants:         constant pool [1451]/operands[28] {0x00007fefab62a648} for 'java/lang/String' cache=0x00007fefab455ec8
 - class loader data:  loader data: 0x00007ff028143fc0 of 'bootstrap'
 - source file:       'String.java'
 - field annotations:       Array<T>(0x00007fefabbf71f0)
 - generic signature: 'Ljava/lang/Object;Ljava/io/Serializable;Ljava/lang/Comparable<Ljava/lang/String;>;Ljava/lang/CharSequence;Ljava/lang/constant/Constable;Ljava/lang/constant/ConstantDesc;'
 - inner classes:     Array<T>(0x00007fefab62d3e8)
 - nest members:     Array<T>(0x00007fefab62dca8)
 - permitted subclasses:     Array<T>(0x00007fefab619888)
 - java mirror:       a 'java/lang/Class'{0x00000007ff880460} = 'java/lang/String'
 - vtable length      5  (start addr: 0x00007fefab00ea48)
 - itable length      20 (start addr: 0x00007fefab00ea70)
 - ---- static fields (3 words):
 - private static final 'serialVersionUID' 'J' @120 
 - static final 'COMPACT_STRINGS' 'Z' @130 
 - private static final 'serialPersistentFields' '[Ljava/io/ObjectStreamField;' @112 
 - private static final 'REPL' 'C' @128 
 - public static final 'CASE_INSENSITIVE_ORDER' 'Ljava/util/Comparator;' @116 
 - static final 'LATIN1' 'B' @131 
 - static final 'UTF16' 'B' @132 
 - ---- non-static fields (3 words):
 - private 'hash' 'I' @12 
 - private final 'coder' 'B' @16 
 - private 'hashIsZero' 'Z' @17 
 - injected 'flags' 'B' @18 
 - private final 'value' '[B' @20 
 - non-static oop maps: 20-20 
RBX=0x00007ff028143fc0 points into unknown readable memory: 0x0000000000000000 | 00 00 00 00 00 00 00 00
RCX=0x0000000000000008 is an unknown value
RDX=0x00000007fc402300 is an unallocated location in the heap
RSP=0x00007ff0301fdd70 is pointing into the stack for thread: 0x00007ff028019c70
RBP=0x00007ff0301fde80 is pointing into the stack for thread: 0x00007ff028019c70
RSI=0x00000000ff880460 is an unknown value
RDI=0x00007fefab481036 is pointing into metadata
R8 =0x0000000000000002 is an unknown value
R9 =0x00007ff0301fdc00 is pointing into the stack for thread: 0x00007ff028019c70
R10=0x0000000000000018 is an unknown value
R11=0x0000000000000038 is an unknown value
R12=0x00007fefab00e878 is a pointer to class: 
java.lang.String {0x00007fefab00e878}
 - instance size:     3
 - klass size:        84
 - access:            public final synchronized 
 - flags:             rewritten has_nonstatic_fields has_nonstatic_concrete_methods is_shared_boot_class has_localvariable_table 
 - state:             fully_initialized
 - name:              'java/lang/String'
 - super:             'java/lang/Object'
 - sub:               
 - arrays:            'java/lang/String'[]
 - methods:           Array<T>(0x00007fefab62d428)
 - method ordering:   Array<T>(0x00007fefab62d9a0)
 - local interfaces:  Array<T>(0x00007fefab62d970)
 - trans. interfaces: Array<T>(0x00007fefab62d970)
 - secondary supers: Array<T>(0x00007fefab62a5f8)
 - hash_slot:         31
 - bitmap:            0x8000011100001000
 - constants:         constant pool [1451]/operands[28] {0x00007fefab62a648} for 'java/lang/String' cache=0x00007fefab455ec8
 - class loader data:  loader data: 0x00007ff028143fc0 of 'bootstrap'
 - source file:       'String.java'
 - field annotations:       Array<T>(0x00007fefabbf71f0)
 - generic signature: 'Ljava/lang/Object;Ljava/io/Serializable;Ljava/lang/Comparable<Ljava/lang/String;>;Ljava/lang/CharSequence;Ljava/lang/constant/Constable;Ljava/lang/constant/ConstantDesc;'
 - inner classes:     Array<T>(0x00007fefab62d3e8)
 - nest members:     Array<T>(0x00007fefab62dca8)
 - permitted subclasses:     Array<T>(0x00007fefab619888)
 - java mirror:       a 'java/lang/Class'{0x00000007ff880460} = 'java/lang/String'
 - vtable length      5  (start addr: 0x00007fefab00ea48)
 - itable length      20 (start addr: 0x00007fefab00ea70)
 - ---- static fields (3 words):
 - private static final 'serialVersionUID' 'J' @120 
 - static final 'COMPACT_STRINGS' 'Z' @130 
 - private static final 'serialPersistentFields' '[Ljava/io/ObjectStreamField;' @112 
 - private static final 'REPL' 'C' @128 
 - public static final 'CASE_INSENSITIVE_ORDER' 'Ljava/util/Comparator;' @116 
 - static final 'LATIN1' 'B' @131 
 - static final 'UTF16' 'B' @132 
 - ---- non-static fields (3 words):
 - private 'hash' 'I' @12 
 - private final 'coder' 'B' @16 
 - private 'hashIsZero' 'Z' @17 
 - injected 'flags' 'B' @18 
 - private final 'value' '[B' @20 
 - non-static oop maps: 20-20 
R13=0x0000000000000038 is an unknown value
R14=0x00007fefab001d30 is a pointer to class: 
R15=0x00007fefab002318 is a pointer to class: 

Top of Stack: (sp=0x00007ff0301fdd70)
0x00007ff0301fdd70:   0000000000000009 00007fefab000e90
0x00007ff0301fdd80:   00007ff0318da7c0 00007ff02801a030
0x00007ff0301fdd90:   0000000000000010 0000000000000018
0x00007ff0301fdda0:   0000000000000020 0000000000000028
0x00007ff0301fddb0:   0000000000000000 0000000000000000
0x00007ff0301fddc0:   0000000000000008 0000000000000008
0x00007ff0301fddd0:   0000000000000010 0000000000000010
0x00007ff0301fdde0:   00007ff0281e0e90 00007ff0281e0e70
0x00007ff0301fddf0:   00007ff000000000 0000000000000020
0x00007ff0301fde00:   0000000000000028 0000000000000038
0x00007ff0301fde10:   0000000000000030 0000000000000030
0x00007ff0301fde20:   00007ff028166f10 0000000000000028
0x00007ff0301fde30:   00007ff031548711 00007ff0281e0e01
0x00007ff0301fde40:   0000000000000000 0000000000000008
0x00007ff0301fde50:   00007ff0315467e1 00007ff0301fe0a8
0x00007ff0301fde60:   00007ff0281e0df0 0000000000000000
0x00007ff0301fde70:   00007ff02801a030 0000000000010001
0x00007ff0301fde80:   00007ff0301fe000 00007ff031bb3a3e
0x00007ff0301fde90:   0000000000000003 00007ff0304a4093
0x00007ff0301fdea0:   00007ff0281e0e90 00007ff0301fe0b0
0x00007ff0301fdeb0:   00007fefab20b370 00007ff0318cc040
0x00007ff0301fdec0:   00007ff0301fded8 00007ff0301fdf38
0x00007ff0301fded0:   00007ff01781f180 0000000000000008
0x00007ff0301fdee0:   000000054b388b40 000000054b388b40
0x00007ff0301fdef0:   00007ff0301fdef0 00007fefab8fb3d6
0x00007ff0301fdf00:   0000000000000003 00007fefab207f00
0x00007ff0301fdf10:   0000000000000000 00000007ff8a36b8
0x00007ff0301fdf20:   00007fefab207e68 0000000000000000
0x00007ff0301fdf30:   00007ff0301fdf48 00007ff0301fdfa0
0x00007ff0301fdf40:   00007ff0301fe018 00007ff010435d1c
0x00007ff0301fdf50:   00007ff0301fdfb8 00007ff01781f2f2
0x00007ff0301fdf60:   0000000000000009 00007ff0301fdf68 

Instructions: (pc=0x00007ff0304a6a52)
0x00007ff0304a6952:   0f 98 c1 48 8d 05 ee 91 ff ff 48 0f 49 c6 40 08
0x00007ff0304a6962:   f9 0f 85 9c 02 00 00 41 83 bc 24 54 02 00 00 00
0x00007ff0304a6972:   0f 88 1d 02 00 00 41 83 bc 24 58 02 00 00 00 0f
0x00007ff0304a6982:   88 77 02 00 00 41 c6 84 24 78 02 00 00 00 31 c0
0x00007ff0304a6992:   e9 6e 02 00 00 48 8d 3d 80 83 ff ff e9 7b dc ff
0x00007ff0304a69a2:   ff 48 8d 35 71 96 ff ff e9 de 06 00 00 48 01 c1
0x00007ff0304a69b2:   48 8b 15 47 43 00 00 83 ba 40 02 00 00 00 7f 5e
0x00007ff0304a69c2:   48 83 ba 38 02 00 00 00 75 54 48 8b 11 eb 73 48
0x00007ff0304a69d2:   8d 35 a2 98 ff ff e9 b0 06 00 00 b0 01 e9 aa f3
0x00007ff0304a69e2:   ff ff 48 8d 35 16 98 ff ff e9 9d 06 00 00 48 8d
0x00007ff0304a69f2:   35 34 98 ff ff e9 91 06 00 00 48 8d 35 14 98 ff
0x00007ff0304a6a02:   ff e9 85 06 00 00 48 8d 35 0f 94 ff ff e9 79 06
0x00007ff0304a6a12:   00 00 48 8d 35 bb 89 ff ff e9 6d 06 00 00 8b 31
0x00007ff0304a6a22:   8a 8a 40 02 00 00 48 89 f2 48 d3 e2 85 f6 0f 84
0x00007ff0304a6a32:   8f f8 ff ff 48 8b 0d c3 42 00 00 48 03 91 38 02
0x00007ff0304a6a42:   00 00 48 85 d2 0f 84 78 f8 ff ff b9 08 00 00 00
0x00007ff0304a6a52:   48 8b 34 0a 48 39 c6 0f 84 9f 00 00 00 48 8d 71
0x00007ff0304a6a62:   08 48 83 f9 78 48 89 f1 72 e6 e9 54 f8 ff ff 48
0x00007ff0304a6a72:   8d 35 06 93 ff ff e9 10 06 00 00 48 8d 35 3c 82
0x00007ff0304a6a82:   ff ff e9 04 06 00 00 b1 44 48 c7 c2 ff ff ff ff
0x00007ff0304a6a92:   48 c7 c0 ff ff ff ff e9 71 f4 ff ff 48 8d 35 2e
0x00007ff0304a6aa2:   82 ff ff e9 e3 05 00 00 48 8d 35 42 82 ff ff e9
0x00007ff0304a6ab2:   d7 05 00 00 48 8d 35 be 87 ff ff e9 cb 05 00 00
0x00007ff0304a6ac2:   48 8d 35 3b 8f ff ff e9 bf 05 00 00 48 8d 35 d4
0x00007ff0304a6ad2:   88 ff ff e9 b3 05 00 00 48 8d 35 51 88 ff ff e9
0x00007ff0304a6ae2:   a7 05 00 00 48 8d 35 99 8e ff ff e9 9b 05 00 00
0x00007ff0304a6af2:   48 8d 35 df 8b ff ff e9 8f 05 00 00 48 8b 05 fb
0x00007ff0304a6b02:   41 00 00 48 89 88 d8 00 00 00 e9 b4 f7 ff ff 48
0x00007ff0304a6b12:   8d 35 aa 88 ff ff e9 70 05 00 00 48 8d 35 03 8f
0x00007ff0304a6b22:   ff ff e9 64 05 00 00 48 8d 35 47 8b ff ff e9 58
0x00007ff0304a6b32:   05 00 00 48 8d 35 d3 90 ff ff e9 4c 05 00 00 48
0x00007ff0304a6b42:   8d 35 97 8e ff ff e9 40 05 00 00 48 8d 35 2a 8a 


Stack slot to memory mapping:

stack at sp + 0 slots: 0x0000000000000009 is an unknown value
stack at sp + 1 slots: 0x00007fefab000e90 is a pointer to class: 
java.lang.Object {0x00007fefab000e90}
 - instance size:     2
 - klass size:        65
 - access:            public synchronized 
 - flags:             rewritten is_shared_boot_class has_localvariable_table has_vanilla_constructor has_final_method 
 - state:             fully_initialized
 - name:              'java/lang/Object'
 - super:             null
 - sub:               'sun/nio/ch/IOStatus'   'sun/nio/ch/Util$BufferCache'   'sun/nio/ch/Util'   'sun/nio/ch/NativeThread'   (595 more klasses...)
 - arrays:            'java/lang/Object'[]
 - methods:           Array<T>(0x00007fefab619890)
 - method ordering:   Array<T>(0x00007fefab619910)
 - local interfaces:  Array<T>(0x00007fefab619900)
 - trans. interfaces: Array<T>(0x00007fefab619900)
 - secondary supers: Array<T>(0x00007fefab619450)
 - hash_slot:         6
 - bitmap:            0x0000000000000000
 - constants:         constant pool [124] {0x00007fefab619460} for 'java/lang/Object' cache=0x00007fefab474c88
 - class loader data:  loader data: 0x00007ff028143fc0 of 'bootstrap'
 - source file:       'Object.java'
 - inner classes:     Array<T>(0x00007fefab619888)
 - nest members:     Array<T>(0x00007fefab619888)
 - permitted subclasses:     Array<T>(0x00007fefab619888)
 - java mirror:       a 'java/lang/Class'{0x00000007ff87ffe8} = 'java/lang/Object'
 - vtable length      5  (start addr: 0x00007fefab001060)
 - itable length      2 (start addr: 0x00007fefab001088)
 - ---- static fields (0 words):
 - ---- non-static fields (0 words):
 - non-static oop maps: 
stack at sp + 2 slots: 0x00007ff0318da7c0: <offset 0x00000000012da7c0> in /usr/lib/jvm/java-21-openjdk/lib/server/libjvm.so at 0x00007ff030600000
stack at sp + 3 slots: 0x00007ff02801a030 points into unknown readable memory: 0x00007ff0318cc060 | 60 c0 8c 31 f0 7f 00 00
stack at sp + 4 slots: 0x0000000000000010 is an unknown value
stack at sp + 5 slots: 0x0000000000000018 is an unknown value
stack at sp + 6 slots: 0x0000000000000020 is an unknown value
stack at sp + 7 slots: 0x0000000000000028 is an unknown value


---------------  P R O C E S S  ---------------

Threads class SMR info:
_java_thread_list=0x00007fef80080a40, length=11, elements={
0x00007ff028019c70, 0x00007ff02816e430, 0x00007ff02816f9b0, 0x00007ff028171270,
0x00007ff0281728c0, 0x00007ff028173e70, 0x00007ff0281759a0, 0x00007ff028177070,
0x00007ff028182fe0, 0x00007ff028185f20, 0x00007fef8007f890
}

Java Threads: ( => current thread )
=>0x00007ff028019c70 JavaThread "main"                              [_thread_in_native, id=1628558, stack(0x00007ff030100000,0x00007ff030200000) (1024K)]
  0x00007ff02816e430 JavaThread "Reference Handler"          daemon [_thread_blocked, id=1628569, stack(0x00007ff000471000,0x00007ff000571000) (1024K)]
  0x00007ff02816f9b0 JavaThread "Finalizer"                  daemon [_thread_blocked, id=1628570, stack(0x00007ff000370000,0x00007ff000470000) (1024K)]
  0x00007ff028171270 JavaThread "Signal Dispatcher"          daemon [_thread_blocked, id=1628571, stack(0x00007ff00026f000,0x00007ff00036f000) (1024K)]
  0x00007ff0281728c0 JavaThread "Service Thread"             daemon [_thread_blocked, id=1628572, stack(0x00007ff00016e000,0x00007ff00026e000) (1024K)]
  0x00007ff028173e70 JavaThread "Monitor Deflation Thread"   daemon [_thread_blocked, id=1628573, stack(0x00007ff00006d000,0x00007ff00016d000) (1024K)]
  0x00007ff0281759a0 JavaThread "C2 CompilerThread0"         daemon [_thread_blocked, id=1628574, stack(0x00007fefaa900000,0x00007fefaaa00000) (1024K)]
  0x00007ff028177070 JavaThread "C1 CompilerThread0"         daemon [_thread_blocked, id=1628575, stack(0x00007fefaa7ff000,0x00007fefaa8ff000) (1024K)]
  0x00007ff028182fe0 JavaThread "Notification Thread"        daemon [_thread_blocked, id=1628576, stack(0x00007fefaa62d000,0x00007fefaa72d000) (1024K)]
  0x00007ff028185f20 JavaThread "Common-Cleaner"             daemon [_thread_blocked, id=1628577, stack(0x00007fefaa52c000,0x00007fefaa62c000) (1024K)]
  0x00007fef8007f890 JavaThread "C1 CompilerThread1"         daemon [_thread_blocked, id=1628579, stack(0x00007fefaa42b000,0x00007fefaa52b000) (1024K)]
Total: 11

Other Threads:
  0x00007ff028165280 VMThread "VM Thread"                           [id=1628568, stack(0x00007ff000572000,0x00007ff000672000) (1024K)]
  0x00007ff028153020 WatcherThread "VM Periodic Task Thread"        [id=1628566, stack(0x00007ff000673000,0x00007ff000773000) (1024K)]
  0x00007ff0280731d0 WorkerThread "GC Thread#0"                     [id=1628559, stack(0x00007ff02ceb8000,0x00007ff02cfb8000) (1024K)]
  0x00007ff028080130 ConcurrentGCThread "G1 Main Marker"            [id=1628560, stack(0x00007ff02cdb7000,0x00007ff02ceb7000) (1024K)]
  0x00007ff028081120 WorkerThread "G1 Conc#0"                       [id=1628561, stack(0x00007ff02ccb6000,0x00007ff02cdb6000) (1024K)]
  0x00007ff028138ab0 ConcurrentGCThread "G1 Refine#0"               [id=1628562, stack(0x00007ff0008f6000,0x00007ff0009f6000) (1024K)]
  0x00007ff028139a80 ConcurrentGCThread "G1 Service"                [id=1628563, stack(0x00007ff0007f5000,0x00007ff0008f5000) (1024K)]
Total: 7

Threads with active compile tasks:
Total: 0

VM state: not at safepoint (normal execution)

VM Mutex/Monitor currently owned by a thread: None

Heap address: 0x000000051d000000, size: 11824 MB, Compressed Oops mode: Zero based, Oop shift amount: 3

CDS archive(s) mapped at: [0x00007fefab000000-0x00007fefabc9b000-0x00007fefabc9b000), size 13217792, SharedBaseAddress: 0x00007fefab000000, ArchiveRelocationMode: 1.
Compressed class space mapped at: 0x00007fefac000000-0x00007fefec000000, reserved size: 1073741824
Narrow klass base: 0x00007fefab000000, Narrow klass shift: 0, Narrow klass range: 0x100000000

GC Precious Log:
 CardTable entry size: 512
 Card Set container configuration: InlinePtr #cards 4 size 8 Array Of Cards #cards 64 size 144 Howl #buckets 8 coarsen threshold 14745 Howl Bitmap #cards 2048 size 272 coarsen threshold 1843 Card regions per heap region 1 cards per card region 16384
 CPUs: 32 total, 32 available
 Memory: 47288M
 Large Page Support: Disabled
 NUMA Support: Disabled
 Compressed Oops: Enabled (Zero based)
 Heap Region Size: 8M
 Heap Min Capacity: 8M
 Heap Initial Capacity: 744M
 Heap Max Capacity: 11824M
 Pre-touch: Disabled
 Parallel Workers: 23
 Concurrent Workers: 6
 Concurrent Refinement Workers: 23
 Periodic GC: Disabled

Heap:
 garbage-first heap   total 770048K, used 1073K [0x000000051d000000, 0x0000000800000000)
  region size 8192K, 1 young (8192K), 0 survivors (0K)
 Metaspace       used 1140K, committed 1280K, reserved 1114112K
  class space    used 113K, committed 192K, reserved 1048576K

Heap Regions: E=young(eden), S=young(survivor), O=old, HS=humongous(starts), HC=humongous(continues), CS=collection set, F=free, TAMS=top-at-mark-start, PB=parsable bottom
|   0|0x000000051d000000, 0x000000051d000000, 0x000000051d800000|  0%| F|  |TAMS 0x000000051d000000| PB 0x000000051d000000| Untracked 
|   1|0x000000051d800000, 0x000000051d800000, 0x000000051e000000|  0%| F|  |TAMS 0x000000051d800000| PB 0x000000051d800000| Untracked 
|   2|0x000000051e000000, 0x000000051e000000, 0x000000051e800000|  0%| F|  |TAMS 0x000000051e000000| PB 0x000000051e000000| Untracked 
|   3|0x000000051e800000, 0x000000051e800000, 0x000000051f000000|  0%| F|  |TAMS 0x000000051e800000| PB 0x000000051e800000| Untracked 
|   4|0x000000051f000000, 0x000000051f000000, 0x000000051f800000|  0%| F|  |TAMS 0x000000051f000000| PB 0x000000051f000000| Untracked 
|   5|0x000000051f800000, 0x000000051f800000, 0x0000000520000000|  0%| F|  |TAMS 0x000000051f800000| PB 0x000000051f800000| Untracked 
|   6|0x0000000520000000, 0x0000000520000000, 0x0000000520800000|  0%| F|  |TAMS 0x0000000520000000| PB 0x0000000520000000| Untracked 
|   7|0x0000000520800000, 0x0000000520800000, 0x0000000521000000|  0%| F|  |TAMS 0x0000000520800000| PB 0x0000000520800000| Untracked 
|   8|0x0000000521000000, 0x0000000521000000, 0x0000000521800000|  0%| F|  |TAMS 0x0000000521000000| PB 0x0000000521000000| Untracked 
|   9|0x0000000521800000, 0x0000000521800000, 0x0000000522000000|  0%| F|  |TAMS 0x0000000521800000| PB 0x0000000521800000| Untracked 
|  10|0x0000000522000000, 0x0000000522000000, 0x0000000522800000|  0%| F|  |TAMS 0x0000000522000000| PB 0x0000000522000000| Untracked 
|  11|0x0000000522800000, 0x0000000522800000, 0x0000000523000000|  0%| F|  |TAMS 0x0000000522800000| PB 0x0000000522800000| Untracked 
|  12|0x0000000523000000, 0x0000000523000000, 0x0000000523800000|  0%| F|  |TAMS 0x0000000523000000| PB 0x0000000523000000| Untracked 
|  13|0x0000000523800000, 0x0000000523800000, 0x0000000524000000|  0%| F|  |TAMS 0x0000000523800000| PB 0x0000000523800000| Untracked 
|  14|0x0000000524000000, 0x0000000524000000, 0x0000000524800000|  0%| F|  |TAMS 0x0000000524000000| PB 0x0000000524000000| Untracked 
|  15|0x0000000524800000, 0x0000000524800000, 0x0000000525000000|  0%| F|  |TAMS 0x0000000524800000| PB 0x0000000524800000| Untracked 
|  16|0x0000000525000000, 0x0000000525000000, 0x0000000525800000|  0%| F|  |TAMS 0x0000000525000000| PB 0x0000000525000000| Untracked 
|  17|0x0000000525800000, 0x0000000525800000, 0x0000000526000000|  0%| F|  |TAMS 0x0000000525800000| PB 0x0000000525800000| Untracked 
|  18|0x0000000526000000, 0x0000000526000000, 0x0000000526800000|  0%| F|  |TAMS 0x0000000526000000| PB 0x0000000526000000| Untracked 
|  19|0x0000000526800000, 0x0000000526800000, 0x0000000527000000|  0%| F|  |TAMS 0x0000000526800000| PB 0x0000000526800000| Untracked 
|  20|0x0000000527000000, 0x0000000527000000, 0x0000000527800000|  0%| F|  |TAMS 0x0000000527000000| PB 0x0000000527000000| Untracked 
|  21|0x0000000527800000, 0x0000000527800000, 0x0000000528000000|  0%| F|  |TAMS 0x0000000527800000| PB 0x0000000527800000| Untracked 
|  22|0x0000000528000000, 0x0000000528000000, 0x0000000528800000|  0%| F|  |TAMS 0x0000000528000000| PB 0x0000000528000000| Untracked 
|  23|0x0000000528800000, 0x0000000528800000, 0x0000000529000000|  0%| F|  |TAMS 0x0000000528800000| PB 0x0000000528800000| Untracked 
|  24|0x0000000529000000, 0x0000000529000000, 0x0000000529800000|  0%| F|  |TAMS 0x0000000529000000| PB 0x0000000529000000| Untracked 
|  25|0x0000000529800000, 0x0000000529800000, 0x000000052a000000|  0%| F|  |TAMS 0x0000000529800000| PB 0x0000000529800000| Untracked 
|  26|0x000000052a000000, 0x000000052a000000, 0x000000052a800000|  0%| F|  |TAMS 0x000000052a000000| PB 0x000000052a000000| Untracked 
|  27|0x000000052a800000, 0x000000052a800000, 0x000000052b000000|  0%| F|  |TAMS 0x000000052a800000| PB 0x000000052a800000| Untracked 
|  28|0x000000052b000000, 0x000000052b000000, 0x000000052b800000|  0%| F|  |TAMS 0x000000052b000000| PB 0x000000052b000000| Untracked 
|  29|0x000000052b800000, 0x000000052b800000, 0x000000052c000000|  0%| F|  |TAMS 0x000000052b800000| PB 0x000000052b800000| Untracked 
|  30|0x000000052c000000, 0x000000052c000000, 0x000000052c800000|  0%| F|  |TAMS 0x000000052c000000| PB 0x000000052c000000| Untracked 
|  31|0x000000052c800000, 0x000000052c800000, 0x000000052d000000|  0%| F|  |TAMS 0x000000052c800000| PB 0x000000052c800000| Untracked 
|  32|0x000000052d000000, 0x000000052d000000, 0x000000052d800000|  0%| F|  |TAMS 0x000000052d000000| PB 0x000000052d000000| Untracked 
|  33|0x000000052d800000, 0x000000052d800000, 0x000000052e000000|  0%| F|  |TAMS 0x000000052d800000| PB 0x000000052d800000| Untracked 
|  34|0x000000052e000000, 0x000000052e000000, 0x000000052e800000|  0%| F|  |TAMS 0x000000052e000000| PB 0x000000052e000000| Untracked 
|  35|0x000000052e800000, 0x000000052e800000, 0x000000052f000000|  0%| F|  |TAMS 0x000000052e800000| PB 0x000000052e800000| Untracked 
|  36|0x000000052f000000, 0x000000052f000000, 0x000000052f800000|  0%| F|  |TAMS 0x000000052f000000| PB 0x000000052f000000| Untracked 
|  37|0x000000052f800000, 0x000000052f800000, 0x0000000530000000|  0%| F|  |TAMS 0x000000052f800000| PB 0x000000052f800000| Untracked 
|  38|0x0000000530000000, 0x0000000530000000, 0x0000000530800000|  0%| F|  |TAMS 0x0000000530000000| PB 0x0000000530000000| Untracked 
|  39|0x0000000530800000, 0x0000000530800000, 0x0000000531000000|  0%| F|  |TAMS 0x0000000530800000| PB 0x0000000530800000| Untracked 
|  40|0x0000000531000000, 0x0000000531000000, 0x0000000531800000|  0%| F|  |TAMS 0x0000000531000000| PB 0x0000000531000000| Untracked 
|  41|0x0000000531800000, 0x0000000531800000, 0x0000000532000000|  0%| F|  |TAMS 0x0000000531800000| PB 0x0000000531800000| Untracked 
|  42|0x0000000532000000, 0x0000000532000000, 0x0000000532800000|  0%| F|  |TAMS 0x0000000532000000| PB 0x0000000532000000| Untracked 
|  43|0x0000000532800000, 0x0000000532800000, 0x0000000533000000|  0%| F|  |TAMS 0x0000000532800000| PB 0x0000000532800000| Untracked 
|  44|0x0000000533000000, 0x0000000533000000, 0x0000000533800000|  0%| F|  |TAMS 0x0000000533000000| PB 0x0000000533000000| Untracked 
|  45|0x0000000533800000, 0x0000000533800000, 0x0000000534000000|  0%| F|  |TAMS 0x0000000533800000| PB 0x0000000533800000| Untracked 
|  46|0x0000000534000000, 0x0000000534000000, 0x0000000534800000|  0%| F|  |TAMS 0x0000000534000000| PB 0x0000000534000000| Untracked 
|  47|0x0000000534800000, 0x0000000534800000, 0x0000000535000000|  0%| F|  |TAMS 0x0000000534800000| PB 0x0000000534800000| Untracked 
|  48|0x0000000535000000, 0x0000000535000000, 0x0000000535800000|  0%| F|  |TAMS 0x0000000535000000| PB 0x0000000535000000| Untracked 
|  49|0x0000000535800000, 0x0000000535800000, 0x0000000536000000|  0%| F|  |TAMS 0x0000000535800000| PB 0x0000000535800000| Untracked 
|  50|0x0000000536000000, 0x0000000536000000, 0x0000000536800000|  0%| F|  |TAMS 0x0000000536000000| PB 0x0000000536000000| Untracked 
|  51|0x0000000536800000, 0x0000000536800000, 0x0000000537000000|  0%| F|  |TAMS 0x0000000536800000| PB 0x0000000536800000| Untracked 
|  52|0x0000000537000000, 0x0000000537000000, 0x0000000537800000|  0%| F|  |TAMS 0x0000000537000000| PB 0x0000000537000000| Untracked 
|  53|0x0000000537800000, 0x0000000537800000, 0x0000000538000000|  0%| F|  |TAMS 0x0000000537800000| PB 0x0000000537800000| Untracked 
|  54|0x0000000538000000, 0x0000000538000000, 0x0000000538800000|  0%| F|  |TAMS 0x0000000538000000| PB 0x0000000538000000| Untracked 
|  55|0x0000000538800000, 0x0000000538800000, 0x0000000539000000|  0%| F|  |TAMS 0x0000000538800000| PB 0x0000000538800000| Untracked 
|  56|0x0000000539000000, 0x0000000539000000, 0x0000000539800000|  0%| F|  |TAMS 0x0000000539000000| PB 0x0000000539000000| Untracked 
|  57|0x0000000539800000, 0x0000000539800000, 0x000000053a000000|  0%| F|  |TAMS 0x0000000539800000| PB 0x0000000539800000| Untracked 
|  58|0x000000053a000000, 0x000000053a000000, 0x000000053a800000|  0%| F|  |TAMS 0x000000053a000000| PB 0x000000053a000000| Untracked 
|  59|0x000000053a800000, 0x000000053a800000, 0x000000053b000000|  0%| F|  |TAMS 0x000000053a800000| PB 0x000000053a800000| Untracked 
|  60|0x000000053b000000, 0x000000053b000000, 0x000000053b800000|  0%| F|  |TAMS 0x000000053b000000| PB 0x000000053b000000| Untracked 
|  61|0x000000053b800000, 0x000000053b800000, 0x000000053c000000|  0%| F|  |TAMS 0x000000053b800000| PB 0x000000053b800000| Untracked 
|  62|0x000000053c000000, 0x000000053c000000, 0x000000053c800000|  0%| F|  |TAMS 0x000000053c000000| PB 0x000000053c000000| Untracked 
|  63|0x000000053c800000, 0x000000053c800000, 0x000000053d000000|  0%| F|  |TAMS 0x000000053c800000| PB 0x000000053c800000| Untracked 
|  64|0x000000053d000000, 0x000000053d000000, 0x000000053d800000|  0%| F|  |TAMS 0x000000053d000000| PB 0x000000053d000000| Untracked 
|  65|0x000000053d800000, 0x000000053d800000, 0x000000053e000000|  0%| F|  |TAMS 0x000000053d800000| PB 0x000000053d800000| Untracked 
|  66|0x000000053e000000, 0x000000053e000000, 0x000000053e800000|  0%| F|  |TAMS 0x000000053e000000| PB 0x000000053e000000| Untracked 
|  67|0x000000053e800000, 0x000000053e800000, 0x000000053f000000|  0%| F|  |TAMS 0x000000053e800000| PB 0x000000053e800000| Untracked 
|  68|0x000000053f000000, 0x000000053f000000, 0x000000053f800000|  0%| F|  |TAMS 0x000000053f000000| PB 0x000000053f000000| Untracked 
|  69|0x000000053f800000, 0x000000053f800000, 0x0000000540000000|  0%| F|  |TAMS 0x000000053f800000| PB 0x000000053f800000| Untracked 
|  70|0x0000000540000000, 0x0000000540000000, 0x0000000540800000|  0%| F|  |TAMS 0x0000000540000000| PB 0x0000000540000000| Untracked 
|  71|0x0000000540800000, 0x0000000540800000, 0x0000000541000000|  0%| F|  |TAMS 0x0000000540800000| PB 0x0000000540800000| Untracked 
|  72|0x0000000541000000, 0x0000000541000000, 0x0000000541800000|  0%| F|  |TAMS 0x0000000541000000| PB 0x0000000541000000| Untracked 
|  73|0x0000000541800000, 0x0000000541800000, 0x0000000542000000|  0%| F|  |TAMS 0x0000000541800000| PB 0x0000000541800000| Untracked 
|  74|0x0000000542000000, 0x0000000542000000, 0x0000000542800000|  0%| F|  |TAMS 0x0000000542000000| PB 0x0000000542000000| Untracked 
|  75|0x0000000542800000, 0x0000000542800000, 0x0000000543000000|  0%| F|  |TAMS 0x0000000542800000| PB 0x0000000542800000| Untracked 
|  76|0x0000000543000000, 0x0000000543000000, 0x0000000543800000|  0%| F|  |TAMS 0x0000000543000000| PB 0x0000000543000000| Untracked 
|  77|0x0000000543800000, 0x0000000543800000, 0x0000000544000000|  0%| F|  |TAMS 0x0000000543800000| PB 0x0000000543800000| Untracked 
|  78|0x0000000544000000, 0x0000000544000000, 0x0000000544800000|  0%| F|  |TAMS 0x0000000544000000| PB 0x0000000544000000| Untracked 
|  79|0x0000000544800000, 0x0000000544800000, 0x0000000545000000|  0%| F|  |TAMS 0x0000000544800000| PB 0x0000000544800000| Untracked 
|  80|0x0000000545000000, 0x0000000545000000, 0x0000000545800000|  0%| F|  |TAMS 0x0000000545000000| PB 0x0000000545000000| Untracked 
|  81|0x0000000545800000, 0x0000000545800000, 0x0000000546000000|  0%| F|  |TAMS 0x0000000545800000| PB 0x0000000545800000| Untracked 
|  82|0x0000000546000000, 0x0000000546000000, 0x0000000546800000|  0%| F|  |TAMS 0x0000000546000000| PB 0x0000000546000000| Untracked 
|  83|0x0000000546800000, 0x0000000546800000, 0x0000000547000000|  0%| F|  |TAMS 0x0000000546800000| PB 0x0000000546800000| Untracked 
|  84|0x0000000547000000, 0x0000000547000000, 0x0000000547800000|  0%| F|  |TAMS 0x0000000547000000| PB 0x0000000547000000| Untracked 
|  85|0x0000000547800000, 0x0000000547800000, 0x0000000548000000|  0%| F|  |TAMS 0x0000000547800000| PB 0x0000000547800000| Untracked 
|  86|0x0000000548000000, 0x0000000548000000, 0x0000000548800000|  0%| F|  |TAMS 0x0000000548000000| PB 0x0000000548000000| Untracked 
|  87|0x0000000548800000, 0x0000000548800000, 0x0000000549000000|  0%| F|  |TAMS 0x0000000548800000| PB 0x0000000548800000| Untracked 
|  88|0x0000000549000000, 0x0000000549000000, 0x0000000549800000|  0%| F|  |TAMS 0x0000000549000000| PB 0x0000000549000000| Untracked 
|  89|0x0000000549800000, 0x0000000549800000, 0x000000054a000000|  0%| F|  |TAMS 0x0000000549800000| PB 0x0000000549800000| Untracked 
|  90|0x000000054a000000, 0x000000054a000000, 0x000000054a800000|  0%| F|  |TAMS 0x000000054a000000| PB 0x000000054a000000| Untracked 
|  91|0x000000054a800000, 0x000000054a800000, 0x000000054b000000|  0%| F|  |TAMS 0x000000054a800000| PB 0x000000054a800000| Untracked 
|  92|0x000000054b000000, 0x000000054b3d7168, 0x000000054b800000| 48%| E|  |TAMS 0x000000054b000000| PB 0x000000054b000000| Complete 
|1477|0x00000007ff800000, 0x00000007ff90c620, 0x0000000800000000| 13%| O|  |TAMS 0x00000007ff800000| PB 0x00000007ff800000| Untracked 

Card table byte_map: [0x00007ff00ece8000,0x00007ff010400000] _byte_map_base: 0x00007ff00c400000

Marking Bits: (CMBitMap*) 0x00007ff028073d10
 Bits: [0x00007ff003428000, 0x00007ff00ece8000)

Polling page: 0x00007ff031bd0000

Metaspace:

Usage:
  Non-class:      1.00 MB used.
      Class:    113.40 KB used.
       Both:      1.11 MB used.

Virtual space:
  Non-class space:       64.00 MB reserved,       1.06 MB (  2%) committed,  1 nodes.
      Class space:        1.00 GB reserved,     192.00 KB ( <1%) committed,  1 nodes.
             Both:        1.06 GB reserved,       1.25 MB ( <1%) committed. 

Chunk freelists:
   Non-Class:  11.94 MB
       Class:  15.72 MB
        Both:  27.67 MB

MaxMetaspaceSize: unlimited
CompressedClassSpaceSize: 1.00 GB
Initial GC threshold: 21.00 MB
Current GC threshold: 21.00 MB
CDS: on
 - commit_granule_bytes: 65536.
 - commit_granule_words: 8192.
 - virtual_space_node_default_size: 8388608.
 - enlarge_chunks_in_place: 1.
 - use_allocation_guard: 0.


Internal statistics:

num_allocs_failed_limit: 0.
num_arena_births: 48.
num_arena_deaths: 0.
num_vsnodes_births: 2.
num_vsnodes_deaths: 0.
num_space_committed: 20.
num_space_uncommitted: 0.
num_chunks_returned_to_freelist: 0.
num_chunks_taken_from_freelist: 70.
num_chunk_merges: 0.
num_chunk_splits: 36.
num_chunks_enlarged: 3.
num_inconsistent_stats: 0.

CodeHeap 'non-profiled nmethods': size=118880Kb used=81Kb max_used=81Kb free=118799Kb
 bounds [0x00007ff017fe8000, 0x00007ff018258000, 0x00007ff01f400000]
CodeHeap 'profiled nmethods': size=118876Kb used=310Kb max_used=310Kb free=118565Kb
 bounds [0x00007ff010400000, 0x00007ff010670000, 0x00007ff017817000]
CodeHeap 'non-nmethods': size=8004Kb used=1961Kb max_used=1973Kb free=6042Kb
 bounds [0x00007ff017817000, 0x00007ff017a87000, 0x00007ff017fe8000]
CodeCache: size=245760Kb, used=2352Kb, max_used=2364Kb, free=243406Kb
 total_blobs=661, nmethods=235, adapters=331, full_count=0
Compilation: enabled, stopped_count=0, restarted_count=0

Compilation events (20 events):
Event: 0.036 Thread 0x00007fef8007f890  225       3       java.nio.DirectByteBuffer::ix (10 bytes)
Event: 0.036 Thread 0x00007fef8007f890 nmethod 225 0x00007ff010448a10 code [0x00007ff010448ba0, 0x00007ff010448cb0]
Event: 0.036 Thread 0x00007fef8007f890  226   !   3       jdk.internal.misc.ScopedMemoryAccess::getByte (16 bytes)
Event: 0.036 Thread 0x00007ff0281759a0 nmethod 221 0x00007ff017ffb410 code [0x00007ff017ffb580, 0x00007ff017ffb5f8]
Event: 0.036 Thread 0x00007ff0281759a0  228       4       java.lang.ref.Reference::reachabilityFence (1 bytes)
Event: 0.036 Thread 0x00007ff0281759a0 nmethod 228 0x00007ff017ffb710 code [0x00007ff017ffb880, 0x00007ff017ffb8e8]
Event: 0.036 Thread 0x00007fef8007f890 nmethod 226 0x00007ff010448d10 code [0x00007ff010448ee0, 0x00007ff0104492b8]
Event: 0.036 Thread 0x00007fef8007f890  230       3       jdk.internal.jimage.ImageStringsReader::unmaskedHashCode (166 bytes)
Event: 0.037 Thread 0x00007ff028177070 nmethod 224 0x00007ff010449490 code [0x00007ff0104496e0, 0x00007ff01044a040]
Event: 0.037 Thread 0x00007ff028177070  227   !   3       jdk.internal.misc.ScopedMemoryAccess::getByteInternal (34 bytes)
Event: 0.037 Thread 0x00007ff028177070 nmethod 227 0x00007ff01044a510 code [0x00007ff01044a6c0, 0x00007ff01044a918]
Event: 0.037 Thread 0x00007ff028177070  231       1       java.nio.Buffer::limit (5 bytes)
Event: 0.037 Thread 0x00007ff028177070 nmethod 231 0x00007ff017ffba10 code [0x00007ff017ffbba0, 0x00007ff017ffbc60]
Event: 0.037 Thread 0x00007fef8007f890 nmethod 230 0x00007ff01044aa90 code [0x00007ff01044ace0, 0x00007ff01044b7d8]
Event: 0.037 Thread 0x00007fef8007f890  232       3       java.lang.StringLatin1::newString (24 bytes)
Event: 0.037 Thread 0x00007fef8007f890 nmethod 232 0x00007ff01044bc90 code [0x00007ff01044bf40, 0x00007ff01044cce8]
Event: 0.038 Thread 0x00007fef8007f890  233       3       java.util.HashMap::newNode (13 bytes)
Event: 0.038 Thread 0x00007ff028177070  234       3       java.util.HashMap::afterNodeInsertion (1 bytes)
Event: 0.038 Thread 0x00007ff028177070 nmethod 234 0x00007ff01044d210 code [0x00007ff01044d3a0, 0x00007ff01044d4a0]
Event: 0.038 Thread 0x00007fef8007f890 nmethod 233 0x00007ff01044d510 code [0x00007ff01044d6c0, 0x00007ff01044da10]

GC Heap History (0 events):
No events

Dll operation events (7 events):
Event: 0.001 Loaded shared library /usr/lib/jvm/java-21-openjdk/lib/libjava.so
Event: 0.010 Loaded shared library /usr/lib/jvm/java-21-openjdk/lib/libjsvml.so
Event: 0.013 Loaded shared library /usr/lib/jvm/java-21-openjdk/lib/libnio.so
Event: 0.014 Loaded shared library /usr/lib/jvm/java-21-openjdk/lib/libzip.so
Event: 0.035 Loaded shared library /usr/lib/jvm/java-21-openjdk/lib/libnet.so
Event: 0.036 Loaded shared library /usr/lib/jvm/java-21-openjdk/lib/libjimage.so
Event: 0.039 Loaded shared library /tmp/libneko_3142760067428558596.so

Deoptimization events (0 events):
No events

Classes loaded (20 events):
Event: 0.038 Loading class java/nio/channels/spi/AbstractSelectableChannel
Event: 0.038 Loading class java/nio/channels/SelectableChannel
Event: 0.038 Loading class java/nio/channels/SelectableChannel done
Event: 0.038 Loading class java/nio/channels/spi/AbstractSelectableChannel done
Event: 0.038 Loading class java/nio/channels/SocketChannel done
Event: 0.038 Loading class sun/nio/ch/SocketChannelImpl done
Event: 0.038 Loading class sun/nio/ch/ChannelOutputStream
Event: 0.038 Loading class sun/nio/ch/ChannelOutputStream done
Event: 0.038 Loading class sun/nio/ch/NativeThread
Event: 0.039 Loading class sun/nio/ch/NativeThread done
Event: 0.039 Loading class sun/nio/ch/Util
Event: 0.039 Loading class sun/nio/ch/Util done
Event: 0.039 Loading class sun/nio/ch/Util$1
Event: 0.039 Loading class sun/nio/ch/Util$1 done
Event: 0.039 Loading class sun/nio/ch/Util$BufferCache
Event: 0.039 Loading class sun/nio/ch/Util$BufferCache done
Event: 0.039 Loading class java/nio/DirectByteBuffer$Deallocator
Event: 0.039 Loading class java/nio/DirectByteBuffer$Deallocator done
Event: 0.039 Loading class sun/nio/ch/IOStatus
Event: 0.039 Loading class sun/nio/ch/IOStatus done

Classes unloaded (0 events):
No events

Classes redefined (0 events):
No events

Internal exceptions (0 events):
No events

ZGC Phase Switch (0 events):
No events

VM Operations (0 events):
No events

Memory protections (11 events):
Event: 0.001 Protecting memory [0x00007ff030100000,0x00007ff030104000] with protection modes 0
Event: 0.009 Protecting memory [0x00007ff000471000,0x00007ff000475000] with protection modes 0
Event: 0.009 Protecting memory [0x00007ff000370000,0x00007ff000374000] with protection modes 0
Event: 0.010 Protecting memory [0x00007ff00026f000,0x00007ff000273000] with protection modes 0
Event: 0.010 Protecting memory [0x00007ff00016e000,0x00007ff000172000] with protection modes 0
Event: 0.010 Protecting memory [0x00007ff00006d000,0x00007ff000071000] with protection modes 0
Event: 0.010 Protecting memory [0x00007fefaa900000,0x00007fefaa904000] with protection modes 0
Event: 0.010 Protecting memory [0x00007fefaa7ff000,0x00007fefaa803000] with protection modes 0
Event: 0.012 Protecting memory [0x00007fefaa62d000,0x00007fefaa631000] with protection modes 0
Event: 0.012 Protecting memory [0x00007fefaa52c000,0x00007fefaa530000] with protection modes 0
Event: 0.021 Protecting memory [0x00007fefaa42b000,0x00007fefaa42f000] with protection modes 0

Nmethod flushes (0 events):
No events

Events (11 events):
Event: 0.006 Thread 0x00007ff028019c70 Thread added: 0x00007ff028019c70
Event: 0.009 Thread 0x00007ff028019c70 Thread added: 0x00007ff02816e430
Event: 0.009 Thread 0x00007ff028019c70 Thread added: 0x00007ff02816f9b0
Event: 0.010 Thread 0x00007ff028019c70 Thread added: 0x00007ff028171270
Event: 0.010 Thread 0x00007ff028019c70 Thread added: 0x00007ff0281728c0
Event: 0.010 Thread 0x00007ff028019c70 Thread added: 0x00007ff028173e70
Event: 0.010 Thread 0x00007ff028019c70 Thread added: 0x00007ff0281759a0
Event: 0.010 Thread 0x00007ff028019c70 Thread added: 0x00007ff028177070
Event: 0.012 Thread 0x00007ff028019c70 Thread added: 0x00007ff028182fe0
Event: 0.012 Thread 0x00007ff028019c70 Thread added: 0x00007ff028185f20
Event: 0.021 Thread 0x00007ff0281759a0 Thread added: 0x00007fef8007f890


Dynamic libraries:
51d000000-54b800000 rw-p 00000000 00:00 0 
54b800000-7ff800000 ---p 00000000 00:00 0 
7ff800000-7ff90d000 rw-p 00cda000 103:06 12095119                        /usr/lib/jvm/java-21-openjdk/lib/server/classes.jsa
7ff90d000-800000000 rw-p 00000000 00:00 0 
56121f410000-56121f411000 r--p 00000000 103:06 12094845                  /usr/lib/jvm/java-21-openjdk/bin/java
56121f411000-56121f412000 r-xp 00001000 103:06 12094845                  /usr/lib/jvm/java-21-openjdk/bin/java
56121f412000-56121f413000 r--p 00002000 103:06 12094845                  /usr/lib/jvm/java-21-openjdk/bin/java
56121f413000-56121f414000 r--p 00002000 103:06 12094845                  /usr/lib/jvm/java-21-openjdk/bin/java
56121f414000-56121f415000 rw-p 00003000 103:06 12094845                  /usr/lib/jvm/java-21-openjdk/bin/java
56123ed63000-56123edaf000 rw-p 00000000 00:00 0                          [heap]
7fef70000000-7fef700f9000 rw-p 00000000 00:00 0 
7fef700f9000-7fef74000000 ---p 00000000 00:00 0 
7fef78000000-7fef78021000 rw-p 00000000 00:00 0 
7fef78021000-7fef7c000000 ---p 00000000 00:00 0 
7fef7c000000-7fef7c021000 rw-p 00000000 00:00 0 
7fef7c021000-7fef80000000 ---p 00000000 00:00 0 
7fef80000000-7fef8009b000 rw-p 00000000 00:00 0 
7fef8009b000-7fef84000000 ---p 00000000 00:00 0 
7fef84000000-7fef840c3000 rw-p 00000000 00:00 0 
7fef840c3000-7fef88000000 ---p 00000000 00:00 0 
7fef88000000-7fef88021000 rw-p 00000000 00:00 0 
7fef88021000-7fef8c000000 ---p 00000000 00:00 0 
7fef8c000000-7fef8c021000 rw-p 00000000 00:00 0 
7fef8c021000-7fef90000000 ---p 00000000 00:00 0 
7fef90000000-7fef90021000 rw-p 00000000 00:00 0 
7fef90021000-7fef94000000 ---p 00000000 00:00 0 
7fef94000000-7fef94021000 rw-p 00000000 00:00 0 
7fef94021000-7fef98000000 ---p 00000000 00:00 0 
7fef98000000-7fef98021000 rw-p 00000000 00:00 0 
7fef98021000-7fef9c000000 ---p 00000000 00:00 0 
7fef9c000000-7fef9c021000 rw-p 00000000 00:00 0 
7fef9c021000-7fefa0000000 ---p 00000000 00:00 0 
7fefa0000000-7fefa0100000 rw-p 00000000 00:00 0 
7fefa0100000-7fefa0400000 ---p 00000000 00:00 0 
7fefa0400000-7fefa0410000 rw-p 00000000 00:00 0 
7fefa0410000-7fefa4000000 ---p 00000000 00:00 0 
7fefa4000000-7fefa4021000 rw-p 00000000 00:00 0 
7fefa4021000-7fefa8000000 ---p 00000000 00:00 0 
7fefaa42a000-7fefaa42b000 rw-p 00000000 00:00 0 
7fefaa42b000-7fefaa42f000 ---p 00000000 00:00 0 
7fefaa42f000-7fefaa52c000 rw-p 00000000 00:00 0 
7fefaa52c000-7fefaa530000 ---p 00000000 00:00 0 
7fefaa530000-7fefaa62d000 rw-p 00000000 00:00 0 
7fefaa62d000-7fefaa631000 ---p 00000000 00:00 0 
7fefaa631000-7fefaa72d000 rw-p 00000000 00:00 0 
7fefaa72d000-7fefaa732000 r--p 00000000 103:06 12095093                  /usr/lib/jvm/java-21-openjdk/lib/libjsvml.so
7fefaa732000-7fefaa773000 r-xp 00005000 103:06 12095093                  /usr/lib/jvm/java-21-openjdk/lib/libjsvml.so
7fefaa773000-7fefaa7fc000 r--p 00046000 103:06 12095093                  /usr/lib/jvm/java-21-openjdk/lib/libjsvml.so
7fefaa7fc000-7fefaa7fd000 r--p 000ce000 103:06 12095093                  /usr/lib/jvm/java-21-openjdk/lib/libjsvml.so
7fefaa7fd000-7fefaa7fe000 rw-p 000cf000 103:06 12095093                  /usr/lib/jvm/java-21-openjdk/lib/libjsvml.so
7fefaa7fe000-7fefaa7ff000 rw-p 00000000 00:00 0 
7fefaa7ff000-7fefaa803000 ---p 00000000 00:00 0 
7fefaa803000-7fefaa900000 rw-p 00000000 00:00 0 
7fefaa900000-7fefaa904000 ---p 00000000 00:00 0 
7fefaa904000-7fefaaa00000 rw-p 00000000 00:00 0 
7fefaaa00000-7fefaaff4000 r--p 00000000 103:06 11870942                  /usr/lib/locale/locale-archive
7fefab000000-7fefabc9b000 rw-p 00001000 103:06 12095119                  /usr/lib/jvm/java-21-openjdk/lib/server/classes.jsa
7fefabc9b000-7fefac000000 ---p 00000000 00:00 0 
7fefac000000-7fefac010000 rw-p 00000000 00:00 0 
7fefac010000-7fefac040000 ---p 00000000 00:00 0 
7fefac040000-7fefac060000 rw-p 00000000 00:00 0 
7fefac060000-7fefec000000 ---p 00000000 00:00 0 
7fefec000000-7fefec021000 rw-p 00000000 00:00 0 
7fefec021000-7feff0000000 ---p 00000000 00:00 0 
7feff0000000-7feff0021000 rw-p 00000000 00:00 0 
7feff0021000-7feff4000000 ---p 00000000 00:00 0 
7feff4000000-7feff4021000 rw-p 00000000 00:00 0 
7feff4021000-7feff8000000 ---p 00000000 00:00 0 
7feff8000000-7feff8021000 rw-p 00000000 00:00 0 
7feff8021000-7feffc000000 ---p 00000000 00:00 0 
7feffc000000-7feffc021000 rw-p 00000000 00:00 0 
7feffc021000-7ff000000000 ---p 00000000 00:00 0 
7ff00006c000-7ff00006d000 rw-p 00000000 00:00 0 
7ff00006d000-7ff000071000 ---p 00000000 00:00 0 
7ff000071000-7ff00016e000 rw-p 00000000 00:00 0 
7ff00016e000-7ff000172000 ---p 00000000 00:00 0 
7ff000172000-7ff00026f000 rw-p 00000000 00:00 0 
7ff00026f000-7ff000273000 ---p 00000000 00:00 0 
7ff000273000-7ff000370000 rw-p 00000000 00:00 0 
7ff000370000-7ff000374000 ---p 00000000 00:00 0 
7ff000374000-7ff000471000 rw-p 00000000 00:00 0 
7ff000471000-7ff000475000 ---p 00000000 00:00 0 
7ff000475000-7ff000773000 rw-p 00000000 00:00 0 
7ff000773000-7ff0007f4000 rw-p 00000000 00:00 0 
7ff0007f4000-7ff0009f6000 rw-p 00000000 00:00 0 
7ff0009f6000-7ff003400000 rw-p 00000000 00:00 0 
7ff003428000-7ff003fc8000 rw-p 00000000 00:00 0 
7ff003fc8000-7ff00ecc8000 ---p 00000000 00:00 0 
7ff00ecc8000-7ff00ee5c000 rw-p 00000000 00:00 0 
7ff00ee5c000-7ff0103fc000 ---p 00000000 00:00 0 
7ff0103fc000-7ff010400000 rw-p 00000000 00:00 0 
7ff010400000-7ff010670000 rwxp 00000000 00:00 0 
7ff010670000-7ff017817000 ---p 00000000 00:00 0 
7ff017817000-7ff017a87000 rwxp 00000000 00:00 0 
7ff017a87000-7ff017fe8000 ---p 00000000 00:00 0 
7ff017fe8000-7ff018258000 rwxp 00000000 00:00 0 
7ff018258000-7ff01f400000 ---p 00000000 00:00 0 
7ff01f400000-7ff027ebc000 r--s 00000000 103:06 12095110                  /usr/lib/jvm/java-21-openjdk/lib/modules
7ff027eff000-7ff028242000 rw-p 00000000 00:00 0 
7ff028242000-7ff02c000000 ---p 00000000 00:00 0 
7ff02c00d000-7ff02ccb5000 rw-p 00000000 00:00 0 
7ff02ccb5000-7ff02cfb8000 rw-p 00000000 00:00 0 
7ff02cfb8000-7ff02d216000 rw-p 00000000 00:00 0 
7ff02d216000-7ff02e7b6000 ---p 00000000 00:00 0 
7ff02e7b6000-7ff02ff33000 rw-p 00000000 00:00 0 
7ff02ff33000-7ff030017000 ---p 00000000 00:00 0 
7ff030017000-7ff03001c000 rw-p 00000000 00:00 0 
7ff03001c000-7ff030100000 ---p 00000000 00:00 0 
7ff030100000-7ff030104000 ---p 00000000 00:00 0 
7ff030104000-7ff030200000 rw-p 00000000 00:00 0 
7ff030200000-7ff030297000 r--p 00000000 103:06 11800403                  /usr/lib/libstdc++.so.6.0.34
7ff030297000-7ff0303ec000 r-xp 00097000 103:06 11800403                  /usr/lib/libstdc++.so.6.0.34
7ff0303ec000-7ff03047e000 r--p 001ec000 103:06 11800403                  /usr/lib/libstdc++.so.6.0.34
7ff03047e000-7ff03048f000 r--p 0027e000 103:06 11800403                  /usr/lib/libstdc++.so.6.0.34
7ff03048f000-7ff030490000 rw-p 0028f000 103:06 11800403                  /usr/lib/libstdc++.so.6.0.34
7ff030490000-7ff030494000 rw-p 00000000 00:00 0 
7ff03049d000-7ff0304a1000 r--p 00000000 00:22 22251                      /tmp/libneko_3142760067428558596.so
7ff0304a1000-7ff0304aa000 r-xp 00003000 00:22 22251                      /tmp/libneko_3142760067428558596.so
7ff0304aa000-7ff0304ab000 r--p 0000b000 00:22 22251                      /tmp/libneko_3142760067428558596.so
7ff0304ab000-7ff0304ad000 rw-p 0000b000 00:22 22251                      /tmp/libneko_3142760067428558596.so
7ff0304ad000-7ff0304b0000 r--p 00000000 103:06 12095100                  /usr/lib/jvm/java-21-openjdk/lib/libnet.so
7ff0304b0000-7ff0304b8000 r-xp 00003000 103:06 12095100                  /usr/lib/jvm/java-21-openjdk/lib/libnet.so
7ff0304b8000-7ff0304ba000 r--p 0000b000 103:06 12095100                  /usr/lib/jvm/java-21-openjdk/lib/libnet.so
7ff0304ba000-7ff0304bb000 r--p 0000c000 103:06 12095100                  /usr/lib/jvm/java-21-openjdk/lib/libnet.so
7ff0304bb000-7ff0304bc000 rw-p 0000d000 103:06 12095100                  /usr/lib/jvm/java-21-openjdk/lib/libnet.so
7ff0304bc000-7ff0304c3000 r--p 00000000 103:06 12095101                  /usr/lib/jvm/java-21-openjdk/lib/libnio.so
7ff0304c3000-7ff0304cc000 r-xp 00007000 103:06 12095101                  /usr/lib/jvm/java-21-openjdk/lib/libnio.so
7ff0304cc000-7ff0304d0000 r--p 00010000 103:06 12095101                  /usr/lib/jvm/java-21-openjdk/lib/libnio.so
7ff0304d0000-7ff0304d1000 r--p 00014000 103:06 12095101                  /usr/lib/jvm/java-21-openjdk/lib/libnio.so
7ff0304d1000-7ff0304d2000 rw-p 00015000 103:06 12095101                  /usr/lib/jvm/java-21-openjdk/lib/libnio.so
7ff0304d2000-7ff0304d7000 rw-p 00000000 00:00 0 
7ff0304d7000-7ff0304e2000 ---p 00000000 00:00 0 
7ff0304e2000-7ff0304f2000 r--p 00000000 103:06 11799566                  /usr/lib/libm.so.6
7ff0304f2000-7ff030589000 r-xp 00010000 103:06 11799566                  /usr/lib/libm.so.6
7ff030589000-7ff0305fe000 r--p 000a7000 103:06 11799566                  /usr/lib/libm.so.6
7ff0305fe000-7ff0305ff000 r--p 0011b000 103:06 11799566                  /usr/lib/libm.so.6
7ff0305ff000-7ff030600000 rw-p 0011c000 103:06 11799566                  /usr/lib/libm.so.6
7ff030600000-7ff030610000 r--p 00000000 103:06 12095122                  /usr/lib/jvm/java-21-openjdk/lib/server/libjvm.so
7ff030610000-7ff031516000 r-xp 00010000 103:06 12095122                  /usr/lib/jvm/java-21-openjdk/lib/server/libjvm.so
7ff031516000-7ff0317ef000 r--p 00f16000 103:06 12095122                  /usr/lib/jvm/java-21-openjdk/lib/server/libjvm.so
7ff0317ef000-7ff0318c5000 r--p 011ef000 103:06 12095122                  /usr/lib/jvm/java-21-openjdk/lib/server/libjvm.so
7ff0318c5000-7ff0318f5000 rw-p 012c5000 103:06 12095122                  /usr/lib/jvm/java-21-openjdk/lib/server/libjvm.so
7ff0318f5000-7ff03195b000 rw-p 00000000 00:00 0 
7ff03195d000-7ff03195f000 r--p 00000000 103:06 12095109                  /usr/lib/jvm/java-21-openjdk/lib/libzip.so
7ff03195f000-7ff031963000 r-xp 00002000 103:06 12095109                  /usr/lib/jvm/java-21-openjdk/lib/libzip.so
7ff031963000-7ff031965000 r--p 00006000 103:06 12095109                  /usr/lib/jvm/java-21-openjdk/lib/libzip.so
7ff031965000-7ff031966000 r--p 00007000 103:06 12095109                  /usr/lib/jvm/java-21-openjdk/lib/libzip.so
7ff031966000-7ff031967000 rw-p 00008000 103:06 12095109                  /usr/lib/jvm/java-21-openjdk/lib/libzip.so
7ff031967000-7ff03196b000 r--p 00000000 103:06 11800376                  /usr/lib/libgcc_s.so.1
7ff03196b000-7ff03198e000 r-xp 00004000 103:06 11800376                  /usr/lib/libgcc_s.so.1
7ff03198e000-7ff031992000 r--p 00027000 103:06 11800376                  /usr/lib/libgcc_s.so.1
7ff031992000-7ff031993000 r--p 0002a000 103:06 11800376                  /usr/lib/libgcc_s.so.1
7ff031993000-7ff031994000 rw-p 0002b000 103:06 11800376                  /usr/lib/libgcc_s.so.1
7ff031994000-7ff031996000 rw-p 00000000 00:00 0 
7ff031996000-7ff031999000 r--p 00000000 103:06 11803691                  /usr/lib/libz.so.1.3.2
7ff031999000-7ff0319a9000 r-xp 00003000 103:06 11803691                  /usr/lib/libz.so.1.3.2
7ff0319a9000-7ff0319af000 r--p 00013000 103:06 11803691                  /usr/lib/libz.so.1.3.2
7ff0319af000-7ff0319b0000 r--p 00018000 103:06 11803691                  /usr/lib/libz.so.1.3.2
7ff0319b0000-7ff0319b1000 rw-p 00019000 103:06 11803691                  /usr/lib/libz.so.1.3.2
7ff0319b1000-7ff0319d5000 r--p 00000000 103:06 11799556                  /usr/lib/libc.so.6
7ff0319d5000-7ff031b46000 r-xp 00024000 103:06 11799556                  /usr/lib/libc.so.6
7ff031b46000-7ff031b94000 r--p 00195000 103:06 11799556                  /usr/lib/libc.so.6
7ff031b94000-7ff031b98000 r--p 001e2000 103:06 11799556                  /usr/lib/libc.so.6
7ff031b98000-7ff031b9a000 rw-p 001e6000 103:06 11799556                  /usr/lib/libc.so.6
7ff031b9a000-7ff031ba2000 rw-p 00000000 00:00 0 
7ff031ba3000-7ff031ba4000 r--p 00000000 103:06 11799561                  /usr/lib/libdl.so.2
7ff031ba4000-7ff031ba5000 r-xp 00001000 103:06 11799561                  /usr/lib/libdl.so.2
7ff031ba5000-7ff031ba6000 r--p 00002000 103:06 11799561                  /usr/lib/libdl.so.2
7ff031ba6000-7ff031ba7000 r--p 00002000 103:06 11799561                  /usr/lib/libdl.so.2
7ff031ba7000-7ff031ba8000 rw-p 00003000 103:06 11799561                  /usr/lib/libdl.so.2
7ff031ba8000-7ff031bb2000 r--p 00000000 103:06 12095085                  /usr/lib/jvm/java-21-openjdk/lib/libjava.so
7ff031bb2000-7ff031bc0000 r-xp 0000a000 103:06 12095085                  /usr/lib/jvm/java-21-openjdk/lib/libjava.so
7ff031bc0000-7ff031bc5000 r--p 00018000 103:06 12095085                  /usr/lib/jvm/java-21-openjdk/lib/libjava.so
7ff031bc5000-7ff031bc6000 r--p 0001d000 103:06 12095085                  /usr/lib/jvm/java-21-openjdk/lib/libjava.so
7ff031bc6000-7ff031bc7000 rw-p 0001e000 103:06 12095085                  /usr/lib/jvm/java-21-openjdk/lib/libjava.so
7ff031bc7000-7ff031bc8000 rw-p 00000000 00:00 0 
7ff031bc8000-7ff031bd0000 rw-s 00000000 00:22 22249                      /tmp/hsperfdata_fadouse/1628554
7ff031bd0000-7ff031bd1000 ---p 00000000 00:00 0 
7ff031bd1000-7ff031bd2000 r--p 00000000 00:00 0 
7ff031bd2000-7ff031bd3000 ---p 00000000 00:00 0 
7ff031bd3000-7ff031bd4000 r--p 00000000 103:06 12095089                  /usr/lib/jvm/java-21-openjdk/lib/libjimage.so
7ff031bd4000-7ff031bd6000 r-xp 00001000 103:06 12095089                  /usr/lib/jvm/java-21-openjdk/lib/libjimage.so
7ff031bd6000-7ff031bd7000 r--p 00003000 103:06 12095089                  /usr/lib/jvm/java-21-openjdk/lib/libjimage.so
7ff031bd7000-7ff031bd8000 r--p 00004000 103:06 12095089                  /usr/lib/jvm/java-21-openjdk/lib/libjimage.so
7ff031bd8000-7ff031bd9000 rw-p 00005000 103:06 12095089                  /usr/lib/jvm/java-21-openjdk/lib/libjimage.so
7ff031bd9000-7ff031bdb000 r--p 00000000 103:06 12095090                  /usr/lib/jvm/java-21-openjdk/lib/libjli.so
7ff031bdb000-7ff031be5000 r-xp 00002000 103:06 12095090                  /usr/lib/jvm/java-21-openjdk/lib/libjli.so
7ff031be5000-7ff031be8000 r--p 0000c000 103:06 12095090                  /usr/lib/jvm/java-21-openjdk/lib/libjli.so
7ff031be8000-7ff031be9000 r--p 0000f000 103:06 12095090                  /usr/lib/jvm/java-21-openjdk/lib/libjli.so
7ff031be9000-7ff031bea000 rw-p 00010000 103:06 12095090                  /usr/lib/jvm/java-21-openjdk/lib/libjli.so
7ff031bea000-7ff031bec000 rw-p 00000000 00:00 0 
7ff031bec000-7ff031bf0000 r--p 00000000 00:00 0                          [vvar]
7ff031bf0000-7ff031bf2000 r--p 00000000 00:00 0                          [vvar_vclock]
7ff031bf2000-7ff031bf4000 r-xp 00000000 00:00 0                          [vdso]
7ff031bf4000-7ff031bf5000 r--p 00000000 103:06 11799547                  /usr/lib/ld-linux-x86-64.so.2
7ff031bf5000-7ff031c1f000 r-xp 00001000 103:06 11799547                  /usr/lib/ld-linux-x86-64.so.2
7ff031c1f000-7ff031c2a000 r--p 0002b000 103:06 11799547                  /usr/lib/ld-linux-x86-64.so.2
7ff031c2a000-7ff031c2c000 r--p 00036000 103:06 11799547                  /usr/lib/ld-linux-x86-64.so.2
7ff031c2c000-7ff031c2d000 rw-p 00038000 103:06 11799547                  /usr/lib/ld-linux-x86-64.so.2
7ff031c2d000-7ff031c2e000 rw-p 00000000 00:00 0 
7ffc3fa64000-7ffc3fa85000 rw-p 00000000 00:00 0                          [stack]
ffffffffff600000-ffffffffff601000 --xp 00000000 00:00 0                  [vsyscall]
Total number of mappings: 202

JVMTI agents: none


VM Arguments:
jvm_args: -Dneko.native.debug=true 
java_command: verification/w1/final/TEST-native-debug.jar
java_class_path (initial): verification/w1/final/TEST-native-debug.jar
Launcher Type: SUN_STANDARD

[Global flags]
     intx CICompilerCount                          = 15                                        {product} {ergonomic}
     uint ConcGCThreads                            = 6                                         {product} {ergonomic}
     uint G1ConcRefinementThreads                  = 23                                        {product} {ergonomic}
   size_t G1HeapRegionSize                         = 8388608                                   {product} {ergonomic}
    uintx GCDrainStackTargetSize                   = 64                                        {product} {ergonomic}
   size_t InitialHeapSize                          = 780140544                                 {product} {ergonomic}
   size_t MarkStackSize                            = 4194304                                   {product} {ergonomic}
   size_t MaxHeapSize                              = 12398362624                               {product} {ergonomic}
   size_t MaxNewSize                               = 7432306688                                {product} {ergonomic}
   size_t MinHeapDeltaBytes                        = 8388608                                   {product} {ergonomic}
   size_t MinHeapSize                              = 8388608                                   {product} {ergonomic}
    uintx NonNMethodCodeHeapSize                   = 8192380                                {pd product} {ergonomic}
    uintx NonProfiledCodeHeapSize                  = 121732930                              {pd product} {ergonomic}
    uintx ProfiledCodeHeapSize                     = 121732930                              {pd product} {ergonomic}
    uintx ReservedCodeCacheSize                    = 251658240                              {pd product} {ergonomic}
     bool SegmentedCodeCache                       = true                                      {product} {ergonomic}
   size_t SoftMaxHeapSize                          = 12398362624                            {manageable} {ergonomic}
     bool UseCompressedOops                        = true                           {product lp64_product} {ergonomic}
     bool UseG1GC                                  = true                                      {product} {ergonomic}

Logging:
Log output configuration:
 #0: stdout all=warning uptime,level,tags foldmultilines=false
 #1: stderr all=off uptime,level,tags foldmultilines=false

Release file:
<release file has not been read>
Environment Variables:
PATH=/home/fadouse/.cargo/bin:/home/fadouse/.bun/bin:/home/fadouse/node_modules/.bin:/home/fadouse/.opencode/bin:/home/fadouse/.local/bin:/usr/local/sbin:/usr/local/bin:/usr/bin:/var/lib/flatpak/exports/bin:/usr/lib/jvm/default/bin:/usr/bin/site_perl:/usr/bin/vendor_perl:/usr/bin/core_perl:/usr/lib/rustup/bin:/home/fadouse/.local/share/JetBrains/Toolbox/scripts:/home/fadouse/.lmstudio/bin:/home/fadouse/.lmstudio/bin
LD_LIBRARY_PATH=/home/fadouse/.local/lib:/home/fadouse/.local/lib
SHELL=/bin/bash
DISPLAY=:1
WAYLAND_DISPLAY=wayland-0
LANG=en_US.UTF-8
LC_NUMERIC=en_US.UTF-8
LC_TIME=en_US.UTF-8
TERM=xterm-ghostty

Active Locale:
LC_ALL=en_US.UTF-8
LC_COLLATE=en_US.UTF-8
LC_CTYPE=en_US.UTF-8
LC_MESSAGES=en_US.UTF-8
LC_MONETARY=en_US.UTF-8
LC_NUMERIC=en_US.UTF-8
LC_TIME=en_US.UTF-8

Signal Handlers:
   SIGSEGV: 0x00007ff03140d280 in libjvm.so+14733952, mask=11100100010111111101111111111110, flags=SA_RESTART|SA_SIGINFO, unblocked
    SIGBUS: 0x00007ff03140d280 in libjvm.so+14733952, mask=11100100010111111101111111111110, flags=SA_RESTART|SA_SIGINFO, unblocked
    SIGFPE: 0x00007ff03140d280 in libjvm.so+14733952, mask=11100100010111111101111111111110, flags=SA_RESTART|SA_SIGINFO, unblocked
   SIGPIPE: 0x00007ff031266980 in libjvm.so+13003136, mask=11100100010111111101111111111110, flags=SA_RESTART|SA_SIGINFO, blocked
   SIGXFSZ: 0x00007ff031266980 in libjvm.so+13003136, mask=11100100010111111101111111111110, flags=SA_RESTART|SA_SIGINFO, blocked
    SIGILL: 0x00007ff03140d280 in libjvm.so+14733952, mask=11100100010111111101111111111110, flags=SA_RESTART|SA_SIGINFO, unblocked
   SIGUSR2: 0x00007ff0312682a0 in libjvm.so+13009568, mask=00000000000000000000000000000000, flags=SA_RESTART|SA_SIGINFO, blocked
    SIGHUP: 0x00007ff031265ce0 in libjvm.so+12999904, mask=11100100010111111101111111111110, flags=SA_RESTART|SA_SIGINFO, blocked
    SIGINT: 0x00007ff031265ce0 in libjvm.so+12999904, mask=11100100010111111101111111111110, flags=SA_RESTART|SA_SIGINFO, blocked
   SIGTERM: 0x00007ff031265ce0 in libjvm.so+12999904, mask=11100100010111111101111111111110, flags=SA_RESTART|SA_SIGINFO, blocked
   SIGQUIT: 0x00007ff031265ce0 in libjvm.so+12999904, mask=11100100010111111101111111111110, flags=SA_RESTART|SA_SIGINFO, blocked
   SIGTRAP: 0x00007ff03140d280 in libjvm.so+14733952, mask=11100100010111111101111111111110, flags=SA_RESTART|SA_SIGINFO, unblocked


Periodic native trim disabled

---------------  S Y S T E M  ---------------

OS:
DISTRIB_ID="Arch"
DISTRIB_RELEASE="rolling"
DISTRIB_DESCRIPTION="Arch Linux"
uname: Linux 6.19.11-arch1-1 #1 SMP PREEMPT_DYNAMIC Thu, 02 Apr 2026 23:33:01 +0000 x86_64
OS uptime: 3 days 1:54 hours
libc: glibc 2.43 NPTL 2.43 
rlimit (soft/hard): STACK 16384k/infinity , CORE infinity/infinity , NPROC 188532/188532 , NOFILE 524288/524288 , AS infinity/infinity , CPU infinity/infinity , DATA infinity/infinity , FSIZE infinity/infinity , MEMLOCK infinity/infinity
load average: 4.13 3.57 3.72

/proc/meminfo:
MemTotal:       48423308 kB
MemFree:          611188 kB
MemAvailable:    3920644 kB
Buffers:           53104 kB
Cached:          5088948 kB
SwapCached:            0 kB
Active:         16521880 kB
Inactive:       25967436 kB
Active(anon):   15841428 kB
Inactive(anon): 24687728 kB
Active(file):     680452 kB
Inactive(file):  1279708 kB
Unevictable:        1440 kB
Mlocked:            1436 kB
SwapTotal:             0 kB
SwapFree:              0 kB
Zswap:                 0 kB
Zswapped:              0 kB
Dirty:              3180 kB
Writeback:             0 kB
AnonPages:      37102612 kB
Mapped:          3255016 kB
Shmem:           3182304 kB
KReclaimable:    1943192 kB
Slab:            2729628 kB
SReclaimable:    1943192 kB
SUnreclaim:       786436 kB
KernelStack:       77456 kB
PageTables:       348844 kB
SecPageTables:      2440 kB
NFS_Unstable:          0 kB
Bounce:                0 kB
WritebackTmp:          0 kB
CommitLimit:    24211652 kB
Committed_AS:   103537784 kB
VmallocTotal:   34359738367 kB
VmallocUsed:      225600 kB
VmallocChunk:          0 kB
Percpu:            34816 kB
HardwareCorrupted:     0 kB
AnonHugePages:   4956160 kB
ShmemHugePages:  1417216 kB
ShmemPmdMapped:   598016 kB
FileHugePages:    239616 kB
FilePmdMapped:    239616 kB
CmaTotal:              0 kB
CmaFree:               0 kB
Unaccepted:            0 kB
Balloon:               0 kB
HugePages_Total:       0
HugePages_Free:        0
HugePages_Rsvd:        0
HugePages_Surp:        0
Hugepagesize:       2048 kB
Hugetlb:               0 kB
DirectMap4k:     8095292 kB
DirectMap2M:    41334784 kB
DirectMap1G:     1048576 kB

/sys/kernel/mm/transparent_hugepage/enabled: [always] madvise never
/sys/kernel/mm/transparent_hugepage/hpage_pmd_size: 2097152
/sys/kernel/mm/transparent_hugepage/defrag (defrag/compaction efforts parameter): always defer defer+madvise [madvise] never

Process Memory:
Virtual Size: 15179240K (peak: 15244692K)
Resident Set Size: 50888K (peak: 50888K) (anon: 25284K, file: 25520K, shmem: 84K)
Swapped out: 0K
C-Heap outstanding allocations: 53563K, retained: 2116K
glibc malloc tunables: (default)

/proc/sys/kernel/threads-max (system-wide limit on the number of threads): 377065
/proc/sys/vm/max_map_count (maximum number of memory map areas a process may have): 1048576
/proc/sys/vm/swappiness (control to define how aggressively the kernel swaps out anonymous memory): 60
/proc/sys/kernel/pid_max (system-wide limit on number of process identifiers): 4194304

container information not found.
Steal ticks since vm start: 0
Steal ticks percentage since vm start:  0.000

CPU: total 32 (initial active 32) (32 cores per cpu, 2 threads per core) family 26 model 68 stepping 0 microcode 0xb404023, cx8, cmov, fxsr, ht, mmx, 3dnowpref, sse, sse2, sse3, ssse3, sse4a, sse4.1, sse4.2, popcnt, lzcnt, tsc, tscinvbit, avx, avx2, aes, erms, clmul, bmi1, bmi2, adx, avx512f, avx512dq, avx512cd, avx512bw, avx512vl, sha, fma, vzeroupper, avx512_vpopcntdq, avx512_vpclmulqdq, avx512_vaes, avx512_vnni, clflush, clflushopt, avx512_vbmi2, avx512_vbmi, rdtscp, rdpid, fsrm, gfni, avx512_bitalg, f16c, pku, ospke, cet_ss, avx512_ifma
CPU Model and flags from /proc/cpuinfo:
model name	: AMD Ryzen 9 9950X3D 16-Core Processor
flags		: fpu vme de pse tsc msr pae mce cx8 apic sep mtrr pge mca cmov pat pse36 clflush mmx fxsr sse sse2 ht syscall nx mmxext fxsr_opt pdpe1gb rdtscp lm constant_tsc rep_good amd_lbr_v2 nopl xtopology nonstop_tsc cpuid extd_apicid aperfmperf rapl pni pclmulqdq monitor ssse3 fma cx16 sse4_1 sse4_2 movbe popcnt aes xsave avx f16c rdrand lahf_lm cmp_legacy svm extapic cr8_legacy abm sse4a misalignsse 3dnowprefetch osvw ibs skinit wdt tce topoext perfctr_core perfctr_nb bpext perfctr_llc mwaitx cpuid_fault cpb cat_l3 cdp_l3 hw_pstate ssbd mba perfmon_v2 ibrs ibpb stibp ibrs_enhanced vmmcall fsgsbase tsc_adjust bmi1 avx2 smep bmi2 erms invpcid cqm rdt_a avx512f avx512dq adx smap avx512ifma clflushopt clwb avx512cd sha_ni avx512bw avx512vl xsaveopt xsavec xgetbv1 xsaves cqm_llc cqm_occup_llc cqm_mbm_total cqm_mbm_local user_shstk avx_vnni avx512_bf16 clzero irperf xsaveerptr rdpru wbnoinvd cppc arat npt lbrv svm_lock nrip_save tsc_scale vmcb_clean flushbyasid decodeassists pausefilter pfthreshold avic v_vmsave_vmload vgif x2avic v_spec_ctrl vnmi avx512vbmi umip pku ospke avx512_vbmi2 gfni vaes vpclmulqdq avx512_vnni avx512_bitalg avx512_vpopcntdq rdpid bus_lock_detect movdiri movdir64b overflow_recov succor smca fsrm avx512_vp2intersect flush_l1d amd_lbr_pmc_freeze

Online cpus: 0-31
Offline cpus: 
BIOS frequency limitation: <Not Available>
Frequency switch latency (ns): 0
Available cpu frequencies: <Not Available>
Current governor: powersave
Core performance/turbo boost: 1

Memory: 4k page, physical 48423308k(3920896k free), swap 0k(0k free)
Page Sizes: 4k

vm_info: OpenJDK 64-Bit Server VM (21.0.10+7) for linux-amd64 JRE (21.0.10+7), built on 2026-01-21T09:21:17Z by "builduser" with gcc 15.2.1 20260103

END.
