[NekoObfuscator] Starting...
[NekoObfuscator] Registered 10 transform passes
14:24:16.843 [main] INFO dev.nekoobfuscator.core.pipeline.ObfuscationPipeline -- Reading input JAR: test-jars/SnakeGame.jar
14:24:16.849 [main] DEBUG dev.nekoobfuscator.core.jar.JarInput -- Loaded class: DataOfSquare
14:24:16.849 [main] DEBUG dev.nekoobfuscator.core.jar.JarInput -- Loaded class: KeyboardListener
14:24:16.849 [main] DEBUG dev.nekoobfuscator.core.jar.JarInput -- Loaded class: Main
14:24:16.849 [main] DEBUG dev.nekoobfuscator.core.jar.JarInput -- Loaded class: SquarePanel
14:24:16.850 [main] DEBUG dev.nekoobfuscator.core.jar.JarInput -- Loaded class: ThreadsController
14:24:16.850 [main] DEBUG dev.nekoobfuscator.core.jar.JarInput -- Loaded class: Tuple
14:24:16.850 [main] DEBUG dev.nekoobfuscator.core.jar.JarInput -- Loaded class: Window
14:24:16.850 [main] INFO dev.nekoobfuscator.core.jar.JarInput -- Loaded 7 classes and 0 resources
14:24:16.850 [main] INFO dev.nekoobfuscator.core.pipeline.ObfuscationPipeline -- Loaded 7 classes, 0 resources
14:24:16.851 [main] INFO dev.nekoobfuscator.core.pipeline.ObfuscationPipeline -- Class hierarchy: 15 entries
14:24:16.857 [main] INFO dev.nekoobfuscator.core.pipeline.ObfuscationPipeline -- Master seed: 0x3039
14:24:16.857 [main] INFO dev.nekoobfuscator.core.pipeline.ObfuscationPipeline -- Scheduled 0 transform passes
14:24:16.858 [main] DEBUG dev.nekoobfuscator.core.pipeline.ObfuscationPipeline -- Injected runtime class: dev/nekoobfuscator/runtime/NekoNativeLoader
14:24:16.858 [main] INFO dev.nekoobfuscator.core.pipeline.ObfuscationPipeline -- Running native compilation stage
14:24:16.868 [main] WARN dev.nekoobfuscator.native_.stage.NativeCompilationStage -- Rejected native translation for DataOfSquare#<init>(I)V: constructors remain in bytecode form; reference PUTFIELD deferred to M5h (GC write barriers); reference GETSTATIC deferred pending oop static field support
14:24:16.868 [main] WARN dev.nekoobfuscator.native_.stage.NativeCompilationStage -- Rejected native translation for KeyboardListener#<init>()V: constructors remain in bytecode form
14:24:16.868 [main] WARN dev.nekoobfuscator.native_.stage.NativeCompilationStage -- Rejected native translation for Main#<init>()V: constructors remain in bytecode form
14:24:16.868 [main] WARN dev.nekoobfuscator.native_.stage.NativeCompilationStage -- Rejected native translation for SquarePanel#<init>(Ljava/awt/Color;)V: constructors remain in bytecode form
14:24:16.868 [main] WARN dev.nekoobfuscator.native_.stage.NativeCompilationStage -- Rejected native translation for ThreadsController#<init>(LTuple;)V: constructors remain in bytecode form; reference PUTFIELD deferred to M5h (GC write barriers); reference GETSTATIC deferred pending oop static field support
14:24:16.868 [main] WARN dev.nekoobfuscator.native_.stage.NativeCompilationStage -- Rejected native translation for ThreadsController#checkCollision()V: reference GETSTATIC deferred pending oop static field support; reference PUTFIELD deferred to M5h (GC write barriers)
14:24:16.868 [main] WARN dev.nekoobfuscator.native_.stage.NativeCompilationStage -- Rejected native translation for ThreadsController#stopTheGame()V: reference GETSTATIC deferred pending oop static field support
14:24:16.869 [main] WARN dev.nekoobfuscator.native_.stage.NativeCompilationStage -- Rejected native translation for ThreadsController#getValAleaNotInSnake()LTuple;: reference return requires direct ALOAD/ACONST_NULL producer
14:24:16.869 [main] WARN dev.nekoobfuscator.native_.stage.NativeCompilationStage -- Rejected native translation for Tuple#<init>(II)V: constructors remain in bytecode form
14:24:16.869 [main] WARN dev.nekoobfuscator.native_.stage.NativeCompilationStage -- Rejected native translation for Window#<init>()V: constructors remain in bytecode form; reference PUTSTATIC deferred to M5h (GC write barriers); reference GETSTATIC deferred pending oop static field support
14:24:16.869 [main] WARN dev.nekoobfuscator.native_.stage.NativeCompilationStage -- Rejected native translation for Window#<clinit>()V: class initializers are not translated
14:24:16.869 [main] WARN dev.nekoobfuscator.native_.stage.NativeCompilationStage -- Rejected native translation for Main#main([Ljava/lang/String;)V: INVOKE target not in neko manifest (translated→translated only)
14:24:16.869 [main] WARN dev.nekoobfuscator.native_.stage.NativeCompilationStage -- Rejected native translation for ThreadsController#pauser()V: INVOKE target not in neko manifest (translated→translated only)
14:24:16.869 [main] WARN dev.nekoobfuscator.native_.stage.NativeCompilationStage -- Rejected native translation for ThreadsController#moveInterne(I)V: INVOKE target not in neko manifest (translated→translated only)
14:24:16.914 [main] INFO dev.nekoobfuscator.native_.codegen.NativeBuildEngine -- zig cc: compiling 1 .c + 1 .S files for target x86_64-linux-gnu
14:24:16.914 [main] INFO dev.nekoobfuscator.native_.codegen.NativeBuildEngine -- Building native for LINUX_X64: zig cc -shared -Oz -std=c11 -Wall -Wextra -target x86_64-linux-gnu -I /usr/lib/jvm/java-21-openjdk/include -DNEKO_DEBUG_ENABLED=1 -I /usr/lib/jvm/java-21-openjdk/include/linux -o /tmp/neko_native_8122877846682795420/libneko_linux_x64.so /tmp/neko_native_sources_17842475940144803441/neko_native.c /tmp/neko_native_sources_17842475940144803441/neko_stubs.S
14:24:17.362 [main] INFO dev.nekoobfuscator.native_.codegen.NativeBuildEngine -- Built libneko_linux_x64.so (58328 bytes)
14:24:17.364 [main] INFO dev.nekoobfuscator.native_.stage.NativeCompilationStage -- Native stage rejected 14 method(s)
14:24:17.365 [main] INFO dev.nekoobfuscator.core.pipeline.ObfuscationPipeline -- Native stage: translated=12 rejected=14
14:24:17.365 [main] INFO dev.nekoobfuscator.core.pipeline.ObfuscationPipeline -- Writing output JAR: verification/w1/final-v12/SnakeGame-native-debug.jar
14:24:17.366 [main] DEBUG dev.nekoobfuscator.core.jar.JarOutput -- Wrote class: DataOfSquare
14:24:17.367 [main] DEBUG dev.nekoobfuscator.core.jar.JarOutput -- Wrote class: KeyboardListener
14:24:17.367 [main] DEBUG dev.nekoobfuscator.core.jar.JarOutput -- Wrote class: Main
14:24:17.367 [main] DEBUG dev.nekoobfuscator.core.jar.JarOutput -- Wrote class: SquarePanel
14:24:17.368 [main] DEBUG dev.nekoobfuscator.core.jar.JarOutput -- Wrote class: ThreadsController
14:24:17.368 [main] DEBUG dev.nekoobfuscator.core.jar.JarOutput -- Wrote class: Tuple
14:24:17.368 [main] DEBUG dev.nekoobfuscator.core.jar.JarOutput -- Wrote class: Window
14:24:17.368 [main] DEBUG dev.nekoobfuscator.core.jar.JarOutput -- Wrote class: dev/nekoobfuscator/runtime/NekoNativeLoader
14:24:17.370 [main] DEBUG dev.nekoobfuscator.core.jar.JarOutput -- Wrote resource: neko/native/libneko_linux_x64.so
14:24:17.370 [main] INFO dev.nekoobfuscator.core.jar.JarOutput -- Wrote 8 classes and 1 resources to verification/w1/final-v12/SnakeGame-native-debug.jar
14:24:17.370 [main] INFO dev.nekoobfuscator.core.pipeline.ObfuscationPipeline -- Obfuscation completed in 527ms
[NekoObfuscator] Done in 589ms
