[NekoObfuscator] Starting...
[NekoObfuscator] Registered 10 transform passes
13:36:51.658 [main] INFO dev.nekoobfuscator.core.pipeline.ObfuscationPipeline -- Reading input JAR: test-jars/obfusjack-test21.jar
13:36:51.663 [main] DEBUG dev.nekoobfuscator.core.jar.JarInput -- Loaded class: org/example/Main$1
13:36:51.663 [main] DEBUG dev.nekoobfuscator.core.jar.JarInput -- Loaded class: org/example/Main$1Local
13:36:51.663 [main] DEBUG dev.nekoobfuscator.core.jar.JarInput -- Loaded class: org/example/Main$2
13:36:51.663 [main] DEBUG dev.nekoobfuscator.core.jar.JarInput -- Loaded class: org/example/Main$Animal
13:36:51.663 [main] DEBUG dev.nekoobfuscator.core.jar.JarInput -- Loaded class: org/example/Main$Box
13:36:51.664 [main] DEBUG dev.nekoobfuscator.core.jar.JarInput -- Loaded class: org/example/Main$Circle
13:36:51.664 [main] DEBUG dev.nekoobfuscator.core.jar.JarInput -- Loaded class: org/example/Main$CloneThing
13:36:51.664 [main] DEBUG dev.nekoobfuscator.core.jar.JarInput -- Loaded class: org/example/Main$Color
13:36:51.664 [main] DEBUG dev.nekoobfuscator.core.jar.JarInput -- Loaded class: org/example/Main$DemoAnno
13:36:51.664 [main] DEBUG dev.nekoobfuscator.core.jar.JarInput -- Loaded class: org/example/Main$Dog
13:36:51.664 [main] DEBUG dev.nekoobfuscator.core.jar.JarInput -- Loaded class: org/example/Main$Greeter
13:36:51.665 [main] DEBUG dev.nekoobfuscator.core.jar.JarInput -- Loaded class: org/example/Main$Inner
13:36:51.665 [main] DEBUG dev.nekoobfuscator.core.jar.JarInput -- Loaded class: org/example/Main$LabeledPoint
13:36:51.665 [main] DEBUG dev.nekoobfuscator.core.jar.JarInput -- Loaded class: org/example/Main$MyException
13:36:51.665 [main] DEBUG dev.nekoobfuscator.core.jar.JarInput -- Loaded class: org/example/Main$Point
13:36:51.665 [main] DEBUG dev.nekoobfuscator.core.jar.JarInput -- Loaded class: org/example/Main$Rectangle
13:36:51.665 [main] DEBUG dev.nekoobfuscator.core.jar.JarInput -- Loaded class: org/example/Main$Shape
13:36:51.665 [main] DEBUG dev.nekoobfuscator.core.jar.JarInput -- Loaded class: org/example/Main$StaticInner
13:36:51.665 [main] DEBUG dev.nekoobfuscator.core.jar.JarInput -- Loaded class: org/example/Main$ThrowingRunnable
13:36:51.665 [main] DEBUG dev.nekoobfuscator.core.jar.JarInput -- Loaded class: org/example/Main$Triangle
13:36:51.667 [main] DEBUG dev.nekoobfuscator.core.jar.JarInput -- Loaded class: org/example/Main
13:36:51.667 [main] INFO dev.nekoobfuscator.core.jar.JarInput -- Loaded 21 classes and 1 resources
13:36:51.667 [main] INFO dev.nekoobfuscator.core.pipeline.ObfuscationPipeline -- Loaded 21 classes, 1 resources
13:36:51.667 [main] INFO dev.nekoobfuscator.core.pipeline.ObfuscationPipeline -- Class hierarchy: 29 entries
13:36:51.673 [main] INFO dev.nekoobfuscator.core.pipeline.ObfuscationPipeline -- Master seed: 0x3039
13:36:51.674 [main] INFO dev.nekoobfuscator.core.pipeline.ObfuscationPipeline -- Scheduled 0 transform passes
13:36:51.674 [main] DEBUG dev.nekoobfuscator.core.pipeline.ObfuscationPipeline -- Injected runtime class: dev/nekoobfuscator/runtime/NekoNativeLoader
13:36:51.674 [main] INFO dev.nekoobfuscator.core.pipeline.ObfuscationPipeline -- Running native compilation stage
13:36:51.687 [main] WARN dev.nekoobfuscator.native_.stage.NativeCompilationStage -- Rejected native translation for org/example/Main$1#<init>()V: constructors remain in bytecode form
13:36:51.687 [main] WARN dev.nekoobfuscator.native_.stage.NativeCompilationStage -- Rejected native translation for org/example/Main$1#run()V: reference GETSTATIC deferred pending oop static field support; INVOKE with reference arguments deferred pending JNI-free receiver spill hardening
13:36:51.687 [main] WARN dev.nekoobfuscator.native_.stage.NativeCompilationStage -- Rejected native translation for org/example/Main$1Local#<init>()V: constructors remain in bytecode form
13:36:51.687 [main] WARN dev.nekoobfuscator.native_.stage.NativeCompilationStage -- Rejected native translation for org/example/Main$2#<init>()V: constructors remain in bytecode form
13:36:51.687 [main] WARN dev.nekoobfuscator.native_.stage.NativeCompilationStage -- Rejected native translation for org/example/Main$2#get()Ljava/lang/Object;: bridge methods are skipped; reference return requires direct ALOAD/ACONST_NULL producer; INVOKE with reference return deferred to Wave 4 (oop return adapter)
13:36:51.687 [main] WARN dev.nekoobfuscator.native_.stage.NativeCompilationStage -- Rejected native translation for org/example/Main$Animal#<init>()V: constructors remain in bytecode form
13:36:51.687 [main] WARN dev.nekoobfuscator.native_.stage.NativeCompilationStage -- Rejected native translation for org/example/Main$Animal#speak()V: abstract methods have no translatable bytecode body
13:36:51.687 [main] WARN dev.nekoobfuscator.native_.stage.NativeCompilationStage -- Rejected native translation for org/example/Main$Box#<init>(Ljava/lang/Object;)V: constructors remain in bytecode form; reference PUTFIELD deferred to M5h (GC write barriers)
13:36:51.687 [main] WARN dev.nekoobfuscator.native_.stage.NativeCompilationStage -- Rejected native translation for org/example/Main$Box#merge(Lorg/example/Main$Box;Lorg/example/Main$Box;)Ljava/lang/Number;: reference return requires direct ALOAD/ACONST_NULL producer; CHECKCAST deferred beyond Wave 2; INVOKEVIRTUAL deferred pending Wave 3 vtable dispatch hardening; INVOKE with reference return deferred to Wave 4 (oop return adapter)
13:36:51.687 [main] WARN dev.nekoobfuscator.native_.stage.NativeCompilationStage -- Rejected native translation for org/example/Main$Circle#<init>(D)V: constructors remain in bytecode form
13:36:51.687 [main] WARN dev.nekoobfuscator.native_.stage.NativeCompilationStage -- Rejected native translation for org/example/Main$Circle#toString()Ljava/lang/String;: reference return requires direct ALOAD/ACONST_NULL producer; INVOKEDYNAMIC deferred to M5f
13:36:51.687 [main] WARN dev.nekoobfuscator.native_.stage.NativeCompilationStage -- Rejected native translation for org/example/Main$Circle#hashCode()I: INVOKEDYNAMIC deferred to M5f
13:36:51.687 [main] WARN dev.nekoobfuscator.native_.stage.NativeCompilationStage -- Rejected native translation for org/example/Main$Circle#equals(Ljava/lang/Object;)Z: INVOKEDYNAMIC deferred to M5f
13:36:51.687 [main] WARN dev.nekoobfuscator.native_.stage.NativeCompilationStage -- Rejected native translation for org/example/Main$CloneThing#<init>(I)V: constructors remain in bytecode form
13:36:51.687 [main] WARN dev.nekoobfuscator.native_.stage.NativeCompilationStage -- Rejected native translation for org/example/Main$CloneThing#clone()Ljava/lang/Object;: reference return requires direct ALOAD/ACONST_NULL producer; INVOKE with reference return deferred to Wave 4 (oop return adapter)
13:36:51.687 [main] WARN dev.nekoobfuscator.native_.stage.NativeCompilationStage -- Rejected native translation for org/example/Main$CloneThing#equals(Ljava/lang/Object;)Z: INSTANCEOF deferred beyond Wave 2; CHECKCAST deferred beyond Wave 2
13:36:51.687 [main] WARN dev.nekoobfuscator.native_.stage.NativeCompilationStage -- Rejected native translation for org/example/Main$CloneThing#toString()Ljava/lang/String;: reference return requires direct ALOAD/ACONST_NULL producer; INVOKEDYNAMIC deferred to M5f
13:36:51.687 [main] WARN dev.nekoobfuscator.native_.stage.NativeCompilationStage -- Rejected native translation for org/example/Main$Color#values()[Lorg/example/Main$Color;: reference return requires direct ALOAD/ACONST_NULL producer; reference GETSTATIC deferred pending oop static field support; INVOKE with reference return deferred to Wave 4 (oop return adapter); CHECKCAST deferred beyond Wave 2
13:36:51.688 [main] WARN dev.nekoobfuscator.native_.stage.NativeCompilationStage -- Rejected native translation for org/example/Main$Color#valueOf(Ljava/lang/String;)Lorg/example/Main$Color;: reference return requires direct ALOAD/ACONST_NULL producer; INVOKE with reference return deferred to Wave 4 (oop return adapter); CHECKCAST deferred beyond Wave 2
13:36:51.688 [main] WARN dev.nekoobfuscator.native_.stage.NativeCompilationStage -- Rejected native translation for org/example/Main$Color#<init>(Ljava/lang/String;I)V: constructors remain in bytecode form; INVOKE with reference arguments deferred pending JNI-free receiver spill hardening
13:36:51.688 [main] WARN dev.nekoobfuscator.native_.stage.NativeCompilationStage -- Rejected native translation for org/example/Main$Color#$values()[Lorg/example/Main$Color;: reference return requires direct ALOAD/ACONST_NULL producer; ANEWARRAY deferred beyond Wave 2; reference GETSTATIC deferred pending oop static field support; AASTORE deferred beyond Wave 2
13:36:51.688 [main] WARN dev.nekoobfuscator.native_.stage.NativeCompilationStage -- Rejected native translation for org/example/Main$Color#<clinit>()V: class initializers are not translated; NEW deferred beyond Wave 2; INVOKE with reference arguments deferred pending JNI-free receiver spill hardening; reference PUTSTATIC deferred to M5h (GC write barriers); INVOKE with reference return deferred to Wave 4 (oop return adapter)
13:36:51.688 [main] WARN dev.nekoobfuscator.native_.stage.NativeCompilationStage -- Rejected native translation for org/example/Main$DemoAnno#author()Ljava/lang/String;: abstract methods have no translatable bytecode body; reference return requires bytecode body
13:36:51.688 [main] WARN dev.nekoobfuscator.native_.stage.NativeCompilationStage -- Rejected native translation for org/example/Main$DemoAnno#tags()[Ljava/lang/String;: abstract methods have no translatable bytecode body; reference return requires bytecode body
13:36:51.688 [main] WARN dev.nekoobfuscator.native_.stage.NativeCompilationStage -- Rejected native translation for org/example/Main$Dog#<init>()V: constructors remain in bytecode form
13:36:51.688 [main] WARN dev.nekoobfuscator.native_.stage.NativeCompilationStage -- Rejected native translation for org/example/Main$Dog#speak()V: reference GETSTATIC deferred pending oop static field support; INVOKE with reference arguments deferred pending JNI-free receiver spill hardening
13:36:51.688 [main] WARN dev.nekoobfuscator.native_.stage.NativeCompilationStage -- Rejected native translation for org/example/Main$Greeter#greet(Ljava/lang/String;)Ljava/lang/String;: abstract methods have no translatable bytecode body; reference return requires bytecode body
13:36:51.688 [main] WARN dev.nekoobfuscator.native_.stage.NativeCompilationStage -- Rejected native translation for org/example/Main$Greeter#shout(Ljava/lang/String;)Ljava/lang/String;: reference return requires direct ALOAD/ACONST_NULL producer; INVOKE with reference return deferred to Wave 4 (oop return adapter); reference GETSTATIC deferred pending oop static field support
13:36:51.688 [main] WARN dev.nekoobfuscator.native_.stage.NativeCompilationStage -- Rejected native translation for org/example/Main$Greeter#fixed(Ljava/lang/String;)Lorg/example/Main$Greeter;: reference return requires direct ALOAD/ACONST_NULL producer; INVOKEDYNAMIC deferred to M5f
13:36:51.688 [main] WARN dev.nekoobfuscator.native_.stage.NativeCompilationStage -- Rejected native translation for org/example/Main$Greeter#lambda$fixed$0(Ljava/lang/String;Ljava/lang/String;)Ljava/lang/String;: reference return requires direct ALOAD/ACONST_NULL producer; INVOKEDYNAMIC deferred to M5f
13:36:51.688 [main] WARN dev.nekoobfuscator.native_.stage.NativeCompilationStage -- Rejected native translation for org/example/Main$Inner#<init>(Lorg/example/Main;I)V: constructors remain in bytecode form
13:36:51.688 [main] WARN dev.nekoobfuscator.native_.stage.NativeCompilationStage -- Rejected native translation for org/example/Main$LabeledPoint#<init>(Ljava/lang/String;Lorg/example/Main$Point;)V: constructors remain in bytecode form; reference PUTFIELD deferred to M5h (GC write barriers)
13:36:51.688 [main] WARN dev.nekoobfuscator.native_.stage.NativeCompilationStage -- Rejected native translation for org/example/Main$LabeledPoint#toString()Ljava/lang/String;: reference return requires direct ALOAD/ACONST_NULL producer; INVOKEDYNAMIC deferred to M5f
13:36:51.688 [main] WARN dev.nekoobfuscator.native_.stage.NativeCompilationStage -- Rejected native translation for org/example/Main$LabeledPoint#hashCode()I: INVOKEDYNAMIC deferred to M5f
13:36:51.688 [main] WARN dev.nekoobfuscator.native_.stage.NativeCompilationStage -- Rejected native translation for org/example/Main$LabeledPoint#equals(Ljava/lang/Object;)Z: INVOKEDYNAMIC deferred to M5f
13:36:51.688 [main] WARN dev.nekoobfuscator.native_.stage.NativeCompilationStage -- Rejected native translation for org/example/Main$LabeledPoint#label()Ljava/lang/String;: reference return requires direct ALOAD/ACONST_NULL producer
13:36:51.688 [main] WARN dev.nekoobfuscator.native_.stage.NativeCompilationStage -- Rejected native translation for org/example/Main$LabeledPoint#p()Lorg/example/Main$Point;: reference return requires direct ALOAD/ACONST_NULL producer
13:36:51.688 [main] WARN dev.nekoobfuscator.native_.stage.NativeCompilationStage -- Rejected native translation for org/example/Main$MyException#<init>(Ljava/lang/String;)V: constructors remain in bytecode form; INVOKE with reference arguments deferred pending JNI-free receiver spill hardening
13:36:51.688 [main] WARN dev.nekoobfuscator.native_.stage.NativeCompilationStage -- Rejected native translation for org/example/Main$Point#<init>(II)V: constructors remain in bytecode form
13:36:51.688 [main] WARN dev.nekoobfuscator.native_.stage.NativeCompilationStage -- Rejected native translation for org/example/Main$Point#toString()Ljava/lang/String;: reference return requires direct ALOAD/ACONST_NULL producer; INVOKEDYNAMIC deferred to M5f
13:36:51.688 [main] WARN dev.nekoobfuscator.native_.stage.NativeCompilationStage -- Rejected native translation for org/example/Main$Point#hashCode()I: INVOKEDYNAMIC deferred to M5f
13:36:51.688 [main] WARN dev.nekoobfuscator.native_.stage.NativeCompilationStage -- Rejected native translation for org/example/Main$Point#equals(Ljava/lang/Object;)Z: INVOKEDYNAMIC deferred to M5f
13:36:51.689 [main] WARN dev.nekoobfuscator.native_.stage.NativeCompilationStage -- Rejected native translation for org/example/Main$Rectangle#<init>(DD)V: constructors remain in bytecode form
13:36:51.689 [main] WARN dev.nekoobfuscator.native_.stage.NativeCompilationStage -- Rejected native translation for org/example/Main$Rectangle#toString()Ljava/lang/String;: reference return requires direct ALOAD/ACONST_NULL producer; INVOKEDYNAMIC deferred to M5f
13:36:51.689 [main] WARN dev.nekoobfuscator.native_.stage.NativeCompilationStage -- Rejected native translation for org/example/Main$Rectangle#hashCode()I: INVOKEDYNAMIC deferred to M5f
13:36:51.689 [main] WARN dev.nekoobfuscator.native_.stage.NativeCompilationStage -- Rejected native translation for org/example/Main$Rectangle#equals(Ljava/lang/Object;)Z: INVOKEDYNAMIC deferred to M5f
13:36:51.689 [main] WARN dev.nekoobfuscator.native_.stage.NativeCompilationStage -- Rejected native translation for org/example/Main$StaticInner#<init>(Ljava/lang/String;)V: constructors remain in bytecode form; reference PUTFIELD deferred to M5h (GC write barriers)
13:36:51.689 [main] WARN dev.nekoobfuscator.native_.stage.NativeCompilationStage -- Rejected native translation for org/example/Main$ThrowingRunnable#run()V: abstract methods have no translatable bytecode body
13:36:51.689 [main] WARN dev.nekoobfuscator.native_.stage.NativeCompilationStage -- Rejected native translation for org/example/Main$Triangle#<init>(DDD)V: constructors remain in bytecode form
13:36:51.689 [main] WARN dev.nekoobfuscator.native_.stage.NativeCompilationStage -- Rejected native translation for org/example/Main$Triangle#toString()Ljava/lang/String;: reference return requires direct ALOAD/ACONST_NULL producer; INVOKEDYNAMIC deferred to M5f
13:36:51.689 [main] WARN dev.nekoobfuscator.native_.stage.NativeCompilationStage -- Rejected native translation for org/example/Main$Triangle#hashCode()I: INVOKEDYNAMIC deferred to M5f
13:36:51.689 [main] WARN dev.nekoobfuscator.native_.stage.NativeCompilationStage -- Rejected native translation for org/example/Main$Triangle#equals(Ljava/lang/Object;)Z: INVOKEDYNAMIC deferred to M5f
13:36:51.689 [main] WARN dev.nekoobfuscator.native_.stage.NativeCompilationStage -- Rejected native translation for org/example/Main#<init>()V: constructors remain in bytecode form
13:36:51.689 [main] WARN dev.nekoobfuscator.native_.stage.NativeCompilationStage -- Rejected native translation for org/example/Main#area(Lorg/example/Main$Shape;)D: INVOKE with reference return deferred to Wave 4 (oop return adapter); INVOKEDYNAMIC deferred to M5f; CHECKCAST deferred beyond Wave 2; INVOKEVIRTUAL deferred pending Wave 3 vtable dispatch hardening; INVOKE with reference arguments deferred pending JNI-free receiver spill hardening
13:36:51.689 [main] WARN dev.nekoobfuscator.native_.stage.NativeCompilationStage -- Rejected native translation for org/example/Main#isValidTriangle(Lorg/example/Main$Triangle;)Z: INVOKEVIRTUAL deferred pending Wave 3 vtable dispatch hardening
13:36:51.690 [main] WARN dev.nekoobfuscator.native_.stage.NativeCompilationStage -- Rejected native translation for org/example/Main#main([Ljava/lang/String;)V: reference GETSTATIC deferred pending oop static field support; INVOKE with reference arguments deferred pending JNI-free receiver spill hardening; INVOKEDYNAMIC deferred to M5f; INVOKEVIRTUAL deferred pending Wave 3 vtable dispatch hardening; NEWARRAY deferred beyond Wave 2; IASTORE deferred beyond Wave 2; ARRAYLENGTH deferred beyond Wave 2; IALOAD deferred beyond Wave 2; MULTIANEWARRAY deferred beyond Wave 2; AALOAD deferred beyond Wave 2; AASTORE deferred beyond Wave 2; INVOKEINTERFACE deferred pending Wave 3 itable dispatch hardening; ANEWARRAY deferred beyond Wave 2; INVOKE with reference return deferred to Wave 4 (oop return adapter); NEW deferred beyond Wave 2; CHECKCAST deferred beyond Wave 2; MONITORENTER deferred beyond Wave 2; MONITOREXIT deferred beyond Wave 2; INSTANCEOF deferred beyond Wave 2
13:36:51.690 [main] WARN dev.nekoobfuscator.native_.stage.NativeCompilationStage -- Rejected native translation for org/example/Main#staticHello(Ljava/lang/String;)V: reference GETSTATIC deferred pending oop static field support; INVOKEDYNAMIC deferred to M5f; INVOKE with reference arguments deferred pending JNI-free receiver spill hardening
13:36:51.690 [main] WARN dev.nekoobfuscator.native_.stage.NativeCompilationStage -- Rejected native translation for org/example/Main#mightThrow(Z)V: NEW deferred beyond Wave 2; INVOKE with reference arguments deferred pending JNI-free receiver spill hardening
13:36:51.690 [main] WARN dev.nekoobfuscator.native_.stage.NativeCompilationStage -- Rejected native translation for org/example/Main#factorial(I)Ljava/math/BigInteger;: reference return requires direct ALOAD/ACONST_NULL producer; reference GETSTATIC deferred pending oop static field support; INVOKE with reference return deferred to Wave 4 (oop return adapter)
13:36:51.690 [main] WARN dev.nekoobfuscator.native_.stage.NativeCompilationStage -- Rejected native translation for org/example/Main#describeSwitch(Ljava/lang/Object;)Ljava/lang/String;: reference return requires direct ALOAD/ACONST_NULL producer; INVOKEDYNAMIC deferred to M5f; CHECKCAST deferred beyond Wave 2; INVOKEVIRTUAL deferred pending Wave 3 vtable dispatch hardening; INVOKE with reference return deferred to Wave 4 (oop return adapter); INSTANCEOF deferred beyond Wave 2; NEW deferred beyond Wave 2; INVOKE with reference arguments deferred pending JNI-free receiver spill hardening
13:36:51.690 [main] WARN dev.nekoobfuscator.native_.stage.NativeCompilationStage -- Rejected native translation for org/example/Main#sumPoint(Ljava/lang/Object;)I: INSTANCEOF deferred beyond Wave 2; CHECKCAST deferred beyond Wave 2; INVOKE with reference return deferred to Wave 4 (oop return adapter); INVOKEVIRTUAL deferred pending Wave 3 vtable dispatch hardening; NEW deferred beyond Wave 2; INVOKE with reference arguments deferred pending JNI-free receiver spill hardening
13:36:51.690 [main] WARN dev.nekoobfuscator.native_.stage.NativeCompilationStage -- Rejected native translation for org/example/Main#demoSequencedCollections()V: NEW deferred beyond Wave 2; INVOKE with reference return deferred to Wave 4 (oop return adapter); INVOKE with reference arguments deferred pending JNI-free receiver spill hardening; reference GETSTATIC deferred pending oop static field support; INVOKEDYNAMIC deferred to M5f
13:36:51.690 [main] WARN dev.nekoobfuscator.native_.stage.NativeCompilationStage -- Rejected native translation for org/example/Main#demoRandomApi()V: INVOKE with reference return deferred to Wave 4 (oop return adapter); INVOKEINTERFACE deferred pending Wave 3 itable dispatch hardening; reference GETSTATIC deferred pending oop static field support; INVOKEDYNAMIC deferred to M5f; INVOKE with reference arguments deferred pending JNI-free receiver spill hardening
13:36:51.690 [main] WARN dev.nekoobfuscator.native_.stage.NativeCompilationStage -- Rejected native translation for org/example/Main#microbenchThreads()V: INVOKE with reference return deferred to Wave 4 (oop return adapter); INVOKEVIRTUAL deferred pending Wave 3 vtable dispatch hardening; reference GETSTATIC deferred pending oop static field support; INVOKE with reference arguments deferred pending JNI-free receiver spill hardening; INVOKEDYNAMIC deferred to M5f
13:36:51.690 [main] WARN dev.nekoobfuscator.native_.stage.NativeCompilationStage -- Rejected native translation for org/example/Main#microbenchMatrixMultiply()V: reference GETSTATIC deferred pending oop static field support; INVOKE with reference arguments deferred pending JNI-free receiver spill hardening; MULTIANEWARRAY deferred beyond Wave 2; INVOKEDYNAMIC deferred to M5f
13:36:51.690 [main] WARN dev.nekoobfuscator.native_.stage.NativeCompilationStage -- Rejected native translation for org/example/Main#fillRandom([[D)V: INVOKE with reference return deferred to Wave 4 (oop return adapter); ARRAYLENGTH deferred beyond Wave 2; AALOAD deferred beyond Wave 2; INVOKEINTERFACE deferred pending Wave 3 itable dispatch hardening; DASTORE deferred beyond Wave 2
13:36:51.690 [main] WARN dev.nekoobfuscator.native_.stage.NativeCompilationStage -- Rejected native translation for org/example/Main#mmulSeq([[D[[D[[D)V: ARRAYLENGTH deferred beyond Wave 2; AALOAD deferred beyond Wave 2; DALOAD deferred beyond Wave 2; DASTORE deferred beyond Wave 2; reference GETSTATIC deferred pending oop static field support; INVOKEVIRTUAL deferred pending Wave 3 vtable dispatch hardening
13:36:51.690 [main] WARN dev.nekoobfuscator.native_.stage.NativeCompilationStage -- Rejected native translation for org/example/Main#mmulParallelStream([[D[[D[[D)V: ARRAYLENGTH deferred beyond Wave 2; INVOKE with reference return deferred to Wave 4 (oop return adapter); INVOKEDYNAMIC deferred to M5f; INVOKE with reference arguments deferred pending JNI-free receiver spill hardening; reference GETSTATIC deferred pending oop static field support; AALOAD deferred beyond Wave 2; DALOAD deferred beyond Wave 2; INVOKEVIRTUAL deferred pending Wave 3 vtable dispatch hardening
13:36:51.690 [main] WARN dev.nekoobfuscator.native_.stage.NativeCompilationStage -- Rejected native translation for org/example/Main#mmulVirtualThreads([[D[[D[[D)V: ARRAYLENGTH deferred beyond Wave 2; INVOKE with reference return deferred to Wave 4 (oop return adapter); INVOKEDYNAMIC deferred to M5f; INVOKEINTERFACE deferred pending Wave 3 itable dispatch hardening; CHECKCAST deferred beyond Wave 2; NEW deferred beyond Wave 2; INVOKE with reference arguments deferred pending JNI-free receiver spill hardening; reference GETSTATIC deferred pending oop static field support; AALOAD deferred beyond Wave 2; DALOAD deferred beyond Wave 2; INVOKEVIRTUAL deferred pending Wave 3 vtable dispatch hardening
13:36:51.690 [main] WARN dev.nekoobfuscator.native_.stage.NativeCompilationStage -- Rejected native translation for org/example/Main#timeMillis(Lorg/example/Main$ThrowingRunnable;II)J: INVOKEINTERFACE deferred pending Wave 3 itable dispatch hardening; reference GETSTATIC deferred pending oop static field support; INVOKEVIRTUAL deferred pending Wave 3 vtable dispatch hardening
13:36:51.690 [main] WARN dev.nekoobfuscator.native_.stage.NativeCompilationStage -- Rejected native translation for org/example/Main#lambda$mmulVirtualThreads$16([[DI[[D[[DI)Ljava/util/concurrent/Callable;: reference return requires direct ALOAD/ACONST_NULL producer; INVOKEDYNAMIC deferred to M5f
13:36:51.690 [main] WARN dev.nekoobfuscator.native_.stage.NativeCompilationStage -- Rejected native translation for org/example/Main#lambda$mmulVirtualThreads$15([[DII[[D[[D)Ljava/lang/Void;: AALOAD deferred beyond Wave 2; DALOAD deferred beyond Wave 2; DASTORE deferred beyond Wave 2
13:36:51.690 [main] WARN dev.nekoobfuscator.native_.stage.NativeCompilationStage -- Rejected native translation for org/example/Main#lambda$mmulParallelStream$14([[DI[[D[[DI)V: AALOAD deferred beyond Wave 2; DALOAD deferred beyond Wave 2; DASTORE deferred beyond Wave 2
13:36:51.690 [main] WARN dev.nekoobfuscator.native_.stage.NativeCompilationStage -- Rejected native translation for org/example/Main#lambda$microbenchMatrixMultiply$13([[D[[D[[D)V: INVOKE with reference arguments deferred pending JNI-free receiver spill hardening
13:36:51.690 [main] WARN dev.nekoobfuscator.native_.stage.NativeCompilationStage -- Rejected native translation for org/example/Main#lambda$microbenchMatrixMultiply$12([[D[[D[[D)V: INVOKE with reference arguments deferred pending JNI-free receiver spill hardening
13:36:51.691 [main] WARN dev.nekoobfuscator.native_.stage.NativeCompilationStage -- Rejected native translation for org/example/Main#lambda$microbenchMatrixMultiply$11([[D[[D[[D)V: INVOKE with reference arguments deferred pending JNI-free receiver spill hardening
13:36:51.691 [main] WARN dev.nekoobfuscator.native_.stage.NativeCompilationStage -- Rejected native translation for org/example/Main#lambda$microbenchThreads$10(I)V: INVOKE with reference return deferred to Wave 4 (oop return adapter); INVOKEDYNAMIC deferred to M5f; INVOKEINTERFACE deferred pending Wave 3 itable dispatch hardening; CHECKCAST deferred beyond Wave 2; INVOKE with reference arguments deferred pending JNI-free receiver spill hardening
13:36:51.691 [main] WARN dev.nekoobfuscator.native_.stage.NativeCompilationStage -- Rejected native translation for org/example/Main#lambda$microbenchThreads$9(I)Ljava/util/concurrent/Callable;: reference return requires direct ALOAD/ACONST_NULL producer; INVOKEDYNAMIC deferred to M5f
13:36:51.691 [main] WARN dev.nekoobfuscator.native_.stage.NativeCompilationStage -- Rejected native translation for org/example/Main#lambda$microbenchThreads$8(I)Ljava/lang/Void;: reference GETSTATIC deferred pending oop static field support; INVOKEVIRTUAL deferred pending Wave 3 vtable dispatch hardening
13:36:51.691 [main] WARN dev.nekoobfuscator.native_.stage.NativeCompilationStage -- Rejected native translation for org/example/Main#lambda$microbenchThreads$7(II)V: INVOKE with reference return deferred to Wave 4 (oop return adapter); INVOKEDYNAMIC deferred to M5f; INVOKEINTERFACE deferred pending Wave 3 itable dispatch hardening; reference GETSTATIC deferred pending oop static field support; INVOKE with reference arguments deferred pending JNI-free receiver spill hardening
13:36:51.691 [main] WARN dev.nekoobfuscator.native_.stage.NativeCompilationStage -- Rejected native translation for org/example/Main#lambda$microbenchThreads$6(I)Ljava/util/concurrent/Callable;: reference return requires direct ALOAD/ACONST_NULL producer; INVOKEDYNAMIC deferred to M5f
13:36:51.691 [main] WARN dev.nekoobfuscator.native_.stage.NativeCompilationStage -- Rejected native translation for org/example/Main#lambda$microbenchThreads$5(I)Ljava/lang/Void;: reference GETSTATIC deferred pending oop static field support; INVOKEVIRTUAL deferred pending Wave 3 vtable dispatch hardening
13:36:51.691 [main] WARN dev.nekoobfuscator.native_.stage.NativeCompilationStage -- Rejected native translation for org/example/Main#lambda$demoRandomApi$4(Ljava/util/random/RandomGeneratorFactory;)V: INVOKE with reference return deferred to Wave 4 (oop return adapter); reference GETSTATIC deferred pending oop static field support; INVOKEINTERFACE deferred pending Wave 3 itable dispatch hardening; INVOKEDYNAMIC deferred to M5f; INVOKE with reference arguments deferred pending JNI-free receiver spill hardening
13:36:51.691 [main] WARN dev.nekoobfuscator.native_.stage.NativeCompilationStage -- Rejected native translation for org/example/Main#lambda$main$2(Ljava/lang/Integer;)Ljava/lang/Integer;: reference return requires direct ALOAD/ACONST_NULL producer; INVOKEVIRTUAL deferred pending Wave 3 vtable dispatch hardening; INVOKE with reference return deferred to Wave 4 (oop return adapter)
13:36:51.691 [main] WARN dev.nekoobfuscator.native_.stage.NativeCompilationStage -- Rejected native translation for org/example/Main#lambda$main$1()V: reference GETSTATIC deferred pending oop static field support; INVOKE with reference arguments deferred pending JNI-free receiver spill hardening
13:36:51.691 [main] WARN dev.nekoobfuscator.native_.stage.NativeCompilationStage -- Rejected native translation for org/example/Main#lambda$static$0()Ljava/lang/Integer;: reference return requires direct ALOAD/ACONST_NULL producer; INVOKE with reference return deferred to Wave 4 (oop return adapter)
13:36:51.691 [main] WARN dev.nekoobfuscator.native_.stage.NativeCompilationStage -- Rejected native translation for org/example/Main#<clinit>()V: class initializers are not translated; INVOKEVIRTUAL deferred pending Wave 3 vtable dispatch hardening; NEW deferred beyond Wave 2; reference PUTSTATIC deferred to M5h (GC write barriers); INVOKEDYNAMIC deferred to M5f; INVOKE with reference return deferred to Wave 4 (oop return adapter)
13:36:51.691 [main] WARN dev.nekoobfuscator.native_.stage.NativeCompilationStage -- Rejected native translation for org/example/Main#heron(DDD)D: INVOKE target not in neko manifest (translated→translated only)
13:36:51.713 [main] INFO dev.nekoobfuscator.native_.codegen.NativeBuildEngine -- zig cc: compiling 1 .c + 1 .S files for target x86_64-linux-gnu
13:36:51.713 [main] INFO dev.nekoobfuscator.native_.codegen.NativeBuildEngine -- Building native for LINUX_X64: zig cc -shared -Oz -std=c11 -Wall -Wextra -target x86_64-linux-gnu -I /usr/lib/jvm/java-21-openjdk/include -DNEKO_DEBUG_ENABLED=1 -I /usr/lib/jvm/java-21-openjdk/include/linux -o /tmp/neko_native_13575250708472009421/libneko_linux_x64.so /tmp/neko_native_sources_2860784049453592555/neko_native.c /tmp/neko_native_sources_2860784049453592555/neko_stubs.S
13:36:52.180 [main] INFO dev.nekoobfuscator.native_.codegen.NativeBuildEngine -- Built libneko_linux_x64.so (58344 bytes)
13:36:52.185 [main] INFO dev.nekoobfuscator.native_.stage.NativeCompilationStage -- Native stage rejected 88 method(s)
13:36:52.187 [main] INFO dev.nekoobfuscator.core.pipeline.ObfuscationPipeline -- Native stage: translated=13 rejected=88
13:36:52.187 [main] INFO dev.nekoobfuscator.core.pipeline.ObfuscationPipeline -- Writing output JAR: verification/w1/final-v9/obfusjack-native-debug.jar
13:36:52.188 [main] DEBUG dev.nekoobfuscator.core.jar.JarOutput -- Wrote class: org/example/Main$1
13:36:52.189 [main] DEBUG dev.nekoobfuscator.core.jar.JarOutput -- Wrote class: org/example/Main$1Local
13:36:52.189 [main] DEBUG dev.nekoobfuscator.core.jar.JarOutput -- Wrote class: org/example/Main$2
13:36:52.189 [main] DEBUG dev.nekoobfuscator.core.jar.JarOutput -- Wrote class: org/example/Main$Animal
13:36:52.189 [main] DEBUG dev.nekoobfuscator.core.jar.JarOutput -- Wrote class: org/example/Main$Box
13:36:52.189 [main] DEBUG dev.nekoobfuscator.core.jar.JarOutput -- Wrote class: org/example/Main$Circle
13:36:52.189 [main] DEBUG dev.nekoobfuscator.core.jar.JarOutput -- Wrote class: org/example/Main$CloneThing
13:36:52.189 [main] DEBUG dev.nekoobfuscator.core.jar.JarOutput -- Wrote class: org/example/Main$Color
13:36:52.190 [main] DEBUG dev.nekoobfuscator.core.jar.JarOutput -- Wrote class: org/example/Main$DemoAnno
13:36:52.190 [main] DEBUG dev.nekoobfuscator.core.jar.JarOutput -- Wrote class: org/example/Main$Dog
13:36:52.190 [main] DEBUG dev.nekoobfuscator.core.jar.JarOutput -- Wrote class: org/example/Main$Greeter
13:36:52.190 [main] DEBUG dev.nekoobfuscator.core.jar.JarOutput -- Wrote class: org/example/Main$Inner
13:36:52.190 [main] DEBUG dev.nekoobfuscator.core.jar.JarOutput -- Wrote class: org/example/Main$LabeledPoint
13:36:52.190 [main] DEBUG dev.nekoobfuscator.core.jar.JarOutput -- Wrote class: org/example/Main$MyException
13:36:52.190 [main] DEBUG dev.nekoobfuscator.core.jar.JarOutput -- Wrote class: org/example/Main$Point
13:36:52.190 [main] DEBUG dev.nekoobfuscator.core.jar.JarOutput -- Wrote class: org/example/Main$Rectangle
13:36:52.190 [main] DEBUG dev.nekoobfuscator.core.jar.JarOutput -- Wrote class: org/example/Main$Shape
13:36:52.191 [main] DEBUG dev.nekoobfuscator.core.jar.JarOutput -- Wrote class: org/example/Main$StaticInner
13:36:52.191 [main] DEBUG dev.nekoobfuscator.core.jar.JarOutput -- Wrote class: org/example/Main$ThrowingRunnable
13:36:52.191 [main] DEBUG dev.nekoobfuscator.core.jar.JarOutput -- Wrote class: org/example/Main$Triangle
13:36:52.194 [main] DEBUG dev.nekoobfuscator.core.jar.JarOutput -- Wrote class: org/example/Main
13:36:52.194 [main] DEBUG dev.nekoobfuscator.core.jar.JarOutput -- Wrote class: dev/nekoobfuscator/runtime/NekoNativeLoader
13:36:52.194 [main] DEBUG dev.nekoobfuscator.core.jar.JarOutput -- Wrote resource: META-INF/services/org.example.features.DemoService
13:36:52.198 [main] DEBUG dev.nekoobfuscator.core.jar.JarOutput -- Wrote resource: neko/native/libneko_linux_x64.so
13:36:52.199 [main] INFO dev.nekoobfuscator.core.jar.JarOutput -- Wrote 22 classes and 2 resources to verification/w1/final-v9/obfusjack-native-debug.jar
13:36:52.199 [main] INFO dev.nekoobfuscator.core.pipeline.ObfuscationPipeline -- Obfuscation completed in 542ms
[NekoObfuscator] Done in 600ms
