[NekoObfuscator] Starting...
[NekoObfuscator] Registered 10 transform passes
00:02:37.955 [main] INFO dev.nekoobfuscator.core.pipeline.ObfuscationPipeline -- Reading input JAR: test-jars/SnakeGame.jar
00:02:37.961 [main] DEBUG dev.nekoobfuscator.core.jar.JarInput -- Loaded class: DataOfSquare
00:02:37.962 [main] DEBUG dev.nekoobfuscator.core.jar.JarInput -- Loaded class: KeyboardListener
00:02:37.962 [main] DEBUG dev.nekoobfuscator.core.jar.JarInput -- Loaded class: Main
00:02:37.962 [main] DEBUG dev.nekoobfuscator.core.jar.JarInput -- Loaded class: SquarePanel
00:02:37.962 [main] DEBUG dev.nekoobfuscator.core.jar.JarInput -- Loaded class: ThreadsController
00:02:37.963 [main] DEBUG dev.nekoobfuscator.core.jar.JarInput -- Loaded class: Tuple
00:02:37.963 [main] DEBUG dev.nekoobfuscator.core.jar.JarInput -- Loaded class: Window
00:02:37.963 [main] INFO dev.nekoobfuscator.core.jar.JarInput -- Loaded 7 classes and 0 resources
00:02:37.963 [main] INFO dev.nekoobfuscator.core.pipeline.ObfuscationPipeline -- Loaded 7 classes, 0 resources
00:02:37.963 [main] INFO dev.nekoobfuscator.core.pipeline.ObfuscationPipeline -- Class hierarchy: 15 entries
00:02:37.969 [main] INFO dev.nekoobfuscator.core.pipeline.ObfuscationPipeline -- Master seed: 0x3039
00:02:37.969 [main] INFO dev.nekoobfuscator.core.pipeline.ObfuscationPipeline -- Scheduled 0 transform passes
00:02:37.970 [main] DEBUG dev.nekoobfuscator.core.pipeline.ObfuscationPipeline -- Injected runtime class: dev/nekoobfuscator/runtime/NekoNativeLoader
00:02:37.970 [main] INFO dev.nekoobfuscator.core.pipeline.ObfuscationPipeline -- Running native compilation stage
00:02:37.979 [main] WARN dev.nekoobfuscator.native_.stage.NativeCompilationStage -- Rejected native translation for DataOfSquare#<init>(I)V: constructors remain in bytecode form; W9 deferred to W11-M5h: reference PUTFIELD/PUTSTATIC requires SATB/incremental update write barriers; pending W11 hardening; W9 deferred to W11-M5h: reference GETSTATIC requires GC load barrier coverage for ZGC/Shenandoah; G1/Serial/Parallel paths pending
00:02:37.979 [main] WARN dev.nekoobfuscator.native_.stage.NativeCompilationStage -- Rejected native translation for KeyboardListener#<init>()V: constructors remain in bytecode form
00:02:37.980 [main] WARN dev.nekoobfuscator.native_.stage.NativeCompilationStage -- Rejected native translation for Main#<init>()V: constructors remain in bytecode form
00:02:37.980 [main] WARN dev.nekoobfuscator.native_.stage.NativeCompilationStage -- Rejected native translation for SquarePanel#<init>(Ljava/awt/Color;)V: constructors remain in bytecode form
00:02:37.980 [main] WARN dev.nekoobfuscator.native_.stage.NativeCompilationStage -- Rejected native translation for ThreadsController#<init>(LTuple;)V: constructors remain in bytecode form; W9 deferred to W11-M5h: reference PUTFIELD/PUTSTATIC requires SATB/incremental update write barriers; pending W11 hardening; W9 deferred to W11-M5h: reference GETSTATIC requires GC load barrier coverage for ZGC/Shenandoah; G1/Serial/Parallel paths pending
00:02:37.980 [main] WARN dev.nekoobfuscator.native_.stage.NativeCompilationStage -- Rejected native translation for ThreadsController#checkCollision()V: W9 deferred to W11-M5h: reference GETSTATIC requires GC load barrier coverage for ZGC/Shenandoah; G1/Serial/Parallel paths pending; W9 deferred to W11-M5h: reference PUTFIELD/PUTSTATIC requires SATB/incremental update write barriers; pending W11 hardening
00:02:37.980 [main] WARN dev.nekoobfuscator.native_.stage.NativeCompilationStage -- Rejected native translation for ThreadsController#stopTheGame()V: W9 deferred to W11-M5h: reference GETSTATIC requires GC load barrier coverage for ZGC/Shenandoah; G1/Serial/Parallel paths pending
00:02:37.980 [main] WARN dev.nekoobfuscator.native_.stage.NativeCompilationStage -- Rejected native translation for ThreadsController#getValAleaNotInSnake()LTuple;: reference return requires direct ALOAD/ACONST_NULL producer
00:02:37.980 [main] WARN dev.nekoobfuscator.native_.stage.NativeCompilationStage -- Rejected native translation for Tuple#<init>(II)V: constructors remain in bytecode form
00:02:37.980 [main] WARN dev.nekoobfuscator.native_.stage.NativeCompilationStage -- Rejected native translation for Window#<init>()V: constructors remain in bytecode form; W9 deferred to W11-M5h: reference PUTFIELD/PUTSTATIC requires SATB/incremental update write barriers; pending W11 hardening; W9 deferred to W11-M5h: reference GETSTATIC requires GC load barrier coverage for ZGC/Shenandoah; G1/Serial/Parallel paths pending
00:02:37.980 [main] WARN dev.nekoobfuscator.native_.stage.NativeCompilationStage -- Rejected native translation for Window#<clinit>()V: class initializers are not translated
00:02:37.980 [main] WARN dev.nekoobfuscator.native_.stage.NativeCompilationStage -- Rejected native translation for Main#main([Ljava/lang/String;)V: INVOKE target not in neko manifest (translated→translated only)
00:02:37.980 [main] WARN dev.nekoobfuscator.native_.stage.NativeCompilationStage -- Rejected native translation for ThreadsController#pauser()V: INVOKE target not in neko manifest (translated→translated only)
00:02:37.981 [main] WARN dev.nekoobfuscator.native_.stage.NativeCompilationStage -- Rejected native translation for ThreadsController#moveInterne(I)V: INVOKE target not in neko manifest (translated→translated only)
00:02:38.016 [main] INFO dev.nekoobfuscator.native_.codegen.NativeBuildEngine -- zig cc: compiling 1 .c + 1 .S files for target x86_64-linux-gnu
00:02:38.016 [main] INFO dev.nekoobfuscator.native_.codegen.NativeBuildEngine -- Building native for LINUX_X64: zig cc -shared -Oz -std=c11 -Wall -Wextra -target x86_64-linux-gnu -I /usr/lib/jvm/java-21-openjdk/include -DNEKO_DEBUG_ENABLED=1 -I /usr/lib/jvm/java-21-openjdk/include/linux -o /tmp/neko_native_10694314336298231259/libneko_linux_x64.so /tmp/neko_native_sources_2852199922853098853/neko_native.c /tmp/neko_native_sources_2852199922853098853/neko_stubs.S
00:02:38.436 [main] INFO dev.nekoobfuscator.native_.codegen.NativeBuildEngine -- Built libneko_linux_x64.so (62536 bytes)
00:02:38.438 [main] INFO dev.nekoobfuscator.native_.stage.NativeCompilationStage -- Native stage rejected 14 method(s)
00:02:38.439 [main] INFO dev.nekoobfuscator.core.pipeline.ObfuscationPipeline -- Native stage: translated=12 rejected=14
00:02:38.439 [main] INFO dev.nekoobfuscator.core.pipeline.ObfuscationPipeline -- Writing output JAR: verification/w11/m5c/SnakeGame-native-debug.jar
00:02:38.440 [main] DEBUG dev.nekoobfuscator.core.jar.JarOutput -- Wrote class: DataOfSquare
00:02:38.440 [main] DEBUG dev.nekoobfuscator.core.jar.JarOutput -- Wrote class: KeyboardListener
00:02:38.441 [main] DEBUG dev.nekoobfuscator.core.jar.JarOutput -- Wrote class: Main
00:02:38.441 [main] DEBUG dev.nekoobfuscator.core.jar.JarOutput -- Wrote class: SquarePanel
00:02:38.441 [main] DEBUG dev.nekoobfuscator.core.jar.JarOutput -- Wrote class: ThreadsController
00:02:38.442 [main] DEBUG dev.nekoobfuscator.core.jar.JarOutput -- Wrote class: Tuple
00:02:38.442 [main] DEBUG dev.nekoobfuscator.core.jar.JarOutput -- Wrote class: Window
00:02:38.442 [main] DEBUG dev.nekoobfuscator.core.jar.JarOutput -- Wrote class: dev/nekoobfuscator/runtime/NekoNativeLoader
00:02:38.444 [main] DEBUG dev.nekoobfuscator.core.jar.JarOutput -- Wrote resource: neko/native/libneko_linux_x64.so
00:02:38.444 [main] INFO dev.nekoobfuscator.core.jar.JarOutput -- Wrote 8 classes and 1 resources to verification/w11/m5c/SnakeGame-native-debug.jar
00:02:38.444 [main] INFO dev.nekoobfuscator.core.pipeline.ObfuscationPipeline -- Obfuscation completed in 489ms
[NekoObfuscator] Done in 551ms
