[NekoObfuscator] Starting...
[NekoObfuscator] Registered 10 transform passes
20:58:27.014 [main] INFO dev.nekoobfuscator.core.pipeline.ObfuscationPipeline -- Reading input JAR: test-jars/SnakeGame.jar
20:58:27.020 [main] DEBUG dev.nekoobfuscator.core.jar.JarInput -- Loaded class: DataOfSquare
20:58:27.020 [main] DEBUG dev.nekoobfuscator.core.jar.JarInput -- Loaded class: KeyboardListener
20:58:27.020 [main] DEBUG dev.nekoobfuscator.core.jar.JarInput -- Loaded class: Main
20:58:27.020 [main] DEBUG dev.nekoobfuscator.core.jar.JarInput -- Loaded class: SquarePanel
20:58:27.021 [main] DEBUG dev.nekoobfuscator.core.jar.JarInput -- Loaded class: ThreadsController
20:58:27.021 [main] DEBUG dev.nekoobfuscator.core.jar.JarInput -- Loaded class: Tuple
20:58:27.021 [main] DEBUG dev.nekoobfuscator.core.jar.JarInput -- Loaded class: Window
20:58:27.021 [main] INFO dev.nekoobfuscator.core.jar.JarInput -- Loaded 7 classes and 0 resources
20:58:27.021 [main] INFO dev.nekoobfuscator.core.pipeline.ObfuscationPipeline -- Loaded 7 classes, 0 resources
20:58:27.022 [main] INFO dev.nekoobfuscator.core.pipeline.ObfuscationPipeline -- Class hierarchy: 15 entries
20:58:27.028 [main] INFO dev.nekoobfuscator.core.pipeline.ObfuscationPipeline -- Master seed: 0x3039
20:58:27.028 [main] INFO dev.nekoobfuscator.core.pipeline.ObfuscationPipeline -- Scheduled 0 transform passes
20:58:27.029 [main] DEBUG dev.nekoobfuscator.core.pipeline.ObfuscationPipeline -- Injected runtime class: dev/nekoobfuscator/runtime/NekoNativeLoader
20:58:27.029 [main] INFO dev.nekoobfuscator.core.pipeline.ObfuscationPipeline -- Running native compilation stage
20:58:27.041 [main] WARN dev.nekoobfuscator.native_.stage.NativeCompilationStage -- Rejected native translation for DataOfSquare#<init>(I)V: constructors remain in bytecode form; W9 deferred to W11-M5h: reference PUTFIELD/PUTSTATIC requires SATB/incremental update write barriers; pending W11 hardening; W9 deferred to W11-M5h: reference GETSTATIC requires GC load barrier coverage for ZGC/Shenandoah; G1/Serial/Parallel paths pending
20:58:27.041 [main] WARN dev.nekoobfuscator.native_.stage.NativeCompilationStage -- Rejected native translation for KeyboardListener#<init>()V: constructors remain in bytecode form
20:58:27.041 [main] WARN dev.nekoobfuscator.native_.stage.NativeCompilationStage -- Rejected native translation for Main#<init>()V: constructors remain in bytecode form
20:58:27.041 [main] WARN dev.nekoobfuscator.native_.stage.NativeCompilationStage -- Rejected native translation for SquarePanel#<init>(Ljava/awt/Color;)V: constructors remain in bytecode form
20:58:27.041 [main] WARN dev.nekoobfuscator.native_.stage.NativeCompilationStage -- Rejected native translation for ThreadsController#<init>(LTuple;)V: constructors remain in bytecode form; W9 deferred to W11-M5h: reference PUTFIELD/PUTSTATIC requires SATB/incremental update write barriers; pending W11 hardening; W9 deferred to W11-M5h: reference GETSTATIC requires GC load barrier coverage for ZGC/Shenandoah; G1/Serial/Parallel paths pending
20:58:27.041 [main] WARN dev.nekoobfuscator.native_.stage.NativeCompilationStage -- Rejected native translation for ThreadsController#checkCollision()V: W9 deferred to W11-M5h: reference GETSTATIC requires GC load barrier coverage for ZGC/Shenandoah; G1/Serial/Parallel paths pending; W9 deferred to W11-M5h: reference PUTFIELD/PUTSTATIC requires SATB/incremental update write barriers; pending W11 hardening
20:58:27.041 [main] WARN dev.nekoobfuscator.native_.stage.NativeCompilationStage -- Rejected native translation for ThreadsController#stopTheGame()V: W9 deferred to W11-M5h: reference GETSTATIC requires GC load barrier coverage for ZGC/Shenandoah; G1/Serial/Parallel paths pending
20:58:27.041 [main] WARN dev.nekoobfuscator.native_.stage.NativeCompilationStage -- Rejected native translation for ThreadsController#getValAleaNotInSnake()LTuple;: reference return requires direct ALOAD/ACONST_NULL producer
20:58:27.041 [main] WARN dev.nekoobfuscator.native_.stage.NativeCompilationStage -- Rejected native translation for Tuple#<init>(II)V: constructors remain in bytecode form
20:58:27.042 [main] WARN dev.nekoobfuscator.native_.stage.NativeCompilationStage -- Rejected native translation for Window#<init>()V: constructors remain in bytecode form; W9 deferred to W11-M5h: reference PUTFIELD/PUTSTATIC requires SATB/incremental update write barriers; pending W11 hardening; W9 deferred to W11-M5h: reference GETSTATIC requires GC load barrier coverage for ZGC/Shenandoah; G1/Serial/Parallel paths pending
20:58:27.042 [main] WARN dev.nekoobfuscator.native_.stage.NativeCompilationStage -- Rejected native translation for Window#<clinit>()V: class initializers are not translated
20:58:27.042 [main] WARN dev.nekoobfuscator.native_.stage.NativeCompilationStage -- Rejected native translation for Main#main([Ljava/lang/String;)V: INVOKE target not in neko manifest (translated→translated only)
20:58:27.042 [main] WARN dev.nekoobfuscator.native_.stage.NativeCompilationStage -- Rejected native translation for ThreadsController#pauser()V: INVOKE target not in neko manifest (translated→translated only)
20:58:27.042 [main] WARN dev.nekoobfuscator.native_.stage.NativeCompilationStage -- Rejected native translation for ThreadsController#moveInterne(I)V: INVOKE target not in neko manifest (translated→translated only)
20:58:27.078 [main] INFO dev.nekoobfuscator.native_.codegen.NativeBuildEngine -- zig cc: compiling 1 .c + 1 .S files for target x86_64-linux-gnu
20:58:27.078 [main] INFO dev.nekoobfuscator.native_.codegen.NativeBuildEngine -- Building native for LINUX_X64: zig cc -shared -Oz -std=c11 -Wall -Wextra -target x86_64-linux-gnu -I /usr/lib/jvm/java-21-openjdk/include -DNEKO_DEBUG_ENABLED=1 -I /usr/lib/jvm/java-21-openjdk/include/linux -o /tmp/neko_native_5901057932093602745/libneko_linux_x64.so /tmp/neko_native_sources_3068591478913232419/neko_native.c /tmp/neko_native_sources_3068591478913232419/neko_stubs.S
20:58:27.481 [main] INFO dev.nekoobfuscator.native_.codegen.NativeBuildEngine -- Built libneko_linux_x64.so (58552 bytes)
20:58:27.482 [main] INFO dev.nekoobfuscator.native_.stage.NativeCompilationStage -- Native stage rejected 14 method(s)
20:58:27.483 [main] INFO dev.nekoobfuscator.core.pipeline.ObfuscationPipeline -- Native stage: translated=12 rejected=14
20:58:27.483 [main] INFO dev.nekoobfuscator.core.pipeline.ObfuscationPipeline -- Writing output JAR: verification/w1/final-v17/SnakeGame-native-debug.jar
20:58:27.485 [main] DEBUG dev.nekoobfuscator.core.jar.JarOutput -- Wrote class: DataOfSquare
20:58:27.485 [main] DEBUG dev.nekoobfuscator.core.jar.JarOutput -- Wrote class: KeyboardListener
20:58:27.485 [main] DEBUG dev.nekoobfuscator.core.jar.JarOutput -- Wrote class: Main
20:58:27.485 [main] DEBUG dev.nekoobfuscator.core.jar.JarOutput -- Wrote class: SquarePanel
20:58:27.486 [main] DEBUG dev.nekoobfuscator.core.jar.JarOutput -- Wrote class: ThreadsController
20:58:27.486 [main] DEBUG dev.nekoobfuscator.core.jar.JarOutput -- Wrote class: Tuple
20:58:27.487 [main] DEBUG dev.nekoobfuscator.core.jar.JarOutput -- Wrote class: Window
20:58:27.487 [main] DEBUG dev.nekoobfuscator.core.jar.JarOutput -- Wrote class: dev/nekoobfuscator/runtime/NekoNativeLoader
20:58:27.490 [main] DEBUG dev.nekoobfuscator.core.jar.JarOutput -- Wrote resource: neko/native/libneko_linux_x64.so
20:58:27.490 [main] INFO dev.nekoobfuscator.core.jar.JarOutput -- Wrote 8 classes and 1 resources to verification/w1/final-v17/SnakeGame-native-debug.jar
20:58:27.490 [main] INFO dev.nekoobfuscator.core.pipeline.ObfuscationPipeline -- Obfuscation completed in 476ms
[NekoObfuscator] Done in 539ms
