=== JDK 21 Feature & Obfuscation Compatibility Test ===
Sum=15 Product=50 Mix=21474836490 d=492.59841819737056
Bits=701
--------
JDK21 demo
--------
char=中
0 2 4 
###
1 2 3 4 5 
grid[0][1]=X
Lambda Hello World!
a
b
c
Hi, Alice
HI, BOB
Anonymous run()
GREEN
42
sparse ok
Optional=246
ParallelSum=332833500
fact50.len=65 div=0.33333333333333333333333333333333333333333333333333
merged=579.0
VOL=8 ATOMIC=1
Caught MyException: boom
TWR: line1 | line2
Files.mismatch index=2
staticHello: from MethodHandle
instanceCounter(before)=1
instanceCounter(after)=99
hiddenAdd(3,4)=7
Inner.value=106
StaticInner.msg=OK
Local.z=5
