[NekoObfuscator] Starting...
[NekoObfuscator] Registered 10 transform passes
07:07:25.630 [main] INFO dev.nekoobfuscator.core.pipeline.ObfuscationPipeline -- Reading input JAR: test-jars/SnakeGame.jar
07:07:25.635 [main] DEBUG dev.nekoobfuscator.core.jar.JarInput -- Loaded class: DataOfSquare
07:07:25.636 [main] DEBUG dev.nekoobfuscator.core.jar.JarInput -- Loaded class: KeyboardListener
07:07:25.636 [main] DEBUG dev.nekoobfuscator.core.jar.JarInput -- Loaded class: Main
07:07:25.636 [main] DEBUG dev.nekoobfuscator.core.jar.JarInput -- Loaded class: SquarePanel
07:07:25.637 [main] DEBUG dev.nekoobfuscator.core.jar.JarInput -- Loaded class: ThreadsController
07:07:25.637 [main] DEBUG dev.nekoobfuscator.core.jar.JarInput -- Loaded class: Tuple
07:07:25.637 [main] DEBUG dev.nekoobfuscator.core.jar.JarInput -- Loaded class: Window
07:07:25.637 [main] INFO dev.nekoobfuscator.core.jar.JarInput -- Loaded 7 classes and 0 resources
07:07:25.637 [main] INFO dev.nekoobfuscator.core.pipeline.ObfuscationPipeline -- Loaded 7 classes, 0 resources
07:07:25.637 [main] INFO dev.nekoobfuscator.core.pipeline.ObfuscationPipeline -- Class hierarchy: 15 entries
07:07:25.643 [main] INFO dev.nekoobfuscator.core.pipeline.ObfuscationPipeline -- Master seed: 0x3039
07:07:25.643 [main] INFO dev.nekoobfuscator.core.pipeline.ObfuscationPipeline -- Scheduled 0 transform passes
07:07:25.644 [main] DEBUG dev.nekoobfuscator.core.pipeline.ObfuscationPipeline -- Injected runtime class: dev/nekoobfuscator/runtime/NekoNativeLoader
07:07:25.644 [main] INFO dev.nekoobfuscator.core.pipeline.ObfuscationPipeline -- Running native compilation stage
07:07:25.653 [main] WARN dev.nekoobfuscator.native_.stage.NativeCompilationStage -- Rejected native translation for DataOfSquare#<init>(I)V: constructors remain in bytecode form; W9 deferred to W11-M5h: reference PUTFIELD/PUTSTATIC requires SATB/incremental update write barriers; pending W11 hardening; W9 deferred to W11-M5h: reference GETSTATIC requires GC load barrier coverage for ZGC/Shenandoah; G1/Serial/Parallel paths pending
07:07:25.653 [main] WARN dev.nekoobfuscator.native_.stage.NativeCompilationStage -- Rejected native translation for KeyboardListener#<init>()V: constructors remain in bytecode form
07:07:25.653 [main] WARN dev.nekoobfuscator.native_.stage.NativeCompilationStage -- Rejected native translation for Main#<init>()V: constructors remain in bytecode form
07:07:25.653 [main] WARN dev.nekoobfuscator.native_.stage.NativeCompilationStage -- Rejected native translation for SquarePanel#<init>(Ljava/awt/Color;)V: constructors remain in bytecode form
07:07:25.653 [main] WARN dev.nekoobfuscator.native_.stage.NativeCompilationStage -- Rejected native translation for ThreadsController#<init>(LTuple;)V: constructors remain in bytecode form; W9 deferred to W11-M5h: reference PUTFIELD/PUTSTATIC requires SATB/incremental update write barriers; pending W11 hardening; W9 deferred to W11-M5h: reference GETSTATIC requires GC load barrier coverage for ZGC/Shenandoah; G1/Serial/Parallel paths pending
07:07:25.653 [main] WARN dev.nekoobfuscator.native_.stage.NativeCompilationStage -- Rejected native translation for ThreadsController#checkCollision()V: W9 deferred to W11-M5h: reference GETSTATIC requires GC load barrier coverage for ZGC/Shenandoah; G1/Serial/Parallel paths pending; W9 deferred to W11-M5h: reference PUTFIELD/PUTSTATIC requires SATB/incremental update write barriers; pending W11 hardening
07:07:25.653 [main] WARN dev.nekoobfuscator.native_.stage.NativeCompilationStage -- Rejected native translation for ThreadsController#stopTheGame()V: W9 deferred to W11-M5h: reference GETSTATIC requires GC load barrier coverage for ZGC/Shenandoah; G1/Serial/Parallel paths pending
07:07:25.653 [main] WARN dev.nekoobfuscator.native_.stage.NativeCompilationStage -- Rejected native translation for ThreadsController#getValAleaNotInSnake()LTuple;: reference return requires direct ALOAD/ACONST_NULL producer
07:07:25.653 [main] WARN dev.nekoobfuscator.native_.stage.NativeCompilationStage -- Rejected native translation for Tuple#<init>(II)V: constructors remain in bytecode form
07:07:25.653 [main] WARN dev.nekoobfuscator.native_.stage.NativeCompilationStage -- Rejected native translation for Window#<init>()V: constructors remain in bytecode form; W9 deferred to W11-M5h: reference PUTFIELD/PUTSTATIC requires SATB/incremental update write barriers; pending W11 hardening; W9 deferred to W11-M5h: reference GETSTATIC requires GC load barrier coverage for ZGC/Shenandoah; G1/Serial/Parallel paths pending
07:07:25.653 [main] WARN dev.nekoobfuscator.native_.stage.NativeCompilationStage -- Rejected native translation for Window#<clinit>()V: class initializers are not translated
07:07:25.654 [main] WARN dev.nekoobfuscator.native_.stage.NativeCompilationStage -- Rejected native translation for Main#main([Ljava/lang/String;)V: INVOKE target not in neko manifest (translated→translated only)
07:07:25.654 [main] WARN dev.nekoobfuscator.native_.stage.NativeCompilationStage -- Rejected native translation for ThreadsController#pauser()V: INVOKE target not in neko manifest (translated→translated only)
07:07:25.654 [main] WARN dev.nekoobfuscator.native_.stage.NativeCompilationStage -- Rejected native translation for ThreadsController#moveInterne(I)V: INVOKE target not in neko manifest (translated→translated only)
07:07:25.686 [main] INFO dev.nekoobfuscator.native_.codegen.NativeBuildEngine -- zig cc: compiling 1 .c + 1 .S files for target x86_64-linux-gnu
07:07:25.686 [main] INFO dev.nekoobfuscator.native_.codegen.NativeBuildEngine -- Building native for LINUX_X64: zig cc -shared -Oz -std=c11 -Wall -Wextra -target x86_64-linux-gnu -I /usr/lib/jvm/java-21-openjdk/include -DNEKO_DEBUG_ENABLED=1 -I /usr/lib/jvm/java-21-openjdk/include/linux -o /tmp/neko_native_10584014350769226911/libneko_linux_x64.so /tmp/neko_native_sources_90385183777943680/neko_native.c /tmp/neko_native_sources_90385183777943680/neko_stubs.S
07:07:26.095 [main] INFO dev.nekoobfuscator.native_.codegen.NativeBuildEngine -- Built libneko_linux_x64.so (61928 bytes)
07:07:26.097 [main] INFO dev.nekoobfuscator.native_.stage.NativeCompilationStage -- Native stage rejected 14 method(s)
07:07:26.098 [main] INFO dev.nekoobfuscator.core.pipeline.ObfuscationPipeline -- Native stage: translated=12 rejected=14
07:07:26.098 [main] INFO dev.nekoobfuscator.core.pipeline.ObfuscationPipeline -- Writing output JAR: verification/w11/m5i-deferred/SnakeGame-native-debug.jar
07:07:26.100 [main] DEBUG dev.nekoobfuscator.core.jar.JarOutput -- Wrote class: DataOfSquare
07:07:26.100 [main] DEBUG dev.nekoobfuscator.core.jar.JarOutput -- Wrote class: KeyboardListener
07:07:26.100 [main] DEBUG dev.nekoobfuscator.core.jar.JarOutput -- Wrote class: Main
07:07:26.100 [main] DEBUG dev.nekoobfuscator.core.jar.JarOutput -- Wrote class: SquarePanel
07:07:26.101 [main] DEBUG dev.nekoobfuscator.core.jar.JarOutput -- Wrote class: ThreadsController
07:07:26.101 [main] DEBUG dev.nekoobfuscator.core.jar.JarOutput -- Wrote class: Tuple
07:07:26.101 [main] DEBUG dev.nekoobfuscator.core.jar.JarOutput -- Wrote class: Window
07:07:26.101 [main] DEBUG dev.nekoobfuscator.core.jar.JarOutput -- Wrote class: dev/nekoobfuscator/runtime/NekoNativeLoader
07:07:26.104 [main] DEBUG dev.nekoobfuscator.core.jar.JarOutput -- Wrote resource: neko/native/libneko_linux_x64.so
07:07:26.104 [main] INFO dev.nekoobfuscator.core.jar.JarOutput -- Wrote 8 classes and 1 resources to verification/w11/m5i-deferred/SnakeGame-native-debug.jar
07:07:26.104 [main] INFO dev.nekoobfuscator.core.pipeline.ObfuscationPipeline -- Obfuscation completed in 474ms
[NekoObfuscator] Done in 526ms
