[NekoObfuscator] Starting...
[NekoObfuscator] Registered 10 transform passes
14:47:20.823 [main] INFO dev.nekoobfuscator.core.pipeline.ObfuscationPipeline -- Reading input JAR: test-jars/obfusjack-test21.jar
14:47:20.828 [main] DEBUG dev.nekoobfuscator.core.jar.JarInput -- Loaded class: org/example/Main$1
14:47:20.828 [main] DEBUG dev.nekoobfuscator.core.jar.JarInput -- Loaded class: org/example/Main$1Local
14:47:20.829 [main] DEBUG dev.nekoobfuscator.core.jar.JarInput -- Loaded class: org/example/Main$2
14:47:20.829 [main] DEBUG dev.nekoobfuscator.core.jar.JarInput -- Loaded class: org/example/Main$Animal
14:47:20.829 [main] DEBUG dev.nekoobfuscator.core.jar.JarInput -- Loaded class: org/example/Main$Box
14:47:20.829 [main] DEBUG dev.nekoobfuscator.core.jar.JarInput -- Loaded class: org/example/Main$Circle
14:47:20.830 [main] DEBUG dev.nekoobfuscator.core.jar.JarInput -- Loaded class: org/example/Main$CloneThing
14:47:20.830 [main] DEBUG dev.nekoobfuscator.core.jar.JarInput -- Loaded class: org/example/Main$Color
14:47:20.830 [main] DEBUG dev.nekoobfuscator.core.jar.JarInput -- Loaded class: org/example/Main$DemoAnno
14:47:20.830 [main] DEBUG dev.nekoobfuscator.core.jar.JarInput -- Loaded class: org/example/Main$Dog
14:47:20.830 [main] DEBUG dev.nekoobfuscator.core.jar.JarInput -- Loaded class: org/example/Main$Greeter
14:47:20.830 [main] DEBUG dev.nekoobfuscator.core.jar.JarInput -- Loaded class: org/example/Main$Inner
14:47:20.830 [main] DEBUG dev.nekoobfuscator.core.jar.JarInput -- Loaded class: org/example/Main$LabeledPoint
14:47:20.831 [main] DEBUG dev.nekoobfuscator.core.jar.JarInput -- Loaded class: org/example/Main$MyException
14:47:20.831 [main] DEBUG dev.nekoobfuscator.core.jar.JarInput -- Loaded class: org/example/Main$Point
14:47:20.831 [main] DEBUG dev.nekoobfuscator.core.jar.JarInput -- Loaded class: org/example/Main$Rectangle
14:47:20.831 [main] DEBUG dev.nekoobfuscator.core.jar.JarInput -- Loaded class: org/example/Main$Shape
14:47:20.831 [main] DEBUG dev.nekoobfuscator.core.jar.JarInput -- Loaded class: org/example/Main$StaticInner
14:47:20.831 [main] DEBUG dev.nekoobfuscator.core.jar.JarInput -- Loaded class: org/example/Main$ThrowingRunnable
14:47:20.831 [main] DEBUG dev.nekoobfuscator.core.jar.JarInput -- Loaded class: org/example/Main$Triangle
14:47:20.833 [main] DEBUG dev.nekoobfuscator.core.jar.JarInput -- Loaded class: org/example/Main
14:47:20.833 [main] INFO dev.nekoobfuscator.core.jar.JarInput -- Loaded 21 classes and 1 resources
14:47:20.833 [main] INFO dev.nekoobfuscator.core.pipeline.ObfuscationPipeline -- Loaded 21 classes, 1 resources
14:47:20.833 [main] INFO dev.nekoobfuscator.core.pipeline.ObfuscationPipeline -- Class hierarchy: 29 entries
14:47:20.839 [main] INFO dev.nekoobfuscator.core.pipeline.ObfuscationPipeline -- Master seed: 0x3039
14:47:20.839 [main] INFO dev.nekoobfuscator.core.pipeline.ObfuscationPipeline -- Scheduled 0 transform passes
14:47:20.840 [main] DEBUG dev.nekoobfuscator.core.pipeline.ObfuscationPipeline -- Injected runtime class: dev/nekoobfuscator/runtime/NekoNativeLoader
14:47:20.840 [main] INFO dev.nekoobfuscator.core.pipeline.ObfuscationPipeline -- Running native compilation stage
14:47:20.854 [main] WARN dev.nekoobfuscator.native_.stage.NativeCompilationStage -- Rejected native translation for org/example/Main$1#<init>()V: constructors remain in bytecode form
14:47:20.854 [main] WARN dev.nekoobfuscator.native_.stage.NativeCompilationStage -- Rejected native translation for org/example/Main$1#run()V: reference GETSTATIC deferred pending oop static field support
14:47:20.854 [main] WARN dev.nekoobfuscator.native_.stage.NativeCompilationStage -- Rejected native translation for org/example/Main$1Local#<init>()V: constructors remain in bytecode form
14:47:20.854 [main] WARN dev.nekoobfuscator.native_.stage.NativeCompilationStage -- Rejected native translation for org/example/Main$2#<init>()V: constructors remain in bytecode form
14:47:20.854 [main] WARN dev.nekoobfuscator.native_.stage.NativeCompilationStage -- Rejected native translation for org/example/Main$2#get()Ljava/lang/Object;: bridge methods are skipped; reference return requires direct ALOAD/ACONST_NULL producer
14:47:20.854 [main] WARN dev.nekoobfuscator.native_.stage.NativeCompilationStage -- Rejected native translation for org/example/Main$Animal#<init>()V: constructors remain in bytecode form
14:47:20.854 [main] WARN dev.nekoobfuscator.native_.stage.NativeCompilationStage -- Rejected native translation for org/example/Main$Animal#speak()V: abstract methods have no translatable bytecode body
14:47:20.854 [main] WARN dev.nekoobfuscator.native_.stage.NativeCompilationStage -- Rejected native translation for org/example/Main$Box#<init>(Ljava/lang/Object;)V: constructors remain in bytecode form; reference PUTFIELD deferred to M5h (GC write barriers)
14:47:20.854 [main] WARN dev.nekoobfuscator.native_.stage.NativeCompilationStage -- Rejected native translation for org/example/Main$Box#merge(Lorg/example/Main$Box;Lorg/example/Main$Box;)Ljava/lang/Number;: reference return requires direct ALOAD/ACONST_NULL producer
14:47:20.855 [main] WARN dev.nekoobfuscator.native_.stage.NativeCompilationStage -- Rejected native translation for org/example/Main$Circle#<init>(D)V: constructors remain in bytecode form
14:47:20.855 [main] WARN dev.nekoobfuscator.native_.stage.NativeCompilationStage -- Rejected native translation for org/example/Main$Circle#toString()Ljava/lang/String;: reference return requires direct ALOAD/ACONST_NULL producer; INVOKEDYNAMIC deferred to M5f
14:47:20.855 [main] WARN dev.nekoobfuscator.native_.stage.NativeCompilationStage -- Rejected native translation for org/example/Main$Circle#hashCode()I: INVOKEDYNAMIC deferred to M5f
14:47:20.855 [main] WARN dev.nekoobfuscator.native_.stage.NativeCompilationStage -- Rejected native translation for org/example/Main$Circle#equals(Ljava/lang/Object;)Z: INVOKEDYNAMIC deferred to M5f
14:47:20.855 [main] WARN dev.nekoobfuscator.native_.stage.NativeCompilationStage -- Rejected native translation for org/example/Main$CloneThing#<init>(I)V: constructors remain in bytecode form
14:47:20.855 [main] WARN dev.nekoobfuscator.native_.stage.NativeCompilationStage -- Rejected native translation for org/example/Main$CloneThing#clone()Ljava/lang/Object;: reference return requires direct ALOAD/ACONST_NULL producer
14:47:20.855 [main] WARN dev.nekoobfuscator.native_.stage.NativeCompilationStage -- Rejected native translation for org/example/Main$CloneThing#toString()Ljava/lang/String;: reference return requires direct ALOAD/ACONST_NULL producer; INVOKEDYNAMIC deferred to M5f
14:47:20.855 [main] WARN dev.nekoobfuscator.native_.stage.NativeCompilationStage -- Rejected native translation for org/example/Main$Color#values()[Lorg/example/Main$Color;: reference return requires direct ALOAD/ACONST_NULL producer; reference GETSTATIC deferred pending oop static field support
14:47:20.855 [main] WARN dev.nekoobfuscator.native_.stage.NativeCompilationStage -- Rejected native translation for org/example/Main$Color#valueOf(Ljava/lang/String;)Lorg/example/Main$Color;: reference return requires direct ALOAD/ACONST_NULL producer
14:47:20.855 [main] WARN dev.nekoobfuscator.native_.stage.NativeCompilationStage -- Rejected native translation for org/example/Main$Color#<init>(Ljava/lang/String;I)V: constructors remain in bytecode form
14:47:20.855 [main] WARN dev.nekoobfuscator.native_.stage.NativeCompilationStage -- Rejected native translation for org/example/Main$Color#$values()[Lorg/example/Main$Color;: reference return requires direct ALOAD/ACONST_NULL producer; ANEWARRAY deferred beyond Wave 2; reference GETSTATIC deferred pending oop static field support
14:47:20.855 [main] WARN dev.nekoobfuscator.native_.stage.NativeCompilationStage -- Rejected native translation for org/example/Main$Color#<clinit>()V: class initializers are not translated; reference PUTSTATIC deferred to M5h (GC write barriers)
14:47:20.855 [main] WARN dev.nekoobfuscator.native_.stage.NativeCompilationStage -- Rejected native translation for org/example/Main$DemoAnno#author()Ljava/lang/String;: abstract methods have no translatable bytecode body; reference return requires bytecode body
14:47:20.855 [main] WARN dev.nekoobfuscator.native_.stage.NativeCompilationStage -- Rejected native translation for org/example/Main$DemoAnno#tags()[Ljava/lang/String;: abstract methods have no translatable bytecode body; reference return requires bytecode body
14:47:20.855 [main] WARN dev.nekoobfuscator.native_.stage.NativeCompilationStage -- Rejected native translation for org/example/Main$Dog#<init>()V: constructors remain in bytecode form
14:47:20.855 [main] WARN dev.nekoobfuscator.native_.stage.NativeCompilationStage -- Rejected native translation for org/example/Main$Dog#speak()V: reference GETSTATIC deferred pending oop static field support
14:47:20.855 [main] WARN dev.nekoobfuscator.native_.stage.NativeCompilationStage -- Rejected native translation for org/example/Main$Greeter#greet(Ljava/lang/String;)Ljava/lang/String;: abstract methods have no translatable bytecode body; reference return requires bytecode body
14:47:20.856 [main] WARN dev.nekoobfuscator.native_.stage.NativeCompilationStage -- Rejected native translation for org/example/Main$Greeter#shout(Ljava/lang/String;)Ljava/lang/String;: reference return requires direct ALOAD/ACONST_NULL producer; reference GETSTATIC deferred pending oop static field support
14:47:20.856 [main] WARN dev.nekoobfuscator.native_.stage.NativeCompilationStage -- Rejected native translation for org/example/Main$Greeter#fixed(Ljava/lang/String;)Lorg/example/Main$Greeter;: reference return requires direct ALOAD/ACONST_NULL producer; INVOKEDYNAMIC deferred to M5f
14:47:20.856 [main] WARN dev.nekoobfuscator.native_.stage.NativeCompilationStage -- Rejected native translation for org/example/Main$Greeter#lambda$fixed$0(Ljava/lang/String;Ljava/lang/String;)Ljava/lang/String;: reference return requires direct ALOAD/ACONST_NULL producer; INVOKEDYNAMIC deferred to M5f
14:47:20.856 [main] WARN dev.nekoobfuscator.native_.stage.NativeCompilationStage -- Rejected native translation for org/example/Main$Inner#<init>(Lorg/example/Main;I)V: constructors remain in bytecode form
14:47:20.856 [main] WARN dev.nekoobfuscator.native_.stage.NativeCompilationStage -- Rejected native translation for org/example/Main$LabeledPoint#<init>(Ljava/lang/String;Lorg/example/Main$Point;)V: constructors remain in bytecode form; reference PUTFIELD deferred to M5h (GC write barriers)
14:47:20.856 [main] WARN dev.nekoobfuscator.native_.stage.NativeCompilationStage -- Rejected native translation for org/example/Main$LabeledPoint#toString()Ljava/lang/String;: reference return requires direct ALOAD/ACONST_NULL producer; INVOKEDYNAMIC deferred to M5f
14:47:20.856 [main] WARN dev.nekoobfuscator.native_.stage.NativeCompilationStage -- Rejected native translation for org/example/Main$LabeledPoint#hashCode()I: INVOKEDYNAMIC deferred to M5f
14:47:20.856 [main] WARN dev.nekoobfuscator.native_.stage.NativeCompilationStage -- Rejected native translation for org/example/Main$LabeledPoint#equals(Ljava/lang/Object;)Z: INVOKEDYNAMIC deferred to M5f
14:47:20.856 [main] WARN dev.nekoobfuscator.native_.stage.NativeCompilationStage -- Rejected native translation for org/example/Main$LabeledPoint#label()Ljava/lang/String;: reference return requires direct ALOAD/ACONST_NULL producer
14:47:20.856 [main] WARN dev.nekoobfuscator.native_.stage.NativeCompilationStage -- Rejected native translation for org/example/Main$LabeledPoint#p()Lorg/example/Main$Point;: reference return requires direct ALOAD/ACONST_NULL producer
14:47:20.856 [main] WARN dev.nekoobfuscator.native_.stage.NativeCompilationStage -- Rejected native translation for org/example/Main$MyException#<init>(Ljava/lang/String;)V: constructors remain in bytecode form
14:47:20.856 [main] WARN dev.nekoobfuscator.native_.stage.NativeCompilationStage -- Rejected native translation for org/example/Main$Point#<init>(II)V: constructors remain in bytecode form
14:47:20.856 [main] WARN dev.nekoobfuscator.native_.stage.NativeCompilationStage -- Rejected native translation for org/example/Main$Point#toString()Ljava/lang/String;: reference return requires direct ALOAD/ACONST_NULL producer; INVOKEDYNAMIC deferred to M5f
14:47:20.856 [main] WARN dev.nekoobfuscator.native_.stage.NativeCompilationStage -- Rejected native translation for org/example/Main$Point#hashCode()I: INVOKEDYNAMIC deferred to M5f
14:47:20.857 [main] WARN dev.nekoobfuscator.native_.stage.NativeCompilationStage -- Rejected native translation for org/example/Main$Point#equals(Ljava/lang/Object;)Z: INVOKEDYNAMIC deferred to M5f
14:47:20.857 [main] WARN dev.nekoobfuscator.native_.stage.NativeCompilationStage -- Rejected native translation for org/example/Main$Rectangle#<init>(DD)V: constructors remain in bytecode form
14:47:20.857 [main] WARN dev.nekoobfuscator.native_.stage.NativeCompilationStage -- Rejected native translation for org/example/Main$Rectangle#toString()Ljava/lang/String;: reference return requires direct ALOAD/ACONST_NULL producer; INVOKEDYNAMIC deferred to M5f
14:47:20.857 [main] WARN dev.nekoobfuscator.native_.stage.NativeCompilationStage -- Rejected native translation for org/example/Main$Rectangle#hashCode()I: INVOKEDYNAMIC deferred to M5f
14:47:20.857 [main] WARN dev.nekoobfuscator.native_.stage.NativeCompilationStage -- Rejected native translation for org/example/Main$Rectangle#equals(Ljava/lang/Object;)Z: INVOKEDYNAMIC deferred to M5f
14:47:20.857 [main] WARN dev.nekoobfuscator.native_.stage.NativeCompilationStage -- Rejected native translation for org/example/Main$StaticInner#<init>(Ljava/lang/String;)V: constructors remain in bytecode form; reference PUTFIELD deferred to M5h (GC write barriers)
14:47:20.857 [main] WARN dev.nekoobfuscator.native_.stage.NativeCompilationStage -- Rejected native translation for org/example/Main$ThrowingRunnable#run()V: abstract methods have no translatable bytecode body
14:47:20.857 [main] WARN dev.nekoobfuscator.native_.stage.NativeCompilationStage -- Rejected native translation for org/example/Main$Triangle#<init>(DDD)V: constructors remain in bytecode form
14:47:20.857 [main] WARN dev.nekoobfuscator.native_.stage.NativeCompilationStage -- Rejected native translation for org/example/Main$Triangle#toString()Ljava/lang/String;: reference return requires direct ALOAD/ACONST_NULL producer; INVOKEDYNAMIC deferred to M5f
14:47:20.857 [main] WARN dev.nekoobfuscator.native_.stage.NativeCompilationStage -- Rejected native translation for org/example/Main$Triangle#hashCode()I: INVOKEDYNAMIC deferred to M5f
14:47:20.857 [main] WARN dev.nekoobfuscator.native_.stage.NativeCompilationStage -- Rejected native translation for org/example/Main$Triangle#equals(Ljava/lang/Object;)Z: INVOKEDYNAMIC deferred to M5f
14:47:20.857 [main] WARN dev.nekoobfuscator.native_.stage.NativeCompilationStage -- Rejected native translation for org/example/Main#<init>()V: constructors remain in bytecode form
14:47:20.857 [main] WARN dev.nekoobfuscator.native_.stage.NativeCompilationStage -- Rejected native translation for org/example/Main#area(Lorg/example/Main$Shape;)D: INVOKEDYNAMIC deferred to M5f
14:47:20.857 [main] WARN dev.nekoobfuscator.native_.stage.NativeCompilationStage -- Rejected native translation for org/example/Main#main([Ljava/lang/String;)V: reference GETSTATIC deferred pending oop static field support; INVOKEDYNAMIC deferred to M5f; MULTIANEWARRAY deferred beyond Wave 2; ANEWARRAY deferred beyond Wave 2; MONITORENTER deferred beyond Wave 2; MONITOREXIT deferred beyond Wave 2
14:47:20.857 [main] WARN dev.nekoobfuscator.native_.stage.NativeCompilationStage -- Rejected native translation for org/example/Main#staticHello(Ljava/lang/String;)V: reference GETSTATIC deferred pending oop static field support; INVOKEDYNAMIC deferred to M5f
14:47:20.857 [main] WARN dev.nekoobfuscator.native_.stage.NativeCompilationStage -- Rejected native translation for org/example/Main#factorial(I)Ljava/math/BigInteger;: reference return requires direct ALOAD/ACONST_NULL producer; reference GETSTATIC deferred pending oop static field support
14:47:20.857 [main] WARN dev.nekoobfuscator.native_.stage.NativeCompilationStage -- Rejected native translation for org/example/Main#describeSwitch(Ljava/lang/Object;)Ljava/lang/String;: reference return requires direct ALOAD/ACONST_NULL producer; INVOKEDYNAMIC deferred to M5f
14:47:20.858 [main] WARN dev.nekoobfuscator.native_.stage.NativeCompilationStage -- Rejected native translation for org/example/Main#demoSequencedCollections()V: reference GETSTATIC deferred pending oop static field support; INVOKEDYNAMIC deferred to M5f
14:47:20.858 [main] WARN dev.nekoobfuscator.native_.stage.NativeCompilationStage -- Rejected native translation for org/example/Main#demoRandomApi()V: reference GETSTATIC deferred pending oop static field support; INVOKEDYNAMIC deferred to M5f
14:47:20.858 [main] WARN dev.nekoobfuscator.native_.stage.NativeCompilationStage -- Rejected native translation for org/example/Main#microbenchThreads()V: reference GETSTATIC deferred pending oop static field support; INVOKEDYNAMIC deferred to M5f
14:47:20.858 [main] WARN dev.nekoobfuscator.native_.stage.NativeCompilationStage -- Rejected native translation for org/example/Main#microbenchMatrixMultiply()V: reference GETSTATIC deferred pending oop static field support; MULTIANEWARRAY deferred beyond Wave 2; INVOKEDYNAMIC deferred to M5f
14:47:20.858 [main] WARN dev.nekoobfuscator.native_.stage.NativeCompilationStage -- Rejected native translation for org/example/Main#mmulSeq([[D[[D[[D)V: reference GETSTATIC deferred pending oop static field support
14:47:20.858 [main] WARN dev.nekoobfuscator.native_.stage.NativeCompilationStage -- Rejected native translation for org/example/Main#mmulParallelStream([[D[[D[[D)V: INVOKEDYNAMIC deferred to M5f; reference GETSTATIC deferred pending oop static field support
14:47:20.858 [main] WARN dev.nekoobfuscator.native_.stage.NativeCompilationStage -- Rejected native translation for org/example/Main#mmulVirtualThreads([[D[[D[[D)V: INVOKEDYNAMIC deferred to M5f; reference GETSTATIC deferred pending oop static field support
14:47:20.858 [main] WARN dev.nekoobfuscator.native_.stage.NativeCompilationStage -- Rejected native translation for org/example/Main#timeMillis(Lorg/example/Main$ThrowingRunnable;II)J: reference GETSTATIC deferred pending oop static field support
14:47:20.858 [main] WARN dev.nekoobfuscator.native_.stage.NativeCompilationStage -- Rejected native translation for org/example/Main#lambda$mmulVirtualThreads$16([[DI[[D[[DI)Ljava/util/concurrent/Callable;: reference return requires direct ALOAD/ACONST_NULL producer; INVOKEDYNAMIC deferred to M5f
14:47:20.858 [main] WARN dev.nekoobfuscator.native_.stage.NativeCompilationStage -- Rejected native translation for org/example/Main#lambda$microbenchThreads$10(I)V: INVOKEDYNAMIC deferred to M5f
14:47:20.858 [main] WARN dev.nekoobfuscator.native_.stage.NativeCompilationStage -- Rejected native translation for org/example/Main#lambda$microbenchThreads$9(I)Ljava/util/concurrent/Callable;: reference return requires direct ALOAD/ACONST_NULL producer; INVOKEDYNAMIC deferred to M5f
14:47:20.858 [main] WARN dev.nekoobfuscator.native_.stage.NativeCompilationStage -- Rejected native translation for org/example/Main#lambda$microbenchThreads$8(I)Ljava/lang/Void;: reference GETSTATIC deferred pending oop static field support
14:47:20.858 [main] WARN dev.nekoobfuscator.native_.stage.NativeCompilationStage -- Rejected native translation for org/example/Main#lambda$microbenchThreads$7(II)V: INVOKEDYNAMIC deferred to M5f; reference GETSTATIC deferred pending oop static field support
14:47:20.858 [main] WARN dev.nekoobfuscator.native_.stage.NativeCompilationStage -- Rejected native translation for org/example/Main#lambda$microbenchThreads$6(I)Ljava/util/concurrent/Callable;: reference return requires direct ALOAD/ACONST_NULL producer; INVOKEDYNAMIC deferred to M5f
14:47:20.858 [main] WARN dev.nekoobfuscator.native_.stage.NativeCompilationStage -- Rejected native translation for org/example/Main#lambda$microbenchThreads$5(I)Ljava/lang/Void;: reference GETSTATIC deferred pending oop static field support
14:47:20.858 [main] WARN dev.nekoobfuscator.native_.stage.NativeCompilationStage -- Rejected native translation for org/example/Main#lambda$demoRandomApi$4(Ljava/util/random/RandomGeneratorFactory;)V: reference GETSTATIC deferred pending oop static field support; INVOKEDYNAMIC deferred to M5f
14:47:20.858 [main] WARN dev.nekoobfuscator.native_.stage.NativeCompilationStage -- Rejected native translation for org/example/Main#lambda$main$2(Ljava/lang/Integer;)Ljava/lang/Integer;: reference return requires direct ALOAD/ACONST_NULL producer
14:47:20.858 [main] WARN dev.nekoobfuscator.native_.stage.NativeCompilationStage -- Rejected native translation for org/example/Main#lambda$main$1()V: reference GETSTATIC deferred pending oop static field support
14:47:20.858 [main] WARN dev.nekoobfuscator.native_.stage.NativeCompilationStage -- Rejected native translation for org/example/Main#lambda$static$0()Ljava/lang/Integer;: reference return requires direct ALOAD/ACONST_NULL producer
14:47:20.858 [main] WARN dev.nekoobfuscator.native_.stage.NativeCompilationStage -- Rejected native translation for org/example/Main#<clinit>()V: class initializers are not translated; reference PUTSTATIC deferred to M5h (GC write barriers); INVOKEDYNAMIC deferred to M5f
14:47:20.859 [main] WARN dev.nekoobfuscator.native_.stage.NativeCompilationStage -- Rejected native translation for org/example/Main#heron(DDD)D: INVOKE target not in neko manifest (translated→translated only)
14:47:20.859 [main] WARN dev.nekoobfuscator.native_.stage.NativeCompilationStage -- Rejected native translation for org/example/Main#mightThrow(Z)V: INVOKE target not in neko manifest (translated→translated only)
14:47:20.859 [main] WARN dev.nekoobfuscator.native_.stage.NativeCompilationStage -- Rejected native translation for org/example/Main#sumPoint(Ljava/lang/Object;)I: INVOKE target not in neko manifest (translated→translated only)
14:47:20.859 [main] WARN dev.nekoobfuscator.native_.stage.NativeCompilationStage -- Rejected native translation for org/example/Main#fillRandom([[D)V: INVOKE target not in neko manifest (translated→translated only)
14:47:20.859 [main] WARN dev.nekoobfuscator.native_.stage.NativeCompilationStage -- Rejected native translation for org/example/Main#lambda$microbenchMatrixMultiply$13([[D[[D[[D)V: INVOKE target not in neko manifest (translated→translated only)
14:47:20.859 [main] WARN dev.nekoobfuscator.native_.stage.NativeCompilationStage -- Rejected native translation for org/example/Main#lambda$microbenchMatrixMultiply$12([[D[[D[[D)V: INVOKE target not in neko manifest (translated→translated only)
14:47:20.859 [main] WARN dev.nekoobfuscator.native_.stage.NativeCompilationStage -- Rejected native translation for org/example/Main#lambda$microbenchMatrixMultiply$11([[D[[D[[D)V: INVOKE target not in neko manifest (translated→translated only)
14:47:20.897 [main] INFO dev.nekoobfuscator.native_.codegen.NativeBuildEngine -- zig cc: compiling 1 .c + 1 .S files for target x86_64-linux-gnu
14:47:20.897 [main] INFO dev.nekoobfuscator.native_.codegen.NativeBuildEngine -- Building native for LINUX_X64: zig cc -shared -Oz -std=c11 -Wall -Wextra -target x86_64-linux-gnu -I /usr/lib/jvm/java-21-openjdk/include -DNEKO_DEBUG_ENABLED=1 -I /usr/lib/jvm/java-21-openjdk/include/linux -o /tmp/neko_native_8899167556939644230/libneko_linux_x64.so /tmp/neko_native_sources_14261397276012904271/neko_native.c /tmp/neko_native_sources_14261397276012904271/neko_stubs.S
14:47:21.412 [main] INFO dev.nekoobfuscator.native_.codegen.NativeBuildEngine -- Built libneko_linux_x64.so (65064 bytes)
14:47:21.415 [main] INFO dev.nekoobfuscator.native_.stage.NativeCompilationStage -- Native stage rejected 84 method(s)
14:47:21.418 [main] INFO dev.nekoobfuscator.core.pipeline.ObfuscationPipeline -- Native stage: translated=17 rejected=84
14:47:21.418 [main] INFO dev.nekoobfuscator.core.pipeline.ObfuscationPipeline -- Writing output JAR: verification/w1/final-v14/obfusjack-native-debug.jar
14:47:21.419 [main] DEBUG dev.nekoobfuscator.core.jar.JarOutput -- Wrote class: org/example/Main$1
14:47:21.419 [main] DEBUG dev.nekoobfuscator.core.jar.JarOutput -- Wrote class: org/example/Main$1Local
14:47:21.419 [main] DEBUG dev.nekoobfuscator.core.jar.JarOutput -- Wrote class: org/example/Main$2
14:47:21.419 [main] DEBUG dev.nekoobfuscator.core.jar.JarOutput -- Wrote class: org/example/Main$Animal
14:47:21.419 [main] DEBUG dev.nekoobfuscator.core.jar.JarOutput -- Wrote class: org/example/Main$Box
14:47:21.419 [main] DEBUG dev.nekoobfuscator.core.jar.JarOutput -- Wrote class: org/example/Main$Circle
14:47:21.419 [main] DEBUG dev.nekoobfuscator.core.jar.JarOutput -- Wrote class: org/example/Main$CloneThing
14:47:21.420 [main] DEBUG dev.nekoobfuscator.core.jar.JarOutput -- Wrote class: org/example/Main$Color
14:47:21.420 [main] DEBUG dev.nekoobfuscator.core.jar.JarOutput -- Wrote class: org/example/Main$DemoAnno
14:47:21.420 [main] DEBUG dev.nekoobfuscator.core.jar.JarOutput -- Wrote class: org/example/Main$Dog
14:47:21.420 [main] DEBUG dev.nekoobfuscator.core.jar.JarOutput -- Wrote class: org/example/Main$Greeter
14:47:21.420 [main] DEBUG dev.nekoobfuscator.core.jar.JarOutput -- Wrote class: org/example/Main$Inner
14:47:21.420 [main] DEBUG dev.nekoobfuscator.core.jar.JarOutput -- Wrote class: org/example/Main$LabeledPoint
14:47:21.420 [main] DEBUG dev.nekoobfuscator.core.jar.JarOutput -- Wrote class: org/example/Main$MyException
14:47:21.420 [main] DEBUG dev.nekoobfuscator.core.jar.JarOutput -- Wrote class: org/example/Main$Point
14:47:21.421 [main] DEBUG dev.nekoobfuscator.core.jar.JarOutput -- Wrote class: org/example/Main$Rectangle
14:47:21.421 [main] DEBUG dev.nekoobfuscator.core.jar.JarOutput -- Wrote class: org/example/Main$Shape
14:47:21.421 [main] DEBUG dev.nekoobfuscator.core.jar.JarOutput -- Wrote class: org/example/Main$StaticInner
14:47:21.421 [main] DEBUG dev.nekoobfuscator.core.jar.JarOutput -- Wrote class: org/example/Main$ThrowingRunnable
14:47:21.421 [main] DEBUG dev.nekoobfuscator.core.jar.JarOutput -- Wrote class: org/example/Main$Triangle
14:47:21.423 [main] DEBUG dev.nekoobfuscator.core.jar.JarOutput -- Wrote class: org/example/Main
14:47:21.423 [main] DEBUG dev.nekoobfuscator.core.jar.JarOutput -- Wrote class: dev/nekoobfuscator/runtime/NekoNativeLoader
14:47:21.423 [main] DEBUG dev.nekoobfuscator.core.jar.JarOutput -- Wrote resource: META-INF/services/org.example.features.DemoService
14:47:21.425 [main] DEBUG dev.nekoobfuscator.core.jar.JarOutput -- Wrote resource: neko/native/libneko_linux_x64.so
14:47:21.426 [main] INFO dev.nekoobfuscator.core.jar.JarOutput -- Wrote 22 classes and 2 resources to verification/w1/final-v14/obfusjack-native-debug.jar
14:47:21.426 [main] INFO dev.nekoobfuscator.core.pipeline.ObfuscationPipeline -- Obfuscation completed in 603ms
[NekoObfuscator] Done in 663ms
