[NekoObfuscator] Starting...
[NekoObfuscator] Registered 10 transform passes
14:47:24.647 [main] INFO dev.nekoobfuscator.core.pipeline.ObfuscationPipeline -- Reading input JAR: test-jars/SnakeGame.jar
14:47:24.653 [main] DEBUG dev.nekoobfuscator.core.jar.JarInput -- Loaded class: DataOfSquare
14:47:24.654 [main] DEBUG dev.nekoobfuscator.core.jar.JarInput -- Loaded class: KeyboardListener
14:47:24.654 [main] DEBUG dev.nekoobfuscator.core.jar.JarInput -- Loaded class: Main
14:47:24.654 [main] DEBUG dev.nekoobfuscator.core.jar.JarInput -- Loaded class: SquarePanel
14:47:24.655 [main] DEBUG dev.nekoobfuscator.core.jar.JarInput -- Loaded class: ThreadsController
14:47:24.655 [main] DEBUG dev.nekoobfuscator.core.jar.JarInput -- Loaded class: Tuple
14:47:24.655 [main] DEBUG dev.nekoobfuscator.core.jar.JarInput -- Loaded class: Window
14:47:24.655 [main] INFO dev.nekoobfuscator.core.jar.JarInput -- Loaded 7 classes and 0 resources
14:47:24.655 [main] INFO dev.nekoobfuscator.core.pipeline.ObfuscationPipeline -- Loaded 7 classes, 0 resources
14:47:24.655 [main] INFO dev.nekoobfuscator.core.pipeline.ObfuscationPipeline -- Class hierarchy: 15 entries
14:47:24.661 [main] INFO dev.nekoobfuscator.core.pipeline.ObfuscationPipeline -- Master seed: 0x3039
14:47:24.661 [main] INFO dev.nekoobfuscator.core.pipeline.ObfuscationPipeline -- Scheduled 0 transform passes
14:47:24.663 [main] DEBUG dev.nekoobfuscator.core.pipeline.ObfuscationPipeline -- Injected runtime class: dev/nekoobfuscator/runtime/NekoNativeLoader
14:47:24.663 [main] INFO dev.nekoobfuscator.core.pipeline.ObfuscationPipeline -- Running native compilation stage
14:47:24.674 [main] WARN dev.nekoobfuscator.native_.stage.NativeCompilationStage -- Rejected native translation for DataOfSquare#<init>(I)V: constructors remain in bytecode form; reference PUTFIELD deferred to M5h (GC write barriers); reference GETSTATIC deferred pending oop static field support
14:47:24.675 [main] WARN dev.nekoobfuscator.native_.stage.NativeCompilationStage -- Rejected native translation for KeyboardListener#<init>()V: constructors remain in bytecode form
14:47:24.675 [main] WARN dev.nekoobfuscator.native_.stage.NativeCompilationStage -- Rejected native translation for Main#<init>()V: constructors remain in bytecode form
14:47:24.675 [main] WARN dev.nekoobfuscator.native_.stage.NativeCompilationStage -- Rejected native translation for SquarePanel#<init>(Ljava/awt/Color;)V: constructors remain in bytecode form
14:47:24.675 [main] WARN dev.nekoobfuscator.native_.stage.NativeCompilationStage -- Rejected native translation for ThreadsController#<init>(LTuple;)V: constructors remain in bytecode form; reference PUTFIELD deferred to M5h (GC write barriers); reference GETSTATIC deferred pending oop static field support
14:47:24.675 [main] WARN dev.nekoobfuscator.native_.stage.NativeCompilationStage -- Rejected native translation for ThreadsController#checkCollision()V: reference GETSTATIC deferred pending oop static field support; reference PUTFIELD deferred to M5h (GC write barriers)
14:47:24.675 [main] WARN dev.nekoobfuscator.native_.stage.NativeCompilationStage -- Rejected native translation for ThreadsController#stopTheGame()V: reference GETSTATIC deferred pending oop static field support
14:47:24.675 [main] WARN dev.nekoobfuscator.native_.stage.NativeCompilationStage -- Rejected native translation for ThreadsController#getValAleaNotInSnake()LTuple;: reference return requires direct ALOAD/ACONST_NULL producer
14:47:24.675 [main] WARN dev.nekoobfuscator.native_.stage.NativeCompilationStage -- Rejected native translation for Tuple#<init>(II)V: constructors remain in bytecode form
14:47:24.675 [main] WARN dev.nekoobfuscator.native_.stage.NativeCompilationStage -- Rejected native translation for Window#<init>()V: constructors remain in bytecode form; reference PUTSTATIC deferred to M5h (GC write barriers); reference GETSTATIC deferred pending oop static field support
14:47:24.675 [main] WARN dev.nekoobfuscator.native_.stage.NativeCompilationStage -- Rejected native translation for Window#<clinit>()V: class initializers are not translated
14:47:24.676 [main] WARN dev.nekoobfuscator.native_.stage.NativeCompilationStage -- Rejected native translation for Main#main([Ljava/lang/String;)V: INVOKE target not in neko manifest (translated→translated only)
14:47:24.676 [main] WARN dev.nekoobfuscator.native_.stage.NativeCompilationStage -- Rejected native translation for ThreadsController#pauser()V: INVOKE target not in neko manifest (translated→translated only)
14:47:24.676 [main] WARN dev.nekoobfuscator.native_.stage.NativeCompilationStage -- Rejected native translation for ThreadsController#moveInterne(I)V: INVOKE target not in neko manifest (translated→translated only)
14:47:24.711 [main] INFO dev.nekoobfuscator.native_.codegen.NativeBuildEngine -- zig cc: compiling 1 .c + 1 .S files for target x86_64-linux-gnu
14:47:24.711 [main] INFO dev.nekoobfuscator.native_.codegen.NativeBuildEngine -- Building native for LINUX_X64: zig cc -shared -Oz -std=c11 -Wall -Wextra -target x86_64-linux-gnu -I /usr/lib/jvm/java-21-openjdk/include -DNEKO_DEBUG_ENABLED=1 -I /usr/lib/jvm/java-21-openjdk/include/linux -o /tmp/neko_native_15746008146623025498/libneko_linux_x64.so /tmp/neko_native_sources_1838038327326894639/neko_native.c /tmp/neko_native_sources_1838038327326894639/neko_stubs.S
14:47:25.177 [main] INFO dev.nekoobfuscator.native_.codegen.NativeBuildEngine -- Built libneko_linux_x64.so (58552 bytes)
14:47:25.179 [main] INFO dev.nekoobfuscator.native_.stage.NativeCompilationStage -- Native stage rejected 14 method(s)
14:47:25.181 [main] INFO dev.nekoobfuscator.core.pipeline.ObfuscationPipeline -- Native stage: translated=12 rejected=14
14:47:25.181 [main] INFO dev.nekoobfuscator.core.pipeline.ObfuscationPipeline -- Writing output JAR: verification/w1/final-v14/SnakeGame-native-debug.jar
14:47:25.183 [main] DEBUG dev.nekoobfuscator.core.jar.JarOutput -- Wrote class: DataOfSquare
14:47:25.183 [main] DEBUG dev.nekoobfuscator.core.jar.JarOutput -- Wrote class: KeyboardListener
14:47:25.183 [main] DEBUG dev.nekoobfuscator.core.jar.JarOutput -- Wrote class: Main
14:47:25.184 [main] DEBUG dev.nekoobfuscator.core.jar.JarOutput -- Wrote class: SquarePanel
14:47:25.184 [main] DEBUG dev.nekoobfuscator.core.jar.JarOutput -- Wrote class: ThreadsController
14:47:25.184 [main] DEBUG dev.nekoobfuscator.core.jar.JarOutput -- Wrote class: Tuple
14:47:25.185 [main] DEBUG dev.nekoobfuscator.core.jar.JarOutput -- Wrote class: Window
14:47:25.185 [main] DEBUG dev.nekoobfuscator.core.jar.JarOutput -- Wrote class: dev/nekoobfuscator/runtime/NekoNativeLoader
14:47:25.187 [main] DEBUG dev.nekoobfuscator.core.jar.JarOutput -- Wrote resource: neko/native/libneko_linux_x64.so
14:47:25.187 [main] INFO dev.nekoobfuscator.core.jar.JarOutput -- Wrote 8 classes and 1 resources to verification/w1/final-v14/SnakeGame-native-debug.jar
14:47:25.187 [main] INFO dev.nekoobfuscator.core.pipeline.ObfuscationPipeline -- Obfuscation completed in 540ms
[NekoObfuscator] Done in 598ms
