[NekoObfuscator] Starting...
[NekoObfuscator] Registered 10 transform passes
08:26:49.950 [main] INFO dev.nekoobfuscator.core.pipeline.ObfuscationPipeline -- Reading input JAR: test-jars/obfusjack-test21.jar
08:26:49.956 [main] DEBUG dev.nekoobfuscator.core.jar.JarInput -- Loaded class: org/example/Main$1
08:26:49.957 [main] DEBUG dev.nekoobfuscator.core.jar.JarInput -- Loaded class: org/example/Main$1Local
08:26:49.957 [main] DEBUG dev.nekoobfuscator.core.jar.JarInput -- Loaded class: org/example/Main$2
08:26:49.957 [main] DEBUG dev.nekoobfuscator.core.jar.JarInput -- Loaded class: org/example/Main$Animal
08:26:49.957 [main] DEBUG dev.nekoobfuscator.core.jar.JarInput -- Loaded class: org/example/Main$Box
08:26:49.958 [main] DEBUG dev.nekoobfuscator.core.jar.JarInput -- Loaded class: org/example/Main$Circle
08:26:49.958 [main] DEBUG dev.nekoobfuscator.core.jar.JarInput -- Loaded class: org/example/Main$CloneThing
08:26:49.958 [main] DEBUG dev.nekoobfuscator.core.jar.JarInput -- Loaded class: org/example/Main$Color
08:26:49.958 [main] DEBUG dev.nekoobfuscator.core.jar.JarInput -- Loaded class: org/example/Main$DemoAnno
08:26:49.959 [main] DEBUG dev.nekoobfuscator.core.jar.JarInput -- Loaded class: org/example/Main$Dog
08:26:49.959 [main] DEBUG dev.nekoobfuscator.core.jar.JarInput -- Loaded class: org/example/Main$Greeter
08:26:49.959 [main] DEBUG dev.nekoobfuscator.core.jar.JarInput -- Loaded class: org/example/Main$Inner
08:26:49.959 [main] DEBUG dev.nekoobfuscator.core.jar.JarInput -- Loaded class: org/example/Main$LabeledPoint
08:26:49.959 [main] DEBUG dev.nekoobfuscator.core.jar.JarInput -- Loaded class: org/example/Main$MyException
08:26:49.959 [main] DEBUG dev.nekoobfuscator.core.jar.JarInput -- Loaded class: org/example/Main$Point
08:26:49.959 [main] DEBUG dev.nekoobfuscator.core.jar.JarInput -- Loaded class: org/example/Main$Rectangle
08:26:49.959 [main] DEBUG dev.nekoobfuscator.core.jar.JarInput -- Loaded class: org/example/Main$Shape
08:26:49.959 [main] DEBUG dev.nekoobfuscator.core.jar.JarInput -- Loaded class: org/example/Main$StaticInner
08:26:49.959 [main] DEBUG dev.nekoobfuscator.core.jar.JarInput -- Loaded class: org/example/Main$ThrowingRunnable
08:26:49.960 [main] DEBUG dev.nekoobfuscator.core.jar.JarInput -- Loaded class: org/example/Main$Triangle
08:26:49.961 [main] DEBUG dev.nekoobfuscator.core.jar.JarInput -- Loaded class: org/example/Main
08:26:49.961 [main] INFO dev.nekoobfuscator.core.jar.JarInput -- Loaded 21 classes and 1 resources
08:26:49.961 [main] INFO dev.nekoobfuscator.core.pipeline.ObfuscationPipeline -- Loaded 21 classes, 1 resources
08:26:49.962 [main] INFO dev.nekoobfuscator.core.pipeline.ObfuscationPipeline -- Class hierarchy: 29 entries
08:26:49.967 [main] INFO dev.nekoobfuscator.core.pipeline.ObfuscationPipeline -- Master seed: 0x3039
08:26:49.967 [main] INFO dev.nekoobfuscator.core.pipeline.ObfuscationPipeline -- Scheduled 0 transform passes
08:26:49.968 [main] DEBUG dev.nekoobfuscator.core.pipeline.ObfuscationPipeline -- Injected runtime class: dev/nekoobfuscator/runtime/NekoNativeLoader
08:26:49.968 [main] INFO dev.nekoobfuscator.core.pipeline.ObfuscationPipeline -- Running native compilation stage
08:26:49.983 [main] WARN dev.nekoobfuscator.native_.stage.NativeCompilationStage -- Rejected native translation for org/example/Main$1#<init>()V: constructors remain in bytecode form
08:26:49.983 [main] WARN dev.nekoobfuscator.native_.stage.NativeCompilationStage -- Rejected native translation for org/example/Main$1#run()V: W9 deferred to W11-M5h: reference GETSTATIC requires GC load barrier coverage for ZGC/Shenandoah; G1/Serial/Parallel paths pending
08:26:49.983 [main] WARN dev.nekoobfuscator.native_.stage.NativeCompilationStage -- Rejected native translation for org/example/Main$1Local#<init>()V: constructors remain in bytecode form
08:26:49.983 [main] WARN dev.nekoobfuscator.native_.stage.NativeCompilationStage -- Rejected native translation for org/example/Main$2#<init>()V: constructors remain in bytecode form
08:26:49.984 [main] WARN dev.nekoobfuscator.native_.stage.NativeCompilationStage -- Rejected native translation for org/example/Main$2#get()Ljava/lang/Object;: bridge methods are skipped; reference return requires direct ALOAD/ACONST_NULL producer
08:26:49.984 [main] WARN dev.nekoobfuscator.native_.stage.NativeCompilationStage -- Rejected native translation for org/example/Main$Animal#<init>()V: constructors remain in bytecode form
08:26:49.984 [main] WARN dev.nekoobfuscator.native_.stage.NativeCompilationStage -- Rejected native translation for org/example/Main$Animal#speak()V: abstract methods have no translatable bytecode body
08:26:49.984 [main] WARN dev.nekoobfuscator.native_.stage.NativeCompilationStage -- Rejected native translation for org/example/Main$Box#<init>(Ljava/lang/Object;)V: constructors remain in bytecode form; W9 deferred to W11-M5h: reference PUTFIELD/PUTSTATIC requires SATB/incremental update write barriers; pending W11 hardening
08:26:49.984 [main] WARN dev.nekoobfuscator.native_.stage.NativeCompilationStage -- Rejected native translation for org/example/Main$Box#merge(Lorg/example/Main$Box;Lorg/example/Main$Box;)Ljava/lang/Number;: reference return requires direct ALOAD/ACONST_NULL producer
08:26:49.984 [main] WARN dev.nekoobfuscator.native_.stage.NativeCompilationStage -- Rejected native translation for org/example/Main$Circle#<init>(D)V: constructors remain in bytecode form
08:26:49.984 [main] WARN dev.nekoobfuscator.native_.stage.NativeCompilationStage -- Rejected native translation for org/example/Main$Circle#toString()Ljava/lang/String;: reference return requires direct ALOAD/ACONST_NULL producer; M5f deferred to M5k/W12: BootstrapMethod CallSite resolution under strict no-JNI requires a compliant bootstrap-only indy design; cached g_neko_throw_bme slot remains reserved
08:26:49.984 [main] WARN dev.nekoobfuscator.native_.stage.NativeCompilationStage -- Rejected native translation for org/example/Main$Circle#hashCode()I: M5f deferred to M5k/W12: BootstrapMethod CallSite resolution under strict no-JNI requires a compliant bootstrap-only indy design; cached g_neko_throw_bme slot remains reserved
08:26:49.984 [main] WARN dev.nekoobfuscator.native_.stage.NativeCompilationStage -- Rejected native translation for org/example/Main$Circle#equals(Ljava/lang/Object;)Z: M5f deferred to M5k/W12: BootstrapMethod CallSite resolution under strict no-JNI requires a compliant bootstrap-only indy design; cached g_neko_throw_bme slot remains reserved
08:26:49.984 [main] WARN dev.nekoobfuscator.native_.stage.NativeCompilationStage -- Rejected native translation for org/example/Main$CloneThing#<init>(I)V: constructors remain in bytecode form
08:26:49.985 [main] WARN dev.nekoobfuscator.native_.stage.NativeCompilationStage -- Rejected native translation for org/example/Main$CloneThing#clone()Ljava/lang/Object;: reference return requires direct ALOAD/ACONST_NULL producer
08:26:49.985 [main] WARN dev.nekoobfuscator.native_.stage.NativeCompilationStage -- Rejected native translation for org/example/Main$CloneThing#toString()Ljava/lang/String;: reference return requires direct ALOAD/ACONST_NULL producer; M5f deferred to M5k/W12: BootstrapMethod CallSite resolution under strict no-JNI requires a compliant bootstrap-only indy design; cached g_neko_throw_bme slot remains reserved
08:26:49.985 [main] WARN dev.nekoobfuscator.native_.stage.NativeCompilationStage -- Rejected native translation for org/example/Main$Color#values()[Lorg/example/Main$Color;: reference return requires direct ALOAD/ACONST_NULL producer; W9 deferred to W11-M5h: reference GETSTATIC requires GC load barrier coverage for ZGC/Shenandoah; G1/Serial/Parallel paths pending
08:26:49.985 [main] WARN dev.nekoobfuscator.native_.stage.NativeCompilationStage -- Rejected native translation for org/example/Main$Color#valueOf(Ljava/lang/String;)Lorg/example/Main$Color;: reference return requires direct ALOAD/ACONST_NULL producer
08:26:49.985 [main] WARN dev.nekoobfuscator.native_.stage.NativeCompilationStage -- Rejected native translation for org/example/Main$Color#<init>(Ljava/lang/String;I)V: constructors remain in bytecode form
08:26:49.985 [main] WARN dev.nekoobfuscator.native_.stage.NativeCompilationStage -- Rejected native translation for org/example/Main$Color#$values()[Lorg/example/Main$Color;: reference return requires direct ALOAD/ACONST_NULL producer; W9 deferred to W11-M5h: reference GETSTATIC requires GC load barrier coverage for ZGC/Shenandoah; G1/Serial/Parallel paths pending
08:26:49.985 [main] WARN dev.nekoobfuscator.native_.stage.NativeCompilationStage -- Rejected native translation for org/example/Main$Color#<clinit>()V: class initializers are not translated; W9 deferred to W11-M5h: reference PUTFIELD/PUTSTATIC requires SATB/incremental update write barriers; pending W11 hardening
08:26:49.985 [main] WARN dev.nekoobfuscator.native_.stage.NativeCompilationStage -- Rejected native translation for org/example/Main$DemoAnno#author()Ljava/lang/String;: abstract methods have no translatable bytecode body; reference return requires bytecode body
08:26:49.985 [main] WARN dev.nekoobfuscator.native_.stage.NativeCompilationStage -- Rejected native translation for org/example/Main$DemoAnno#tags()[Ljava/lang/String;: abstract methods have no translatable bytecode body; reference return requires bytecode body
08:26:49.985 [main] WARN dev.nekoobfuscator.native_.stage.NativeCompilationStage -- Rejected native translation for org/example/Main$Dog#<init>()V: constructors remain in bytecode form
08:26:49.985 [main] WARN dev.nekoobfuscator.native_.stage.NativeCompilationStage -- Rejected native translation for org/example/Main$Dog#speak()V: W9 deferred to W11-M5h: reference GETSTATIC requires GC load barrier coverage for ZGC/Shenandoah; G1/Serial/Parallel paths pending
08:26:49.986 [main] WARN dev.nekoobfuscator.native_.stage.NativeCompilationStage -- Rejected native translation for org/example/Main$Greeter#greet(Ljava/lang/String;)Ljava/lang/String;: abstract methods have no translatable bytecode body; reference return requires bytecode body
08:26:49.986 [main] WARN dev.nekoobfuscator.native_.stage.NativeCompilationStage -- Rejected native translation for org/example/Main$Greeter#shout(Ljava/lang/String;)Ljava/lang/String;: reference return requires direct ALOAD/ACONST_NULL producer; W9 deferred to W11-M5h: reference GETSTATIC requires GC load barrier coverage for ZGC/Shenandoah; G1/Serial/Parallel paths pending
08:26:49.986 [main] WARN dev.nekoobfuscator.native_.stage.NativeCompilationStage -- Rejected native translation for org/example/Main$Greeter#fixed(Ljava/lang/String;)Lorg/example/Main$Greeter;: reference return requires direct ALOAD/ACONST_NULL producer; M5f deferred to M5k/W12: BootstrapMethod CallSite resolution under strict no-JNI requires a compliant bootstrap-only indy design; cached g_neko_throw_bme slot remains reserved
08:26:49.986 [main] WARN dev.nekoobfuscator.native_.stage.NativeCompilationStage -- Rejected native translation for org/example/Main$Greeter#lambda$fixed$0(Ljava/lang/String;Ljava/lang/String;)Ljava/lang/String;: reference return requires direct ALOAD/ACONST_NULL producer; M5f deferred to M5k/W12: BootstrapMethod CallSite resolution under strict no-JNI requires a compliant bootstrap-only indy design; cached g_neko_throw_bme slot remains reserved
08:26:49.986 [main] WARN dev.nekoobfuscator.native_.stage.NativeCompilationStage -- Rejected native translation for org/example/Main$Inner#<init>(Lorg/example/Main;I)V: constructors remain in bytecode form
08:26:49.986 [main] WARN dev.nekoobfuscator.native_.stage.NativeCompilationStage -- Rejected native translation for org/example/Main$LabeledPoint#<init>(Ljava/lang/String;Lorg/example/Main$Point;)V: constructors remain in bytecode form; W9 deferred to W11-M5h: reference PUTFIELD/PUTSTATIC requires SATB/incremental update write barriers; pending W11 hardening
08:26:49.986 [main] WARN dev.nekoobfuscator.native_.stage.NativeCompilationStage -- Rejected native translation for org/example/Main$LabeledPoint#toString()Ljava/lang/String;: reference return requires direct ALOAD/ACONST_NULL producer; M5f deferred to M5k/W12: BootstrapMethod CallSite resolution under strict no-JNI requires a compliant bootstrap-only indy design; cached g_neko_throw_bme slot remains reserved
08:26:49.986 [main] WARN dev.nekoobfuscator.native_.stage.NativeCompilationStage -- Rejected native translation for org/example/Main$LabeledPoint#hashCode()I: M5f deferred to M5k/W12: BootstrapMethod CallSite resolution under strict no-JNI requires a compliant bootstrap-only indy design; cached g_neko_throw_bme slot remains reserved
08:26:49.986 [main] WARN dev.nekoobfuscator.native_.stage.NativeCompilationStage -- Rejected native translation for org/example/Main$LabeledPoint#equals(Ljava/lang/Object;)Z: M5f deferred to M5k/W12: BootstrapMethod CallSite resolution under strict no-JNI requires a compliant bootstrap-only indy design; cached g_neko_throw_bme slot remains reserved
08:26:49.986 [main] WARN dev.nekoobfuscator.native_.stage.NativeCompilationStage -- Rejected native translation for org/example/Main$LabeledPoint#label()Ljava/lang/String;: reference return requires direct ALOAD/ACONST_NULL producer
08:26:49.986 [main] WARN dev.nekoobfuscator.native_.stage.NativeCompilationStage -- Rejected native translation for org/example/Main$LabeledPoint#p()Lorg/example/Main$Point;: reference return requires direct ALOAD/ACONST_NULL producer
08:26:49.986 [main] WARN dev.nekoobfuscator.native_.stage.NativeCompilationStage -- Rejected native translation for org/example/Main$MyException#<init>(Ljava/lang/String;)V: constructors remain in bytecode form
08:26:49.986 [main] WARN dev.nekoobfuscator.native_.stage.NativeCompilationStage -- Rejected native translation for org/example/Main$Point#<init>(II)V: constructors remain in bytecode form
08:26:49.986 [main] WARN dev.nekoobfuscator.native_.stage.NativeCompilationStage -- Rejected native translation for org/example/Main$Point#toString()Ljava/lang/String;: reference return requires direct ALOAD/ACONST_NULL producer; M5f deferred to M5k/W12: BootstrapMethod CallSite resolution under strict no-JNI requires a compliant bootstrap-only indy design; cached g_neko_throw_bme slot remains reserved
08:26:49.986 [main] WARN dev.nekoobfuscator.native_.stage.NativeCompilationStage -- Rejected native translation for org/example/Main$Point#hashCode()I: M5f deferred to M5k/W12: BootstrapMethod CallSite resolution under strict no-JNI requires a compliant bootstrap-only indy design; cached g_neko_throw_bme slot remains reserved
08:26:49.986 [main] WARN dev.nekoobfuscator.native_.stage.NativeCompilationStage -- Rejected native translation for org/example/Main$Point#equals(Ljava/lang/Object;)Z: M5f deferred to M5k/W12: BootstrapMethod CallSite resolution under strict no-JNI requires a compliant bootstrap-only indy design; cached g_neko_throw_bme slot remains reserved
08:26:49.986 [main] WARN dev.nekoobfuscator.native_.stage.NativeCompilationStage -- Rejected native translation for org/example/Main$Rectangle#<init>(DD)V: constructors remain in bytecode form
08:26:49.986 [main] WARN dev.nekoobfuscator.native_.stage.NativeCompilationStage -- Rejected native translation for org/example/Main$Rectangle#toString()Ljava/lang/String;: reference return requires direct ALOAD/ACONST_NULL producer; M5f deferred to M5k/W12: BootstrapMethod CallSite resolution under strict no-JNI requires a compliant bootstrap-only indy design; cached g_neko_throw_bme slot remains reserved
08:26:49.986 [main] WARN dev.nekoobfuscator.native_.stage.NativeCompilationStage -- Rejected native translation for org/example/Main$Rectangle#hashCode()I: M5f deferred to M5k/W12: BootstrapMethod CallSite resolution under strict no-JNI requires a compliant bootstrap-only indy design; cached g_neko_throw_bme slot remains reserved
08:26:49.987 [main] WARN dev.nekoobfuscator.native_.stage.NativeCompilationStage -- Rejected native translation for org/example/Main$Rectangle#equals(Ljava/lang/Object;)Z: M5f deferred to M5k/W12: BootstrapMethod CallSite resolution under strict no-JNI requires a compliant bootstrap-only indy design; cached g_neko_throw_bme slot remains reserved
08:26:49.987 [main] WARN dev.nekoobfuscator.native_.stage.NativeCompilationStage -- Rejected native translation for org/example/Main$StaticInner#<init>(Ljava/lang/String;)V: constructors remain in bytecode form; W9 deferred to W11-M5h: reference PUTFIELD/PUTSTATIC requires SATB/incremental update write barriers; pending W11 hardening
08:26:49.987 [main] WARN dev.nekoobfuscator.native_.stage.NativeCompilationStage -- Rejected native translation for org/example/Main$ThrowingRunnable#run()V: abstract methods have no translatable bytecode body
08:26:49.987 [main] WARN dev.nekoobfuscator.native_.stage.NativeCompilationStage -- Rejected native translation for org/example/Main$Triangle#<init>(DDD)V: constructors remain in bytecode form
08:26:49.987 [main] WARN dev.nekoobfuscator.native_.stage.NativeCompilationStage -- Rejected native translation for org/example/Main$Triangle#toString()Ljava/lang/String;: reference return requires direct ALOAD/ACONST_NULL producer; M5f deferred to M5k/W12: BootstrapMethod CallSite resolution under strict no-JNI requires a compliant bootstrap-only indy design; cached g_neko_throw_bme slot remains reserved
08:26:49.987 [main] WARN dev.nekoobfuscator.native_.stage.NativeCompilationStage -- Rejected native translation for org/example/Main$Triangle#hashCode()I: M5f deferred to M5k/W12: BootstrapMethod CallSite resolution under strict no-JNI requires a compliant bootstrap-only indy design; cached g_neko_throw_bme slot remains reserved
08:26:49.987 [main] WARN dev.nekoobfuscator.native_.stage.NativeCompilationStage -- Rejected native translation for org/example/Main$Triangle#equals(Ljava/lang/Object;)Z: M5f deferred to M5k/W12: BootstrapMethod CallSite resolution under strict no-JNI requires a compliant bootstrap-only indy design; cached g_neko_throw_bme slot remains reserved
08:26:49.987 [main] WARN dev.nekoobfuscator.native_.stage.NativeCompilationStage -- Rejected native translation for org/example/Main#<init>()V: constructors remain in bytecode form
08:26:49.987 [main] WARN dev.nekoobfuscator.native_.stage.NativeCompilationStage -- Rejected native translation for org/example/Main#area(Lorg/example/Main$Shape;)D: M5f deferred to M5k/W12: BootstrapMethod CallSite resolution under strict no-JNI requires a compliant bootstrap-only indy design; cached g_neko_throw_bme slot remains reserved
08:26:49.987 [main] WARN dev.nekoobfuscator.native_.stage.NativeCompilationStage -- Rejected native translation for org/example/Main#main([Ljava/lang/String;)V: W9 deferred to W11-M5h: reference GETSTATIC requires GC load barrier coverage for ZGC/Shenandoah; G1/Serial/Parallel paths pending; M5f deferred to M5k/W12: BootstrapMethod CallSite resolution under strict no-JNI requires a compliant bootstrap-only indy design; cached g_neko_throw_bme slot remains reserved; MONITORENTER M5f deferred to M5k/W12: ObjectMonitor raw access via VMStructs is not yet implemented under strict no-JNI; cached g_neko_throw_imse + g_neko_throw_le slots remain reserved; MONITOREXIT M5f deferred to M5k/W12: ObjectMonitor raw access via VMStructs is not yet implemented under strict no-JNI; cached g_neko_throw_imse + g_neko_throw_le slots remain reserved
08:26:49.987 [main] WARN dev.nekoobfuscator.native_.stage.NativeCompilationStage -- Rejected native translation for org/example/Main#staticHello(Ljava/lang/String;)V: W9 deferred to W11-M5h: reference GETSTATIC requires GC load barrier coverage for ZGC/Shenandoah; G1/Serial/Parallel paths pending; M5f deferred to M5k/W12: BootstrapMethod CallSite resolution under strict no-JNI requires a compliant bootstrap-only indy design; cached g_neko_throw_bme slot remains reserved
08:26:49.987 [main] WARN dev.nekoobfuscator.native_.stage.NativeCompilationStage -- Rejected native translation for org/example/Main#factorial(I)Ljava/math/BigInteger;: reference return requires direct ALOAD/ACONST_NULL producer; W9 deferred to W11-M5h: reference GETSTATIC requires GC load barrier coverage for ZGC/Shenandoah; G1/Serial/Parallel paths pending
08:26:49.987 [main] WARN dev.nekoobfuscator.native_.stage.NativeCompilationStage -- Rejected native translation for org/example/Main#describeSwitch(Ljava/lang/Object;)Ljava/lang/String;: reference return requires direct ALOAD/ACONST_NULL producer; M5f deferred to M5k/W12: BootstrapMethod CallSite resolution under strict no-JNI requires a compliant bootstrap-only indy design; cached g_neko_throw_bme slot remains reserved
08:26:49.988 [main] WARN dev.nekoobfuscator.native_.stage.NativeCompilationStage -- Rejected native translation for org/example/Main#demoSequencedCollections()V: W9 deferred to W11-M5h: reference GETSTATIC requires GC load barrier coverage for ZGC/Shenandoah; G1/Serial/Parallel paths pending; M5f deferred to M5k/W12: BootstrapMethod CallSite resolution under strict no-JNI requires a compliant bootstrap-only indy design; cached g_neko_throw_bme slot remains reserved
08:26:49.988 [main] WARN dev.nekoobfuscator.native_.stage.NativeCompilationStage -- Rejected native translation for org/example/Main#demoRandomApi()V: W9 deferred to W11-M5h: reference GETSTATIC requires GC load barrier coverage for ZGC/Shenandoah; G1/Serial/Parallel paths pending; M5f deferred to M5k/W12: BootstrapMethod CallSite resolution under strict no-JNI requires a compliant bootstrap-only indy design; cached g_neko_throw_bme slot remains reserved
08:26:49.988 [main] WARN dev.nekoobfuscator.native_.stage.NativeCompilationStage -- Rejected native translation for org/example/Main#microbenchThreads()V: W9 deferred to W11-M5h: reference GETSTATIC requires GC load barrier coverage for ZGC/Shenandoah; G1/Serial/Parallel paths pending; M5f deferred to M5k/W12: BootstrapMethod CallSite resolution under strict no-JNI requires a compliant bootstrap-only indy design; cached g_neko_throw_bme slot remains reserved
08:26:49.988 [main] WARN dev.nekoobfuscator.native_.stage.NativeCompilationStage -- Rejected native translation for org/example/Main#microbenchMatrixMultiply()V: W9 deferred to W11-M5h: reference GETSTATIC requires GC load barrier coverage for ZGC/Shenandoah; G1/Serial/Parallel paths pending; M5f deferred to M5k/W12: BootstrapMethod CallSite resolution under strict no-JNI requires a compliant bootstrap-only indy design; cached g_neko_throw_bme slot remains reserved
08:26:49.988 [main] WARN dev.nekoobfuscator.native_.stage.NativeCompilationStage -- Rejected native translation for org/example/Main#mmulSeq([[D[[D[[D)V: W9 deferred to W11-M5h: reference GETSTATIC requires GC load barrier coverage for ZGC/Shenandoah; G1/Serial/Parallel paths pending
08:26:49.988 [main] WARN dev.nekoobfuscator.native_.stage.NativeCompilationStage -- Rejected native translation for org/example/Main#mmulParallelStream([[D[[D[[D)V: M5f deferred to M5k/W12: BootstrapMethod CallSite resolution under strict no-JNI requires a compliant bootstrap-only indy design; cached g_neko_throw_bme slot remains reserved; W9 deferred to W11-M5h: reference GETSTATIC requires GC load barrier coverage for ZGC/Shenandoah; G1/Serial/Parallel paths pending
08:26:49.988 [main] WARN dev.nekoobfuscator.native_.stage.NativeCompilationStage -- Rejected native translation for org/example/Main#mmulVirtualThreads([[D[[D[[D)V: M5f deferred to M5k/W12: BootstrapMethod CallSite resolution under strict no-JNI requires a compliant bootstrap-only indy design; cached g_neko_throw_bme slot remains reserved; W9 deferred to W11-M5h: reference GETSTATIC requires GC load barrier coverage for ZGC/Shenandoah; G1/Serial/Parallel paths pending
08:26:49.988 [main] WARN dev.nekoobfuscator.native_.stage.NativeCompilationStage -- Rejected native translation for org/example/Main#timeMillis(Lorg/example/Main$ThrowingRunnable;II)J: W9 deferred to W11-M5h: reference GETSTATIC requires GC load barrier coverage for ZGC/Shenandoah; G1/Serial/Parallel paths pending
08:26:49.988 [main] WARN dev.nekoobfuscator.native_.stage.NativeCompilationStage -- Rejected native translation for org/example/Main#lambda$mmulVirtualThreads$16([[DI[[D[[DI)Ljava/util/concurrent/Callable;: reference return requires direct ALOAD/ACONST_NULL producer; M5f deferred to M5k/W12: BootstrapMethod CallSite resolution under strict no-JNI requires a compliant bootstrap-only indy design; cached g_neko_throw_bme slot remains reserved
08:26:49.988 [main] WARN dev.nekoobfuscator.native_.stage.NativeCompilationStage -- Rejected native translation for org/example/Main#lambda$microbenchThreads$10(I)V: M5f deferred to M5k/W12: BootstrapMethod CallSite resolution under strict no-JNI requires a compliant bootstrap-only indy design; cached g_neko_throw_bme slot remains reserved
08:26:49.988 [main] WARN dev.nekoobfuscator.native_.stage.NativeCompilationStage -- Rejected native translation for org/example/Main#lambda$microbenchThreads$9(I)Ljava/util/concurrent/Callable;: reference return requires direct ALOAD/ACONST_NULL producer; M5f deferred to M5k/W12: BootstrapMethod CallSite resolution under strict no-JNI requires a compliant bootstrap-only indy design; cached g_neko_throw_bme slot remains reserved
08:26:49.988 [main] WARN dev.nekoobfuscator.native_.stage.NativeCompilationStage -- Rejected native translation for org/example/Main#lambda$microbenchThreads$8(I)Ljava/lang/Void;: W9 deferred to W11-M5h: reference GETSTATIC requires GC load barrier coverage for ZGC/Shenandoah; G1/Serial/Parallel paths pending
08:26:49.988 [main] WARN dev.nekoobfuscator.native_.stage.NativeCompilationStage -- Rejected native translation for org/example/Main#lambda$microbenchThreads$7(II)V: M5f deferred to M5k/W12: BootstrapMethod CallSite resolution under strict no-JNI requires a compliant bootstrap-only indy design; cached g_neko_throw_bme slot remains reserved; W9 deferred to W11-M5h: reference GETSTATIC requires GC load barrier coverage for ZGC/Shenandoah; G1/Serial/Parallel paths pending
08:26:49.988 [main] WARN dev.nekoobfuscator.native_.stage.NativeCompilationStage -- Rejected native translation for org/example/Main#lambda$microbenchThreads$6(I)Ljava/util/concurrent/Callable;: reference return requires direct ALOAD/ACONST_NULL producer; M5f deferred to M5k/W12: BootstrapMethod CallSite resolution under strict no-JNI requires a compliant bootstrap-only indy design; cached g_neko_throw_bme slot remains reserved
08:26:49.988 [main] WARN dev.nekoobfuscator.native_.stage.NativeCompilationStage -- Rejected native translation for org/example/Main#lambda$microbenchThreads$5(I)Ljava/lang/Void;: W9 deferred to W11-M5h: reference GETSTATIC requires GC load barrier coverage for ZGC/Shenandoah; G1/Serial/Parallel paths pending
08:26:49.988 [main] WARN dev.nekoobfuscator.native_.stage.NativeCompilationStage -- Rejected native translation for org/example/Main#lambda$demoRandomApi$4(Ljava/util/random/RandomGeneratorFactory;)V: W9 deferred to W11-M5h: reference GETSTATIC requires GC load barrier coverage for ZGC/Shenandoah; G1/Serial/Parallel paths pending; M5f deferred to M5k/W12: BootstrapMethod CallSite resolution under strict no-JNI requires a compliant bootstrap-only indy design; cached g_neko_throw_bme slot remains reserved
08:26:49.988 [main] WARN dev.nekoobfuscator.native_.stage.NativeCompilationStage -- Rejected native translation for org/example/Main#lambda$main$2(Ljava/lang/Integer;)Ljava/lang/Integer;: reference return requires direct ALOAD/ACONST_NULL producer
08:26:49.988 [main] WARN dev.nekoobfuscator.native_.stage.NativeCompilationStage -- Rejected native translation for org/example/Main#lambda$main$1()V: W9 deferred to W11-M5h: reference GETSTATIC requires GC load barrier coverage for ZGC/Shenandoah; G1/Serial/Parallel paths pending
08:26:49.988 [main] WARN dev.nekoobfuscator.native_.stage.NativeCompilationStage -- Rejected native translation for org/example/Main#lambda$static$0()Ljava/lang/Integer;: reference return requires direct ALOAD/ACONST_NULL producer
08:26:49.988 [main] WARN dev.nekoobfuscator.native_.stage.NativeCompilationStage -- Rejected native translation for org/example/Main#<clinit>()V: class initializers are not translated; W9 deferred to W11-M5h: reference PUTFIELD/PUTSTATIC requires SATB/incremental update write barriers; pending W11 hardening; M5f deferred to M5k/W12: BootstrapMethod CallSite resolution under strict no-JNI requires a compliant bootstrap-only indy design; cached g_neko_throw_bme slot remains reserved
08:26:49.989 [main] WARN dev.nekoobfuscator.native_.stage.NativeCompilationStage -- Rejected native translation for org/example/Main#heron(DDD)D: INVOKE target not in neko manifest (translated→translated only)
08:26:49.989 [main] WARN dev.nekoobfuscator.native_.stage.NativeCompilationStage -- Rejected native translation for org/example/Main#mightThrow(Z)V: INVOKE target not in neko manifest (translated→translated only)
08:26:49.989 [main] WARN dev.nekoobfuscator.native_.stage.NativeCompilationStage -- Rejected native translation for org/example/Main#sumPoint(Ljava/lang/Object;)I: INVOKE target not in neko manifest (translated→translated only)
08:26:49.989 [main] WARN dev.nekoobfuscator.native_.stage.NativeCompilationStage -- Rejected native translation for org/example/Main#fillRandom([[D)V: INVOKE target not in neko manifest (translated→translated only)
08:26:49.989 [main] WARN dev.nekoobfuscator.native_.stage.NativeCompilationStage -- Rejected native translation for org/example/Main#lambda$microbenchMatrixMultiply$13([[D[[D[[D)V: INVOKE target not in neko manifest (translated→translated only)
08:26:49.989 [main] WARN dev.nekoobfuscator.native_.stage.NativeCompilationStage -- Rejected native translation for org/example/Main#lambda$microbenchMatrixMultiply$12([[D[[D[[D)V: INVOKE target not in neko manifest (translated→translated only)
08:26:49.989 [main] WARN dev.nekoobfuscator.native_.stage.NativeCompilationStage -- Rejected native translation for org/example/Main#lambda$microbenchMatrixMultiply$11([[D[[D[[D)V: INVOKE target not in neko manifest (translated→translated only)
08:26:50.024 [main] INFO dev.nekoobfuscator.native_.codegen.NativeBuildEngine -- zig cc: compiling 1 .c + 1 .S files for target x86_64-linux-gnu
08:26:50.024 [main] INFO dev.nekoobfuscator.native_.codegen.NativeBuildEngine -- Building native for LINUX_X64: zig cc -shared -Oz -std=c11 -Wall -Wextra -target x86_64-linux-gnu -I /usr/lib/jvm/java-21-openjdk/include -I /usr/lib/jvm/java-21-openjdk/include/linux -o /tmp/neko_native_14441300822451799322/libneko_linux_x64.so /tmp/neko_native_sources_5515175358948323510/neko_native.c /tmp/neko_native_sources_5515175358948323510/neko_stubs.S
08:26:50.493 [main] INFO dev.nekoobfuscator.native_.codegen.NativeBuildEngine -- Built libneko_linux_x64.so (59824 bytes)
08:26:50.497 [main] INFO dev.nekoobfuscator.native_.stage.NativeCompilationStage -- Native stage rejected 84 method(s)
08:26:50.499 [main] INFO dev.nekoobfuscator.core.pipeline.ObfuscationPipeline -- Native stage: translated=17 rejected=84
08:26:50.499 [main] INFO dev.nekoobfuscator.core.pipeline.ObfuscationPipeline -- Writing output JAR: verification/w12/v1-complete/release/obfusjack-native-release.jar
08:26:50.500 [main] DEBUG dev.nekoobfuscator.core.jar.JarOutput -- Wrote class: org/example/Main$1
08:26:50.501 [main] DEBUG dev.nekoobfuscator.core.jar.JarOutput -- Wrote class: org/example/Main$1Local
08:26:50.501 [main] DEBUG dev.nekoobfuscator.core.jar.JarOutput -- Wrote class: org/example/Main$2
08:26:50.501 [main] DEBUG dev.nekoobfuscator.core.jar.JarOutput -- Wrote class: org/example/Main$Animal
08:26:50.501 [main] DEBUG dev.nekoobfuscator.core.jar.JarOutput -- Wrote class: org/example/Main$Box
08:26:50.501 [main] DEBUG dev.nekoobfuscator.core.jar.JarOutput -- Wrote class: org/example/Main$Circle
08:26:50.501 [main] DEBUG dev.nekoobfuscator.core.jar.JarOutput -- Wrote class: org/example/Main$CloneThing
08:26:50.501 [main] DEBUG dev.nekoobfuscator.core.jar.JarOutput -- Wrote class: org/example/Main$Color
08:26:50.502 [main] DEBUG dev.nekoobfuscator.core.jar.JarOutput -- Wrote class: org/example/Main$DemoAnno
08:26:50.502 [main] DEBUG dev.nekoobfuscator.core.jar.JarOutput -- Wrote class: org/example/Main$Dog
08:26:50.502 [main] DEBUG dev.nekoobfuscator.core.jar.JarOutput -- Wrote class: org/example/Main$Greeter
08:26:50.502 [main] DEBUG dev.nekoobfuscator.core.jar.JarOutput -- Wrote class: org/example/Main$Inner
08:26:50.502 [main] DEBUG dev.nekoobfuscator.core.jar.JarOutput -- Wrote class: org/example/Main$LabeledPoint
08:26:50.502 [main] DEBUG dev.nekoobfuscator.core.jar.JarOutput -- Wrote class: org/example/Main$MyException
08:26:50.502 [main] DEBUG dev.nekoobfuscator.core.jar.JarOutput -- Wrote class: org/example/Main$Point
08:26:50.502 [main] DEBUG dev.nekoobfuscator.core.jar.JarOutput -- Wrote class: org/example/Main$Rectangle
08:26:50.502 [main] DEBUG dev.nekoobfuscator.core.jar.JarOutput -- Wrote class: org/example/Main$Shape
08:26:50.503 [main] DEBUG dev.nekoobfuscator.core.jar.JarOutput -- Wrote class: org/example/Main$StaticInner
08:26:50.503 [main] DEBUG dev.nekoobfuscator.core.jar.JarOutput -- Wrote class: org/example/Main$ThrowingRunnable
08:26:50.503 [main] DEBUG dev.nekoobfuscator.core.jar.JarOutput -- Wrote class: org/example/Main$Triangle
08:26:50.505 [main] DEBUG dev.nekoobfuscator.core.jar.JarOutput -- Wrote class: org/example/Main
08:26:50.505 [main] DEBUG dev.nekoobfuscator.core.jar.JarOutput -- Wrote class: dev/nekoobfuscator/runtime/NekoNativeLoader
08:26:50.506 [main] DEBUG dev.nekoobfuscator.core.jar.JarOutput -- Wrote resource: META-INF/services/org.example.features.DemoService
08:26:50.508 [main] DEBUG dev.nekoobfuscator.core.jar.JarOutput -- Wrote resource: neko/native/libneko_linux_x64.so
08:26:50.508 [main] INFO dev.nekoobfuscator.core.jar.JarOutput -- Wrote 22 classes and 2 resources to verification/w12/v1-complete/release/obfusjack-native-release.jar
08:26:50.508 [main] INFO dev.nekoobfuscator.core.pipeline.ObfuscationPipeline -- Obfuscation completed in 558ms
[NekoObfuscator] Done in 611ms
