10    1     n       jdk.internal.misc.Unsafe::getReferenceVolatile (native)   
13    2     n       java.lang.System::arraycopy (native)   (static)
14    3     n       jdk.internal.misc.Unsafe::compareAndSetLong (native)   
15    4     n       java.lang.Object::hashCode (native)   
15    5     n       java.lang.invoke.MethodHandle::linkToStatic(LLLLLL)L (native)   (static)
15    6     n       java.lang.invoke.MethodHandle::invokeBasic(LLLLL)L (native)   
16    7     n       java.lang.invoke.MethodHandle::linkToSpecial(LLLLLLL)L (native)   (static)
16    8     n       java.lang.Class::isPrimitive (native)   
16    9             java.lang.Enum::ordinal (5 bytes)
16   10     n       java.lang.invoke.MethodHandle::linkToStatic(LL)L (native)   (static)
16   11     n       jdk.internal.misc.Unsafe::compareAndSetReference (native)   
16   12     n       java.lang.invoke.MethodHandle::linkToStatic(LJL)L (native)   (static)
17   13             jdk.internal.util.StrongReferenceKey::get (5 bytes)
17   14     n       java.lang.invoke.MethodHandle::linkToStatic(LLL)L (native)   (static)
17   15     n       java.lang.invoke.MethodHandle::linkToStatic(LLLL)L (native)   (static)
17   16     n       java.lang.Class::isArray (native)   
17   17     n       java.lang.invoke.MethodHandle::invokeBasic(LJ)L (native)   
18   18     n       java.lang.invoke.MethodHandle::linkToSpecial(LLJL)L (native)   (static)
18   19             java.lang.invoke.MethodType::returnType (5 bytes)
18   20     n       java.lang.Object::clone (native)   
19   21     n       java.lang.invoke.MethodHandle::linkToStatic(JLLLL)J (native)   (static)
20   22     n       java.lang.invoke.MethodHandle::invokeBasic(JLLL)J (native)   
20   23     n       java.lang.invoke.MethodHandle::linkToSpecial(LJLLLL)J (native)   (static)
20   24     n       java.lang.invoke.MethodHandle::linkToStatic(LLLLL)L (native)   (static)
20   25     n       java.lang.invoke.MethodHandle::invokeBasic(LLLL)L (native)   
21   26     n       java.lang.invoke.MethodHandle::invokeBasic(JLL)J (native)   
21   27     n       java.lang.invoke.MethodHandle::linkToSpecial(LJLLL)J (native)   (static)
21   28             java.lang.invoke.MemberName::getDeclaringClass (5 bytes)
22   29             java.lang.String::isLatin1 (19 bytes)
22   30     n       java.lang.invoke.MethodHandle::invokeBasic(JLLLL)J (native)   
22   31             java.lang.invoke.MethodType::ptypes (5 bytes)
22   32     n       java.lang.invoke.MethodHandle::linkToSpecial(LJLLLLL)J (native)   (static)
23   33             jdk.internal.util.Preconditions::checkIndex (18 bytes)
23   36             java.lang.String::checkIndex (10 bytes)
23   37     n       java.lang.invoke.MethodHandle::linkToStatic(JL)L (native)   (static)
23   34             java.lang.String::charAt (25 bytes)
23   38     n       java.lang.invoke.MethodHandle::invokeBasic(J)L (native)   
23   39     n       java.lang.invoke.MethodHandle::linkToSpecial(LJL)L (native)   (static)
24   35             java.lang.StringLatin1::charAt (15 bytes)
24   40     n       java.lang.invoke.MethodHandle::linkToStatic(JLL)J (native)   (static)
24   41     n       java.lang.invoke.MethodHandle::invokeBasic(JL)J (native)   
24   42     n       java.lang.invoke.MethodHandle::linkToSpecial(LJLL)J (native)   (static)
25   43     n       java.lang.Class::isAssignableFrom (native)   
25   44             java.lang.invoke.LambdaForm$Name::index (5 bytes)
25   45             sun.invoke.util.Wrapper::basicTypeChar (5 bytes)
25   46     n       java.lang.Class::isInterface (native)   
26   47             java.lang.invoke.MethodType::form (5 bytes)
26   49     n       java.lang.Object::getClass (native)   
26   48             java.lang.AbstractStringBuilder::length (5 bytes)
26   50     n       java.lang.invoke.MethodHandle::linkToStatic(LLLLLJL)L (native)   (static)
26   51             java.lang.AbstractStringBuilder::getValue (5 bytes)
26   52     n       java.lang.invoke.MethodHandle::invokeBasic(LLLLLJ)L (native)   
26   53             java.lang.invoke.LambdaForm$Name::type (5 bytes)
26   55             java.lang.invoke.LambdaForm$BasicType::basicTypeClass (5 bytes)
26   54             java.lang.invoke.MethodTypeForm::parameterSlotCount (5 bytes)
26   56     n       java.lang.invoke.MethodHandle::linkToStatic(LLLLLLL)L (native)   (static)
27   57     n       java.lang.invoke.MethodHandle::invokeBasic(LLL)J (native)   
27   58             jdk.internal.util.WeakReferenceKey::hashCode (5 bytes)
27   59     n       java.lang.invoke.MethodHandle::linkToSpecial(LLLLL)J (native)   (static)
27   60     n       java.lang.invoke.MethodHandle::invokeBasic(LLLLLL)L (native)   
28   61     n       java.lang.invoke.MethodHandle::linkToStatic(LLLLLLLL)L (native)   (static)
28   62     n       java.lang.invoke.MethodHandleNatives::resolve (native)   (static)
28   63     n       java.lang.invoke.MethodHandle::invokeBasic(L)L (native)   
28   64     n       java.lang.invoke.MethodHandle::linkToSpecial(LLL)L (native)   (static)
28   65     n       java.lang.invoke.MethodHandle::invokeBasic(LLLLLLL)L (native)   
29   66     n       java.lang.invoke.MethodHandle::invokeBasic(LLL)L (native)   
29   67     n       java.lang.invoke.MethodHandle::linkToSpecial(LLLLL)L (native)   (static)
29   68     n       java.lang.invoke.MethodHandle::invokeBasic(LL)L (native)   
30   69     n       java.lang.invoke.MethodHandle::linkToSpecial(LLLL)L (native)   (static)
31   70     n       java.lang.invoke.MethodHandle::linkToStatic(L)L (native)   (static)
31   71             java.lang.invoke.MethodTypeForm::erasedType (5 bytes)
31   72     n       java.lang.invoke.MethodHandle::linkToSpecial(LLLLLLLL)L (native)   (static)
32   73     n       java.lang.invoke.MethodHandle::linkToSpecial(LL)V (native)   (static)
32   74     n       java.lang.invoke.MethodHandle::invokeBasic()L (native)   
32   75     n       java.lang.invoke.MethodHandle::linkToSpecial(LL)L (native)   (static)
32   76             java.lang.invoke.MethodHandle::type (5 bytes)
33   77 %           java.util.Properties$LineReader::readLine @ 224 (584 bytes)
33   78     n       jdk.internal.misc.Unsafe::putReferenceVolatile (native)   
37   84     n       jdk.internal.misc.Unsafe::compareAndSetInt (native)   
39   82             jdk.internal.util.ArraysSupport::signedHashCode (37 bytes)
40   80             java.lang.Object::<init> (1 bytes)
40   81             sun.util.locale.BaseLocale::getLanguage (5 bytes)
40   83             sun.security.util.KnownOIDs::registerNames (2 bytes)
40   85             java.util.HashMap$Node::getKey (5 bytes)
40   88             jdk.internal.misc.Unsafe::getReferenceAcquire (7 bytes)
40   89     n       java.lang.String::intern (native)   
40   87             java.util.concurrent.ConcurrentHashMap::tabAt (22 bytes)
40   86             java.util.HashMap$Node::getValue (5 bytes)
40   79             java.lang.Enum::name (5 bytes)
41   90             java.lang.String::coder (15 bytes)
41   91     n       java.lang.invoke.MethodHandle::linkToSpecial(LLL)V (native)   (static)
43   92     n       java.lang.invoke.MethodHandle::linkToStatic(LLIIL)V (native)   (static)
43   93     n       java.lang.invoke.MethodHandle::linkToStatic(LLIL)I (native)   (static)
44   94     n       jdk.internal.misc.Unsafe::getByte (native)   
45   95     n       jdk.internal.misc.Unsafe::getInt (native)   
45   96             java.nio.Buffer::limit (5 bytes)
46   97     n       java.lang.Thread::currentCarrierThread (native)   (static)
=== JDK 21 Feature & Obfuscation Compatibility Test ===
49   98     n       java.lang.invoke.MethodHandle::linkToStatic(DL)L (native)   (static)
49   99     n       java.lang.reflect.Array::newArray (native)   (static)
50  100     n       java.lang.invoke.MethodHandle::linkToStatic(JLILL)J (native)   (static)
50  101     n       java.lang.invoke.MethodHandle::invokeBasic(JLIL)J (native)   
50  102     n       java.lang.invoke.MethodHandle::linkToSpecial(LJLILL)J (native)   (static)
50  103     n       java.lang.invoke.MethodHandle::invokeBasic(JLI)J (native)   
51  104     n       java.lang.invoke.MethodHandle::linkToSpecial(LJLIL)J (native)   (static)
51  105     n       java.lang.invoke.MethodHandle::invokeBasic(JLII)J (native)   
51  106     n       java.lang.invoke.MethodHandle::linkToSpecial(LJLIIL)J (native)   (static)
52  107     n       java.lang.invoke.MethodHandle::linkToStatic(JLJLL)J (native)   (static)
52  108     n       java.lang.invoke.MethodHandle::invokeBasic(JLJL)J (native)   
52  109     n       java.lang.invoke.MethodHandle::linkToSpecial(LJLJLL)J (native)   (static)
52  110             jdk.internal.util.ClassFileDumper::isEnabled (5 bytes)
53  111     n       java.lang.invoke.MethodHandle::invokeBasic(JLJ)J (native)   
53  112     n       java.lang.invoke.MethodHandle::linkToSpecial(LJLJL)J (native)   (static)
53  113             jdk.internal.org.objectweb.asm.ByteVector::putUTF8 (144 bytes)
53  114     n       java.lang.invoke.MethodHandle::invokeBasic(JLIIJL)J (native)   
54  115     n       java.lang.invoke.MethodHandle::linkToSpecial(LJLIIJLL)J (native)   (static)
55  116     n       java.lang.invoke.MethodHandle::linkToStatic(JIL)J (native)   (static)
55  117     n       java.lang.invoke.MethodHandle::invokeBasic(JI)J (native)   
55  118     n       java.lang.invoke.MethodHandle::linkToSpecial(LJIL)J (native)   (static)
55  119             java.util.ArrayList::size (5 bytes)
55  120             java.lang.StringLatin1::indexOfChar (33 bytes)
56  121     n       java.lang.invoke.MethodHandle::linkToStatic(JJL)J (native)   (static)
56  122     n       java.lang.invoke.MethodHandle::invokeBasic(JJ)J (native)   
56  123     n       java.lang.invoke.MethodHandle::linkToSpecial(LJJL)J (native)   (static)
56  124             jdk.internal.org.objectweb.asm.SymbolTable::getMajorVersion (5 bytes)
57  125     n       java.lang.invoke.MethodHandle::invokeBasic(JJL)J (native)   
57  126     n       java.lang.invoke.MethodHandle::linkToSpecial(LJJLL)J (native)   (static)
58  127             java.lang.invoke.MethodTypeForm::basicType (5 bytes)
58  128     n       java.lang.invoke.MethodHandle::invokeBasic(IIJL)J (native)   
58  129     n       java.lang.invoke.MethodHandle::linkToSpecial(LIIJLL)J (native)   (static)
58  130     n       java.lang.invoke.MethodHandle::invokeBasic(D)L (native)   
58  131     n       java.lang.invoke.MethodHandle::linkToSpecial(LDL)L (native)   (static)
59  132     n       java.lang.invoke.MethodHandle::invokeBasic(IIJD)L (native)   
59  133     n       java.lang.invoke.MethodHandle::linkToSpecial(LIIJDL)L (native)   (static)
Sum=15 Product=50 Mix=21474836490 d=492.59841819737056
60  134     n       java.lang.invoke.MethodHandle::linkToStatic(LLLJL)L (native)   (static)
61  135     n       java.lang.invoke.MethodHandle::invokeBasic(LLLJ)L (native)   
61  136             java.lang.String::hashCode (60 bytes)
61  137     n       java.lang.invoke.MethodHandle::invokeBasic(I)J (native)   
61  138     n       java.lang.invoke.MethodHandle::linkToSpecial(LIL)J (native)   (static)
61  139     n       java.lang.invoke.MethodHandle::invokeBasic(I)L (native)   
62  140     n       java.lang.invoke.MethodHandle::linkToSpecial(LIL)L (native)   (static)
Bits=701
--------
JDK21 demo
--------
62   29             java.lang.String::isLatin1 (19 bytes)   made not entrant
char=中
0 2 62 4  141            
 java.util.concurrent.locks.AbstractOwnableSynchronizer::setExclusiveOwnerThread (6 bytes)#
##62  142 
            java.util.concurrent.locks.AbstractQueuedSynchronizer::getState (5 bytes)
63  143       1       java.util.concurrent.locks.AbstractOwnableSynchronizer::2 getExclusiveOwnerThread (5 bytes)
3 63  145       4       java.lang.String::length5  (11 bytes)

63  144             java.util.concurrent.locks.AbstractQueuedSynchronizer::setState (6 bytes)grid[0][1]=X

63  146     n       java.lang.invoke.MethodHandle::linkToStatic(L)V (native)   (static)
Lambda Hello World!
63  147     n       java.lang.invoke.MethodHandle::linkToVirtual(LLL)V (native)   (static)
a
b
64 c
 148             java.nio.Buffer::position (5 bytes)
64  149             java.lang.invoke.MethodHandles$Lookup::lookupClass (5 bytes)
65  150     n       java.lang.invoke.MethodHandle::linkToStatic(LLLLJL)L (native)   (static)
65  151     n       java.lang.invoke.MethodHandle::invokeBasic(LLLLJ)L (native)   
65  152             jdk.internal.org.objectweb.asm.MethodWriter::hasAsmInstructions (5 bytes)
65  153     n       java.lang.invoke.MethodHandle::invokeBasic(LL)J (native)   
65  154     n       java.lang.invoke.MethodHandle::linkToSpecial(LLLL)J (native)   (static)
Hi, Alice
HI, BOB
Anonymous run()
GREEN
42
sparse ok
Optional=246
67  155     n       java.lang.invoke.MethodHandle::linkToStatic(IL)I (native)   (static)
68  156     n       java.lang.invoke.MethodHandle::linkToStatic(IIL)I (native)   (static)
69  157     n       jdk.internal.misc.Unsafe::getIntVolatile (native)   
69  158     n       jdk.internal.misc.Unsafe::fullFence (native)   
69  159             java.util.stream.AbstractTask::setLocalResult (6 bytes)
69  160             java.util.stream.AbstractTask::getLocalResult (5 bytes)
70  161             java.util.stream.Streams$RangeIntSpliterator::characteristics (4 bytes)
70  162             java.util.stream.AbstractPipeline::getStreamAndOpFlags (5 bytes)
ParallelSum=332833500
71  163     n       java.lang.Class::desiredAssertionStatus0 (native)   (static)
73  164     n       java.lang.invoke.MethodHandle::invokeBasic(IL)J (native)   
73  165     n       java.lang.invoke.MethodHandle::linkToSpecial(LILL)J (native)   (static)
74  166     n       java.lang.invoke.MethodHandle::invokeBasic(IL)L (native)   
74  167     n       java.lang.invoke.MethodHandle::linkToSpecial(LILL)L (native)   (static)
fact50.len=65 div=0.33333333333333333333333333333333333333333333333333
merged=579.0
75  168     n       java.lang.invoke.MethodHandle::invokeBasic(II)J (native)   
75  169     n       java.lang.invoke.MethodHandle::linkToSpecial(LIIL)J (native)   (static)
76  170     n       java.lang.invoke.MethodHandle::invokeBasic(II)L (native)   
76  171     n       java.lang.invoke.MethodHandle::linkToSpecial(LIIL)L (native)   (static)
VOL=8 ATOMIC=1
Caught MyException: boom
TWR: line1 | line2
77  172     n       java.lang.invoke.MethodHandle::invokeBasic(J)J (native)   
78  173     n       java.lang.invoke.MethodHandle::linkToSpecial(LJL)J (native)   (static)
Files.mismatch index=2
78  174     n       java.lang.invoke.MethodHandle::linkToStatic(LL)V (native)   (static)
78  175             java.lang.StringLatin1::equals (36 bytes)
78  176     n       java.lang.invoke.MethodHandle::invokeBasic(L)V (native)   
staticHello: from MethodHandle
79  177     n       jdk.internal.misc.Unsafe::getShort (native)   
79  178     n       java.lang.invoke.MethodHandle::invokeBasic(L)I (native)   
79  179     n       java.lang.invoke.MethodHandle::linkToSpecial(LLL)I (native)   (static)
80  180     n       java.lang.invoke.MethodHandle::invokeBasic(LI)V (native)   
80  181     n       java.lang.invoke.MethodHandle::linkToSpecial(LLIL)V (native)   (static)
81  182             java.lang.Math::min (11 bytes)
instanceCounter(before)=1
instanceCounter(after)=99
81  183     n       jdk.internal.misc.Unsafe::getLong (native)   
82  184     n       java.lang.invoke.MethodHandle::linkToSpecial(LIIL)I (native)   (static)
82  185     n       java.lang.invoke.MethodHandle::linkToStatic(LIL)I (native)   (static)
82  186     n       java.lang.invoke.MethodHandle::invokeBasic(LI)I (native)   
82  187     n       java.lang.invoke.MethodHandle::linkToSpecial(LLIL)I (native)   (static)
83  188             jdk.internal.org.objectweb.asm.SymbolTable::get (13 bytes)
84  189     n       java.lang.invoke.MethodHandle::linkToStatic(LLLIL)L (native)   (static)
84  190     n       java.lang.invoke.MethodHandle::invokeBasic(LLLI)L (native)   
84  191     n       java.lang.invoke.MethodHandle::linkToStatic(IL)L (native)   (static)
85  192     n       java.lang.invoke.MethodHandle::invokeBasic(LII)I (native)   
85  193     n       java.lang.invoke.MethodHandle::linkToSpecial(LLIIL)I (native)   (static)
85  194             java.lang.invoke.DirectMethodHandle::internalMemberName (5 bytes)
86  195     n       jdk.internal.misc.Unsafe::ensureClassInitialized0 (native)   
hiddenAdd(3,4)=7
Inner.value=106
StaticInner.msg=OK
Local.z=5
