8    1     n       jdk.internal.misc.Unsafe::getReferenceVolatile (native)   
11    2     n       java.lang.System::arraycopy (native)   (static)
12    3     n       jdk.internal.misc.Unsafe::compareAndSetLong (native)   
13    4     n       java.lang.Object::hashCode (native)   
13    5     n       java.lang.invoke.MethodHandle::linkToStatic(LLLLLL)L (native)   (static)
14    6     n       java.lang.invoke.MethodHandle::invokeBasic(LLLLL)L (native)   
14    7     n       java.lang.invoke.MethodHandle::linkToSpecial(LLLLLLL)L (native)   (static)
14    8     n       java.lang.Class::isPrimitive (native)   
14    9             java.lang.Enum::ordinal (5 bytes)
14   10     n       java.lang.invoke.MethodHandle::linkToStatic(LL)L (native)   (static)
14   11     n       jdk.internal.misc.Unsafe::compareAndSetReference (native)   
15   12     n       java.lang.invoke.MethodHandle::linkToStatic(LJL)L (native)   (static)
15   13             jdk.internal.util.StrongReferenceKey::get (5 bytes)
15   14     n       java.lang.invoke.MethodHandle::linkToStatic(LLL)L (native)   (static)
15   15     n       java.lang.invoke.MethodHandle::linkToStatic(LLLL)L (native)   (static)
15   16     n       java.lang.Class::isArray (native)   
15   17     n       java.lang.invoke.MethodHandle::invokeBasic(LJ)L (native)   
16   18     n       java.lang.invoke.MethodHandle::linkToSpecial(LLJL)L (native)   (static)
16   19             java.lang.invoke.MethodType::returnType (5 bytes)
16   20     n       java.lang.Object::clone (native)   
17   21     n       java.lang.invoke.MethodHandle::linkToStatic(JLLLL)J (native)   (static)
18   22     n       java.lang.invoke.MethodHandle::invokeBasic(JLLL)J (native)   
18   23     n       java.lang.invoke.MethodHandle::linkToSpecial(LJLLLL)J (native)   (static)
18   24     n       java.lang.invoke.MethodHandle::linkToStatic(LLLLL)L (native)   (static)
18   25     n       java.lang.invoke.MethodHandle::invokeBasic(LLLL)L (native)   
19   26     n       java.lang.invoke.MethodHandle::invokeBasic(JLL)J (native)   
19   27     n       java.lang.invoke.MethodHandle::linkToSpecial(LJLLL)J (native)   (static)
19   28             java.lang.invoke.MemberName::getDeclaringClass (5 bytes)
20   29             java.lang.String::isLatin1 (19 bytes)
20   30     n       java.lang.invoke.MethodHandle::invokeBasic(JLLLL)J (native)   
20   31             java.lang.invoke.MethodType::ptypes (5 bytes)
20   32     n       java.lang.invoke.MethodHandle::linkToSpecial(LJLLLLL)J (native)   (static)
21   33             jdk.internal.util.Preconditions::checkIndex (18 bytes)
21   36             java.lang.String::checkIndex (10 bytes)
21   37     n       java.lang.invoke.MethodHandle::linkToStatic(JL)L (native)   (static)
21   34             java.lang.String::charAt (25 bytes)
21   38     n       java.lang.invoke.MethodHandle::invokeBasic(J)L (native)   
21   39     n       java.lang.invoke.MethodHandle::linkToSpecial(LJL)L (native)   (static)
21   35             java.lang.StringLatin1::charAt (15 bytes)
22   40     n       java.lang.invoke.MethodHandle::linkToStatic(JLL)J (native)   (static)
22   41     n       java.lang.invoke.MethodHandle::invokeBasic(JL)J (native)   
22   42     n       java.lang.invoke.MethodHandle::linkToSpecial(LJLL)J (native)   (static)
22   43     n       java.lang.Class::isAssignableFrom (native)   
23   44             java.lang.invoke.LambdaForm$Name::index (5 bytes)
23   45             sun.invoke.util.Wrapper::basicTypeChar (5 bytes)
23   46     n       java.lang.Class::isInterface (native)   
23   47             java.lang.invoke.MethodType::form (5 bytes)
23   49     n       java.lang.Object::getClass (native)   
23   48             java.lang.AbstractStringBuilder::length (5 bytes)
23   50     n       java.lang.invoke.MethodHandle::linkToStatic(LLLLLJL)L (native)   (static)
24   51             java.lang.AbstractStringBuilder::getValue (5 bytes)
24   52     n       java.lang.invoke.MethodHandle::invokeBasic(LLLLLJ)L (native)   
24   53             java.lang.invoke.LambdaForm$Name::type (5 bytes)
24   55             java.lang.invoke.LambdaForm$BasicType::basicTypeClass (5 bytes)
24   54             java.lang.invoke.MethodTypeForm::parameterSlotCount (5 bytes)
24   56     n       java.lang.invoke.MethodHandle::linkToStatic(LLLLLLL)L (native)   (static)
24   57     n       java.lang.invoke.MethodHandle::invokeBasic(LLL)J (native)   
25   58             jdk.internal.util.WeakReferenceKey::hashCode (5 bytes)
25   59     n       java.lang.invoke.MethodHandle::linkToSpecial(LLLLL)J (native)   (static)
25   60     n       java.lang.invoke.MethodHandle::invokeBasic(LLLLLL)L (native)   
25   61     n       java.lang.invoke.MethodHandle::linkToStatic(LLLLLLLL)L (native)   (static)
25   62     n       java.lang.invoke.MethodHandleNatives::resolve (native)   (static)
26   63     n       java.lang.invoke.MethodHandle::invokeBasic(L)L (native)   
26   64     n       java.lang.invoke.MethodHandle::linkToSpecial(LLL)L (native)   (static)
26   65     n       java.lang.invoke.MethodHandle::invokeBasic(LLLLLLL)L (native)   
26   66     n       java.lang.invoke.MethodHandle::invokeBasic(LLL)L (native)   
26   67     n       java.lang.invoke.MethodHandle::linkToSpecial(LLLLL)L (native)   (static)
27   68     n       java.lang.invoke.MethodHandle::invokeBasic(LL)L (native)   
27   69     n       java.lang.invoke.MethodHandle::linkToSpecial(LLLL)L (native)   (static)
29   70     n       java.lang.invoke.MethodHandle::linkToStatic(L)L (native)   (static)
29   71             java.lang.invoke.MethodTypeForm::erasedType (5 bytes)
29   72     n       java.lang.invoke.MethodHandle::linkToSpecial(LLLLLLLL)L (native)   (static)
29   73     n       java.lang.invoke.MethodHandle::linkToSpecial(LL)V (native)   (static)
30   74     n       java.lang.invoke.MethodHandle::invokeBasic()L (native)   
30   75     n       java.lang.invoke.MethodHandle::linkToSpecial(LL)L (native)   (static)
30   76             java.lang.invoke.MethodHandle::type (5 bytes)
31   77 %           java.util.Properties$LineReader::readLine @ 224 (584 bytes)
31   78     n       jdk.internal.misc.Unsafe::putReferenceVolatile (native)   
36   84     n       jdk.internal.misc.Unsafe::compareAndSetInt (native)   
37   82             jdk.internal.util.ArraysSupport::signedHashCode (37 bytes)
37   80             java.lang.Object::<init> (1 bytes)
38   81             sun.util.locale.BaseLocale::getLanguage (5 bytes)
38   83             sun.security.util.KnownOIDs::registerNames (2 bytes)
38   79             java.lang.Enum::name (5 bytes)
38   85             java.util.HashMap$Node::getKey (5 bytes)
38   86             java.util.HashMap$Node::getValue (5 bytes)
39   87             java.util.concurrent.ConcurrentHashMap::tabAt (22 bytes)
39   88             jdk.internal.misc.Unsafe::getReferenceAcquire (7 bytes)
39   89     n       java.lang.String::intern (native)   
39   90             java.lang.String::coder (15 bytes)
39   91     n       java.lang.invoke.MethodHandle::linkToSpecial(LLL)V (native)   (static)
41   92     n       java.lang.invoke.MethodHandle::linkToStatic(LLIIL)V (native)   (static)
41   93     n       java.lang.invoke.MethodHandle::linkToStatic(LLIL)I (native)   (static)
43   94     n       jdk.internal.misc.Unsafe::getByte (native)   
43   95     n       jdk.internal.misc.Unsafe::getInt (native)   
44   96             java.nio.Buffer::limit (5 bytes)
45   97     n       java.lang.Thread::currentCarrierThread (native)   (static)
=== JDK 21 Feature & Obfuscation Compatibility Test ===
48   98     n       java.lang.invoke.MethodHandle::linkToStatic(DL)L (native)   (static)
48   99     n       java.lang.reflect.Array::newArray (native)   (static)
48  100     n       java.lang.invoke.MethodHandle::linkToStatic(JLILL)J (native)   (static)
49  101     n       java.lang.invoke.MethodHandle::invokeBasic(JLIL)J (native)   
49  102     n       java.lang.invoke.MethodHandle::linkToSpecial(LJLILL)J (native)   (static)
49  103     n       java.lang.invoke.MethodHandle::invokeBasic(JLI)J (native)   
49  104     n       java.lang.invoke.MethodHandle::linkToSpecial(LJLIL)J (native)   (static)
50  105     n       java.lang.invoke.MethodHandle::invokeBasic(JLII)J (native)   
50  106     n       java.lang.invoke.MethodHandle::linkToSpecial(LJLIIL)J (native)   (static)
51  107     n       java.lang.invoke.MethodHandle::linkToStatic(JLJLL)J (native)   (static)
51  108     n       java.lang.invoke.MethodHandle::invokeBasic(JLJL)J (native)   
51  109     n       java.lang.invoke.MethodHandle::linkToSpecial(LJLJLL)J (native)   (static)
52  110             jdk.internal.util.ClassFileDumper::isEnabled (5 bytes)
52  111     n       java.lang.invoke.MethodHandle::invokeBasic(JLJ)J (native)   
52  112     n       java.lang.invoke.MethodHandle::linkToSpecial(LJLJL)J (native)   (static)
53  113             jdk.internal.org.objectweb.asm.ByteVector::putUTF8 (144 bytes)
53  114     n       java.lang.invoke.MethodHandle::invokeBasic(JLIIJL)J (native)   
53  115     n       java.lang.invoke.MethodHandle::linkToSpecial(LJLIIJLL)J (native)   (static)
54  116     n       java.lang.invoke.MethodHandle::linkToStatic(JIL)J (native)   (static)
54  117     n       java.lang.invoke.MethodHandle::invokeBasic(JI)J (native)   
55  118     n       java.lang.invoke.MethodHandle::linkToSpecial(LJIL)J (native)   (static)
55  119             java.util.ArrayList::size (5 bytes)
55  120             java.lang.StringLatin1::indexOfChar (33 bytes)
55  121     n       java.lang.invoke.MethodHandle::linkToStatic(JJL)J (native)   (static)
56  122     n       java.lang.invoke.MethodHandle::invokeBasic(JJ)J (native)   
56  123     n       java.lang.invoke.MethodHandle::linkToSpecial(LJJL)J (native)   (static)
56  124             jdk.internal.org.objectweb.asm.SymbolTable::getMajorVersion (5 bytes)
56  125     n       java.lang.invoke.MethodHandle::invokeBasic(JJL)J (native)   
57  126     n       java.lang.invoke.MethodHandle::linkToSpecial(LJJLL)J (native)   (static)
57  127             java.lang.invoke.MethodTypeForm::basicType (5 bytes)
57  128     n       java.lang.invoke.MethodHandle::invokeBasic(IIJL)J (native)   
58  129     n       java.lang.invoke.MethodHandle::linkToSpecial(LIIJLL)J (native)   (static)
58  130     n       java.lang.invoke.MethodHandle::invokeBasic(D)L (native)   
58  131     n       java.lang.invoke.MethodHandle::linkToSpecial(LDL)L (native)   (static)
59  132     n       java.lang.invoke.MethodHandle::invokeBasic(IIJD)L (native)   
59  133     n       java.lang.invoke.MethodHandle::linkToSpecial(LIIJDL)L (native)   (static)
Sum=15 Product=50 Mix=21474836490 d=492.59841819737056
60  134     n       java.lang.invoke.MethodHandle::linkToStatic(LLLJL)L (native)   (static)
61  135     n       java.lang.invoke.MethodHandle::invokeBasic(LLLJ)L (native)   
61  136             java.lang.String::hashCode (60 bytes)
61  137     n       java.lang.invoke.MethodHandle::invokeBasic(I)J (native)   
61  138     n       java.lang.invoke.MethodHandle::linkToSpecial(LIL)J (native)   (static)
61  139     n       java.lang.invoke.MethodHandle::invokeBasic(I)L (native)   
62  140     n       java.lang.invoke.MethodHandle::linkToSpecial(LIL)L (native)   (static)
Bits=701
--------
JDK21 demo
--------
62   29             java.lang.String::isLatin1 (19 bytes)   made not entrant
char=中
0 2 62 4  141       
     # java.util.concurrent.locks.AbstractOwnableSynchronizer::#setExclusiveOwnerThread# (6 bytes)

62  142             java.util.concurrent.locks.AbstractQueuedSynchronizer::getState (5 bytes)
1 2 3 4 5 
63  143             java.util.concurrent.locks.AbstractOwnableSynchronizer::getExclusiveOwnerThread (5 bytes)
grid[0][1]=X
63  146     n       java.lang.invoke.MethodHandle::linkToStatic(L)V (native)   (static)
63  145             java.lang.String::length (11 bytes)
63  144             java.util.concurrent.locks.AbstractQueuedSynchronizer::setState (6 bytes)
Lambda Hello World!
63  147     n       java.lang.invoke.MethodHandle::linkToVirtual(LLL)V (native)   (static)
a
b
64 c
 148             java.nio.Buffer::position (5 bytes)
64  149             java.lang.invoke.MethodHandles$Lookup::lookupClass (5 bytes)
65  150     n       java.lang.invoke.MethodHandle::linkToStatic(LLLLJL)L (native)   (static)
65  151     n       java.lang.invoke.MethodHandle::invokeBasic(LLLLJ)L (native)   
65  152             jdk.internal.org.objectweb.asm.MethodWriter::hasAsmInstructions (5 bytes)
65  153     n       java.lang.invoke.MethodHandle::invokeBasic(LL)J (native)   
66  154     n       java.lang.invoke.MethodHandle::linkToSpecial(LLLL)J (native)   (static)
Hi, Alice
HI, BOB
Anonymous run()
GREEN
42
sparse ok
Optional=246
68  155     n       java.lang.invoke.MethodHandle::linkToStatic(IL)I (native)   (static)
68  156     n       java.lang.invoke.MethodHandle::linkToStatic(IIL)I (native)   (static)
69  157     n       jdk.internal.misc.Unsafe::getIntVolatile (native)   
69  158     n       jdk.internal.misc.Unsafe::fullFence (native)   
70  159             java.util.stream.AbstractTask::setLocalResult (6 bytes)
70  160             java.util.stream.AbstractTask::getLocalResult (5 bytes)
70  161             java.util.stream.Streams$RangeIntSpliterator::characteristics (4 bytes)
ParallelSum=332833500
71  162     n       java.lang.Class::desiredAssertionStatus0 (native)   (static)
73  163     n       java.lang.invoke.MethodHandle::invokeBasic(IL)J (native)   
73  164     n       java.lang.invoke.MethodHandle::linkToSpecial(LILL)J (native)   (static)
74  165     n       java.lang.invoke.MethodHandle::invokeBasic(IL)L (native)   
74  166     n       java.lang.invoke.MethodHandle::linkToSpecial(LILL)L (native)   (static)
fact50.len=65 div=0.33333333333333333333333333333333333333333333333333
merged=579.0
75  167     n       java.lang.invoke.MethodHandle::invokeBasic(II)J (native)   
76  168     n       java.lang.invoke.MethodHandle::linkToSpecial(LIIL)J (native)   (static)
76  169     n       java.lang.invoke.MethodHandle::invokeBasic(II)L (native)   
76  170     n       java.lang.invoke.MethodHandle::linkToSpecial(LIIL)L (native)   (static)
VOL=8 ATOMIC=1
Caught MyException: boom
TWR: line1 | line2
78  171     n       java.lang.invoke.MethodHandle::invokeBasic(J)J (native)   
78  172     n       java.lang.invoke.MethodHandle::linkToSpecial(LJL)J (native)   (static)
Files.mismatch index=2
79  173     n       java.lang.invoke.MethodHandle::linkToStatic(LL)V (native)   (static)
79  174             java.lang.StringLatin1::equals (36 bytes)
79  175     n       java.lang.invoke.MethodHandle::invokeBasic(L)V (native)   
staticHello: from MethodHandle
80  176     n       jdk.internal.misc.Unsafe::getShort (native)   
80  177     n       java.lang.invoke.MethodHandle::invokeBasic(L)I (native)   
80  178     n       java.lang.invoke.MethodHandle::linkToSpecial(LLL)I (native)   (static)
81  179     n       java.lang.invoke.MethodHandle::invokeBasic(LI)V (native)   
81  180     n       java.lang.invoke.MethodHandle::linkToSpecial(LLIL)V (native)   (static)
82  181             java.lang.Math::min (11 bytes)
instanceCounter(before)=1
instanceCounter(after)=99
82  182     n       jdk.internal.misc.Unsafe::getLong (native)   
83  183     n       java.lang.invoke.MethodHandle::linkToSpecial(LIIL)I (native)   (static)
83  184     n       java.lang.invoke.MethodHandle::linkToStatic(LIL)I (native)   (static)
83  185     n       java.lang.invoke.MethodHandle::invokeBasic(LI)I (native)   
83  186     n       java.lang.invoke.MethodHandle::linkToSpecial(LLIL)I (native)   (static)
84  187             jdk.internal.org.objectweb.asm.SymbolTable::get (13 bytes)
85  188     n       java.lang.invoke.MethodHandle::linkToStatic(LLLIL)L (native)   (static)
85  189     n       java.lang.invoke.MethodHandle::invokeBasic(LLLI)L (native)   
85  190     n       java.lang.invoke.MethodHandle::linkToStatic(IL)L (native)   (static)
86  191     n       java.lang.invoke.MethodHandle::invokeBasic(LII)I (native)   
86  192     n       java.lang.invoke.MethodHandle::linkToSpecial(LLIIL)I (native)   (static)
86  193             java.lang.invoke.DirectMethodHandle::internalMemberName (5 bytes)
87  194     n       jdk.internal.misc.Unsafe::ensureClassInitialized0 (native)   
hiddenAdd(3,4)=7
Inner.value=106
StaticInner.msg=OK
Local.z=5
