8    1     n       jdk.internal.misc.Unsafe::getReferenceVolatile (native)   
11    2     n       java.lang.System::arraycopy (native)   (static)
12    3     n       jdk.internal.misc.Unsafe::compareAndSetLong (native)   
12    4     n       java.lang.Object::hashCode (native)   
12    5     n       java.lang.invoke.MethodHandle::linkToStatic(LLLLLL)L (native)   (static)
13    6     n       java.lang.invoke.MethodHandle::invokeBasic(LLLLL)L (native)   
13    7     n       java.lang.invoke.MethodHandle::linkToSpecial(LLLLLLL)L (native)   (static)
13    8     n       java.lang.Class::isPrimitive (native)   
13    9             java.lang.Enum::ordinal (5 bytes)
13   10     n       java.lang.invoke.MethodHandle::linkToStatic(LL)L (native)   (static)
13   11     n       jdk.internal.misc.Unsafe::compareAndSetReference (native)   
14   12     n       java.lang.invoke.MethodHandle::linkToStatic(LJL)L (native)   (static)
14   13             jdk.internal.util.StrongReferenceKey::get (5 bytes)
14   14     n       java.lang.invoke.MethodHandle::linkToStatic(LLL)L (native)   (static)
14   15     n       java.lang.invoke.MethodHandle::linkToStatic(LLLL)L (native)   (static)
14   16     n       java.lang.Class::isArray (native)   
14   17     n       java.lang.invoke.MethodHandle::invokeBasic(LJ)L (native)   
14   18     n       java.lang.invoke.MethodHandle::linkToSpecial(LLJL)L (native)   (static)
15   19             java.lang.invoke.MethodType::returnType (5 bytes)
15   20     n       java.lang.Object::clone (native)   
16   21     n       java.lang.invoke.MethodHandle::linkToStatic(JLLLL)J (native)   (static)
16   22     n       java.lang.invoke.MethodHandle::invokeBasic(JLLL)J (native)   
16   23     n       java.lang.invoke.MethodHandle::linkToSpecial(LJLLLL)J (native)   (static)
16   24     n       java.lang.invoke.MethodHandle::linkToStatic(LLLLL)L (native)   (static)
17   25     n       java.lang.invoke.MethodHandle::invokeBasic(LLLL)L (native)   
17   26     n       java.lang.invoke.MethodHandle::invokeBasic(JLL)J (native)   
17   27     n       java.lang.invoke.MethodHandle::linkToSpecial(LJLLL)J (native)   (static)
18   28             java.lang.invoke.MemberName::getDeclaringClass (5 bytes)
18   29             java.lang.String::isLatin1 (19 bytes)
18   30     n       java.lang.invoke.MethodHandle::invokeBasic(JLLLL)J (native)   
18   31             java.lang.invoke.MethodType::ptypes (5 bytes)
18   32     n       java.lang.invoke.MethodHandle::linkToSpecial(LJLLLLL)J (native)   (static)
19   33             jdk.internal.util.Preconditions::checkIndex (18 bytes)
19   34             java.lang.String::charAt (25 bytes)
19   37     n       java.lang.invoke.MethodHandle::linkToStatic(JL)L (native)   (static)
19   38     n       java.lang.invoke.MethodHandle::invokeBasic(J)L (native)   
19   39     n       java.lang.invoke.MethodHandle::linkToSpecial(LJL)L (native)   (static)
19   35             java.lang.StringLatin1::charAt (15 bytes)
20   36             java.lang.String::checkIndex (10 bytes)
20   40     n       java.lang.invoke.MethodHandle::linkToStatic(JLL)J (native)   (static)
20   41     n       java.lang.invoke.MethodHandle::invokeBasic(JL)J (native)   
20   42     n       java.lang.invoke.MethodHandle::linkToSpecial(LJLL)J (native)   (static)
21   43     n       java.lang.Class::isAssignableFrom (native)   
21   44             java.lang.invoke.LambdaForm$Name::index (5 bytes)
21   45             sun.invoke.util.Wrapper::basicTypeChar (5 bytes)
21   46     n       java.lang.Class::isInterface (native)   
21   47             java.lang.invoke.MethodType::form (5 bytes)
22   49     n       java.lang.Object::getClass (native)   
22   48             java.lang.AbstractStringBuilder::length (5 bytes)
22   50     n       java.lang.invoke.MethodHandle::linkToStatic(LLLLLJL)L (native)   (static)
22   51             java.lang.AbstractStringBuilder::getValue (5 bytes)
22   52     n       java.lang.invoke.MethodHandle::invokeBasic(LLLLLJ)L (native)   
22   53             java.lang.invoke.LambdaForm$Name::type (5 bytes)
22   55             java.lang.invoke.LambdaForm$BasicType::basicTypeClass (5 bytes)
22   54             java.lang.invoke.MethodTypeForm::parameterSlotCount (5 bytes)
22   56     n       java.lang.invoke.MethodHandle::linkToStatic(LLLLLLL)L (native)   (static)
23   57     n       java.lang.invoke.MethodHandle::invokeBasic(LLL)J (native)   
23   58             jdk.internal.util.WeakReferenceKey::hashCode (5 bytes)
23   59     n       java.lang.invoke.MethodHandle::linkToSpecial(LLLLL)J (native)   (static)
23   60     n       java.lang.invoke.MethodHandle::invokeBasic(LLLLLL)L (native)   
24   61     n       java.lang.invoke.MethodHandle::linkToStatic(LLLLLLLL)L (native)   (static)
24   62     n       java.lang.invoke.MethodHandleNatives::resolve (native)   (static)
24   63     n       java.lang.invoke.MethodHandle::invokeBasic(L)L (native)   
24   64     n       java.lang.invoke.MethodHandle::linkToSpecial(LLL)L (native)   (static)
24   65     n       java.lang.invoke.MethodHandle::invokeBasic(LLLLLLL)L (native)   
25   66     n       java.lang.invoke.MethodHandle::invokeBasic(LLL)L (native)   
25   67     n       java.lang.invoke.MethodHandle::linkToSpecial(LLLLL)L (native)   (static)
25   68     n       java.lang.invoke.MethodHandle::invokeBasic(LL)L (native)   
25   69     n       java.lang.invoke.MethodHandle::linkToSpecial(LLLL)L (native)   (static)
27   70     n       java.lang.invoke.MethodHandle::linkToStatic(L)L (native)   (static)
27   71             java.lang.invoke.MethodTypeForm::erasedType (5 bytes)
27   72     n       java.lang.invoke.MethodHandle::linkToSpecial(LLLLLLLL)L (native)   (static)
27   73     n       java.lang.invoke.MethodHandle::linkToSpecial(LL)V (native)   (static)
27   74     n       java.lang.invoke.MethodHandle::invokeBasic()L (native)   
27   75     n       java.lang.invoke.MethodHandle::linkToSpecial(LL)L (native)   (static)
28   76             java.lang.invoke.MethodHandle::type (5 bytes)
28   77 %           java.util.Properties$LineReader::readLine @ 224 (584 bytes)
29   78     n       jdk.internal.misc.Unsafe::putReferenceVolatile (native)   
32   84     n       jdk.internal.misc.Unsafe::compareAndSetInt (native)   
35   87     n       java.lang.String::intern (native)   
35   90     n       java.lang.invoke.MethodHandle::linkToSpecial(LLL)V (native)   (static)
36   82             jdk.internal.util.ArraysSupport::signedHashCode (37 bytes)
36   80             java.lang.Object::<init> (1 bytes)
36   88             java.util.concurrent.ConcurrentHashMap::tabAt (22 bytes)
36   89             jdk.internal.misc.Unsafe::getReferenceAcquire (7 bytes)
36   81             sun.util.locale.BaseLocale::getLanguage (5 bytes)
36   91             java.lang.String::coder (15 bytes)
36   83             sun.security.util.KnownOIDs::registerNames (2 bytes)
36   85             java.util.HashMap$Node::getKey (5 bytes)
36   86             java.util.HashMap$Node::getValue (5 bytes)
36   79             java.lang.Enum::name (5 bytes)
37   92     n       java.lang.invoke.MethodHandle::linkToStatic(LLIIL)V (native)   (static)
37   93     n       java.lang.invoke.MethodHandle::linkToStatic(LLIL)I (native)   (static)
39   94     n       jdk.internal.misc.Unsafe::getByte (native)   
39   95     n       jdk.internal.misc.Unsafe::getInt (native)   
39   96             java.nio.Buffer::limit (5 bytes)
40   97     n       java.lang.Thread::currentCarrierThread (native)   (static)
=== JDK 21 Feature & Obfuscation Compatibility Test ===
43   98     n       java.lang.invoke.MethodHandle::linkToStatic(DL)L (native)   (static)
43   99     n       java.lang.reflect.Array::newArray (native)   (static)
43  100     n       java.lang.invoke.MethodHandle::linkToStatic(JLILL)J (native)   (static)
44  101     n       java.lang.invoke.MethodHandle::invokeBasic(JLIL)J (native)   
44  102     n       java.lang.invoke.MethodHandle::linkToSpecial(LJLILL)J (native)   (static)
44  103     n       java.lang.invoke.MethodHandle::invokeBasic(JLI)J (native)   
44  104     n       java.lang.invoke.MethodHandle::linkToSpecial(LJLIL)J (native)   (static)
45  105     n       java.lang.invoke.MethodHandle::invokeBasic(JLII)J (native)   
45  106     n       java.lang.invoke.MethodHandle::linkToSpecial(LJLIIL)J (native)   (static)
46  107     n       java.lang.invoke.MethodHandle::linkToStatic(JLJLL)J (native)   (static)
46  108     n       java.lang.invoke.MethodHandle::invokeBasic(JLJL)J (native)   
46  109     n       java.lang.invoke.MethodHandle::linkToSpecial(LJLJLL)J (native)   (static)
46  110             jdk.internal.util.ClassFileDumper::isEnabled (5 bytes)
46  111     n       java.lang.invoke.MethodHandle::invokeBasic(JLJ)J (native)   
47  112     n       java.lang.invoke.MethodHandle::linkToSpecial(LJLJL)J (native)   (static)
47  113             jdk.internal.org.objectweb.asm.ByteVector::putUTF8 (144 bytes)
47  114     n       java.lang.invoke.MethodHandle::invokeBasic(JLIIJL)J (native)   
47  115     n       java.lang.invoke.MethodHandle::linkToSpecial(LJLIIJLL)J (native)   (static)
48  116     n       java.lang.invoke.MethodHandle::linkToStatic(JIL)J (native)   (static)
48  117     n       java.lang.invoke.MethodHandle::invokeBasic(JI)J (native)   
49  118     n       java.lang.invoke.MethodHandle::linkToSpecial(LJIL)J (native)   (static)
49  119             java.util.ArrayList::size (5 bytes)
49  120             java.lang.StringLatin1::indexOfChar (33 bytes)
49  121     n       java.lang.invoke.MethodHandle::linkToStatic(JJL)J (native)   (static)
49  122     n       java.lang.invoke.MethodHandle::invokeBasic(JJ)J (native)   
50  123     n       java.lang.invoke.MethodHandle::linkToSpecial(LJJL)J (native)   (static)
50  124             jdk.internal.org.objectweb.asm.SymbolTable::getMajorVersion (5 bytes)
50  125     n       java.lang.invoke.MethodHandle::invokeBasic(JJL)J (native)   
50  126     n       java.lang.invoke.MethodHandle::linkToSpecial(LJJLL)J (native)   (static)
51  127             java.lang.invoke.MethodTypeForm::basicType (5 bytes)
51  128     n       java.lang.invoke.MethodHandle::invokeBasic(IIJL)J (native)   
51  129     n       java.lang.invoke.MethodHandle::linkToSpecial(LIIJLL)J (native)   (static)
52  130     n       java.lang.invoke.MethodHandle::invokeBasic(D)L (native)   
52  131     n       java.lang.invoke.MethodHandle::linkToSpecial(LDL)L (native)   (static)
53  132     n       java.lang.invoke.MethodHandle::invokeBasic(IIJD)L (native)   
53  133     n       java.lang.invoke.MethodHandle::linkToSpecial(LIIJDL)L (native)   (static)
Sum=15 Product=50 Mix=21474836490 d=492.59841819737056
54  134     n       java.lang.invoke.MethodHandle::linkToStatic(LLLJL)L (native)   (static)
54  135     n       java.lang.invoke.MethodHandle::invokeBasic(LLLJ)L (native)   
55  136             java.lang.String::hashCode (60 bytes)
55  137     n       java.lang.invoke.MethodHandle::invokeBasic(I)J (native)   
55  138     n       java.lang.invoke.MethodHandle::linkToSpecial(LIL)J (native)   (static)
55  139     n       java.lang.invoke.MethodHandle::invokeBasic(I)L (native)   
55  140     n       java.lang.invoke.MethodHandle::linkToSpecial(LIL)L (native)   (static)
Bits=701
--------
JDK21 demo
--------
56   29             java.lang.String::isLatin1 (19 bytes)   made not entrant
char=中
0 2 56 4  141            
 java.util.concurrent.locks.AbstractOwnableSynchronizer::setExclusiveOwnerThread# (6 bytes)
##56  142 
            java.lang.String::length (11 bytes)
56  143       1       java.util.concurrent.locks.AbstractQueuedSynchronizer::2 getState (5 bytes)
3 56  144 4            5  java.util.concurrent.locks.AbstractOwnableSynchronizer::getExclusiveOwnerThread
 (5 bytes)
56  145            grid[0][1]=X
 java.util.concurrent.locks.AbstractQueuedSynchronizer::setState (6 bytes)
56  146     n       java.lang.invoke.MethodHandle::linkToStatic(L)V (native)   (static)
Lambda Hello World!
57  147     n       java.lang.invoke.MethodHandle::linkToVirtual(LLL)V (native)   (static)
a
57  148 b
            java.nio.Buffer::c
position (5 bytes)
57  149             java.lang.invoke.MethodHandles$Lookup::lookupClass (5 bytes)
58  150     n       java.lang.invoke.MethodHandle::linkToStatic(LLLLJL)L (native)   (static)
59  151     n       java.lang.invoke.MethodHandle::invokeBasic(LLLLJ)L (native)   
59  152             jdk.internal.org.objectweb.asm.MethodWriter::hasAsmInstructions (5 bytes)
59  153     n       java.lang.invoke.MethodHandle::invokeBasic(LL)J (native)   
59  154     n       java.lang.invoke.MethodHandle::linkToSpecial(LLLL)J (native)   (static)
Hi, Alice
HI, BOB
Anonymous run()
GREEN
42
sparse ok
Optional=246
61  155     n       java.lang.invoke.MethodHandle::linkToStatic(IL)I (native)   (static)
61  156     n       java.lang.invoke.MethodHandle::linkToStatic(IIL)I (native)   (static)
63  157     n       jdk.internal.misc.Unsafe::getIntVolatile (native)   
63  158     n       jdk.internal.misc.Unsafe::fullFence (native)   
63  159             java.util.stream.AbstractTask::setLocalResult (6 bytes)
63  160             java.util.stream.AbstractTask::getLocalResult (5 bytes)
64  161             java.util.stream.Streams$RangeIntSpliterator::characteristics (4 bytes)
64  162             java.util.stream.AbstractPipeline::getStreamAndOpFlags (5 bytes)
ParallelSum=332833500
65  163     n       java.lang.Class::desiredAssertionStatus0 (native)   (static)
67  164     n       java.lang.invoke.MethodHandle::invokeBasic(IL)J (native)   
67  165     n       java.lang.invoke.MethodHandle::linkToSpecial(LILL)J (native)   (static)
68  166     n       java.lang.invoke.MethodHandle::invokeBasic(IL)L (native)   
68  167     n       java.lang.invoke.MethodHandle::linkToSpecial(LILL)L (native)   (static)
fact50.len=65 div=0.33333333333333333333333333333333333333333333333333
merged=579.0
69  168     n       java.lang.invoke.MethodHandle::invokeBasic(II)J (native)   
70  169     n       java.lang.invoke.MethodHandle::linkToSpecial(LIIL)J (native)   (static)
70  170     n       java.lang.invoke.MethodHandle::invokeBasic(II)L (native)   
70  171     n       java.lang.invoke.MethodHandle::linkToSpecial(LIIL)L (native)   (static)
VOL=8 ATOMIC=1
Caught MyException: boom
TWR: line1 | line2
72  172     n       java.lang.invoke.MethodHandle::invokeBasic(J)J (native)   
72  173     n       java.lang.invoke.MethodHandle::linkToSpecial(LJL)J (native)   (static)
Files.mismatch index=2
73  174     n       java.lang.invoke.MethodHandle::linkToStatic(LL)V (native)   (static)
73  175             java.lang.StringLatin1::equals (36 bytes)
73  176     n       java.lang.invoke.MethodHandle::invokeBasic(L)V (native)   
staticHello: from MethodHandle
73  177     n       jdk.internal.misc.Unsafe::getShort (native)   
74  178     n       java.lang.invoke.MethodHandle::invokeBasic(L)I (native)   
75  179     n       java.lang.invoke.MethodHandle::linkToSpecial(LLL)I (native)   (static)
76  180     n       java.lang.invoke.MethodHandle::invokeBasic(LI)V (native)   
76  181     n       java.lang.invoke.MethodHandle::linkToSpecial(LLIL)V (native)   (static)
77  182             java.lang.Math::min (11 bytes)
instanceCounter(before)=1
instanceCounter(after)=99
77  183     n       jdk.internal.misc.Unsafe::getLong (native)   
78  184     n       java.lang.invoke.MethodHandle::linkToSpecial(LIIL)I (native)   (static)
78  185     n       java.lang.invoke.MethodHandle::linkToStatic(LIL)I (native)   (static)
78  186     n       java.lang.invoke.MethodHandle::invokeBasic(LI)I (native)   
79  187     n       java.lang.invoke.MethodHandle::linkToSpecial(LLIL)I (native)   (static)
79  188             jdk.internal.org.objectweb.asm.SymbolTable::get (13 bytes)
80  189     n       java.lang.invoke.MethodHandle::linkToStatic(LLLIL)L (native)   (static)
80  190     n       java.lang.invoke.MethodHandle::invokeBasic(LLLI)L (native)   
80  191     n       java.lang.invoke.MethodHandle::linkToStatic(IL)L (native)   (static)
81  192     n       java.lang.invoke.MethodHandle::invokeBasic(LII)I (native)   
81  193     n       java.lang.invoke.MethodHandle::linkToSpecial(LLIIL)I (native)   (static)
81  194             java.lang.invoke.DirectMethodHandle::internalMemberName (5 bytes)
82  195     n       jdk.internal.misc.Unsafe::ensureClassInitialized0 (native)   
hiddenAdd(3,4)=7
Inner.value=106
StaticInner.msg=OK
Local.z=5
