7    1     n       jdk.internal.misc.Unsafe::getReferenceVolatile (native)   
10    2     n       java.lang.System::arraycopy (native)   (static)
11    3     n       jdk.internal.misc.Unsafe::compareAndSetLong (native)   
12    4     n       java.lang.Object::hashCode (native)   
12    5     n       java.lang.invoke.MethodHandle::linkToStatic(LLLLLL)L (native)   (static)
12    6     n       java.lang.invoke.MethodHandle::invokeBasic(LLLLL)L (native)   
12    7     n       java.lang.invoke.MethodHandle::linkToSpecial(LLLLLLL)L (native)   (static)
13    8     n       java.lang.Class::isPrimitive (native)   
13    9             java.lang.Enum::ordinal (5 bytes)
13   10     n       java.lang.invoke.MethodHandle::linkToStatic(LL)L (native)   (static)
13   11     n       jdk.internal.misc.Unsafe::compareAndSetReference (native)   
13   12     n       java.lang.invoke.MethodHandle::linkToStatic(LJL)L (native)   (static)
13   13             jdk.internal.util.StrongReferenceKey::get (5 bytes)
13   14     n       java.lang.invoke.MethodHandle::linkToStatic(LLL)L (native)   (static)
13   15     n       java.lang.invoke.MethodHandle::linkToStatic(LLLL)L (native)   (static)
14   16     n       java.lang.Class::isArray (native)   
14   17     n       java.lang.invoke.MethodHandle::invokeBasic(LJ)L (native)   
14   18     n       java.lang.invoke.MethodHandle::linkToSpecial(LLJL)L (native)   (static)
14   19             java.lang.invoke.MethodType::returnType (5 bytes)
14   20     n       java.lang.Object::clone (native)   
15   21     n       java.lang.invoke.MethodHandle::linkToStatic(JLLLL)J (native)   (static)
16   22     n       java.lang.invoke.MethodHandle::invokeBasic(JLLL)J (native)   
16   23     n       java.lang.invoke.MethodHandle::linkToSpecial(LJLLLL)J (native)   (static)
16   24     n       java.lang.invoke.MethodHandle::linkToStatic(LLLLL)L (native)   (static)
16   25     n       java.lang.invoke.MethodHandle::invokeBasic(LLLL)L (native)   
16   26     n       java.lang.invoke.MethodHandle::invokeBasic(JLL)J (native)   
17   27     n       java.lang.invoke.MethodHandle::linkToSpecial(LJLLL)J (native)   (static)
17   28             java.lang.invoke.MemberName::getDeclaringClass (5 bytes)
17   29             java.lang.String::isLatin1 (19 bytes)
18   30     n       java.lang.invoke.MethodHandle::invokeBasic(JLLLL)J (native)   
18   31             java.lang.invoke.MethodType::ptypes (5 bytes)
18   32     n       java.lang.invoke.MethodHandle::linkToSpecial(LJLLLLL)J (native)   (static)
18   33             jdk.internal.util.Preconditions::checkIndex (18 bytes)
18   36             java.lang.String::checkIndex (10 bytes)
18   37     n       java.lang.invoke.MethodHandle::linkToStatic(JL)L (native)   (static)
18   34             java.lang.String::charAt (25 bytes)
18   38     n       java.lang.invoke.MethodHandle::invokeBasic(J)L (native)   
18   39     n       java.lang.invoke.MethodHandle::linkToSpecial(LJL)L (native)   (static)
19   35             java.lang.StringLatin1::charAt (15 bytes)
19   40     n       java.lang.invoke.MethodHandle::linkToStatic(JLL)J (native)   (static)
19   41     n       java.lang.invoke.MethodHandle::invokeBasic(JL)J (native)   
19   42     n       java.lang.invoke.MethodHandle::linkToSpecial(LJLL)J (native)   (static)
19   43     n       java.lang.Class::isAssignableFrom (native)   
20   44             java.lang.invoke.LambdaForm$Name::index (5 bytes)
20   45             sun.invoke.util.Wrapper::basicTypeChar (5 bytes)
20   46     n       java.lang.Class::isInterface (native)   
20   47             java.lang.invoke.MethodType::form (5 bytes)
20   49     n       java.lang.Object::getClass (native)   
20   48             java.lang.AbstractStringBuilder::length (5 bytes)
20   50     n       java.lang.invoke.MethodHandle::linkToStatic(LLLLLJL)L (native)   (static)
20   51             java.lang.AbstractStringBuilder::getValue (5 bytes)
21   52     n       java.lang.invoke.MethodHandle::invokeBasic(LLLLLJ)L (native)   
21   53             java.lang.invoke.LambdaForm$Name::type (5 bytes)
21   55             java.lang.invoke.LambdaForm$BasicType::basicTypeClass (5 bytes)
21   54             java.lang.invoke.MethodTypeForm::parameterSlotCount (5 bytes)
21   56     n       java.lang.invoke.MethodHandle::linkToStatic(LLLLLLL)L (native)   (static)
21   57     n       java.lang.invoke.MethodHandle::invokeBasic(LLL)J (native)   
21   58             jdk.internal.util.WeakReferenceKey::hashCode (5 bytes)
21   59     n       java.lang.invoke.MethodHandle::linkToSpecial(LLLLL)J (native)   (static)
21   60     n       java.lang.invoke.MethodHandle::invokeBasic(LLLLLL)L (native)   
22   61     n       java.lang.invoke.MethodHandle::linkToStatic(LLLLLLLL)L (native)   (static)
22   62     n       java.lang.invoke.MethodHandleNatives::resolve (native)   (static)
22   63     n       java.lang.invoke.MethodHandle::invokeBasic(L)L (native)   
22   64     n       java.lang.invoke.MethodHandle::linkToSpecial(LLL)L (native)   (static)
22   65     n       java.lang.invoke.MethodHandle::invokeBasic(LLLLLLL)L (native)   
23   66     n       java.lang.invoke.MethodHandle::invokeBasic(LLL)L (native)   
23   67     n       java.lang.invoke.MethodHandle::linkToSpecial(LLLLL)L (native)   (static)
23   68     n       java.lang.invoke.MethodHandle::invokeBasic(LL)L (native)   
23   69     n       java.lang.invoke.MethodHandle::linkToSpecial(LLLL)L (native)   (static)
24   70     n       java.lang.invoke.MethodHandle::linkToStatic(L)L (native)   (static)
25   71             java.lang.invoke.MethodTypeForm::erasedType (5 bytes)
25   72     n       java.lang.invoke.MethodHandle::linkToSpecial(LLLLLLLL)L (native)   (static)
25   73     n       java.lang.invoke.MethodHandle::linkToSpecial(LL)V (native)   (static)
25   74     n       java.lang.invoke.MethodHandle::invokeBasic()L (native)   
25   75     n       java.lang.invoke.MethodHandle::linkToSpecial(LL)L (native)   (static)
25   76             java.lang.invoke.MethodHandle::type (5 bytes)
26   77 %           java.util.Properties$LineReader::readLine @ 224 (584 bytes)
26   78     n       jdk.internal.misc.Unsafe::putReferenceVolatile (native)   
30   84     n       jdk.internal.misc.Unsafe::compareAndSetInt (native)   
32   87     n       java.lang.String::intern (native)   
32   82             jdk.internal.util.ArraysSupport::signedHashCode (37 bytes)
32   80             java.lang.Object::<init> (1 bytes)
33   89             jdk.internal.misc.Unsafe::getReferenceAcquire (7 bytes)
33   90     n       java.lang.invoke.MethodHandle::linkToSpecial(LLL)V (native)   (static)
33   88             java.util.concurrent.ConcurrentHashMap::tabAt (22 bytes)
33   83             sun.security.util.KnownOIDs::registerNames (2 bytes)
33   91             java.lang.String::coder (15 bytes)
33   85             java.util.HashMap$Node::getKey (5 bytes)
33   81             sun.util.locale.BaseLocale::getLanguage (5 bytes)
33   79             java.lang.Enum::name (5 bytes)
34   86             java.util.HashMap$Node::getValue (5 bytes)
34   92     n       java.lang.invoke.MethodHandle::linkToStatic(LLIIL)V (native)   (static)
35   93     n       java.lang.invoke.MethodHandle::linkToStatic(LLIL)I (native)   (static)
36   94     n       jdk.internal.misc.Unsafe::getByte (native)   
36   95     n       jdk.internal.misc.Unsafe::getInt (native)   
36   96             java.nio.Buffer::limit (5 bytes)
38   97     n       java.lang.Thread::currentCarrierThread (native)   (static)
=== JDK 21 Feature & Obfuscation Compatibility Test ===
40   98     n       java.lang.invoke.MethodHandle::linkToStatic(DL)L (native)   (static)
40   99     n       java.lang.reflect.Array::newArray (native)   (static)
41  100     n       java.lang.invoke.MethodHandle::linkToStatic(JLILL)J (native)   (static)
41  101     n       java.lang.invoke.MethodHandle::invokeBasic(JLIL)J (native)   
41  102     n       java.lang.invoke.MethodHandle::linkToSpecial(LJLILL)J (native)   (static)
41  103     n       java.lang.invoke.MethodHandle::invokeBasic(JLI)J (native)   
42  104     n       java.lang.invoke.MethodHandle::linkToSpecial(LJLIL)J (native)   (static)
42  105     n       java.lang.invoke.MethodHandle::invokeBasic(JLII)J (native)   
42  106     n       java.lang.invoke.MethodHandle::linkToSpecial(LJLIIL)J (native)   (static)
43  107     n       java.lang.invoke.MethodHandle::linkToStatic(JLJLL)J (native)   (static)
43  108     n       java.lang.invoke.MethodHandle::invokeBasic(JLJL)J (native)   
43  109     n       java.lang.invoke.MethodHandle::linkToSpecial(LJLJLL)J (native)   (static)
43  110             jdk.internal.util.ClassFileDumper::isEnabled (5 bytes)
43  111     n       java.lang.invoke.MethodHandle::invokeBasic(JLJ)J (native)   
44  112     n       java.lang.invoke.MethodHandle::linkToSpecial(LJLJL)J (native)   (static)
44  113             jdk.internal.org.objectweb.asm.ByteVector::putUTF8 (144 bytes)
44  114     n       java.lang.invoke.MethodHandle::invokeBasic(JLIIJL)J (native)   
45  115     n       java.lang.invoke.MethodHandle::linkToSpecial(LJLIIJLL)J (native)   (static)
46  116     n       java.lang.invoke.MethodHandle::linkToStatic(JIL)J (native)   (static)
46  117     n       java.lang.invoke.MethodHandle::invokeBasic(JI)J (native)   
46  118     n       java.lang.invoke.MethodHandle::linkToSpecial(LJIL)J (native)   (static)
46  119             java.util.ArrayList::size (5 bytes)
46  120             java.lang.StringLatin1::indexOfChar (33 bytes)
47  121     n       java.lang.invoke.MethodHandle::linkToStatic(JJL)J (native)   (static)
47  122     n       java.lang.invoke.MethodHandle::invokeBasic(JJ)J (native)   
47  123     n       java.lang.invoke.MethodHandle::linkToSpecial(LJJL)J (native)   (static)
48  124             jdk.internal.org.objectweb.asm.SymbolTable::getMajorVersion (5 bytes)
48  125     n       java.lang.invoke.MethodHandle::invokeBasic(JJL)J (native)   
48  126     n       java.lang.invoke.MethodHandle::linkToSpecial(LJJLL)J (native)   (static)
49  127             java.lang.invoke.MethodTypeForm::basicType (5 bytes)
49  128     n       java.lang.invoke.MethodHandle::invokeBasic(IIJL)J (native)   
49  129     n       java.lang.invoke.MethodHandle::linkToSpecial(LIIJLL)J (native)   (static)
50  130     n       java.lang.invoke.MethodHandle::invokeBasic(D)L (native)   
50  131     n       java.lang.invoke.MethodHandle::linkToSpecial(LDL)L (native)   (static)
50  132     n       java.lang.invoke.MethodHandle::invokeBasic(IIJD)L (native)   
50  133     n       java.lang.invoke.MethodHandle::linkToSpecial(LIIJDL)L (native)   (static)
Sum=15 Product=50 Mix=21474836490 d=492.59841819737056
52  134     n       java.lang.invoke.MethodHandle::linkToStatic(LLLJL)L (native)   (static)
52  135     n       java.lang.invoke.MethodHandle::invokeBasic(LLLJ)L (native)   
52  136             java.lang.String::hashCode (60 bytes)
52  137     n       java.lang.invoke.MethodHandle::invokeBasic(I)J (native)   
52  138     n       java.lang.invoke.MethodHandle::linkToSpecial(LIL)J (native)   (static)
53  139     n       java.lang.invoke.MethodHandle::invokeBasic(I)L (native)   
53  140     n       java.lang.invoke.MethodHandle::linkToSpecial(LIL)L (native)   (static)
Bits=701
--------
JDK21 demo
--------
53   29             java.lang.String::isLatin1 (19 bytes)   made not entrant
char=中
0 2 54 4  141       
     # java.util.concurrent.locks.AbstractOwnableSynchronizer::#setExclusiveOwnerThread# (6 bytes)

54  142            1  java.util.concurrent.locks.AbstractQueuedSynchronizer::getState (5 bytes)2 
3 54 4  143 5       
      java.util.concurrent.locks.AbstractOwnableSynchronizer::getExclusiveOwnerThreadgrid[0][1]=X
 (5 bytes)
54  144             java.util.concurrent.locks.AbstractQueuedSynchronizer::setState (6 bytes)
54  145     n       java.lang.invoke.MethodHandle::linkToStatic(L)V (native)   (static)
55  146             java.lang.String::length (11 bytes)
Lambda Hello World!
55  147     n       java.lang.invoke.MethodHandle::linkToVirtual(LLL)V (native)   (static)
a
55  148 b
           c
 java.nio.Buffer::position (5 bytes)
55  149             java.lang.invoke.MethodHandles$Lookup::lookupClass (5 bytes)
56  150     n       java.lang.invoke.MethodHandle::linkToStatic(LLLLJL)L (native)   (static)
57  151     n       java.lang.invoke.MethodHandle::invokeBasic(LLLLJ)L (native)   
57  152             jdk.internal.org.objectweb.asm.MethodWriter::hasAsmInstructions (5 bytes)
57  153     n       java.lang.invoke.MethodHandle::invokeBasic(LL)J (native)   
57  154     n       java.lang.invoke.MethodHandle::linkToSpecial(LLLL)J (native)   (static)
Hi, Alice
HI, BOB
Anonymous run()
GREEN
42
sparse ok
Optional=246
59  155     n       java.lang.invoke.MethodHandle::linkToStatic(IL)I (native)   (static)
59  156     n       java.lang.invoke.MethodHandle::linkToStatic(IIL)I (native)   (static)
61  157     n       jdk.internal.misc.Unsafe::getIntVolatile (native)   
61  158     n       jdk.internal.misc.Unsafe::fullFence (native)   
61  159             java.util.stream.AbstractTask::setLocalResult (6 bytes)
61  160             java.util.stream.AbstractTask::getLocalResult (5 bytes)
62  161             java.util.stream.Streams$RangeIntSpliterator::characteristics (4 bytes)
62  162             java.util.stream.AbstractPipeline::ParallelSum=332833500
getStreamAndOpFlags (5 bytes)
63  163     n       java.lang.Class::desiredAssertionStatus0 (native)   (static)
64  164     n       java.lang.invoke.MethodHandle::invokeBasic(IL)J (native)   
65  165     n       java.lang.invoke.MethodHandle::linkToSpecial(LILL)J (native)   (static)
65  166     n       java.lang.invoke.MethodHandle::invokeBasic(IL)L (native)   
65  167     n       java.lang.invoke.MethodHandle::linkToSpecial(LILL)L (native)   (static)
fact50.len=65 div=0.33333333333333333333333333333333333333333333333333
merged=579.0
67  168     n       java.lang.invoke.MethodHandle::invokeBasic(II)J (native)   
67  169     n       java.lang.invoke.MethodHandle::linkToSpecial(LIIL)J (native)   (static)
67  170     n       java.lang.invoke.MethodHandle::invokeBasic(II)L (native)   
67  171     n       java.lang.invoke.MethodHandle::linkToSpecial(LIIL)L (native)   (static)
VOL=8 ATOMIC=1
Caught MyException: boom
TWR: line1 | line2
69  172     n       java.lang.invoke.MethodHandle::invokeBasic(J)J (native)   
69  173     n       java.lang.invoke.MethodHandle::linkToSpecial(LJL)J (native)   (static)
Files.mismatch index=2
70  174     n       java.lang.invoke.MethodHandle::linkToStatic(LL)V (native)   (static)
71  175             java.lang.StringLatin1::equals (36 bytes)
71  176     n       java.lang.invoke.MethodHandle::invokeBasic(L)V (native)   
staticHello: from MethodHandle
71  177     n       jdk.internal.misc.Unsafe::getShort (native)   
72  178     n       java.lang.invoke.MethodHandle::invokeBasic(L)I (native)   
72  179     n       java.lang.invoke.MethodHandle::linkToSpecial(LLL)I (native)   (static)
72  180     n       java.lang.invoke.MethodHandle::invokeBasic(LI)V (native)   
73  181     n       java.lang.invoke.MethodHandle::linkToSpecial(LLIL)V (native)   (static)
73  182             java.lang.Math::mininstanceCounter(before)=1
 (11 bytes)
instanceCounter(after)=99
74  183     n       jdk.internal.misc.Unsafe::getLong (native)   
74  184     n       java.lang.invoke.MethodHandle::linkToSpecial(LIIL)I (native)   (static)
75  185     n       java.lang.invoke.MethodHandle::linkToStatic(LIL)I (native)   (static)
75  186     n       java.lang.invoke.MethodHandle::invokeBasic(LI)I (native)   
75  187     n       java.lang.invoke.MethodHandle::linkToSpecial(LLIL)I (native)   (static)
75  188             jdk.internal.org.objectweb.asm.SymbolTable::get (13 bytes)
76  189     n       java.lang.invoke.MethodHandle::linkToStatic(LLLIL)L (native)   (static)
76  190     n       java.lang.invoke.MethodHandle::invokeBasic(LLLI)L (native)   
77  191     n       java.lang.invoke.MethodHandle::linkToStatic(IL)L (native)   (static)
77  192     n       java.lang.invoke.MethodHandle::invokeBasic(LII)I (native)   
77  193     n       java.lang.invoke.MethodHandle::linkToSpecial(LLIIL)I (native)   (static)
78  194             java.lang.invoke.DirectMethodHandle::internalMemberName (5 bytes)
78  195     n       jdk.internal.misc.Unsafe::ensureClassInitialized0 (native)   
hiddenAdd(3,4)=7
Inner.value=106
StaticInner.msg=OK
Local.z=5
