8    1     n       jdk.internal.misc.Unsafe::getReferenceVolatile (native)   
11    2     n       java.lang.System::arraycopy (native)   (static)
12    3     n       jdk.internal.misc.Unsafe::compareAndSetLong (native)   
13    4     n       java.lang.Object::hashCode (native)   
13    5     n       java.lang.invoke.MethodHandle::linkToStatic(LLLLLL)L (native)   (static)
13    6     n       java.lang.invoke.MethodHandle::invokeBasic(LLLLL)L (native)   
13    7     n       java.lang.invoke.MethodHandle::linkToSpecial(LLLLLLL)L (native)   (static)
14    8     n       java.lang.Class::isPrimitive (native)   
14    9             java.lang.Enum::ordinal (5 bytes)
14   10     n       java.lang.invoke.MethodHandle::linkToStatic(LL)L (native)   (static)
14   11     n       jdk.internal.misc.Unsafe::compareAndSetReference (native)   
14   12     n       java.lang.invoke.MethodHandle::linkToStatic(LJL)L (native)   (static)
14   13             jdk.internal.util.StrongReferenceKey::get (5 bytes)
16   14     n       java.lang.invoke.MethodHandle::linkToStatic(LLL)L (native)   (static)
17   15     n       java.lang.invoke.MethodHandle::linkToStatic(LLLL)L (native)   (static)
17   16     n       java.lang.Class::isArray (native)   
17   17     n       java.lang.invoke.MethodHandle::invokeBasic(LJ)L (native)   
17   18     n       java.lang.invoke.MethodHandle::linkToSpecial(LLJL)L (native)   (static)
17   19             java.lang.invoke.MethodType::returnType (5 bytes)
17   20     n       java.lang.Object::clone (native)   
19   21     n       java.lang.invoke.MethodHandle::linkToStatic(JLLLL)J (native)   (static)
19   22     n       java.lang.invoke.MethodHandle::invokeBasic(JLLL)J (native)   
19   23     n       java.lang.invoke.MethodHandle::linkToSpecial(LJLLLL)J (native)   (static)
19   24     n       java.lang.invoke.MethodHandle::linkToStatic(LLLLL)L (native)   (static)
19   25     n       java.lang.invoke.MethodHandle::invokeBasic(LLLL)L (native)   
20   26     n       java.lang.invoke.MethodHandle::invokeBasic(JLL)J (native)   
20   27     n       java.lang.invoke.MethodHandle::linkToSpecial(LJLLL)J (native)   (static)
20   28             java.lang.invoke.MemberName::getDeclaringClass (5 bytes)
21   29             java.lang.String::isLatin1 (19 bytes)
21   30     n       java.lang.invoke.MethodHandle::invokeBasic(JLLLL)J (native)   
21   31             java.lang.invoke.MethodType::ptypes (5 bytes)
21   32     n       java.lang.invoke.MethodHandle::linkToSpecial(LJLLLLL)J (native)   (static)
21   33             jdk.internal.util.Preconditions::checkIndex (18 bytes)
22   36             java.lang.String::checkIndex (10 bytes)
22   37     n       java.lang.invoke.MethodHandle::linkToStatic(JL)L (native)   (static)
22   38     n       java.lang.invoke.MethodHandle::invokeBasic(J)L (native)   
22   34             java.lang.String::charAt (25 bytes)
22   39     n       java.lang.invoke.MethodHandle::linkToSpecial(LJL)L (native)   (static)
23   35             java.lang.StringLatin1::charAt (15 bytes)
23   40     n       java.lang.invoke.MethodHandle::linkToStatic(JLL)J (native)   (static)
23   41     n       java.lang.invoke.MethodHandle::invokeBasic(JL)J (native)   
23   42     n       java.lang.invoke.MethodHandle::linkToSpecial(LJLL)J (native)   (static)
23   43     n       java.lang.Class::isAssignableFrom (native)   
24   44             java.lang.invoke.LambdaForm$Name::index (5 bytes)
24   45             sun.invoke.util.Wrapper::basicTypeChar (5 bytes)
24   46     n       java.lang.Class::isInterface (native)   
24   47             java.lang.invoke.MethodType::form (5 bytes)
24   49     n       java.lang.Object::getClass (native)   
24   48             java.lang.AbstractStringBuilder::length (5 bytes)
24   50     n       java.lang.invoke.MethodHandle::linkToStatic(LLLLLJL)L (native)   (static)
24   51             java.lang.AbstractStringBuilder::getValue (5 bytes)
25   52     n       java.lang.invoke.MethodHandle::invokeBasic(LLLLLJ)L (native)   
25   53             java.lang.invoke.LambdaForm$Name::type (5 bytes)
25   55             java.lang.invoke.LambdaForm$BasicType::basicTypeClass (5 bytes)
25   54             java.lang.invoke.MethodTypeForm::parameterSlotCount (5 bytes)
25   56     n       java.lang.invoke.MethodHandle::linkToStatic(LLLLLLL)L (native)   (static)
25   57     n       java.lang.invoke.MethodHandle::invokeBasic(LLL)J (native)   
25   58             jdk.internal.util.WeakReferenceKey::hashCode (5 bytes)
25   59     n       java.lang.invoke.MethodHandle::linkToSpecial(LLLLL)J (native)   (static)
26   60     n       java.lang.invoke.MethodHandle::invokeBasic(LLLLLL)L (native)   
26   61     n       java.lang.invoke.MethodHandle::linkToStatic(LLLLLLLL)L (native)   (static)
26   62     n       java.lang.invoke.MethodHandleNatives::resolve (native)   (static)
26   63     n       java.lang.invoke.MethodHandle::invokeBasic(L)L (native)   
26   64     n       java.lang.invoke.MethodHandle::linkToSpecial(LLL)L (native)   (static)
27   65     n       java.lang.invoke.MethodHandle::invokeBasic(LLLLLLL)L (native)   
27   66     n       java.lang.invoke.MethodHandle::invokeBasic(LLL)L (native)   
27   67     n       java.lang.invoke.MethodHandle::linkToSpecial(LLLLL)L (native)   (static)
27   68     n       java.lang.invoke.MethodHandle::invokeBasic(LL)L (native)   
28   69     n       java.lang.invoke.MethodHandle::linkToSpecial(LLLL)L (native)   (static)
29   70     n       java.lang.invoke.MethodHandle::linkToStatic(L)L (native)   (static)
29   71             java.lang.invoke.MethodTypeForm::erasedType (5 bytes)
29   72     n       java.lang.invoke.MethodHandle::linkToSpecial(LLLLLLLL)L (native)   (static)
30   73     n       java.lang.invoke.MethodHandle::linkToSpecial(LL)V (native)   (static)
30   74     n       java.lang.invoke.MethodHandle::invokeBasic()L (native)   
30   75     n       java.lang.invoke.MethodHandle::linkToSpecial(LL)L (native)   (static)
30   76             java.lang.invoke.MethodHandle::type (5 bytes)
31   77 %           java.util.Properties$LineReader::readLine @ 224 (584 bytes)
31   78     n       jdk.internal.misc.Unsafe::putReferenceVolatile (native)   
35   84     n       jdk.internal.misc.Unsafe::compareAndSetInt (native)   
37   87     n       java.lang.String::intern (native)   
38   90     n       java.lang.invoke.MethodHandle::linkToSpecial(LLL)V (native)   (static)
38   82             jdk.internal.util.ArraysSupport::signedHashCode (37 bytes)
38   80             java.lang.Object::<init> (1 bytes)
38   89             jdk.internal.misc.Unsafe::getReferenceAcquire (7 bytes)
38   88             java.util.concurrent.ConcurrentHashMap::tabAt (22 bytes)
38   81             sun.util.locale.BaseLocale::getLanguage (5 bytes)
38   91             java.lang.String::coder (15 bytes)
39   83             sun.security.util.KnownOIDs::registerNames (2 bytes)
39   85             java.util.HashMap$Node::getKey (5 bytes)
39   86             java.util.HashMap$Node::getValue (5 bytes)
39   79             java.lang.Enum::name (5 bytes)
39   92     n       java.lang.invoke.MethodHandle::linkToStatic(LLIIL)V (native)   (static)
39   93     n       java.lang.invoke.MethodHandle::linkToStatic(LLIL)I (native)   (static)
41   94     n       jdk.internal.misc.Unsafe::getByte (native)   
41   95     n       jdk.internal.misc.Unsafe::getInt (native)   
41   96             java.nio.Buffer::limit (5 bytes)
43   97     n       java.lang.Thread::currentCarrierThread (native)   (static)
=== JDK 21 Feature & Obfuscation Compatibility Test ===
45   98     n       java.lang.invoke.MethodHandle::linkToStatic(DL)L (native)   (static)
45   99     n       java.lang.reflect.Array::newArray (native)   (static)
46  100     n       java.lang.invoke.MethodHandle::linkToStatic(JLILL)J (native)   (static)
46  101     n       java.lang.invoke.MethodHandle::invokeBasic(JLIL)J (native)   
46  102     n       java.lang.invoke.MethodHandle::linkToSpecial(LJLILL)J (native)   (static)
46  103     n       java.lang.invoke.MethodHandle::invokeBasic(JLI)J (native)   
46  104     n       java.lang.invoke.MethodHandle::linkToSpecial(LJLIL)J (native)   (static)
47  105     n       java.lang.invoke.MethodHandle::invokeBasic(JLII)J (native)   
47  106     n       java.lang.invoke.MethodHandle::linkToSpecial(LJLIIL)J (native)   (static)
47  107     n       java.lang.invoke.MethodHandle::linkToStatic(JLJLL)J (native)   (static)
48  108     n       java.lang.invoke.MethodHandle::invokeBasic(JLJL)J (native)   
48  109     n       java.lang.invoke.MethodHandle::linkToSpecial(LJLJLL)J (native)   (static)
48  110             jdk.internal.util.ClassFileDumper::isEnabled (5 bytes)
48  111     n       java.lang.invoke.MethodHandle::invokeBasic(JLJ)J (native)   
48  112     n       java.lang.invoke.MethodHandle::linkToSpecial(LJLJL)J (native)   (static)
49  113             jdk.internal.org.objectweb.asm.ByteVector::putUTF8 (144 bytes)
49  114     n       java.lang.invoke.MethodHandle::invokeBasic(JLIIJL)J (native)   
49  115     n       java.lang.invoke.MethodHandle::linkToSpecial(LJLIIJLL)J (native)   (static)
50  116     n       java.lang.invoke.MethodHandle::linkToStatic(JIL)J (native)   (static)
50  117     n       java.lang.invoke.MethodHandle::invokeBasic(JI)J (native)   
50  118     n       java.lang.invoke.MethodHandle::linkToSpecial(LJIL)J (native)   (static)
51  119             java.util.ArrayList::size (5 bytes)
51  120             java.lang.StringLatin1::indexOfChar (33 bytes)
51  121     n       java.lang.invoke.MethodHandle::linkToStatic(JJL)J (native)   (static)
51  122     n       java.lang.invoke.MethodHandle::invokeBasic(JJ)J (native)   
51  123     n       java.lang.invoke.MethodHandle::linkToSpecial(LJJL)J (native)   (static)
52  124             jdk.internal.org.objectweb.asm.SymbolTable::getMajorVersion (5 bytes)
52  125     n       java.lang.invoke.MethodHandle::invokeBasic(JJL)J (native)   
52  126     n       java.lang.invoke.MethodHandle::linkToSpecial(LJJLL)J (native)   (static)
53  127             java.lang.invoke.MethodTypeForm::basicType (5 bytes)
53  128     n       java.lang.invoke.MethodHandle::invokeBasic(IIJL)J (native)   
53  129     n       java.lang.invoke.MethodHandle::linkToSpecial(LIIJLL)J (native)   (static)
54  130     n       java.lang.invoke.MethodHandle::invokeBasic(D)L (native)   
54  131     n       java.lang.invoke.MethodHandle::linkToSpecial(LDL)L (native)   (static)
55  132     n       java.lang.invoke.MethodHandle::invokeBasic(IIJD)L (native)   
55  133     n       java.lang.invoke.MethodHandle::linkToSpecial(LIIJDL)L (native)   (static)
Sum=15 Product=50 Mix=21474836490 d=492.59841819737056
56  134     n       java.lang.invoke.MethodHandle::linkToStatic(LLLJL)L (native)   (static)
56  135     n       java.lang.invoke.MethodHandle::invokeBasic(LLLJ)L (native)   
56  136             java.lang.String::hashCode (60 bytes)
57  137     n       java.lang.invoke.MethodHandle::invokeBasic(I)J (native)   
57  138     n       java.lang.invoke.MethodHandle::linkToSpecial(LIL)J (native)   (static)
57  139     n       java.lang.invoke.MethodHandle::invokeBasic(I)L (native)   
57  140     n       java.lang.invoke.MethodHandle::linkToSpecial(LIL)L (native)   (static)
Bits=701
--------
JDK21 demo
--------
58   29             java.lang.String::isLatin1 (19 bytes)   made not entrant
char=中
0 2 58 4  141       
      java.util.concurrent.locks.AbstractOwnableSynchronizer::#setExclusiveOwnerThread (6 bytes)#
#59 
 142             java.util.concurrent.locks.AbstractQueuedSynchronizer::getState (5 bytes)
1 59  143 2       3       java.util.concurrent.locks.AbstractOwnableSynchronizer::4 getExclusiveOwnerThread (5 bytes)5 

60  144             java.util.concurrent.locks.AbstractQueuedSynchronizer::grid[0][1]=X
setState (6 bytes)
60  145             java.lang.String::length (11 bytes)
60  146     n       java.lang.invoke.MethodHandle::linkToStatic(L)V (native)   (static)
Lambda Hello World!
60  147     n       java.lang.invoke.MethodHandle::linkToVirtual(LLL)V (native)   (static)
a
b
60 c
 148             java.nio.Buffer::position (5 bytes)
61  149             java.lang.invoke.MethodHandles$Lookup::lookupClass (5 bytes)
62  150     n       java.lang.invoke.MethodHandle::linkToStatic(LLLLJL)L (native)   (static)
62  151     n       java.lang.invoke.MethodHandle::invokeBasic(LLLLJ)L (native)   
62  152             jdk.internal.org.objectweb.asm.MethodWriter::hasAsmInstructions (5 bytes)
62  153     n       java.lang.invoke.MethodHandle::invokeBasic(LL)J (native)   
62  154     n       java.lang.invoke.MethodHandle::linkToSpecial(LLLL)J (native)   (static)
Hi, Alice
HI, BOB
Anonymous run()
GREEN
42
sparse ok
Optional=246
64  155     n       java.lang.invoke.MethodHandle::linkToStatic(IL)I (native)   (static)
65  156     n       java.lang.invoke.MethodHandle::linkToStatic(IIL)I (native)   (static)
66  157     n       jdk.internal.misc.Unsafe::fullFence (native)   
66  158     n       jdk.internal.misc.Unsafe::getIntVolatile (native)   
66  159             java.util.stream.AbstractTask::setLocalResult (6 bytes)
66  160             java.util.stream.AbstractTask::getLocalResult (5 bytes)
67  161             java.util.stream.Streams$RangeIntSpliterator::characteristics (4 bytes)
67  162             java.util.stream.AbstractPipeline::ParallelSum=332833500
getStreamAndOpFlags (5 bytes)
68  163     n       java.lang.Class::desiredAssertionStatus0 (native)   (static)
73  164     n       java.lang.invoke.MethodHandle::invokeBasic(IL)J (native)   
73  165     n       java.lang.invoke.MethodHandle::linkToSpecial(LILL)J (native)   (static)
74  166     n       java.lang.invoke.MethodHandle::invokeBasic(IL)L (native)   
74  167     n       java.lang.invoke.MethodHandle::linkToSpecial(LILL)L (native)   (static)
fact50.len=65 div=0.33333333333333333333333333333333333333333333333333
merged=579.0
75  168     n       java.lang.invoke.MethodHandle::invokeBasic(II)J (native)   
75  169     n       java.lang.invoke.MethodHandle::linkToSpecial(LIIL)J (native)   (static)
76  170     n       java.lang.invoke.MethodHandle::invokeBasic(II)L (native)   
76  171     n       java.lang.invoke.MethodHandle::linkToSpecial(LIIL)L (native)   (static)
VOL=8 ATOMIC=1
Caught MyException: boom
TWR: line1 | line2
78  172     n       java.lang.invoke.MethodHandle::invokeBasic(J)J (native)   
78  173     n       java.lang.invoke.MethodHandle::linkToSpecial(LJL)J (native)   (static)
Files.mismatch index=2
78  174     n       java.lang.invoke.MethodHandle::linkToStatic(LL)V (native)   (static)
79  175             java.lang.StringLatin1::equals (36 bytes)
79  176     n       java.lang.invoke.MethodHandle::invokeBasic(L)V (native)   
staticHello: from MethodHandle
79  177     n       jdk.internal.misc.Unsafe::getShort (native)   
80  178     n       java.lang.invoke.MethodHandle::invokeBasic(L)I (native)   
80  179     n       java.lang.invoke.MethodHandle::linkToSpecial(LLL)I (native)   (static)
81  180     n       java.lang.invoke.MethodHandle::invokeBasic(LI)V (native)   
81  181     n       java.lang.invoke.MethodHandle::linkToSpecial(LLIL)V (native)   (static)
81  182             java.lang.Math::min (11 bytes)
instanceCounter(before)=1
instanceCounter(after)=99
82  183     n       jdk.internal.misc.Unsafe::getLong (native)   
82  184     n       java.lang.invoke.MethodHandle::linkToSpecial(LIIL)I (native)   (static)
83  185     n       java.lang.invoke.MethodHandle::linkToStatic(LIL)I (native)   (static)
83  186     n       java.lang.invoke.MethodHandle::invokeBasic(LI)I (native)   
83  187     n       java.lang.invoke.MethodHandle::linkToSpecial(LLIL)I (native)   (static)
83  188             jdk.internal.org.objectweb.asm.SymbolTable::get (13 bytes)
84  189     n       java.lang.invoke.MethodHandle::linkToStatic(LLLIL)L (native)   (static)
85  190     n       java.lang.invoke.MethodHandle::invokeBasic(LLLI)L (native)   
85  191     n       java.lang.invoke.MethodHandle::linkToStatic(IL)L (native)   (static)
85  192     n       java.lang.invoke.MethodHandle::invokeBasic(LII)I (native)   
85  193     n       java.lang.invoke.MethodHandle::linkToSpecial(LLIIL)I (native)   (static)
86  194             java.lang.invoke.DirectMethodHandle::internalMemberName (5 bytes)
87  195     n       jdk.internal.misc.Unsafe::ensureClassInitialized0 (native)   
hiddenAdd(3,4)=7
Inner.value=106
StaticInner.msg=OK
Local.z=5
