9    1     n       jdk.internal.misc.Unsafe::getReferenceVolatile (native)   
12    2     n       java.lang.System::arraycopy (native)   (static)
13    3     n       jdk.internal.misc.Unsafe::compareAndSetLong (native)   
13    4     n       java.lang.Object::hashCode (native)   
13    5     n       java.lang.invoke.MethodHandle::linkToStatic(LLLLLL)L (native)   (static)
14    6     n       java.lang.invoke.MethodHandle::invokeBasic(LLLLL)L (native)   
14    7     n       java.lang.invoke.MethodHandle::linkToSpecial(LLLLLLL)L (native)   (static)
14    8     n       java.lang.Class::isPrimitive (native)   
14    9             java.lang.Enum::ordinal (5 bytes)
14   10     n       java.lang.invoke.MethodHandle::linkToStatic(LL)L (native)   (static)
14   11     n       jdk.internal.misc.Unsafe::compareAndSetReference (native)   
15   12     n       java.lang.invoke.MethodHandle::linkToStatic(LJL)L (native)   (static)
15   13             jdk.internal.util.StrongReferenceKey::get (5 bytes)
15   14     n       java.lang.invoke.MethodHandle::linkToStatic(LLL)L (native)   (static)
15   15     n       java.lang.invoke.MethodHandle::linkToStatic(LLLL)L (native)   (static)
15   16     n       java.lang.Class::isArray (native)   
15   17     n       java.lang.invoke.MethodHandle::invokeBasic(LJ)L (native)   
15   18     n       java.lang.invoke.MethodHandle::linkToSpecial(LLJL)L (native)   (static)
16   19             java.lang.invoke.MethodType::returnType (5 bytes)
16   20     n       java.lang.Object::clone (native)   
17   21     n       java.lang.invoke.MethodHandle::linkToStatic(JLLLL)J (native)   (static)
17   22     n       java.lang.invoke.MethodHandle::invokeBasic(JLLL)J (native)   
17   23     n       java.lang.invoke.MethodHandle::linkToSpecial(LJLLLL)J (native)   (static)
17   24     n       java.lang.invoke.MethodHandle::linkToStatic(LLLLL)L (native)   (static)
18   25     n       java.lang.invoke.MethodHandle::invokeBasic(LLLL)L (native)   
18   26     n       java.lang.invoke.MethodHandle::invokeBasic(JLL)J (native)   
18   27     n       java.lang.invoke.MethodHandle::linkToSpecial(LJLLL)J (native)   (static)
18   28             java.lang.invoke.MemberName::getDeclaringClass (5 bytes)
19   29             java.lang.String::isLatin1 (19 bytes)
19   30     n       java.lang.invoke.MethodHandle::invokeBasic(JLLLL)J (native)   
20   31             java.lang.invoke.MethodType::ptypes (5 bytes)
20   32     n       java.lang.invoke.MethodHandle::linkToSpecial(LJLLLLL)J (native)   (static)
20   33             jdk.internal.util.Preconditions::checkIndex (18 bytes)
20   34             java.lang.String::charAt (25 bytes)
20   37     n       java.lang.invoke.MethodHandle::linkToStatic(JL)L (native)   (static)
21   38     n       java.lang.invoke.MethodHandle::invokeBasic(J)L (native)   
21   35             java.lang.StringLatin1::charAt (15 bytes)
21   39     n       java.lang.invoke.MethodHandle::linkToSpecial(LJL)L (native)   (static)
21   36             java.lang.String::checkIndex (10 bytes)
21   40     n       java.lang.invoke.MethodHandle::linkToStatic(JLL)J (native)   (static)
21   41     n       java.lang.invoke.MethodHandle::invokeBasic(JL)J (native)   
22   42     n       java.lang.invoke.MethodHandle::linkToSpecial(LJLL)J (native)   (static)
22   43     n       java.lang.Class::isAssignableFrom (native)   
22   44             java.lang.invoke.LambdaForm$Name::index (5 bytes)
22   45             sun.invoke.util.Wrapper::basicTypeChar (5 bytes)
23   46     n       java.lang.Class::isInterface (native)   
23   47             java.lang.invoke.MethodType::form (5 bytes)
23   49     n       java.lang.Object::getClass (native)   
23   48             java.lang.AbstractStringBuilder::length (5 bytes)
23   50     n       java.lang.invoke.MethodHandle::linkToStatic(LLLLLJL)L (native)   (static)
23   51             java.lang.AbstractStringBuilder::getValue (5 bytes)
23   52     n       java.lang.invoke.MethodHandle::invokeBasic(LLLLLJ)L (native)   
23   53             java.lang.invoke.LambdaForm$Name::type (5 bytes)
24   55             java.lang.invoke.LambdaForm$BasicType::basicTypeClass (5 bytes)
24   56     n       java.lang.invoke.MethodHandle::linkToStatic(LLLLLLL)L (native)   (static)
24   54             java.lang.invoke.MethodTypeForm::parameterSlotCount (5 bytes)
24   57     n       java.lang.invoke.MethodHandle::invokeBasic(LLL)J (native)   
24   58             jdk.internal.util.WeakReferenceKey::hashCode (5 bytes)
24   59     n       java.lang.invoke.MethodHandle::linkToSpecial(LLLLL)J (native)   (static)
24   60     n       java.lang.invoke.MethodHandle::invokeBasic(LLLLLL)L (native)   
25   61     n       java.lang.invoke.MethodHandle::linkToStatic(LLLLLLLL)L (native)   (static)
25   62     n       java.lang.invoke.MethodHandleNatives::resolve (native)   (static)
25   63     n       java.lang.invoke.MethodHandle::invokeBasic(L)L (native)   
25   64     n       java.lang.invoke.MethodHandle::linkToSpecial(LLL)L (native)   (static)
25   65     n       java.lang.invoke.MethodHandle::invokeBasic(LLLLLLL)L (native)   
26   66     n       java.lang.invoke.MethodHandle::invokeBasic(LLL)L (native)   
26   67     n       java.lang.invoke.MethodHandle::linkToSpecial(LLLLL)L (native)   (static)
26   68     n       java.lang.invoke.MethodHandle::invokeBasic(LL)L (native)   
26   69     n       java.lang.invoke.MethodHandle::linkToSpecial(LLLL)L (native)   (static)
28   70     n       java.lang.invoke.MethodHandle::linkToStatic(L)L (native)   (static)
28   71             java.lang.invoke.MethodTypeForm::erasedType (5 bytes)
28   72     n       java.lang.invoke.MethodHandle::linkToSpecial(LLLLLLLL)L (native)   (static)
28   73     n       java.lang.invoke.MethodHandle::linkToSpecial(LL)V (native)   (static)
29   74     n       java.lang.invoke.MethodHandle::invokeBasic()L (native)   
29   75     n       java.lang.invoke.MethodHandle::linkToSpecial(LL)L (native)   (static)
29   76             java.lang.invoke.MethodHandle::type (5 bytes)
29   77 %           java.util.Properties$LineReader::readLine @ 224 (584 bytes)
30   78     n       jdk.internal.misc.Unsafe::putReferenceVolatile (native)   
34   84     n       jdk.internal.misc.Unsafe::compareAndSetInt (native)   
36   87     n       java.lang.String::intern (native)   
36   82             jdk.internal.util.ArraysSupport::signedHashCode (37 bytes)
36   80             java.lang.Object::<init> (1 bytes)
36   81             sun.util.locale.BaseLocale::getLanguage (5 bytes)
36   88             java.util.concurrent.ConcurrentHashMap::tabAt (22 bytes)
36   90     n       java.lang.invoke.MethodHandle::linkToSpecial(LLL)V (native)   (static)
37   89             jdk.internal.misc.Unsafe::getReferenceAcquire (7 bytes)
37   83             sun.security.util.KnownOIDs::registerNames (2 bytes)
37   91             java.lang.String::coder (15 bytes)
37   85             java.util.HashMap$Node::getKey (5 bytes)
37   79             java.lang.Enum::name (5 bytes)
37   86             java.util.HashMap$Node::getValue (5 bytes)
38   92     n       java.lang.invoke.MethodHandle::linkToStatic(LLIIL)V (native)   (static)
38   93     n       java.lang.invoke.MethodHandle::linkToStatic(LLIL)I (native)   (static)
40   94     n       jdk.internal.misc.Unsafe::getByte (native)   
40   95     n       jdk.internal.misc.Unsafe::getInt (native)   
40   96             java.nio.Buffer::limit (5 bytes)
42   97     n       java.lang.Thread::currentCarrierThread (native)   (static)
=== JDK 21 Feature & Obfuscation Compatibility Test ===
44   98     n       java.lang.invoke.MethodHandle::linkToStatic(DL)L (native)   (static)
44   99     n       java.lang.reflect.Array::newArray (native)   (static)
44  100     n       java.lang.invoke.MethodHandle::linkToStatic(JLILL)J (native)   (static)
45  101     n       java.lang.invoke.MethodHandle::invokeBasic(JLIL)J (native)   
45  102     n       java.lang.invoke.MethodHandle::linkToSpecial(LJLILL)J (native)   (static)
45  103     n       java.lang.invoke.MethodHandle::invokeBasic(JLI)J (native)   
45  104     n       java.lang.invoke.MethodHandle::linkToSpecial(LJLIL)J (native)   (static)
46  105     n       java.lang.invoke.MethodHandle::invokeBasic(JLII)J (native)   
46  106     n       java.lang.invoke.MethodHandle::linkToSpecial(LJLIIL)J (native)   (static)
46  107     n       java.lang.invoke.MethodHandle::linkToStatic(JLJLL)J (native)   (static)
47  108     n       java.lang.invoke.MethodHandle::invokeBasic(JLJL)J (native)   
47  109     n       java.lang.invoke.MethodHandle::linkToSpecial(LJLJLL)J (native)   (static)
47  110             jdk.internal.util.ClassFileDumper::isEnabled (5 bytes)
47  111     n       java.lang.invoke.MethodHandle::invokeBasic(JLJ)J (native)   
47  112     n       java.lang.invoke.MethodHandle::linkToSpecial(LJLJL)J (native)   (static)
48  113             jdk.internal.org.objectweb.asm.ByteVector::putUTF8 (144 bytes)
48  114     n       java.lang.invoke.MethodHandle::invokeBasic(JLIIJL)J (native)   
48  115     n       java.lang.invoke.MethodHandle::linkToSpecial(LJLIIJLL)J (native)   (static)
49  116     n       java.lang.invoke.MethodHandle::linkToStatic(JIL)J (native)   (static)
49  117     n       java.lang.invoke.MethodHandle::invokeBasic(JI)J (native)   
49  118     n       java.lang.invoke.MethodHandle::linkToSpecial(LJIL)J (native)   (static)
49  119             java.util.ArrayList::size (5 bytes)
49  120             java.lang.StringLatin1::indexOfChar (33 bytes)
50  121     n       java.lang.invoke.MethodHandle::linkToStatic(JJL)J (native)   (static)
50  122     n       java.lang.invoke.MethodHandle::invokeBasic(JJ)J (native)   
50  123     n       java.lang.invoke.MethodHandle::linkToSpecial(LJJL)J (native)   (static)
50  124             jdk.internal.org.objectweb.asm.SymbolTable::getMajorVersion (5 bytes)
51  125     n       java.lang.invoke.MethodHandle::invokeBasic(JJL)J (native)   
51  126     n       java.lang.invoke.MethodHandle::linkToSpecial(LJJLL)J (native)   (static)
52  127             java.lang.invoke.MethodTypeForm::basicType (5 bytes)
52  128     n       java.lang.invoke.MethodHandle::invokeBasic(IIJL)J (native)   
52  129     n       java.lang.invoke.MethodHandle::linkToSpecial(LIIJLL)J (native)   (static)
53  130     n       java.lang.invoke.MethodHandle::invokeBasic(D)L (native)   
53  131     n       java.lang.invoke.MethodHandle::linkToSpecial(LDL)L (native)   (static)
53  132     n       java.lang.invoke.MethodHandle::invokeBasic(IIJD)L (native)   
53  133     n       java.lang.invoke.MethodHandle::linkToSpecial(LIIJDL)L (native)   (static)
Sum=15 Product=50 Mix=21474836490 d=492.59841819737056
54  134     n       java.lang.invoke.MethodHandle::linkToStatic(LLLJL)L (native)   (static)
55  135     n       java.lang.invoke.MethodHandle::invokeBasic(LLLJ)L (native)   
55  136             java.lang.String::hashCode (60 bytes)
55  137     n       java.lang.invoke.MethodHandle::invokeBasic(I)J (native)   
55  138     n       java.lang.invoke.MethodHandle::linkToSpecial(LIL)J (native)   (static)
56  139     n       java.lang.invoke.MethodHandle::invokeBasic(I)L (native)   
56  140     n       java.lang.invoke.MethodHandle::linkToSpecial(LIL)L (native)   (static)
Bits=701
--------
JDK21 demo
--------
56   29             java.lang.String::isLatin1 (19 bytes)   made not entrant
char=中
0 56  141 2             java.lang.String::4 length (11 bytes)

56  142 #            java.util.concurrent.locks.AbstractOwnableSynchronizer::#setExclusiveOwnerThread (6 bytes)
#57 
 143             java.util.concurrent.locks.AbstractQueuedSynchronizer::getState (5 bytes)
57  144 1             java.util.concurrent.locks.AbstractOwnableSynchronizer::2 getExclusiveOwnerThread (5 bytes)
3 4 57 5  145            
 java.util.concurrent.locks.AbstractQueuedSynchronizer::setState (6 bytes)
grid[0][1]=X
57  146     n       java.lang.invoke.MethodHandle::linkToStatic(L)V (native)   (static)
Lambda Hello World!
57  147     n       java.lang.invoke.MethodHandle::linkToVirtual(LLL)V (native)   (static)
a
b
58 c
 148             java.nio.Buffer::position (5 bytes)
58  149             java.lang.invoke.MethodHandles$Lookup::lookupClass (5 bytes)
59  150     n       java.lang.invoke.MethodHandle::linkToStatic(LLLLJL)L (native)   (static)
59  151     n       java.lang.invoke.MethodHandle::invokeBasic(LLLLJ)L (native)   
59  152             jdk.internal.org.objectweb.asm.MethodWriter::hasAsmInstructions (5 bytes)
59  153     n       java.lang.invoke.MethodHandle::invokeBasic(LL)J (native)   
59  154     n       java.lang.invoke.MethodHandle::linkToSpecial(LLLL)J (native)   (static)
Hi, Alice
HI, BOB
Anonymous run()
GREEN
42
sparse ok
Optional=246
61  155     n       java.lang.invoke.MethodHandle::linkToStatic(IL)I (native)   (static)
62  156     n       java.lang.invoke.MethodHandle::linkToStatic(IIL)I (native)   (static)
63  157     n       jdk.internal.misc.Unsafe::getIntVolatile (native)   
63  158     n       jdk.internal.misc.Unsafe::fullFence (native)   
64  159             java.util.stream.AbstractTask::setLocalResult (6 bytes)
64  160             java.util.stream.AbstractTask::getLocalResult (5 bytes)
64  161             java.util.stream.Streams$RangeIntSpliterator::characteristics (4 bytes)
64  162             java.util.stream.AbstractPipeline::ParallelSum=332833500
getStreamAndOpFlags (5 bytes)
65  163     n       java.lang.Class::desiredAssertionStatus0 (native)   (static)
67  164     n       java.lang.invoke.MethodHandle::invokeBasic(IL)J (native)   
67  165     n       java.lang.invoke.MethodHandle::linkToSpecial(LILL)J (native)   (static)
68  166     n       java.lang.invoke.MethodHandle::invokeBasic(IL)L (native)   
68  167     n       java.lang.invoke.MethodHandle::linkToSpecial(LILL)L (native)   (static)
fact50.len=65 div=0.33333333333333333333333333333333333333333333333333
merged=579.0
69  168     n       java.lang.invoke.MethodHandle::invokeBasic(II)J (native)   
69  169     n       java.lang.invoke.MethodHandle::linkToSpecial(LIIL)J (native)   (static)
70  170     n       java.lang.invoke.MethodHandle::invokeBasic(II)L (native)   
70  171     n       java.lang.invoke.MethodHandle::linkToSpecial(LIIL)L (native)   (static)
VOL=8 ATOMIC=1
Caught MyException: boom
TWR: line1 | line2
72  172     n       java.lang.invoke.MethodHandle::invokeBasic(J)J (native)   
72  173     n       java.lang.invoke.MethodHandle::linkToSpecial(LJL)J (native)   (static)
Files.mismatch index=2
72  174     n       java.lang.invoke.MethodHandle::linkToStatic(LL)V (native)   (static)
73  175             java.lang.StringLatin1::equals (36 bytes)
73  176     n       java.lang.invoke.MethodHandle::invokeBasic(L)V (native)   
staticHello: from MethodHandle
73  177     n       jdk.internal.misc.Unsafe::getShort (native)   
74  178     n       java.lang.invoke.MethodHandle::invokeBasic(L)I (native)   
74  179     n       java.lang.invoke.MethodHandle::linkToSpecial(LLL)I (native)   (static)
74  180     n       java.lang.invoke.MethodHandle::invokeBasic(LI)V (native)   
75  181     n       java.lang.invoke.MethodHandle::linkToSpecial(LLIL)V (native)   (static)
75  182             java.lang.Math::min (11 bytes)
instanceCounter(before)=1
instanceCounter(after)=99
76  183     n       jdk.internal.misc.Unsafe::getLong (native)   
76  184     n       java.lang.invoke.MethodHandle::linkToSpecial(LIIL)I (native)   (static)
77  185     n       java.lang.invoke.MethodHandle::linkToStatic(LIL)I (native)   (static)
77  186     n       java.lang.invoke.MethodHandle::invokeBasic(LI)I (native)   
77  187     n       java.lang.invoke.MethodHandle::linkToSpecial(LLIL)I (native)   (static)
77  188             jdk.internal.org.objectweb.asm.SymbolTable::get (13 bytes)
78  189     n       java.lang.invoke.MethodHandle::linkToStatic(LLLIL)L (native)   (static)
79  190     n       java.lang.invoke.MethodHandle::invokeBasic(LLLI)L (native)   
79  191     n       java.lang.invoke.MethodHandle::linkToStatic(IL)L (native)   (static)
79  192     n       java.lang.invoke.MethodHandle::invokeBasic(LII)I (native)   
79  193     n       java.lang.invoke.MethodHandle::linkToSpecial(LLIIL)I (native)   (static)
80  194             java.lang.invoke.DirectMethodHandle::internalMemberName (5 bytes)
80  195     n       jdk.internal.misc.Unsafe::ensureClassInitialized0 (native)   
hiddenAdd(3,4)=7
Inner.value=106
StaticInner.msg=OK
Local.z=5
